java.lang.IllegalArgumentException: Cannot format given Object as a Number
	at java.text.DecimalFormat.format(DecimalFormat.java:507)
	at java.text.Format.format(Format.java:157)
	at com.teramatrix.processData.VoiceData.SDCCHDropRate(VoiceData.java:130)
	at com.teramatrix.processData.VoiceData.initial(VoiceData.java:29)
	at com.teramatrix.initiator.ReportInitiatorClient.start(ReportInitiatorClient.java:13)
	at com.teramatrix.main.HfclEscalationApp.main(HfclEscalationApp.java:130)
java.lang.IllegalArgumentException: Cannot format given Object as a Number
	at java.text.DecimalFormat.format(DecimalFormat.java:507)
	at java.text.Format.format(Format.java:157)
	at com.teramatrix.processData.VoiceData.NumberOfRadioConnectionFailuresTCH_H(VoiceData.java:257)
	at com.teramatrix.processData.VoiceData.initial(VoiceData.java:31)
	at com.teramatrix.initiator.ReportInitiatorClient.start(ReportInitiatorClient.java:13)
	at com.teramatrix.main.HfclEscalationApp.main(HfclEscalationApp.java:130)
java.lang.IllegalArgumentException: Cannot format given Object as a Number
	at java.text.DecimalFormat.format(DecimalFormat.java:507)
	at java.text.Format.format(Format.java:157)
	at com.teramatrix.processData.VoiceData.NumberOfRadioConnectionFailuresTCH_F(VoiceData.java:305)
	at com.teramatrix.processData.VoiceData.initial(VoiceData.java:32)
	at com.teramatrix.initiator.ReportInitiatorClient.start(ReportInitiatorClient.java:13)
	at com.teramatrix.main.HfclEscalationApp.main(HfclEscalationApp.java:130)
java.lang.IllegalArgumentException: Cannot format given Object as a Number
	at java.text.DecimalFormat.format(DecimalFormat.java:507)
	at java.text.Format.format(Format.java:157)
	at com.teramatrix.processData.VoiceCapacity.TCHBlockingRate(VoiceCapacity.java:131)
	at com.teramatrix.processData.VoiceCapacity.initial(VoiceCapacity.java:29)
	at com.teramatrix.initiator.ReportInitiatorClient.start(ReportInitiatorClient.java:21)
	at com.teramatrix.main.HfclEscalationApp.main(HfclEscalationApp.java:132)
java.lang.IllegalArgumentException: Cannot format given Object as a Number
	at java.text.DecimalFormat.format(DecimalFormat.java:507)
	at java.text.Format.format(Format.java:157)
	at com.teramatrix.processData.VoiceData.SDCCHDropRate(VoiceData.java:130)
	at com.teramatrix.processData.VoiceData.initial(VoiceData.java:29)
	at com.teramatrix.initiator.ReportInitiatorClient.start(ReportInitiatorClient.java:13)
	at com.teramatrix.main.HfclEscalationApp.main(HfclEscalationApp.java:130)
java.lang.IllegalArgumentException: Cannot format given Object as a Number
	at java.text.DecimalFormat.format(DecimalFormat.java:507)
	at java.text.Format.format(Format.java:157)
	at com.teramatrix.processData.VoiceData.NumberOfRadioConnectionFailuresTCH_H(VoiceData.java:257)
	at com.teramatrix.processData.VoiceData.initial(VoiceData.java:31)
	at com.teramatrix.initiator.ReportInitiatorClient.start(ReportInitiatorClient.java:13)
	at com.teramatrix.main.HfclEscalationApp.main(HfclEscalationApp.java:130)
java.lang.IllegalArgumentException: Cannot format given Object as a Number
	at java.text.DecimalFormat.format(DecimalFormat.java:507)
	at java.text.Format.format(Format.java:157)
	at com.teramatrix.processData.VoiceData.NumberOfRadioConnectionFailuresTCH_F(VoiceData.java:305)
	at com.teramatrix.processData.VoiceData.initial(VoiceData.java:32)
	at com.teramatrix.initiator.ReportInitiatorClient.start(ReportInitiatorClient.java:13)
	at com.teramatrix.main.HfclEscalationApp.main(HfclEscalationApp.java:130)
java.lang.IllegalArgumentException: Cannot format given Object as a Number
	at java.text.DecimalFormat.format(DecimalFormat.java:507)
	at java.text.Format.format(Format.java:157)
	at com.teramatrix.processData.VoiceCapacity.TCHBlockingRate(VoiceCapacity.java:131)
	at com.teramatrix.processData.VoiceCapacity.initial(VoiceCapacity.java:29)
	at com.teramatrix.initiator.ReportInitiatorClient.start(ReportInitiatorClient.java:21)
	at com.teramatrix.main.HfclEscalationApp.main(HfclEscalationApp.java:132)
java.lang.IllegalArgumentException: Cannot format given Object as a Number
	at java.text.DecimalFormat.format(DecimalFormat.java:507)
	at java.text.Format.format(Format.java:157)
	at com.teramatrix.processData.VoiceData.SDCCHDropRate(VoiceData.java:130)
	at com.teramatrix.processData.VoiceData.initial(VoiceData.java:29)
	at com.teramatrix.initiator.ReportInitiatorClient.start(ReportInitiatorClient.java:13)
	at com.teramatrix.main.HfclEscalationApp.main(HfclEscalationApp.java:130)
java.lang.IllegalArgumentException: Cannot format given Object as a Number
	at java.text.DecimalFormat.format(DecimalFormat.java:507)
	at java.text.Format.format(Format.java:157)
	at com.teramatrix.processData.VoiceData.NumberOfRadioConnectionFailuresTCH_H(VoiceData.java:257)
	at com.teramatrix.processData.VoiceData.initial(VoiceData.java:31)
	at com.teramatrix.initiator.ReportInitiatorClient.start(ReportInitiatorClient.java:13)
	at com.teramatrix.main.HfclEscalationApp.main(HfclEscalationApp.java:130)
java.lang.IllegalArgumentException: Cannot format given Object as a Number
	at java.text.DecimalFormat.format(DecimalFormat.java:507)
	at java.text.Format.format(Format.java:157)
	at com.teramatrix.processData.VoiceData.NumberOfRadioConnectionFailuresTCH_F(VoiceData.java:305)
	at com.teramatrix.processData.VoiceData.initial(VoiceData.java:32)
	at com.teramatrix.initiator.ReportInitiatorClient.start(ReportInitiatorClient.java:13)
	at com.teramatrix.main.HfclEscalationApp.main(HfclEscalationApp.java:130)
java.lang.IllegalArgumentException: Cannot format given Object as a Number
	at java.text.DecimalFormat.format(DecimalFormat.java:507)
	at java.text.Format.format(Format.java:157)
	at com.teramatrix.processData.VoiceCapacity.TCHBlockingRate(VoiceCapacity.java:131)
	at com.teramatrix.processData.VoiceCapacity.initial(VoiceCapacity.java:29)
	at com.teramatrix.initiator.ReportInitiatorClient.start(ReportInitiatorClient.java:21)
	at com.teramatrix.main.HfclEscalationApp.main(HfclEscalationApp.java:132)
