org.json.JSONException: JSONObject["object"] is not a JSONArray.
	at org.json.JSONObject.getJSONArray(JSONObject.java:596)
	at com.teramatrix.processData.VoiceData.CSErlangs(VoiceData.java:55)
	at com.teramatrix.processData.VoiceData.initial(VoiceData.java:23)
	at com.teramatrix.initiator.ReportInitiatorClient.start(ReportInitiatorClient.java:13)
	at com.teramatrix.main.FftEscalationApp.main(FftEscalationApp.java:122)
org.json.JSONException: JSONObject["object"] is not a JSONArray.
	at org.json.JSONObject.getJSONArray(JSONObject.java:596)
	at com.teramatrix.processData.VoiceData.SDCCHDropRate(VoiceData.java:104)
	at com.teramatrix.processData.VoiceData.initial(VoiceData.java:24)
	at com.teramatrix.initiator.ReportInitiatorClient.start(ReportInitiatorClient.java:13)
	at com.teramatrix.main.FftEscalationApp.main(FftEscalationApp.java:122)
org.json.JSONException: JSONObject["object"] is not a JSONArray.
	at org.json.JSONObject.getJSONArray(JSONObject.java:596)
	at com.teramatrix.processData.VoiceData.CallSetupSuccessRate(VoiceData.java:151)
	at com.teramatrix.processData.VoiceData.initial(VoiceData.java:25)
	at com.teramatrix.initiator.ReportInitiatorClient.start(ReportInitiatorClient.java:13)
	at com.teramatrix.main.FftEscalationApp.main(FftEscalationApp.java:122)
org.json.JSONException: JSONObject["object"] is not a JSONArray.
	at org.json.JSONObject.getJSONArray(JSONObject.java:596)
	at com.teramatrix.processData.VoiceData.NumberOfRadioConnectionFailuresTCH_H(VoiceData.java:198)
	at com.teramatrix.processData.VoiceData.initial(VoiceData.java:26)
	at com.teramatrix.initiator.ReportInitiatorClient.start(ReportInitiatorClient.java:13)
	at com.teramatrix.main.FftEscalationApp.main(FftEscalationApp.java:122)
org.json.JSONException: JSONObject["object"] is not a JSONArray.
	at org.json.JSONObject.getJSONArray(JSONObject.java:596)
	at com.teramatrix.processData.VoiceData.NumberOfRadioConnectionFailuresTCH_F(VoiceData.java:245)
	at com.teramatrix.processData.VoiceData.initial(VoiceData.java:27)
	at com.teramatrix.initiator.ReportInitiatorClient.start(ReportInitiatorClient.java:13)
	at com.teramatrix.main.FftEscalationApp.main(FftEscalationApp.java:122)
org.json.JSONException: JSONObject["object"] is not a JSONArray.
	at org.json.JSONObject.getJSONArray(JSONObject.java:596)
	at com.teramatrix.processData.VoiceData.CSErlangs(VoiceData.java:55)
	at com.teramatrix.processData.VoiceData.initial(VoiceData.java:23)
	at com.teramatrix.initiator.ReportInitiatorClient.start(ReportInitiatorClient.java:13)
	at com.teramatrix.main.FftEscalationApp.main(FftEscalationApp.java:122)
org.json.JSONException: JSONObject["object"] is not a JSONArray.
	at org.json.JSONObject.getJSONArray(JSONObject.java:596)
	at com.teramatrix.processData.VoiceData.SDCCHDropRate(VoiceData.java:104)
	at com.teramatrix.processData.VoiceData.initial(VoiceData.java:24)
	at com.teramatrix.initiator.ReportInitiatorClient.start(ReportInitiatorClient.java:13)
	at com.teramatrix.main.FftEscalationApp.main(FftEscalationApp.java:122)
org.json.JSONException: JSONObject["object"] is not a JSONArray.
	at org.json.JSONObject.getJSONArray(JSONObject.java:596)
	at com.teramatrix.processData.VoiceData.CallSetupSuccessRate(VoiceData.java:151)
	at com.teramatrix.processData.VoiceData.initial(VoiceData.java:25)
	at com.teramatrix.initiator.ReportInitiatorClient.start(ReportInitiatorClient.java:13)
	at com.teramatrix.main.FftEscalationApp.main(FftEscalationApp.java:122)
org.json.JSONException: JSONObject["object"] is not a JSONArray.
	at org.json.JSONObject.getJSONArray(JSONObject.java:596)
	at com.teramatrix.processData.VoiceData.NumberOfRadioConnectionFailuresTCH_H(VoiceData.java:198)
	at com.teramatrix.processData.VoiceData.initial(VoiceData.java:26)
	at com.teramatrix.initiator.ReportInitiatorClient.start(ReportInitiatorClient.java:13)
	at com.teramatrix.main.FftEscalationApp.main(FftEscalationApp.java:122)
org.json.JSONException: JSONObject["object"] is not a JSONArray.
	at org.json.JSONObject.getJSONArray(JSONObject.java:596)
	at com.teramatrix.processData.VoiceData.NumberOfRadioConnectionFailuresTCH_F(VoiceData.java:245)
	at com.teramatrix.processData.VoiceData.initial(VoiceData.java:27)
	at com.teramatrix.initiator.ReportInitiatorClient.start(ReportInitiatorClient.java:13)
	at com.teramatrix.main.FftEscalationApp.main(FftEscalationApp.java:122)
org.json.JSONException: JSONObject["object"] is not a JSONArray.
	at org.json.JSONObject.getJSONArray(JSONObject.java:596)
	at com.teramatrix.processData.VoiceData.CSErlangs(VoiceData.java:55)
	at com.teramatrix.processData.VoiceData.initial(VoiceData.java:23)
	at com.teramatrix.initiator.ReportInitiatorClient.start(ReportInitiatorClient.java:13)
	at com.teramatrix.main.FftEscalationApp.main(FftEscalationApp.java:122)
org.json.JSONException: JSONObject["object"] is not a JSONArray.
	at org.json.JSONObject.getJSONArray(JSONObject.java:596)
	at com.teramatrix.processData.VoiceData.SDCCHDropRate(VoiceData.java:104)
	at com.teramatrix.processData.VoiceData.initial(VoiceData.java:24)
	at com.teramatrix.initiator.ReportInitiatorClient.start(ReportInitiatorClient.java:13)
	at com.teramatrix.main.FftEscalationApp.main(FftEscalationApp.java:122)
org.json.JSONException: JSONObject["object"] is not a JSONArray.
	at org.json.JSONObject.getJSONArray(JSONObject.java:596)
	at com.teramatrix.processData.VoiceData.CallSetupSuccessRate(VoiceData.java:151)
	at com.teramatrix.processData.VoiceData.initial(VoiceData.java:25)
	at com.teramatrix.initiator.ReportInitiatorClient.start(ReportInitiatorClient.java:13)
	at com.teramatrix.main.FftEscalationApp.main(FftEscalationApp.java:122)
org.json.JSONException: JSONObject["object"] is not a JSONArray.
	at org.json.JSONObject.getJSONArray(JSONObject.java:596)
	at com.teramatrix.processData.VoiceData.NumberOfRadioConnectionFailuresTCH_H(VoiceData.java:198)
	at com.teramatrix.processData.VoiceData.initial(VoiceData.java:26)
	at com.teramatrix.initiator.ReportInitiatorClient.start(ReportInitiatorClient.java:13)
	at com.teramatrix.main.FftEscalationApp.main(FftEscalationApp.java:122)
org.json.JSONException: JSONObject["object"] is not a JSONArray.
	at org.json.JSONObject.getJSONArray(JSONObject.java:596)
	at com.teramatrix.processData.VoiceData.NumberOfRadioConnectionFailuresTCH_F(VoiceData.java:245)
	at com.teramatrix.processData.VoiceData.initial(VoiceData.java:27)
	at com.teramatrix.initiator.ReportInitiatorClient.start(ReportInitiatorClient.java:13)
	at com.teramatrix.main.FftEscalationApp.main(FftEscalationApp.java:122)
