java.sql.SQLException: No suitable driver found for mysql://192.168.1.88:3306/hfcl_gateway?user=developer&password=admin@123
	at java.sql.DriverManager.getConnection(DriverManager.java:689)
	at java.sql.DriverManager.getConnection(DriverManager.java:270)
	at in.teramatrix.dbloader.DBProcess.getDbConnection(DBProcess.java:40)
	at com.teramatrix.processData.GetData.insertKPI(GetData.java:135)
	at com.teramatrix.processData.VoiceData.CSErlangs(VoiceData.java:81)
	at com.teramatrix.processData.VoiceData.initial(VoiceData.java:27)
	at com.teramatrix.initiator.ReportInitiatorClient.start(ReportInitiatorClient.java:13)
	at com.teramatrix.main.FftEscalationApp.main(FftEscalationApp.java:121)
java.lang.NullPointerException
	at in.teramatrix.dbloader.DBProcess.executeQuery(DBProcess.java:73)
	at com.teramatrix.processData.GetData.insertKPI(GetData.java:142)
	at com.teramatrix.processData.VoiceData.CSErlangs(VoiceData.java:81)
	at com.teramatrix.processData.VoiceData.initial(VoiceData.java:27)
	at com.teramatrix.initiator.ReportInitiatorClient.start(ReportInitiatorClient.java:13)
	at com.teramatrix.main.FftEscalationApp.main(FftEscalationApp.java:121)
java.lang.NullPointerException
	at com.teramatrix.processData.GetData.insertKPI(GetData.java:145)
	at com.teramatrix.processData.VoiceData.CSErlangs(VoiceData.java:81)
	at com.teramatrix.processData.VoiceData.initial(VoiceData.java:27)
	at com.teramatrix.initiator.ReportInitiatorClient.start(ReportInitiatorClient.java:13)
	at com.teramatrix.main.FftEscalationApp.main(FftEscalationApp.java:121)
org.json.JSONException: JSONObject["object"] is not a JSONArray.
	at org.json.JSONObject.getJSONArray(JSONObject.java:596)
	at com.teramatrix.processData.VoiceData.SDCCHDropRate(VoiceData.java:117)
	at com.teramatrix.processData.VoiceData.initial(VoiceData.java:28)
	at com.teramatrix.initiator.ReportInitiatorClient.start(ReportInitiatorClient.java:13)
	at com.teramatrix.main.FftEscalationApp.main(FftEscalationApp.java:121)
org.json.JSONException: JSONObject["object"] is not a JSONArray.
	at org.json.JSONObject.getJSONArray(JSONObject.java:596)
	at com.teramatrix.processData.VoiceData.CallSetupSuccessRate(VoiceData.java:164)
	at com.teramatrix.processData.VoiceData.initial(VoiceData.java:29)
	at com.teramatrix.initiator.ReportInitiatorClient.start(ReportInitiatorClient.java:13)
	at com.teramatrix.main.FftEscalationApp.main(FftEscalationApp.java:121)
org.json.JSONException: JSONObject["object"] is not a JSONArray.
	at org.json.JSONObject.getJSONArray(JSONObject.java:596)
	at com.teramatrix.processData.VoiceData.NumberOfRadioConnectionFailuresTCH_H(VoiceData.java:211)
	at com.teramatrix.processData.VoiceData.initial(VoiceData.java:30)
	at com.teramatrix.initiator.ReportInitiatorClient.start(ReportInitiatorClient.java:13)
	at com.teramatrix.main.FftEscalationApp.main(FftEscalationApp.java:121)
org.json.JSONException: JSONObject["object"] is not a JSONArray.
	at org.json.JSONObject.getJSONArray(JSONObject.java:596)
	at com.teramatrix.processData.VoiceData.NumberOfRadioConnectionFailuresTCH_F(VoiceData.java:255)
	at com.teramatrix.processData.VoiceData.initial(VoiceData.java:31)
	at com.teramatrix.initiator.ReportInitiatorClient.start(ReportInitiatorClient.java:13)
	at com.teramatrix.main.FftEscalationApp.main(FftEscalationApp.java:121)
java.sql.SQLException: No suitable driver found for mysql://192.168.1.88:3306/hfcl_gateway?user=developer&password=admin@123
	at java.sql.DriverManager.getConnection(DriverManager.java:689)
	at java.sql.DriverManager.getConnection(DriverManager.java:270)
	at in.teramatrix.dbloader.DBProcess.getDbConnection(DBProcess.java:40)
	at com.teramatrix.processData.GetData.insertKPI(GetData.java:135)
	at com.teramatrix.processData.VoiceData.CSErlangs(VoiceData.java:81)
	at com.teramatrix.processData.VoiceData.initial(VoiceData.java:27)
	at com.teramatrix.initiator.ReportInitiatorClient.start(ReportInitiatorClient.java:13)
	at com.teramatrix.main.FftEscalationApp.main(FftEscalationApp.java:121)
java.lang.NullPointerException
	at in.teramatrix.dbloader.DBProcess.executeQuery(DBProcess.java:73)
	at com.teramatrix.processData.GetData.insertKPI(GetData.java:142)
	at com.teramatrix.processData.VoiceData.CSErlangs(VoiceData.java:81)
	at com.teramatrix.processData.VoiceData.initial(VoiceData.java:27)
	at com.teramatrix.initiator.ReportInitiatorClient.start(ReportInitiatorClient.java:13)
	at com.teramatrix.main.FftEscalationApp.main(FftEscalationApp.java:121)
java.lang.NullPointerException
	at com.teramatrix.processData.GetData.insertKPI(GetData.java:145)
	at com.teramatrix.processData.VoiceData.CSErlangs(VoiceData.java:81)
	at com.teramatrix.processData.VoiceData.initial(VoiceData.java:27)
	at com.teramatrix.initiator.ReportInitiatorClient.start(ReportInitiatorClient.java:13)
	at com.teramatrix.main.FftEscalationApp.main(FftEscalationApp.java:121)
org.json.JSONException: JSONObject["object"] is not a JSONArray.
	at org.json.JSONObject.getJSONArray(JSONObject.java:596)
	at com.teramatrix.processData.VoiceData.SDCCHDropRate(VoiceData.java:117)
	at com.teramatrix.processData.VoiceData.initial(VoiceData.java:28)
	at com.teramatrix.initiator.ReportInitiatorClient.start(ReportInitiatorClient.java:13)
	at com.teramatrix.main.FftEscalationApp.main(FftEscalationApp.java:121)
org.json.JSONException: JSONObject["object"] is not a JSONArray.
	at org.json.JSONObject.getJSONArray(JSONObject.java:596)
	at com.teramatrix.processData.VoiceData.CallSetupSuccessRate(VoiceData.java:164)
	at com.teramatrix.processData.VoiceData.initial(VoiceData.java:29)
	at com.teramatrix.initiator.ReportInitiatorClient.start(ReportInitiatorClient.java:13)
	at com.teramatrix.main.FftEscalationApp.main(FftEscalationApp.java:121)
org.json.JSONException: JSONObject["object"] is not a JSONArray.
	at org.json.JSONObject.getJSONArray(JSONObject.java:596)
	at com.teramatrix.processData.VoiceData.NumberOfRadioConnectionFailuresTCH_H(VoiceData.java:211)
	at com.teramatrix.processData.VoiceData.initial(VoiceData.java:30)
	at com.teramatrix.initiator.ReportInitiatorClient.start(ReportInitiatorClient.java:13)
	at com.teramatrix.main.FftEscalationApp.main(FftEscalationApp.java:121)
org.json.JSONException: JSONObject["object"] is not a JSONArray.
	at org.json.JSONObject.getJSONArray(JSONObject.java:596)
	at com.teramatrix.processData.VoiceData.NumberOfRadioConnectionFailuresTCH_F(VoiceData.java:255)
	at com.teramatrix.processData.VoiceData.initial(VoiceData.java:31)
	at com.teramatrix.initiator.ReportInitiatorClient.start(ReportInitiatorClient.java:13)
	at com.teramatrix.main.FftEscalationApp.main(FftEscalationApp.java:121)
java.sql.SQLException: No suitable driver found for mysql://192.168.1.88:3306/hfcl_gateway?user=developer&password=admin@123
	at java.sql.DriverManager.getConnection(DriverManager.java:689)
	at java.sql.DriverManager.getConnection(DriverManager.java:270)
	at in.teramatrix.dbloader.DBProcess.getDbConnection(DBProcess.java:40)
	at com.teramatrix.processData.GetData.insertKPI(GetData.java:135)
	at com.teramatrix.processData.VoiceData.CSErlangs(VoiceData.java:81)
	at com.teramatrix.processData.VoiceData.initial(VoiceData.java:27)
	at com.teramatrix.initiator.ReportInitiatorClient.start(ReportInitiatorClient.java:13)
	at com.teramatrix.main.FftEscalationApp.main(FftEscalationApp.java:121)
java.lang.NullPointerException
	at in.teramatrix.dbloader.DBProcess.executeQuery(DBProcess.java:73)
	at com.teramatrix.processData.GetData.insertKPI(GetData.java:142)
	at com.teramatrix.processData.VoiceData.CSErlangs(VoiceData.java:81)
	at com.teramatrix.processData.VoiceData.initial(VoiceData.java:27)
	at com.teramatrix.initiator.ReportInitiatorClient.start(ReportInitiatorClient.java:13)
	at com.teramatrix.main.FftEscalationApp.main(FftEscalationApp.java:121)
java.lang.NullPointerException
	at com.teramatrix.processData.GetData.insertKPI(GetData.java:145)
	at com.teramatrix.processData.VoiceData.CSErlangs(VoiceData.java:81)
	at com.teramatrix.processData.VoiceData.initial(VoiceData.java:27)
	at com.teramatrix.initiator.ReportInitiatorClient.start(ReportInitiatorClient.java:13)
	at com.teramatrix.main.FftEscalationApp.main(FftEscalationApp.java:121)
org.json.JSONException: JSONObject["object"] is not a JSONArray.
	at org.json.JSONObject.getJSONArray(JSONObject.java:596)
	at com.teramatrix.processData.VoiceData.SDCCHDropRate(VoiceData.java:117)
	at com.teramatrix.processData.VoiceData.initial(VoiceData.java:28)
	at com.teramatrix.initiator.ReportInitiatorClient.start(ReportInitiatorClient.java:13)
	at com.teramatrix.main.FftEscalationApp.main(FftEscalationApp.java:121)
org.json.JSONException: JSONObject["object"] is not a JSONArray.
	at org.json.JSONObject.getJSONArray(JSONObject.java:596)
	at com.teramatrix.processData.VoiceData.CallSetupSuccessRate(VoiceData.java:164)
	at com.teramatrix.processData.VoiceData.initial(VoiceData.java:29)
	at com.teramatrix.initiator.ReportInitiatorClient.start(ReportInitiatorClient.java:13)
	at com.teramatrix.main.FftEscalationApp.main(FftEscalationApp.java:121)
org.json.JSONException: JSONObject["object"] is not a JSONArray.
	at org.json.JSONObject.getJSONArray(JSONObject.java:596)
	at com.teramatrix.processData.VoiceData.NumberOfRadioConnectionFailuresTCH_H(VoiceData.java:211)
	at com.teramatrix.processData.VoiceData.initial(VoiceData.java:30)
	at com.teramatrix.initiator.ReportInitiatorClient.start(ReportInitiatorClient.java:13)
	at com.teramatrix.main.FftEscalationApp.main(FftEscalationApp.java:121)
org.json.JSONException: JSONObject["object"] is not a JSONArray.
	at org.json.JSONObject.getJSONArray(JSONObject.java:596)
	at com.teramatrix.processData.VoiceData.NumberOfRadioConnectionFailuresTCH_F(VoiceData.java:255)
	at com.teramatrix.processData.VoiceData.initial(VoiceData.java:31)
	at com.teramatrix.initiator.ReportInitiatorClient.start(ReportInitiatorClient.java:13)
	at com.teramatrix.main.FftEscalationApp.main(FftEscalationApp.java:121)
