java.lang.NumberFormatException: null
	at java.lang.Long.parseLong(Long.java:552)
	at java.lang.Long.parseLong(Long.java:631)
	at com.teramatrix.processData.BTS.StartTime(BTS.java:126)
	at com.teramatrix.processData.BTS.initial(BTS.java:23)
	at com.teramatrix.initiator.ReportInitiatorClient.start(ReportInitiatorClient.java:29)
	at com.teramatrix.main.HfclEscalationApp.main(HfclEscalationApp.java:163)
java.lang.NumberFormatException: null
	at java.lang.Long.parseLong(Long.java:552)
	at java.lang.Long.parseLong(Long.java:631)
	at com.teramatrix.processData.GetData.insertKPI(GetData.java:174)
	at com.teramatrix.processData.BTS.EndTime(BTS.java:156)
	at com.teramatrix.processData.BTS.initial(BTS.java:24)
	at com.teramatrix.initiator.ReportInitiatorClient.start(ReportInitiatorClient.java:29)
	at com.teramatrix.main.HfclEscalationApp.main(HfclEscalationApp.java:163)
java.lang.NullPointerException
	at com.teramatrix.processData.BTS.CallSetupSuccessRate(BTS.java:190)
	at com.teramatrix.processData.BTS.initial(BTS.java:29)
	at com.teramatrix.initiator.ReportInitiatorClient.start(ReportInitiatorClient.java:29)
	at com.teramatrix.main.HfclEscalationApp.main(HfclEscalationApp.java:163)
java.lang.NullPointerException
	at com.teramatrix.processData.BTS.CallSetupSuccessRateNR(BTS.java:229)
	at com.teramatrix.processData.BTS.initial(BTS.java:30)
	at com.teramatrix.initiator.ReportInitiatorClient.start(ReportInitiatorClient.java:29)
	at com.teramatrix.main.HfclEscalationApp.main(HfclEscalationApp.java:163)
java.lang.NullPointerException
	at com.teramatrix.processData.BTS.CallSetupSuccessRateDR(BTS.java:259)
	at com.teramatrix.processData.BTS.initial(BTS.java:31)
	at com.teramatrix.initiator.ReportInitiatorClient.start(ReportInitiatorClient.java:29)
	at com.teramatrix.main.HfclEscalationApp.main(HfclEscalationApp.java:163)
java.lang.NullPointerException
	at com.teramatrix.processData.BTS.LCLSCSErlangs(BTS.java:309)
	at com.teramatrix.processData.BTS.initial(BTS.java:36)
	at com.teramatrix.initiator.ReportInitiatorClient.start(ReportInitiatorClient.java:29)
	at com.teramatrix.main.HfclEscalationApp.main(HfclEscalationApp.java:163)
java.lang.NullPointerException
	at com.teramatrix.processData.BTS.SDCCHDropRate(BTS.java:345)
	at com.teramatrix.processData.BTS.initial(BTS.java:39)
	at com.teramatrix.initiator.ReportInitiatorClient.start(ReportInitiatorClient.java:29)
	at com.teramatrix.main.HfclEscalationApp.main(HfclEscalationApp.java:163)
java.lang.NullPointerException
	at com.teramatrix.processData.BTS.SDCCHDropRateNR(BTS.java:376)
	at com.teramatrix.processData.BTS.initial(BTS.java:40)
	at com.teramatrix.initiator.ReportInitiatorClient.start(ReportInitiatorClient.java:29)
	at com.teramatrix.main.HfclEscalationApp.main(HfclEscalationApp.java:163)
java.lang.NullPointerException
	at com.teramatrix.processData.BTS.SDCCHDropRateDR(BTS.java:402)
	at com.teramatrix.processData.BTS.initial(BTS.java:41)
	at com.teramatrix.initiator.ReportInitiatorClient.start(ReportInitiatorClient.java:29)
	at com.teramatrix.main.HfclEscalationApp.main(HfclEscalationApp.java:163)
java.lang.NullPointerException
	at com.teramatrix.processData.BTS.ImmediateAssignmentProcedureSuccessRate(BTS.java:448)
	at com.teramatrix.processData.BTS.initial(BTS.java:46)
	at com.teramatrix.initiator.ReportInitiatorClient.start(ReportInitiatorClient.java:29)
	at com.teramatrix.main.HfclEscalationApp.main(HfclEscalationApp.java:163)
java.lang.NullPointerException
	at com.teramatrix.processData.BTS.ImmediateAssignmentProcedureSuccessRateNR(BTS.java:479)
	at com.teramatrix.processData.BTS.initial(BTS.java:47)
	at com.teramatrix.initiator.ReportInitiatorClient.start(ReportInitiatorClient.java:29)
	at com.teramatrix.main.HfclEscalationApp.main(HfclEscalationApp.java:163)
java.lang.NullPointerException
	at com.teramatrix.processData.BTS.ImmediateAssignmentProcedureSuccessRateDR(BTS.java:505)
	at com.teramatrix.processData.BTS.initial(BTS.java:48)
	at com.teramatrix.initiator.ReportInitiatorClient.start(ReportInitiatorClient.java:29)
	at com.teramatrix.main.HfclEscalationApp.main(HfclEscalationApp.java:163)
java.lang.NullPointerException
	at com.teramatrix.processData.BTS.SDCCHBlockingCount(BTS.java:531)
	at com.teramatrix.processData.BTS.initial(BTS.java:49)
	at com.teramatrix.initiator.ReportInitiatorClient.start(ReportInitiatorClient.java:29)
	at com.teramatrix.main.HfclEscalationApp.main(HfclEscalationApp.java:163)
java.lang.NullPointerException
	at com.teramatrix.processData.BTS.SDCCHBlockingRate(BTS.java:557)
	at com.teramatrix.processData.BTS.initial(BTS.java:50)
	at com.teramatrix.initiator.ReportInitiatorClient.start(ReportInitiatorClient.java:29)
	at com.teramatrix.main.HfclEscalationApp.main(HfclEscalationApp.java:163)
java.lang.NullPointerException
	at com.teramatrix.processData.BTS.SDCCHBlockingRateNR(BTS.java:589)
	at com.teramatrix.processData.BTS.initial(BTS.java:51)
	at com.teramatrix.initiator.ReportInitiatorClient.start(ReportInitiatorClient.java:29)
	at com.teramatrix.main.HfclEscalationApp.main(HfclEscalationApp.java:163)
java.lang.NullPointerException
	at com.teramatrix.processData.BTS.SDCCHBlockingRateDR(BTS.java:616)
	at com.teramatrix.processData.BTS.initial(BTS.java:52)
	at com.teramatrix.initiator.ReportInitiatorClient.start(ReportInitiatorClient.java:29)
	at com.teramatrix.main.HfclEscalationApp.main(HfclEscalationApp.java:163)
java.lang.NullPointerException
	at com.teramatrix.processData.BTS.TCHBlockingCount(BTS.java:641)
	at com.teramatrix.processData.BTS.initial(BTS.java:53)
	at com.teramatrix.initiator.ReportInitiatorClient.start(ReportInitiatorClient.java:29)
	at com.teramatrix.main.HfclEscalationApp.main(HfclEscalationApp.java:163)
java.lang.NullPointerException
	at com.teramatrix.processData.BTS.TCHBlockingRate(BTS.java:664)
	at com.teramatrix.processData.BTS.initial(BTS.java:54)
	at com.teramatrix.initiator.ReportInitiatorClient.start(ReportInitiatorClient.java:29)
	at com.teramatrix.main.HfclEscalationApp.main(HfclEscalationApp.java:163)
java.lang.NullPointerException
	at com.teramatrix.processData.BTS.TCHBlockingRateNR(BTS.java:696)
	at com.teramatrix.processData.BTS.initial(BTS.java:55)
	at com.teramatrix.initiator.ReportInitiatorClient.start(ReportInitiatorClient.java:29)
	at com.teramatrix.main.HfclEscalationApp.main(HfclEscalationApp.java:163)
java.lang.NullPointerException
	at com.teramatrix.processData.BTS.TCHBlockingRateDR(BTS.java:720)
	at com.teramatrix.processData.BTS.initial(BTS.java:56)
	at com.teramatrix.initiator.ReportInitiatorClient.start(ReportInitiatorClient.java:29)
	at com.teramatrix.main.HfclEscalationApp.main(HfclEscalationApp.java:163)
java.lang.NullPointerException
	at com.teramatrix.processData.BTS.NumberOfSDCCHAssignmentAttempts(BTS.java:768)
	at com.teramatrix.processData.BTS.initial(BTS.java:61)
	at com.teramatrix.initiator.ReportInitiatorClient.start(ReportInitiatorClient.java:29)
	at com.teramatrix.main.HfclEscalationApp.main(HfclEscalationApp.java:163)
java.lang.NullPointerException
	at com.teramatrix.processData.BTS.NumberOfSuccessfulSDCCHAssignments(BTS.java:792)
	at com.teramatrix.processData.BTS.initial(BTS.java:62)
	at com.teramatrix.initiator.ReportInitiatorClient.start(ReportInitiatorClient.java:29)
	at com.teramatrix.main.HfclEscalationApp.main(HfclEscalationApp.java:163)
java.lang.NullPointerException
	at com.teramatrix.processData.BTS.TotalVoiceCallMinutes(BTS.java:861)
	at com.teramatrix.processData.BTS.initial(BTS.java:72)
	at com.teramatrix.initiator.ReportInitiatorClient.start(ReportInitiatorClient.java:29)
	at com.teramatrix.main.HfclEscalationApp.main(HfclEscalationApp.java:163)
java.lang.NullPointerException
	at com.teramatrix.processData.BTS.ULTCHRxQual0To5Percent(BTS.java:979)
	at com.teramatrix.processData.BTS.initial(BTS.java:92)
	at com.teramatrix.initiator.ReportInitiatorClient.start(ReportInitiatorClient.java:29)
	at com.teramatrix.main.HfclEscalationApp.main(HfclEscalationApp.java:163)
java.lang.NullPointerException
	at com.teramatrix.processData.BTS.SDCCH8BlockingCount(BTS.java:1036)
	at com.teramatrix.processData.BTS.initial(BTS.java:94)
	at com.teramatrix.initiator.ReportInitiatorClient.start(ReportInitiatorClient.java:29)
	at com.teramatrix.main.HfclEscalationApp.main(HfclEscalationApp.java:163)
java.lang.NullPointerException
	at com.teramatrix.processData.BTS.NumberOfRadioConnectionFailuresSDCCH4(BTS.java:1059)
	at com.teramatrix.processData.BTS.initial(BTS.java:95)
	at com.teramatrix.initiator.ReportInitiatorClient.start(ReportInitiatorClient.java:29)
	at com.teramatrix.main.HfclEscalationApp.main(HfclEscalationApp.java:163)
java.lang.NullPointerException
	at com.teramatrix.processData.BTS.NumberOfRadioConnectionFailuresTCHH(BTS.java:1087)
	at com.teramatrix.processData.BTS.initial(BTS.java:97)
	at com.teramatrix.initiator.ReportInitiatorClient.start(ReportInitiatorClient.java:29)
	at com.teramatrix.main.HfclEscalationApp.main(HfclEscalationApp.java:163)
java.lang.NullPointerException
	at com.teramatrix.processData.BTS.NumberOfRadioConnectionFailuresTCHF(BTS.java:1110)
	at com.teramatrix.processData.BTS.initial(BTS.java:98)
	at com.teramatrix.initiator.ReportInitiatorClient.start(ReportInitiatorClient.java:29)
	at com.teramatrix.main.HfclEscalationApp.main(HfclEscalationApp.java:163)
java.lang.NullPointerException
	at com.teramatrix.processData.BTS.NumberOfSDCCH4AssignmentAttempts(BTS.java:1133)
	at com.teramatrix.processData.BTS.initial(BTS.java:99)
	at com.teramatrix.initiator.ReportInitiatorClient.start(ReportInitiatorClient.java:29)
	at com.teramatrix.main.HfclEscalationApp.main(HfclEscalationApp.java:163)
java.lang.NullPointerException
	at com.teramatrix.processData.BTS.NumberOfSDCCH4AssignmentSuccess(BTS.java:1156)
	at com.teramatrix.processData.BTS.initial(BTS.java:100)
	at com.teramatrix.initiator.ReportInitiatorClient.start(ReportInitiatorClient.java:29)
	at com.teramatrix.main.HfclEscalationApp.main(HfclEscalationApp.java:163)
java.lang.NullPointerException
	at com.teramatrix.processData.BTS.NumberOfSDCCH8AssignmentAttempts(BTS.java:1179)
	at com.teramatrix.processData.BTS.initial(BTS.java:101)
	at com.teramatrix.initiator.ReportInitiatorClient.start(ReportInitiatorClient.java:29)
	at com.teramatrix.main.HfclEscalationApp.main(HfclEscalationApp.java:163)
java.lang.NullPointerException
	at com.teramatrix.processData.BTS.NumberOfSDCCH8AssignmentSuccess(BTS.java:1202)
	at com.teramatrix.processData.BTS.initial(BTS.java:102)
	at com.teramatrix.initiator.ReportInitiatorClient.start(ReportInitiatorClient.java:29)
	at com.teramatrix.main.HfclEscalationApp.main(HfclEscalationApp.java:163)
java.lang.NullPointerException
	at com.teramatrix.processData.BTS.SDCCH4BlockingCount(BTS.java:1225)
	at com.teramatrix.processData.BTS.initial(BTS.java:103)
	at com.teramatrix.initiator.ReportInitiatorClient.start(ReportInitiatorClient.java:29)
	at com.teramatrix.main.HfclEscalationApp.main(HfclEscalationApp.java:163)
java.lang.NullPointerException
	at com.teramatrix.processData.BTS.TCHHBlockingCount(BTS.java:1248)
	at com.teramatrix.processData.BTS.initial(BTS.java:104)
	at com.teramatrix.initiator.ReportInitiatorClient.start(ReportInitiatorClient.java:29)
	at com.teramatrix.main.HfclEscalationApp.main(HfclEscalationApp.java:163)
java.lang.NullPointerException
	at com.teramatrix.processData.BTS.TCHFBlockingCount(BTS.java:1271)
	at com.teramatrix.processData.BTS.initial(BTS.java:105)
	at com.teramatrix.initiator.ReportInitiatorClient.start(ReportInitiatorClient.java:29)
	at com.teramatrix.main.HfclEscalationApp.main(HfclEscalationApp.java:163)
java.lang.NullPointerException
	at com.teramatrix.processData.BTS.TotalNumberOfCalls(BTS.java:1339)
	at com.teramatrix.processData.BTS.initial(BTS.java:115)
	at com.teramatrix.initiator.ReportInitiatorClient.start(ReportInitiatorClient.java:29)
	at com.teramatrix.main.HfclEscalationApp.main(HfclEscalationApp.java:163)
java.lang.NumberFormatException: null
	at java.lang.Long.parseLong(Long.java:552)
	at java.lang.Long.parseLong(Long.java:631)
	at com.teramatrix.processData.PCU.StartTime(PCU.java:1599)
	at com.teramatrix.processData.PCU.initial(PCU.java:23)
	at com.teramatrix.initiator.ReportInitiatorClient.start(ReportInitiatorClient.java:33)
	at com.teramatrix.main.HfclEscalationApp.main(HfclEscalationApp.java:164)
java.lang.NumberFormatException: null
	at java.lang.Long.parseLong(Long.java:552)
	at java.lang.Long.parseLong(Long.java:631)
	at com.teramatrix.processData.PCU.EndTime(PCU.java:1575)
	at com.teramatrix.processData.PCU.initial(PCU.java:24)
	at com.teramatrix.initiator.ReportInitiatorClient.start(ReportInitiatorClient.java:33)
	at com.teramatrix.main.HfclEscalationApp.main(HfclEscalationApp.java:164)
java.lang.NullPointerException
	at com.teramatrix.processData.PCU.TotalDataCalls(PCU.java:1513)
	at com.teramatrix.processData.PCU.initial(PCU.java:31)
	at com.teramatrix.initiator.ReportInitiatorClient.start(ReportInitiatorClient.java:33)
	at com.teramatrix.main.HfclEscalationApp.main(HfclEscalationApp.java:164)
java.lang.NullPointerException
	at com.teramatrix.processData.PCU.TotalDownlinkDataInKByte(PCU.java:1487)
	at com.teramatrix.processData.PCU.initial(PCU.java:32)
	at com.teramatrix.initiator.ReportInitiatorClient.start(ReportInitiatorClient.java:33)
	at com.teramatrix.main.HfclEscalationApp.main(HfclEscalationApp.java:164)
java.lang.NullPointerException
	at com.teramatrix.processData.PCU.TotalUplinkDataInKByte(PCU.java:1461)
	at com.teramatrix.processData.PCU.initial(PCU.java:33)
	at com.teramatrix.initiator.ReportInitiatorClient.start(ReportInitiatorClient.java:33)
	at com.teramatrix.main.HfclEscalationApp.main(HfclEscalationApp.java:164)
java.lang.NullPointerException
	at com.teramatrix.processData.PCU.DownlinkDataThroughputInKbps(PCU.java:1430)
	at com.teramatrix.processData.PCU.initial(PCU.java:34)
	at com.teramatrix.initiator.ReportInitiatorClient.start(ReportInitiatorClient.java:33)
	at com.teramatrix.main.HfclEscalationApp.main(HfclEscalationApp.java:164)
java.lang.NullPointerException
	at com.teramatrix.processData.PCU.DownlinkDataThroughputInKbpsNR(PCU.java:1373)
	at com.teramatrix.processData.PCU.initial(PCU.java:35)
	at com.teramatrix.initiator.ReportInitiatorClient.start(ReportInitiatorClient.java:33)
	at com.teramatrix.main.HfclEscalationApp.main(HfclEscalationApp.java:164)
java.lang.NullPointerException
	at com.teramatrix.processData.PCU.DownlinkDataThroughputInKbpsDR(PCU.java:1349)
	at com.teramatrix.processData.PCU.initial(PCU.java:36)
	at com.teramatrix.initiator.ReportInitiatorClient.start(ReportInitiatorClient.java:33)
	at com.teramatrix.main.HfclEscalationApp.main(HfclEscalationApp.java:164)
java.lang.NullPointerException
	at com.teramatrix.processData.PCU.UplinkDataThroughputInKbps(PCU.java:1399)
	at com.teramatrix.processData.PCU.initial(PCU.java:37)
	at com.teramatrix.initiator.ReportInitiatorClient.start(ReportInitiatorClient.java:33)
	at com.teramatrix.main.HfclEscalationApp.main(HfclEscalationApp.java:164)
java.lang.NullPointerException
	at com.teramatrix.processData.PCU.UplinkDataThroughputInKbpsNR(PCU.java:1324)
	at com.teramatrix.processData.PCU.initial(PCU.java:38)
	at com.teramatrix.initiator.ReportInitiatorClient.start(ReportInitiatorClient.java:33)
	at com.teramatrix.main.HfclEscalationApp.main(HfclEscalationApp.java:164)
java.lang.NullPointerException
	at com.teramatrix.processData.PCU.UplinkDataThroughputInKbpsDR(PCU.java:1299)
	at com.teramatrix.processData.PCU.initial(PCU.java:39)
	at com.teramatrix.initiator.ReportInitiatorClient.start(ReportInitiatorClient.java:33)
	at com.teramatrix.main.HfclEscalationApp.main(HfclEscalationApp.java:164)
java.lang.NullPointerException
	at com.teramatrix.processData.PCU.EgprsDownlinkDataThroughputInKbps(PCU.java:660)
	at com.teramatrix.processData.PCU.initial(PCU.java:43)
	at com.teramatrix.initiator.ReportInitiatorClient.start(ReportInitiatorClient.java:33)
	at com.teramatrix.main.HfclEscalationApp.main(HfclEscalationApp.java:164)
java.lang.NullPointerException
	at com.teramatrix.processData.PCU.EgprsDownlinkDataThroughputInKbpsNR(PCU.java:685)
	at com.teramatrix.processData.PCU.initial(PCU.java:44)
	at com.teramatrix.initiator.ReportInitiatorClient.start(ReportInitiatorClient.java:33)
	at com.teramatrix.main.HfclEscalationApp.main(HfclEscalationApp.java:164)
java.lang.NullPointerException
	at com.teramatrix.processData.PCU.EgprsDownlinkDataThroughputInKbpsDR(PCU.java:708)
	at com.teramatrix.processData.PCU.initial(PCU.java:45)
	at com.teramatrix.initiator.ReportInitiatorClient.start(ReportInitiatorClient.java:33)
	at com.teramatrix.main.HfclEscalationApp.main(HfclEscalationApp.java:164)
java.lang.NullPointerException
	at com.teramatrix.processData.PCU.EgprsUplinkDataThroughputInKbps(PCU.java:731)
	at com.teramatrix.processData.PCU.initial(PCU.java:46)
	at com.teramatrix.initiator.ReportInitiatorClient.start(ReportInitiatorClient.java:33)
	at com.teramatrix.main.HfclEscalationApp.main(HfclEscalationApp.java:164)
java.lang.NullPointerException
	at com.teramatrix.processData.PCU.EgprsUplinkDataThroughputInKbpsNR(PCU.java:756)
	at com.teramatrix.processData.PCU.initial(PCU.java:47)
	at com.teramatrix.initiator.ReportInitiatorClient.start(ReportInitiatorClient.java:33)
	at com.teramatrix.main.HfclEscalationApp.main(HfclEscalationApp.java:164)
java.lang.NullPointerException
	at com.teramatrix.processData.PCU.EgprsUplinkDataThroughputInKbpsDR(PCU.java:779)
	at com.teramatrix.processData.PCU.initial(PCU.java:48)
	at com.teramatrix.initiator.ReportInitiatorClient.start(ReportInitiatorClient.java:33)
	at com.teramatrix.main.HfclEscalationApp.main(HfclEscalationApp.java:164)
java.lang.NullPointerException
	at com.teramatrix.processData.PCU.GprsDownlinkDataThroughputInKbps(PCU.java:801)
	at com.teramatrix.processData.PCU.initial(PCU.java:49)
	at com.teramatrix.initiator.ReportInitiatorClient.start(ReportInitiatorClient.java:33)
	at com.teramatrix.main.HfclEscalationApp.main(HfclEscalationApp.java:164)
java.lang.NullPointerException
	at com.teramatrix.processData.PCU.GprsDownlinkDataThroughputInKbpsNR(PCU.java:826)
	at com.teramatrix.processData.PCU.initial(PCU.java:50)
	at com.teramatrix.initiator.ReportInitiatorClient.start(ReportInitiatorClient.java:33)
	at com.teramatrix.main.HfclEscalationApp.main(HfclEscalationApp.java:164)
java.lang.NullPointerException
	at com.teramatrix.processData.PCU.GprsDownlinkDataThroughputInKbpsDR(PCU.java:849)
	at com.teramatrix.processData.PCU.initial(PCU.java:51)
	at com.teramatrix.initiator.ReportInitiatorClient.start(ReportInitiatorClient.java:33)
	at com.teramatrix.main.HfclEscalationApp.main(HfclEscalationApp.java:164)
java.lang.NullPointerException
	at com.teramatrix.processData.PCU.GprsUplinkDataThroughputInKbps(PCU.java:871)
	at com.teramatrix.processData.PCU.initial(PCU.java:52)
	at com.teramatrix.initiator.ReportInitiatorClient.start(ReportInitiatorClient.java:33)
	at com.teramatrix.main.HfclEscalationApp.main(HfclEscalationApp.java:164)
java.lang.NullPointerException
	at com.teramatrix.processData.PCU.GprsUplinkDataThroughputInKbpsNR(PCU.java:896)
	at com.teramatrix.processData.PCU.initial(PCU.java:53)
	at com.teramatrix.initiator.ReportInitiatorClient.start(ReportInitiatorClient.java:33)
	at com.teramatrix.main.HfclEscalationApp.main(HfclEscalationApp.java:164)
java.lang.NullPointerException
	at com.teramatrix.processData.PCU.GprsUplinkDataThroughputInKbpsDR(PCU.java:919)
	at com.teramatrix.processData.PCU.initial(PCU.java:54)
	at com.teramatrix.initiator.ReportInitiatorClient.start(ReportInitiatorClient.java:33)
	at com.teramatrix.main.HfclEscalationApp.main(HfclEscalationApp.java:164)
java.lang.NullPointerException
	at com.teramatrix.processData.PCU.GprsUplinkTbfBlockingRate(PCU.java:966)
	at com.teramatrix.processData.PCU.initial(PCU.java:60)
	at com.teramatrix.initiator.ReportInitiatorClient.start(ReportInitiatorClient.java:33)
	at com.teramatrix.main.HfclEscalationApp.main(HfclEscalationApp.java:164)
java.lang.NullPointerException
	at com.teramatrix.processData.PCU.GprsUplinkTbfBlockingRateNR(PCU.java:997)
	at com.teramatrix.processData.PCU.initial(PCU.java:61)
	at com.teramatrix.initiator.ReportInitiatorClient.start(ReportInitiatorClient.java:33)
	at com.teramatrix.main.HfclEscalationApp.main(HfclEscalationApp.java:164)
java.lang.NullPointerException
	at com.teramatrix.processData.PCU.GprsUplinkTbfBlockingRateDR(PCU.java:1023)
	at com.teramatrix.processData.PCU.initial(PCU.java:62)
	at com.teramatrix.initiator.ReportInitiatorClient.start(ReportInitiatorClient.java:33)
	at com.teramatrix.main.HfclEscalationApp.main(HfclEscalationApp.java:164)
java.lang.NullPointerException
	at com.teramatrix.processData.PCU.GprsDownlinkTbfBlockingRate(PCU.java:1048)
	at com.teramatrix.processData.PCU.initial(PCU.java:63)
	at com.teramatrix.initiator.ReportInitiatorClient.start(ReportInitiatorClient.java:33)
	at com.teramatrix.main.HfclEscalationApp.main(HfclEscalationApp.java:164)
java.lang.NullPointerException
	at com.teramatrix.processData.PCU.GprsDownlinkTbfBlockingRateNR(PCU.java:1079)
	at com.teramatrix.processData.PCU.initial(PCU.java:64)
	at com.teramatrix.initiator.ReportInitiatorClient.start(ReportInitiatorClient.java:33)
	at com.teramatrix.main.HfclEscalationApp.main(HfclEscalationApp.java:164)
java.lang.NullPointerException
	at com.teramatrix.processData.PCU.GprsDownlinkTbfBlockingRateDR(PCU.java:1105)
	at com.teramatrix.processData.PCU.initial(PCU.java:65)
	at com.teramatrix.initiator.ReportInitiatorClient.start(ReportInitiatorClient.java:33)
	at com.teramatrix.main.HfclEscalationApp.main(HfclEscalationApp.java:164)
java.lang.NullPointerException
	at com.teramatrix.processData.PCU.EgprsDownlinkTbfBlockingRate(PCU.java:1130)
	at com.teramatrix.processData.PCU.initial(PCU.java:66)
	at com.teramatrix.initiator.ReportInitiatorClient.start(ReportInitiatorClient.java:33)
	at com.teramatrix.main.HfclEscalationApp.main(HfclEscalationApp.java:164)
java.lang.NullPointerException
	at com.teramatrix.processData.PCU.EgprsDownlinkTbfBlockingRateNR(PCU.java:1161)
	at com.teramatrix.processData.PCU.initial(PCU.java:67)
	at com.teramatrix.initiator.ReportInitiatorClient.start(ReportInitiatorClient.java:33)
	at com.teramatrix.main.HfclEscalationApp.main(HfclEscalationApp.java:164)
java.lang.NullPointerException
	at com.teramatrix.processData.PCU.EgprsDownlinkTbfBlockingRateDR(PCU.java:1187)
	at com.teramatrix.processData.PCU.initial(PCU.java:68)
	at com.teramatrix.initiator.ReportInitiatorClient.start(ReportInitiatorClient.java:33)
	at com.teramatrix.main.HfclEscalationApp.main(HfclEscalationApp.java:164)
java.lang.NullPointerException
	at com.teramatrix.processData.PCU.EgprsUplinkTbfBlockingRate(PCU.java:1212)
	at com.teramatrix.processData.PCU.initial(PCU.java:69)
	at com.teramatrix.initiator.ReportInitiatorClient.start(ReportInitiatorClient.java:33)
	at com.teramatrix.main.HfclEscalationApp.main(HfclEscalationApp.java:164)
java.lang.NullPointerException
	at com.teramatrix.processData.PCU.EgprsUplinkTbfBlockingRateNR(PCU.java:1243)
	at com.teramatrix.processData.PCU.initial(PCU.java:70)
	at com.teramatrix.initiator.ReportInitiatorClient.start(ReportInitiatorClient.java:33)
	at com.teramatrix.main.HfclEscalationApp.main(HfclEscalationApp.java:164)
java.lang.NullPointerException
	at com.teramatrix.processData.PCU.EgprsUplinkTbfBlockingRateDR(PCU.java:1269)
	at com.teramatrix.processData.PCU.initial(PCU.java:71)
	at com.teramatrix.initiator.ReportInitiatorClient.start(ReportInitiatorClient.java:33)
	at com.teramatrix.main.HfclEscalationApp.main(HfclEscalationApp.java:164)
java.lang.NullPointerException
	at com.teramatrix.processData.PCU.DlMcs1Count(PCU.java:628)
	at com.teramatrix.processData.PCU.initial(PCU.java:72)
	at com.teramatrix.initiator.ReportInitiatorClient.start(ReportInitiatorClient.java:33)
	at com.teramatrix.main.HfclEscalationApp.main(HfclEscalationApp.java:164)
java.lang.NullPointerException
	at com.teramatrix.processData.PCU.DlMcs2Count(PCU.java:607)
	at com.teramatrix.processData.PCU.initial(PCU.java:73)
	at com.teramatrix.initiator.ReportInitiatorClient.start(ReportInitiatorClient.java:33)
	at com.teramatrix.main.HfclEscalationApp.main(HfclEscalationApp.java:164)
java.lang.NullPointerException
	at com.teramatrix.processData.PCU.DlMcs3Count(PCU.java:585)
	at com.teramatrix.processData.PCU.initial(PCU.java:74)
	at com.teramatrix.initiator.ReportInitiatorClient.start(ReportInitiatorClient.java:33)
	at com.teramatrix.main.HfclEscalationApp.main(HfclEscalationApp.java:164)
java.lang.NullPointerException
	at com.teramatrix.processData.PCU.DlMcs4Count(PCU.java:564)
	at com.teramatrix.processData.PCU.initial(PCU.java:75)
	at com.teramatrix.initiator.ReportInitiatorClient.start(ReportInitiatorClient.java:33)
	at com.teramatrix.main.HfclEscalationApp.main(HfclEscalationApp.java:164)
java.lang.NullPointerException
	at com.teramatrix.processData.PCU.DlMcs5Count(PCU.java:543)
	at com.teramatrix.processData.PCU.initial(PCU.java:76)
	at com.teramatrix.initiator.ReportInitiatorClient.start(ReportInitiatorClient.java:33)
	at com.teramatrix.main.HfclEscalationApp.main(HfclEscalationApp.java:164)
java.lang.NullPointerException
	at com.teramatrix.processData.PCU.DlMcs6Count(PCU.java:522)
	at com.teramatrix.processData.PCU.initial(PCU.java:77)
	at com.teramatrix.initiator.ReportInitiatorClient.start(ReportInitiatorClient.java:33)
	at com.teramatrix.main.HfclEscalationApp.main(HfclEscalationApp.java:164)
java.lang.NullPointerException
	at com.teramatrix.processData.PCU.DlMcs7Count(PCU.java:501)
	at com.teramatrix.processData.PCU.initial(PCU.java:78)
	at com.teramatrix.initiator.ReportInitiatorClient.start(ReportInitiatorClient.java:33)
	at com.teramatrix.main.HfclEscalationApp.main(HfclEscalationApp.java:164)
java.lang.NullPointerException
	at com.teramatrix.processData.PCU.DlMcs8Count(PCU.java:480)
	at com.teramatrix.processData.PCU.initial(PCU.java:79)
	at com.teramatrix.initiator.ReportInitiatorClient.start(ReportInitiatorClient.java:33)
	at com.teramatrix.main.HfclEscalationApp.main(HfclEscalationApp.java:164)
java.lang.NullPointerException
	at com.teramatrix.processData.PCU.DlMcs9Count(PCU.java:459)
	at com.teramatrix.processData.PCU.initial(PCU.java:80)
	at com.teramatrix.initiator.ReportInitiatorClient.start(ReportInitiatorClient.java:33)
	at com.teramatrix.main.HfclEscalationApp.main(HfclEscalationApp.java:164)
java.lang.NullPointerException
	at com.teramatrix.processData.PCU.UlMcs1Count(PCU.java:438)
	at com.teramatrix.processData.PCU.initial(PCU.java:81)
	at com.teramatrix.initiator.ReportInitiatorClient.start(ReportInitiatorClient.java:33)
	at com.teramatrix.main.HfclEscalationApp.main(HfclEscalationApp.java:164)
java.lang.NullPointerException
	at com.teramatrix.processData.PCU.UlMcs2Count(PCU.java:417)
	at com.teramatrix.processData.PCU.initial(PCU.java:82)
	at com.teramatrix.initiator.ReportInitiatorClient.start(ReportInitiatorClient.java:33)
	at com.teramatrix.main.HfclEscalationApp.main(HfclEscalationApp.java:164)
java.lang.NullPointerException
	at com.teramatrix.processData.PCU.UlMcs3Count(PCU.java:396)
	at com.teramatrix.processData.PCU.initial(PCU.java:83)
	at com.teramatrix.initiator.ReportInitiatorClient.start(ReportInitiatorClient.java:33)
	at com.teramatrix.main.HfclEscalationApp.main(HfclEscalationApp.java:164)
java.lang.NullPointerException
	at com.teramatrix.processData.PCU.UlMcs4Count(PCU.java:375)
	at com.teramatrix.processData.PCU.initial(PCU.java:84)
	at com.teramatrix.initiator.ReportInitiatorClient.start(ReportInitiatorClient.java:33)
	at com.teramatrix.main.HfclEscalationApp.main(HfclEscalationApp.java:164)
java.lang.NullPointerException
	at com.teramatrix.processData.PCU.UlMcs5Count(PCU.java:354)
	at com.teramatrix.processData.PCU.initial(PCU.java:85)
	at com.teramatrix.initiator.ReportInitiatorClient.start(ReportInitiatorClient.java:33)
	at com.teramatrix.main.HfclEscalationApp.main(HfclEscalationApp.java:164)
java.lang.NullPointerException
	at com.teramatrix.processData.PCU.UlMcs6Count(PCU.java:333)
	at com.teramatrix.processData.PCU.initial(PCU.java:86)
	at com.teramatrix.initiator.ReportInitiatorClient.start(ReportInitiatorClient.java:33)
	at com.teramatrix.main.HfclEscalationApp.main(HfclEscalationApp.java:164)
java.lang.NullPointerException
	at com.teramatrix.processData.PCU.UlMcs7Count(PCU.java:312)
	at com.teramatrix.processData.PCU.initial(PCU.java:87)
	at com.teramatrix.initiator.ReportInitiatorClient.start(ReportInitiatorClient.java:33)
	at com.teramatrix.main.HfclEscalationApp.main(HfclEscalationApp.java:164)
java.lang.NullPointerException
	at com.teramatrix.processData.PCU.UlMcs8Count(PCU.java:291)
	at com.teramatrix.processData.PCU.initial(PCU.java:88)
	at com.teramatrix.initiator.ReportInitiatorClient.start(ReportInitiatorClient.java:33)
	at com.teramatrix.main.HfclEscalationApp.main(HfclEscalationApp.java:164)
java.lang.NullPointerException
	at com.teramatrix.processData.PCU.UlMcs9Count(PCU.java:270)
	at com.teramatrix.processData.PCU.initial(PCU.java:89)
	at com.teramatrix.initiator.ReportInitiatorClient.start(ReportInitiatorClient.java:33)
	at com.teramatrix.main.HfclEscalationApp.main(HfclEscalationApp.java:164)
java.lang.NullPointerException
	at com.teramatrix.processData.PCU.DlCs1Count(PCU.java:249)
	at com.teramatrix.processData.PCU.initial(PCU.java:90)
	at com.teramatrix.initiator.ReportInitiatorClient.start(ReportInitiatorClient.java:33)
	at com.teramatrix.main.HfclEscalationApp.main(HfclEscalationApp.java:164)
java.lang.NullPointerException
	at com.teramatrix.processData.PCU.DlCs2Count(PCU.java:228)
	at com.teramatrix.processData.PCU.initial(PCU.java:91)
	at com.teramatrix.initiator.ReportInitiatorClient.start(ReportInitiatorClient.java:33)
	at com.teramatrix.main.HfclEscalationApp.main(HfclEscalationApp.java:164)
java.lang.NullPointerException
	at com.teramatrix.processData.PCU.DlCs3Count(PCU.java:207)
	at com.teramatrix.processData.PCU.initial(PCU.java:92)
	at com.teramatrix.initiator.ReportInitiatorClient.start(ReportInitiatorClient.java:33)
	at com.teramatrix.main.HfclEscalationApp.main(HfclEscalationApp.java:164)
java.lang.NullPointerException
	at com.teramatrix.processData.PCU.DlCs4Count(PCU.java:186)
	at com.teramatrix.processData.PCU.initial(PCU.java:93)
	at com.teramatrix.initiator.ReportInitiatorClient.start(ReportInitiatorClient.java:33)
	at com.teramatrix.main.HfclEscalationApp.main(HfclEscalationApp.java:164)
java.lang.NullPointerException
	at com.teramatrix.processData.PCU.UlCs1Count(PCU.java:165)
	at com.teramatrix.processData.PCU.initial(PCU.java:94)
	at com.teramatrix.initiator.ReportInitiatorClient.start(ReportInitiatorClient.java:33)
	at com.teramatrix.main.HfclEscalationApp.main(HfclEscalationApp.java:164)
java.lang.NullPointerException
	at com.teramatrix.processData.PCU.UlCs2Count(PCU.java:144)
	at com.teramatrix.processData.PCU.initial(PCU.java:95)
	at com.teramatrix.initiator.ReportInitiatorClient.start(ReportInitiatorClient.java:33)
	at com.teramatrix.main.HfclEscalationApp.main(HfclEscalationApp.java:164)
java.lang.NullPointerException
	at com.teramatrix.processData.PCU.UlCs3Count(PCU.java:123)
	at com.teramatrix.processData.PCU.initial(PCU.java:96)
	at com.teramatrix.initiator.ReportInitiatorClient.start(ReportInitiatorClient.java:33)
	at com.teramatrix.main.HfclEscalationApp.main(HfclEscalationApp.java:164)
java.lang.NullPointerException
	at com.teramatrix.processData.PCU.UlCs4Count(PCU.java:102)
	at com.teramatrix.processData.PCU.initial(PCU.java:97)
	at com.teramatrix.initiator.ReportInitiatorClient.start(ReportInitiatorClient.java:33)
	at com.teramatrix.main.HfclEscalationApp.main(HfclEscalationApp.java:164)
java.lang.NumberFormatException: null
	at java.lang.Long.parseLong(Long.java:552)
	at java.lang.Long.parseLong(Long.java:631)
	at com.teramatrix.processData.BTS.StartTime(BTS.java:126)
	at com.teramatrix.processData.BTS.initial(BTS.java:23)
	at com.teramatrix.initiator.ReportInitiatorClient.start(ReportInitiatorClient.java:29)
	at com.teramatrix.main.HfclEscalationApp.main(HfclEscalationApp.java:163)
java.lang.NumberFormatException: null
	at java.lang.Long.parseLong(Long.java:552)
	at java.lang.Long.parseLong(Long.java:631)
	at com.teramatrix.processData.GetData.insertKPI(GetData.java:174)
	at com.teramatrix.processData.BTS.EndTime(BTS.java:156)
	at com.teramatrix.processData.BTS.initial(BTS.java:24)
	at com.teramatrix.initiator.ReportInitiatorClient.start(ReportInitiatorClient.java:29)
	at com.teramatrix.main.HfclEscalationApp.main(HfclEscalationApp.java:163)
java.lang.NullPointerException
	at com.teramatrix.processData.BTS.CallSetupSuccessRate(BTS.java:190)
	at com.teramatrix.processData.BTS.initial(BTS.java:29)
	at com.teramatrix.initiator.ReportInitiatorClient.start(ReportInitiatorClient.java:29)
	at com.teramatrix.main.HfclEscalationApp.main(HfclEscalationApp.java:163)
java.lang.NullPointerException
	at com.teramatrix.processData.BTS.CallSetupSuccessRateNR(BTS.java:229)
	at com.teramatrix.processData.BTS.initial(BTS.java:30)
	at com.teramatrix.initiator.ReportInitiatorClient.start(ReportInitiatorClient.java:29)
	at com.teramatrix.main.HfclEscalationApp.main(HfclEscalationApp.java:163)
java.lang.NullPointerException
	at com.teramatrix.processData.BTS.CallSetupSuccessRateDR(BTS.java:259)
	at com.teramatrix.processData.BTS.initial(BTS.java:31)
	at com.teramatrix.initiator.ReportInitiatorClient.start(ReportInitiatorClient.java:29)
	at com.teramatrix.main.HfclEscalationApp.main(HfclEscalationApp.java:163)
java.lang.NullPointerException
	at com.teramatrix.processData.BTS.LCLSCSErlangs(BTS.java:309)
	at com.teramatrix.processData.BTS.initial(BTS.java:36)
	at com.teramatrix.initiator.ReportInitiatorClient.start(ReportInitiatorClient.java:29)
	at com.teramatrix.main.HfclEscalationApp.main(HfclEscalationApp.java:163)
java.lang.NullPointerException
	at com.teramatrix.processData.BTS.SDCCHDropRate(BTS.java:345)
	at com.teramatrix.processData.BTS.initial(BTS.java:39)
	at com.teramatrix.initiator.ReportInitiatorClient.start(ReportInitiatorClient.java:29)
	at com.teramatrix.main.HfclEscalationApp.main(HfclEscalationApp.java:163)
java.lang.NullPointerException
	at com.teramatrix.processData.BTS.SDCCHDropRateNR(BTS.java:376)
	at com.teramatrix.processData.BTS.initial(BTS.java:40)
	at com.teramatrix.initiator.ReportInitiatorClient.start(ReportInitiatorClient.java:29)
	at com.teramatrix.main.HfclEscalationApp.main(HfclEscalationApp.java:163)
java.lang.NullPointerException
	at com.teramatrix.processData.BTS.SDCCHDropRateDR(BTS.java:402)
	at com.teramatrix.processData.BTS.initial(BTS.java:41)
	at com.teramatrix.initiator.ReportInitiatorClient.start(ReportInitiatorClient.java:29)
	at com.teramatrix.main.HfclEscalationApp.main(HfclEscalationApp.java:163)
java.lang.NullPointerException
	at com.teramatrix.processData.BTS.ImmediateAssignmentProcedureSuccessRate(BTS.java:448)
	at com.teramatrix.processData.BTS.initial(BTS.java:46)
	at com.teramatrix.initiator.ReportInitiatorClient.start(ReportInitiatorClient.java:29)
	at com.teramatrix.main.HfclEscalationApp.main(HfclEscalationApp.java:163)
java.lang.NullPointerException
	at com.teramatrix.processData.BTS.ImmediateAssignmentProcedureSuccessRateNR(BTS.java:479)
	at com.teramatrix.processData.BTS.initial(BTS.java:47)
	at com.teramatrix.initiator.ReportInitiatorClient.start(ReportInitiatorClient.java:29)
	at com.teramatrix.main.HfclEscalationApp.main(HfclEscalationApp.java:163)
java.lang.NullPointerException
	at com.teramatrix.processData.BTS.ImmediateAssignmentProcedureSuccessRateDR(BTS.java:505)
	at com.teramatrix.processData.BTS.initial(BTS.java:48)
	at com.teramatrix.initiator.ReportInitiatorClient.start(ReportInitiatorClient.java:29)
	at com.teramatrix.main.HfclEscalationApp.main(HfclEscalationApp.java:163)
java.lang.NullPointerException
	at com.teramatrix.processData.BTS.SDCCHBlockingCount(BTS.java:531)
	at com.teramatrix.processData.BTS.initial(BTS.java:49)
	at com.teramatrix.initiator.ReportInitiatorClient.start(ReportInitiatorClient.java:29)
	at com.teramatrix.main.HfclEscalationApp.main(HfclEscalationApp.java:163)
java.lang.NullPointerException
	at com.teramatrix.processData.BTS.SDCCHBlockingRate(BTS.java:557)
	at com.teramatrix.processData.BTS.initial(BTS.java:50)
	at com.teramatrix.initiator.ReportInitiatorClient.start(ReportInitiatorClient.java:29)
	at com.teramatrix.main.HfclEscalationApp.main(HfclEscalationApp.java:163)
java.lang.NullPointerException
	at com.teramatrix.processData.BTS.SDCCHBlockingRateNR(BTS.java:589)
	at com.teramatrix.processData.BTS.initial(BTS.java:51)
	at com.teramatrix.initiator.ReportInitiatorClient.start(ReportInitiatorClient.java:29)
	at com.teramatrix.main.HfclEscalationApp.main(HfclEscalationApp.java:163)
java.lang.NullPointerException
	at com.teramatrix.processData.BTS.SDCCHBlockingRateDR(BTS.java:616)
	at com.teramatrix.processData.BTS.initial(BTS.java:52)
	at com.teramatrix.initiator.ReportInitiatorClient.start(ReportInitiatorClient.java:29)
	at com.teramatrix.main.HfclEscalationApp.main(HfclEscalationApp.java:163)
java.lang.NullPointerException
	at com.teramatrix.processData.BTS.TCHBlockingCount(BTS.java:641)
	at com.teramatrix.processData.BTS.initial(BTS.java:53)
	at com.teramatrix.initiator.ReportInitiatorClient.start(ReportInitiatorClient.java:29)
	at com.teramatrix.main.HfclEscalationApp.main(HfclEscalationApp.java:163)
java.lang.NullPointerException
	at com.teramatrix.processData.BTS.TCHBlockingRate(BTS.java:664)
	at com.teramatrix.processData.BTS.initial(BTS.java:54)
	at com.teramatrix.initiator.ReportInitiatorClient.start(ReportInitiatorClient.java:29)
	at com.teramatrix.main.HfclEscalationApp.main(HfclEscalationApp.java:163)
java.lang.NullPointerException
	at com.teramatrix.processData.BTS.TCHBlockingRateNR(BTS.java:696)
	at com.teramatrix.processData.BTS.initial(BTS.java:55)
	at com.teramatrix.initiator.ReportInitiatorClient.start(ReportInitiatorClient.java:29)
	at com.teramatrix.main.HfclEscalationApp.main(HfclEscalationApp.java:163)
java.lang.NullPointerException
	at com.teramatrix.processData.BTS.TCHBlockingRateDR(BTS.java:720)
	at com.teramatrix.processData.BTS.initial(BTS.java:56)
	at com.teramatrix.initiator.ReportInitiatorClient.start(ReportInitiatorClient.java:29)
	at com.teramatrix.main.HfclEscalationApp.main(HfclEscalationApp.java:163)
java.lang.NullPointerException
	at com.teramatrix.processData.BTS.NumberOfSDCCHAssignmentAttempts(BTS.java:768)
	at com.teramatrix.processData.BTS.initial(BTS.java:61)
	at com.teramatrix.initiator.ReportInitiatorClient.start(ReportInitiatorClient.java:29)
	at com.teramatrix.main.HfclEscalationApp.main(HfclEscalationApp.java:163)
java.lang.NullPointerException
	at com.teramatrix.processData.BTS.NumberOfSuccessfulSDCCHAssignments(BTS.java:792)
	at com.teramatrix.processData.BTS.initial(BTS.java:62)
	at com.teramatrix.initiator.ReportInitiatorClient.start(ReportInitiatorClient.java:29)
	at com.teramatrix.main.HfclEscalationApp.main(HfclEscalationApp.java:163)
java.lang.NullPointerException
	at com.teramatrix.processData.BTS.TotalVoiceCallMinutes(BTS.java:861)
	at com.teramatrix.processData.BTS.initial(BTS.java:72)
	at com.teramatrix.initiator.ReportInitiatorClient.start(ReportInitiatorClient.java:29)
	at com.teramatrix.main.HfclEscalationApp.main(HfclEscalationApp.java:163)
java.lang.NullPointerException
	at com.teramatrix.processData.BTS.ULTCHRxQual0To5Percent(BTS.java:979)
	at com.teramatrix.processData.BTS.initial(BTS.java:92)
	at com.teramatrix.initiator.ReportInitiatorClient.start(ReportInitiatorClient.java:29)
	at com.teramatrix.main.HfclEscalationApp.main(HfclEscalationApp.java:163)
java.lang.NullPointerException
	at com.teramatrix.processData.BTS.SDCCH8BlockingCount(BTS.java:1036)
	at com.teramatrix.processData.BTS.initial(BTS.java:94)
	at com.teramatrix.initiator.ReportInitiatorClient.start(ReportInitiatorClient.java:29)
	at com.teramatrix.main.HfclEscalationApp.main(HfclEscalationApp.java:163)
java.lang.NullPointerException
	at com.teramatrix.processData.BTS.NumberOfRadioConnectionFailuresSDCCH4(BTS.java:1059)
	at com.teramatrix.processData.BTS.initial(BTS.java:95)
	at com.teramatrix.initiator.ReportInitiatorClient.start(ReportInitiatorClient.java:29)
	at com.teramatrix.main.HfclEscalationApp.main(HfclEscalationApp.java:163)
java.lang.NullPointerException
	at com.teramatrix.processData.BTS.NumberOfRadioConnectionFailuresTCHH(BTS.java:1087)
	at com.teramatrix.processData.BTS.initial(BTS.java:97)
	at com.teramatrix.initiator.ReportInitiatorClient.start(ReportInitiatorClient.java:29)
	at com.teramatrix.main.HfclEscalationApp.main(HfclEscalationApp.java:163)
java.lang.NullPointerException
	at com.teramatrix.processData.BTS.NumberOfRadioConnectionFailuresTCHF(BTS.java:1110)
	at com.teramatrix.processData.BTS.initial(BTS.java:98)
	at com.teramatrix.initiator.ReportInitiatorClient.start(ReportInitiatorClient.java:29)
	at com.teramatrix.main.HfclEscalationApp.main(HfclEscalationApp.java:163)
java.lang.NullPointerException
	at com.teramatrix.processData.BTS.NumberOfSDCCH4AssignmentAttempts(BTS.java:1133)
	at com.teramatrix.processData.BTS.initial(BTS.java:99)
	at com.teramatrix.initiator.ReportInitiatorClient.start(ReportInitiatorClient.java:29)
	at com.teramatrix.main.HfclEscalationApp.main(HfclEscalationApp.java:163)
java.lang.NullPointerException
	at com.teramatrix.processData.BTS.NumberOfSDCCH4AssignmentSuccess(BTS.java:1156)
	at com.teramatrix.processData.BTS.initial(BTS.java:100)
	at com.teramatrix.initiator.ReportInitiatorClient.start(ReportInitiatorClient.java:29)
	at com.teramatrix.main.HfclEscalationApp.main(HfclEscalationApp.java:163)
java.lang.NullPointerException
	at com.teramatrix.processData.BTS.NumberOfSDCCH8AssignmentAttempts(BTS.java:1179)
	at com.teramatrix.processData.BTS.initial(BTS.java:101)
	at com.teramatrix.initiator.ReportInitiatorClient.start(ReportInitiatorClient.java:29)
	at com.teramatrix.main.HfclEscalationApp.main(HfclEscalationApp.java:163)
java.lang.NullPointerException
	at com.teramatrix.processData.BTS.NumberOfSDCCH8AssignmentSuccess(BTS.java:1202)
	at com.teramatrix.processData.BTS.initial(BTS.java:102)
	at com.teramatrix.initiator.ReportInitiatorClient.start(ReportInitiatorClient.java:29)
	at com.teramatrix.main.HfclEscalationApp.main(HfclEscalationApp.java:163)
java.lang.NullPointerException
	at com.teramatrix.processData.BTS.SDCCH4BlockingCount(BTS.java:1225)
	at com.teramatrix.processData.BTS.initial(BTS.java:103)
	at com.teramatrix.initiator.ReportInitiatorClient.start(ReportInitiatorClient.java:29)
	at com.teramatrix.main.HfclEscalationApp.main(HfclEscalationApp.java:163)
java.lang.NullPointerException
	at com.teramatrix.processData.BTS.TCHHBlockingCount(BTS.java:1248)
	at com.teramatrix.processData.BTS.initial(BTS.java:104)
	at com.teramatrix.initiator.ReportInitiatorClient.start(ReportInitiatorClient.java:29)
	at com.teramatrix.main.HfclEscalationApp.main(HfclEscalationApp.java:163)
java.lang.NullPointerException
	at com.teramatrix.processData.BTS.TCHFBlockingCount(BTS.java:1271)
	at com.teramatrix.processData.BTS.initial(BTS.java:105)
	at com.teramatrix.initiator.ReportInitiatorClient.start(ReportInitiatorClient.java:29)
	at com.teramatrix.main.HfclEscalationApp.main(HfclEscalationApp.java:163)
java.lang.NullPointerException
	at com.teramatrix.processData.BTS.TotalNumberOfCalls(BTS.java:1339)
	at com.teramatrix.processData.BTS.initial(BTS.java:115)
	at com.teramatrix.initiator.ReportInitiatorClient.start(ReportInitiatorClient.java:29)
	at com.teramatrix.main.HfclEscalationApp.main(HfclEscalationApp.java:163)
java.lang.NumberFormatException: null
	at java.lang.Long.parseLong(Long.java:552)
	at java.lang.Long.parseLong(Long.java:631)
	at com.teramatrix.processData.PCU.StartTime(PCU.java:1599)
	at com.teramatrix.processData.PCU.initial(PCU.java:23)
	at com.teramatrix.initiator.ReportInitiatorClient.start(ReportInitiatorClient.java:33)
	at com.teramatrix.main.HfclEscalationApp.main(HfclEscalationApp.java:164)
java.lang.NumberFormatException: null
	at java.lang.Long.parseLong(Long.java:552)
	at java.lang.Long.parseLong(Long.java:631)
	at com.teramatrix.processData.PCU.EndTime(PCU.java:1575)
	at com.teramatrix.processData.PCU.initial(PCU.java:24)
	at com.teramatrix.initiator.ReportInitiatorClient.start(ReportInitiatorClient.java:33)
	at com.teramatrix.main.HfclEscalationApp.main(HfclEscalationApp.java:164)
java.lang.NullPointerException
	at com.teramatrix.processData.PCU.TotalDataCalls(PCU.java:1513)
	at com.teramatrix.processData.PCU.initial(PCU.java:31)
	at com.teramatrix.initiator.ReportInitiatorClient.start(ReportInitiatorClient.java:33)
	at com.teramatrix.main.HfclEscalationApp.main(HfclEscalationApp.java:164)
java.lang.NullPointerException
	at com.teramatrix.processData.PCU.TotalDownlinkDataInKByte(PCU.java:1487)
	at com.teramatrix.processData.PCU.initial(PCU.java:32)
	at com.teramatrix.initiator.ReportInitiatorClient.start(ReportInitiatorClient.java:33)
	at com.teramatrix.main.HfclEscalationApp.main(HfclEscalationApp.java:164)
java.lang.NullPointerException
	at com.teramatrix.processData.PCU.TotalUplinkDataInKByte(PCU.java:1461)
	at com.teramatrix.processData.PCU.initial(PCU.java:33)
	at com.teramatrix.initiator.ReportInitiatorClient.start(ReportInitiatorClient.java:33)
	at com.teramatrix.main.HfclEscalationApp.main(HfclEscalationApp.java:164)
java.lang.NullPointerException
	at com.teramatrix.processData.PCU.DownlinkDataThroughputInKbps(PCU.java:1430)
	at com.teramatrix.processData.PCU.initial(PCU.java:34)
	at com.teramatrix.initiator.ReportInitiatorClient.start(ReportInitiatorClient.java:33)
	at com.teramatrix.main.HfclEscalationApp.main(HfclEscalationApp.java:164)
java.lang.NullPointerException
	at com.teramatrix.processData.PCU.DownlinkDataThroughputInKbpsNR(PCU.java:1373)
	at com.teramatrix.processData.PCU.initial(PCU.java:35)
	at com.teramatrix.initiator.ReportInitiatorClient.start(ReportInitiatorClient.java:33)
	at com.teramatrix.main.HfclEscalationApp.main(HfclEscalationApp.java:164)
java.lang.NullPointerException
	at com.teramatrix.processData.PCU.DownlinkDataThroughputInKbpsDR(PCU.java:1349)
	at com.teramatrix.processData.PCU.initial(PCU.java:36)
	at com.teramatrix.initiator.ReportInitiatorClient.start(ReportInitiatorClient.java:33)
	at com.teramatrix.main.HfclEscalationApp.main(HfclEscalationApp.java:164)
java.lang.NullPointerException
	at com.teramatrix.processData.PCU.UplinkDataThroughputInKbps(PCU.java:1399)
	at com.teramatrix.processData.PCU.initial(PCU.java:37)
	at com.teramatrix.initiator.ReportInitiatorClient.start(ReportInitiatorClient.java:33)
	at com.teramatrix.main.HfclEscalationApp.main(HfclEscalationApp.java:164)
java.lang.NullPointerException
	at com.teramatrix.processData.PCU.UplinkDataThroughputInKbpsNR(PCU.java:1324)
	at com.teramatrix.processData.PCU.initial(PCU.java:38)
	at com.teramatrix.initiator.ReportInitiatorClient.start(ReportInitiatorClient.java:33)
	at com.teramatrix.main.HfclEscalationApp.main(HfclEscalationApp.java:164)
java.lang.NullPointerException
	at com.teramatrix.processData.PCU.UplinkDataThroughputInKbpsDR(PCU.java:1299)
	at com.teramatrix.processData.PCU.initial(PCU.java:39)
	at com.teramatrix.initiator.ReportInitiatorClient.start(ReportInitiatorClient.java:33)
	at com.teramatrix.main.HfclEscalationApp.main(HfclEscalationApp.java:164)
java.lang.NullPointerException
	at com.teramatrix.processData.PCU.EgprsDownlinkDataThroughputInKbps(PCU.java:660)
	at com.teramatrix.processData.PCU.initial(PCU.java:43)
	at com.teramatrix.initiator.ReportInitiatorClient.start(ReportInitiatorClient.java:33)
	at com.teramatrix.main.HfclEscalationApp.main(HfclEscalationApp.java:164)
java.lang.NullPointerException
	at com.teramatrix.processData.PCU.EgprsDownlinkDataThroughputInKbpsNR(PCU.java:685)
	at com.teramatrix.processData.PCU.initial(PCU.java:44)
	at com.teramatrix.initiator.ReportInitiatorClient.start(ReportInitiatorClient.java:33)
	at com.teramatrix.main.HfclEscalationApp.main(HfclEscalationApp.java:164)
java.lang.NullPointerException
	at com.teramatrix.processData.PCU.EgprsDownlinkDataThroughputInKbpsDR(PCU.java:708)
	at com.teramatrix.processData.PCU.initial(PCU.java:45)
	at com.teramatrix.initiator.ReportInitiatorClient.start(ReportInitiatorClient.java:33)
	at com.teramatrix.main.HfclEscalationApp.main(HfclEscalationApp.java:164)
java.lang.NullPointerException
	at com.teramatrix.processData.PCU.EgprsUplinkDataThroughputInKbps(PCU.java:731)
	at com.teramatrix.processData.PCU.initial(PCU.java:46)
	at com.teramatrix.initiator.ReportInitiatorClient.start(ReportInitiatorClient.java:33)
	at com.teramatrix.main.HfclEscalationApp.main(HfclEscalationApp.java:164)
java.lang.NullPointerException
	at com.teramatrix.processData.PCU.EgprsUplinkDataThroughputInKbpsNR(PCU.java:756)
	at com.teramatrix.processData.PCU.initial(PCU.java:47)
	at com.teramatrix.initiator.ReportInitiatorClient.start(ReportInitiatorClient.java:33)
	at com.teramatrix.main.HfclEscalationApp.main(HfclEscalationApp.java:164)
java.lang.NullPointerException
	at com.teramatrix.processData.PCU.EgprsUplinkDataThroughputInKbpsDR(PCU.java:779)
	at com.teramatrix.processData.PCU.initial(PCU.java:48)
	at com.teramatrix.initiator.ReportInitiatorClient.start(ReportInitiatorClient.java:33)
	at com.teramatrix.main.HfclEscalationApp.main(HfclEscalationApp.java:164)
java.lang.NullPointerException
	at com.teramatrix.processData.PCU.GprsDownlinkDataThroughputInKbps(PCU.java:801)
	at com.teramatrix.processData.PCU.initial(PCU.java:49)
	at com.teramatrix.initiator.ReportInitiatorClient.start(ReportInitiatorClient.java:33)
	at com.teramatrix.main.HfclEscalationApp.main(HfclEscalationApp.java:164)
java.lang.NullPointerException
	at com.teramatrix.processData.PCU.GprsDownlinkDataThroughputInKbpsNR(PCU.java:826)
	at com.teramatrix.processData.PCU.initial(PCU.java:50)
	at com.teramatrix.initiator.ReportInitiatorClient.start(ReportInitiatorClient.java:33)
	at com.teramatrix.main.HfclEscalationApp.main(HfclEscalationApp.java:164)
java.lang.NullPointerException
	at com.teramatrix.processData.PCU.GprsDownlinkDataThroughputInKbpsDR(PCU.java:849)
	at com.teramatrix.processData.PCU.initial(PCU.java:51)
	at com.teramatrix.initiator.ReportInitiatorClient.start(ReportInitiatorClient.java:33)
	at com.teramatrix.main.HfclEscalationApp.main(HfclEscalationApp.java:164)
java.lang.NullPointerException
	at com.teramatrix.processData.PCU.GprsUplinkDataThroughputInKbps(PCU.java:871)
	at com.teramatrix.processData.PCU.initial(PCU.java:52)
	at com.teramatrix.initiator.ReportInitiatorClient.start(ReportInitiatorClient.java:33)
	at com.teramatrix.main.HfclEscalationApp.main(HfclEscalationApp.java:164)
java.lang.NullPointerException
	at com.teramatrix.processData.PCU.GprsUplinkDataThroughputInKbpsNR(PCU.java:896)
	at com.teramatrix.processData.PCU.initial(PCU.java:53)
	at com.teramatrix.initiator.ReportInitiatorClient.start(ReportInitiatorClient.java:33)
	at com.teramatrix.main.HfclEscalationApp.main(HfclEscalationApp.java:164)
java.lang.NullPointerException
	at com.teramatrix.processData.PCU.GprsUplinkDataThroughputInKbpsDR(PCU.java:919)
	at com.teramatrix.processData.PCU.initial(PCU.java:54)
	at com.teramatrix.initiator.ReportInitiatorClient.start(ReportInitiatorClient.java:33)
	at com.teramatrix.main.HfclEscalationApp.main(HfclEscalationApp.java:164)
java.lang.NullPointerException
	at com.teramatrix.processData.PCU.GprsUplinkTbfBlockingRate(PCU.java:966)
	at com.teramatrix.processData.PCU.initial(PCU.java:60)
	at com.teramatrix.initiator.ReportInitiatorClient.start(ReportInitiatorClient.java:33)
	at com.teramatrix.main.HfclEscalationApp.main(HfclEscalationApp.java:164)
java.lang.NullPointerException
	at com.teramatrix.processData.PCU.GprsUplinkTbfBlockingRateNR(PCU.java:997)
	at com.teramatrix.processData.PCU.initial(PCU.java:61)
	at com.teramatrix.initiator.ReportInitiatorClient.start(ReportInitiatorClient.java:33)
	at com.teramatrix.main.HfclEscalationApp.main(HfclEscalationApp.java:164)
java.lang.NullPointerException
	at com.teramatrix.processData.PCU.GprsUplinkTbfBlockingRateDR(PCU.java:1023)
	at com.teramatrix.processData.PCU.initial(PCU.java:62)
	at com.teramatrix.initiator.ReportInitiatorClient.start(ReportInitiatorClient.java:33)
	at com.teramatrix.main.HfclEscalationApp.main(HfclEscalationApp.java:164)
java.lang.NullPointerException
	at com.teramatrix.processData.PCU.GprsDownlinkTbfBlockingRate(PCU.java:1048)
	at com.teramatrix.processData.PCU.initial(PCU.java:63)
	at com.teramatrix.initiator.ReportInitiatorClient.start(ReportInitiatorClient.java:33)
	at com.teramatrix.main.HfclEscalationApp.main(HfclEscalationApp.java:164)
java.lang.NullPointerException
	at com.teramatrix.processData.PCU.GprsDownlinkTbfBlockingRateNR(PCU.java:1079)
	at com.teramatrix.processData.PCU.initial(PCU.java:64)
	at com.teramatrix.initiator.ReportInitiatorClient.start(ReportInitiatorClient.java:33)
	at com.teramatrix.main.HfclEscalationApp.main(HfclEscalationApp.java:164)
java.lang.NullPointerException
	at com.teramatrix.processData.PCU.GprsDownlinkTbfBlockingRateDR(PCU.java:1105)
	at com.teramatrix.processData.PCU.initial(PCU.java:65)
	at com.teramatrix.initiator.ReportInitiatorClient.start(ReportInitiatorClient.java:33)
	at com.teramatrix.main.HfclEscalationApp.main(HfclEscalationApp.java:164)
java.lang.NullPointerException
	at com.teramatrix.processData.PCU.EgprsDownlinkTbfBlockingRate(PCU.java:1130)
	at com.teramatrix.processData.PCU.initial(PCU.java:66)
	at com.teramatrix.initiator.ReportInitiatorClient.start(ReportInitiatorClient.java:33)
	at com.teramatrix.main.HfclEscalationApp.main(HfclEscalationApp.java:164)
java.lang.NullPointerException
	at com.teramatrix.processData.PCU.EgprsDownlinkTbfBlockingRateNR(PCU.java:1161)
	at com.teramatrix.processData.PCU.initial(PCU.java:67)
	at com.teramatrix.initiator.ReportInitiatorClient.start(ReportInitiatorClient.java:33)
	at com.teramatrix.main.HfclEscalationApp.main(HfclEscalationApp.java:164)
java.lang.NullPointerException
	at com.teramatrix.processData.PCU.EgprsDownlinkTbfBlockingRateDR(PCU.java:1187)
	at com.teramatrix.processData.PCU.initial(PCU.java:68)
	at com.teramatrix.initiator.ReportInitiatorClient.start(ReportInitiatorClient.java:33)
	at com.teramatrix.main.HfclEscalationApp.main(HfclEscalationApp.java:164)
java.lang.NullPointerException
	at com.teramatrix.processData.PCU.EgprsUplinkTbfBlockingRate(PCU.java:1212)
	at com.teramatrix.processData.PCU.initial(PCU.java:69)
	at com.teramatrix.initiator.ReportInitiatorClient.start(ReportInitiatorClient.java:33)
	at com.teramatrix.main.HfclEscalationApp.main(HfclEscalationApp.java:164)
java.lang.NullPointerException
	at com.teramatrix.processData.PCU.EgprsUplinkTbfBlockingRateNR(PCU.java:1243)
	at com.teramatrix.processData.PCU.initial(PCU.java:70)
	at com.teramatrix.initiator.ReportInitiatorClient.start(ReportInitiatorClient.java:33)
	at com.teramatrix.main.HfclEscalationApp.main(HfclEscalationApp.java:164)
java.lang.NullPointerException
	at com.teramatrix.processData.PCU.EgprsUplinkTbfBlockingRateDR(PCU.java:1269)
	at com.teramatrix.processData.PCU.initial(PCU.java:71)
	at com.teramatrix.initiator.ReportInitiatorClient.start(ReportInitiatorClient.java:33)
	at com.teramatrix.main.HfclEscalationApp.main(HfclEscalationApp.java:164)
java.lang.NullPointerException
	at com.teramatrix.processData.PCU.DlMcs1Count(PCU.java:628)
	at com.teramatrix.processData.PCU.initial(PCU.java:72)
	at com.teramatrix.initiator.ReportInitiatorClient.start(ReportInitiatorClient.java:33)
	at com.teramatrix.main.HfclEscalationApp.main(HfclEscalationApp.java:164)
java.lang.NullPointerException
	at com.teramatrix.processData.PCU.DlMcs2Count(PCU.java:607)
	at com.teramatrix.processData.PCU.initial(PCU.java:73)
	at com.teramatrix.initiator.ReportInitiatorClient.start(ReportInitiatorClient.java:33)
	at com.teramatrix.main.HfclEscalationApp.main(HfclEscalationApp.java:164)
java.lang.NullPointerException
	at com.teramatrix.processData.PCU.DlMcs3Count(PCU.java:585)
	at com.teramatrix.processData.PCU.initial(PCU.java:74)
	at com.teramatrix.initiator.ReportInitiatorClient.start(ReportInitiatorClient.java:33)
	at com.teramatrix.main.HfclEscalationApp.main(HfclEscalationApp.java:164)
java.lang.NullPointerException
	at com.teramatrix.processData.PCU.DlMcs4Count(PCU.java:564)
	at com.teramatrix.processData.PCU.initial(PCU.java:75)
	at com.teramatrix.initiator.ReportInitiatorClient.start(ReportInitiatorClient.java:33)
	at com.teramatrix.main.HfclEscalationApp.main(HfclEscalationApp.java:164)
java.lang.NullPointerException
	at com.teramatrix.processData.PCU.DlMcs5Count(PCU.java:543)
	at com.teramatrix.processData.PCU.initial(PCU.java:76)
	at com.teramatrix.initiator.ReportInitiatorClient.start(ReportInitiatorClient.java:33)
	at com.teramatrix.main.HfclEscalationApp.main(HfclEscalationApp.java:164)
java.lang.NullPointerException
	at com.teramatrix.processData.PCU.DlMcs6Count(PCU.java:522)
	at com.teramatrix.processData.PCU.initial(PCU.java:77)
	at com.teramatrix.initiator.ReportInitiatorClient.start(ReportInitiatorClient.java:33)
	at com.teramatrix.main.HfclEscalationApp.main(HfclEscalationApp.java:164)
java.lang.NullPointerException
	at com.teramatrix.processData.PCU.DlMcs7Count(PCU.java:501)
	at com.teramatrix.processData.PCU.initial(PCU.java:78)
	at com.teramatrix.initiator.ReportInitiatorClient.start(ReportInitiatorClient.java:33)
	at com.teramatrix.main.HfclEscalationApp.main(HfclEscalationApp.java:164)
java.lang.NullPointerException
	at com.teramatrix.processData.PCU.DlMcs8Count(PCU.java:480)
	at com.teramatrix.processData.PCU.initial(PCU.java:79)
	at com.teramatrix.initiator.ReportInitiatorClient.start(ReportInitiatorClient.java:33)
	at com.teramatrix.main.HfclEscalationApp.main(HfclEscalationApp.java:164)
java.lang.NullPointerException
	at com.teramatrix.processData.PCU.DlMcs9Count(PCU.java:459)
	at com.teramatrix.processData.PCU.initial(PCU.java:80)
	at com.teramatrix.initiator.ReportInitiatorClient.start(ReportInitiatorClient.java:33)
	at com.teramatrix.main.HfclEscalationApp.main(HfclEscalationApp.java:164)
java.lang.NullPointerException
	at com.teramatrix.processData.PCU.UlMcs1Count(PCU.java:438)
	at com.teramatrix.processData.PCU.initial(PCU.java:81)
	at com.teramatrix.initiator.ReportInitiatorClient.start(ReportInitiatorClient.java:33)
	at com.teramatrix.main.HfclEscalationApp.main(HfclEscalationApp.java:164)
java.lang.NullPointerException
	at com.teramatrix.processData.PCU.UlMcs2Count(PCU.java:417)
	at com.teramatrix.processData.PCU.initial(PCU.java:82)
	at com.teramatrix.initiator.ReportInitiatorClient.start(ReportInitiatorClient.java:33)
	at com.teramatrix.main.HfclEscalationApp.main(HfclEscalationApp.java:164)
java.lang.NullPointerException
	at com.teramatrix.processData.PCU.UlMcs3Count(PCU.java:396)
	at com.teramatrix.processData.PCU.initial(PCU.java:83)
	at com.teramatrix.initiator.ReportInitiatorClient.start(ReportInitiatorClient.java:33)
	at com.teramatrix.main.HfclEscalationApp.main(HfclEscalationApp.java:164)
java.lang.NullPointerException
	at com.teramatrix.processData.PCU.UlMcs4Count(PCU.java:375)
	at com.teramatrix.processData.PCU.initial(PCU.java:84)
	at com.teramatrix.initiator.ReportInitiatorClient.start(ReportInitiatorClient.java:33)
	at com.teramatrix.main.HfclEscalationApp.main(HfclEscalationApp.java:164)
java.lang.NullPointerException
	at com.teramatrix.processData.PCU.UlMcs5Count(PCU.java:354)
	at com.teramatrix.processData.PCU.initial(PCU.java:85)
	at com.teramatrix.initiator.ReportInitiatorClient.start(ReportInitiatorClient.java:33)
	at com.teramatrix.main.HfclEscalationApp.main(HfclEscalationApp.java:164)
java.lang.NullPointerException
	at com.teramatrix.processData.PCU.UlMcs6Count(PCU.java:333)
	at com.teramatrix.processData.PCU.initial(PCU.java:86)
	at com.teramatrix.initiator.ReportInitiatorClient.start(ReportInitiatorClient.java:33)
	at com.teramatrix.main.HfclEscalationApp.main(HfclEscalationApp.java:164)
java.lang.NullPointerException
	at com.teramatrix.processData.PCU.UlMcs7Count(PCU.java:312)
	at com.teramatrix.processData.PCU.initial(PCU.java:87)
	at com.teramatrix.initiator.ReportInitiatorClient.start(ReportInitiatorClient.java:33)
	at com.teramatrix.main.HfclEscalationApp.main(HfclEscalationApp.java:164)
java.lang.NullPointerException
	at com.teramatrix.processData.PCU.UlMcs8Count(PCU.java:291)
	at com.teramatrix.processData.PCU.initial(PCU.java:88)
	at com.teramatrix.initiator.ReportInitiatorClient.start(ReportInitiatorClient.java:33)
	at com.teramatrix.main.HfclEscalationApp.main(HfclEscalationApp.java:164)
java.lang.NullPointerException
	at com.teramatrix.processData.PCU.UlMcs9Count(PCU.java:270)
	at com.teramatrix.processData.PCU.initial(PCU.java:89)
	at com.teramatrix.initiator.ReportInitiatorClient.start(ReportInitiatorClient.java:33)
	at com.teramatrix.main.HfclEscalationApp.main(HfclEscalationApp.java:164)
java.lang.NullPointerException
	at com.teramatrix.processData.PCU.DlCs1Count(PCU.java:249)
	at com.teramatrix.processData.PCU.initial(PCU.java:90)
	at com.teramatrix.initiator.ReportInitiatorClient.start(ReportInitiatorClient.java:33)
	at com.teramatrix.main.HfclEscalationApp.main(HfclEscalationApp.java:164)
java.lang.NullPointerException
	at com.teramatrix.processData.PCU.DlCs2Count(PCU.java:228)
	at com.teramatrix.processData.PCU.initial(PCU.java:91)
	at com.teramatrix.initiator.ReportInitiatorClient.start(ReportInitiatorClient.java:33)
	at com.teramatrix.main.HfclEscalationApp.main(HfclEscalationApp.java:164)
java.lang.NullPointerException
	at com.teramatrix.processData.PCU.DlCs3Count(PCU.java:207)
	at com.teramatrix.processData.PCU.initial(PCU.java:92)
	at com.teramatrix.initiator.ReportInitiatorClient.start(ReportInitiatorClient.java:33)
	at com.teramatrix.main.HfclEscalationApp.main(HfclEscalationApp.java:164)
java.lang.NullPointerException
	at com.teramatrix.processData.PCU.DlCs4Count(PCU.java:186)
	at com.teramatrix.processData.PCU.initial(PCU.java:93)
	at com.teramatrix.initiator.ReportInitiatorClient.start(ReportInitiatorClient.java:33)
	at com.teramatrix.main.HfclEscalationApp.main(HfclEscalationApp.java:164)
java.lang.NullPointerException
	at com.teramatrix.processData.PCU.UlCs1Count(PCU.java:165)
	at com.teramatrix.processData.PCU.initial(PCU.java:94)
	at com.teramatrix.initiator.ReportInitiatorClient.start(ReportInitiatorClient.java:33)
	at com.teramatrix.main.HfclEscalationApp.main(HfclEscalationApp.java:164)
java.lang.NullPointerException
	at com.teramatrix.processData.PCU.UlCs2Count(PCU.java:144)
	at com.teramatrix.processData.PCU.initial(PCU.java:95)
	at com.teramatrix.initiator.ReportInitiatorClient.start(ReportInitiatorClient.java:33)
	at com.teramatrix.main.HfclEscalationApp.main(HfclEscalationApp.java:164)
java.lang.NullPointerException
	at com.teramatrix.processData.PCU.UlCs3Count(PCU.java:123)
	at com.teramatrix.processData.PCU.initial(PCU.java:96)
	at com.teramatrix.initiator.ReportInitiatorClient.start(ReportInitiatorClient.java:33)
	at com.teramatrix.main.HfclEscalationApp.main(HfclEscalationApp.java:164)
java.lang.NullPointerException
	at com.teramatrix.processData.PCU.UlCs4Count(PCU.java:102)
	at com.teramatrix.processData.PCU.initial(PCU.java:97)
	at com.teramatrix.initiator.ReportInitiatorClient.start(ReportInitiatorClient.java:33)
	at com.teramatrix.main.HfclEscalationApp.main(HfclEscalationApp.java:164)
java.lang.NumberFormatException: null
	at java.lang.Long.parseLong(Long.java:552)
	at java.lang.Long.parseLong(Long.java:631)
	at com.teramatrix.processData.BTS.StartTime(BTS.java:126)
	at com.teramatrix.processData.BTS.initial(BTS.java:23)
	at com.teramatrix.initiator.ReportInitiatorClient.start(ReportInitiatorClient.java:29)
	at com.teramatrix.main.HfclEscalationApp.main(HfclEscalationApp.java:163)
java.lang.NumberFormatException: null
	at java.lang.Long.parseLong(Long.java:552)
	at java.lang.Long.parseLong(Long.java:631)
	at com.teramatrix.processData.GetData.insertKPI(GetData.java:174)
	at com.teramatrix.processData.BTS.EndTime(BTS.java:156)
	at com.teramatrix.processData.BTS.initial(BTS.java:24)
	at com.teramatrix.initiator.ReportInitiatorClient.start(ReportInitiatorClient.java:29)
	at com.teramatrix.main.HfclEscalationApp.main(HfclEscalationApp.java:163)
java.lang.NullPointerException
	at com.teramatrix.processData.BTS.CallSetupSuccessRate(BTS.java:190)
	at com.teramatrix.processData.BTS.initial(BTS.java:29)
	at com.teramatrix.initiator.ReportInitiatorClient.start(ReportInitiatorClient.java:29)
	at com.teramatrix.main.HfclEscalationApp.main(HfclEscalationApp.java:163)
java.lang.NullPointerException
	at com.teramatrix.processData.BTS.CallSetupSuccessRateNR(BTS.java:229)
	at com.teramatrix.processData.BTS.initial(BTS.java:30)
	at com.teramatrix.initiator.ReportInitiatorClient.start(ReportInitiatorClient.java:29)
	at com.teramatrix.main.HfclEscalationApp.main(HfclEscalationApp.java:163)
java.lang.NullPointerException
	at com.teramatrix.processData.BTS.CallSetupSuccessRateDR(BTS.java:259)
	at com.teramatrix.processData.BTS.initial(BTS.java:31)
	at com.teramatrix.initiator.ReportInitiatorClient.start(ReportInitiatorClient.java:29)
	at com.teramatrix.main.HfclEscalationApp.main(HfclEscalationApp.java:163)
java.lang.NullPointerException
	at com.teramatrix.processData.BTS.LCLSCSErlangs(BTS.java:309)
	at com.teramatrix.processData.BTS.initial(BTS.java:36)
	at com.teramatrix.initiator.ReportInitiatorClient.start(ReportInitiatorClient.java:29)
	at com.teramatrix.main.HfclEscalationApp.main(HfclEscalationApp.java:163)
java.lang.NullPointerException
	at com.teramatrix.processData.BTS.SDCCHDropRate(BTS.java:345)
	at com.teramatrix.processData.BTS.initial(BTS.java:39)
	at com.teramatrix.initiator.ReportInitiatorClient.start(ReportInitiatorClient.java:29)
	at com.teramatrix.main.HfclEscalationApp.main(HfclEscalationApp.java:163)
java.lang.NullPointerException
	at com.teramatrix.processData.BTS.SDCCHDropRateNR(BTS.java:376)
	at com.teramatrix.processData.BTS.initial(BTS.java:40)
	at com.teramatrix.initiator.ReportInitiatorClient.start(ReportInitiatorClient.java:29)
	at com.teramatrix.main.HfclEscalationApp.main(HfclEscalationApp.java:163)
java.lang.NullPointerException
	at com.teramatrix.processData.BTS.SDCCHDropRateDR(BTS.java:402)
	at com.teramatrix.processData.BTS.initial(BTS.java:41)
	at com.teramatrix.initiator.ReportInitiatorClient.start(ReportInitiatorClient.java:29)
	at com.teramatrix.main.HfclEscalationApp.main(HfclEscalationApp.java:163)
java.lang.NullPointerException
	at com.teramatrix.processData.BTS.ImmediateAssignmentProcedureSuccessRate(BTS.java:448)
	at com.teramatrix.processData.BTS.initial(BTS.java:46)
	at com.teramatrix.initiator.ReportInitiatorClient.start(ReportInitiatorClient.java:29)
	at com.teramatrix.main.HfclEscalationApp.main(HfclEscalationApp.java:163)
java.lang.NullPointerException
	at com.teramatrix.processData.BTS.ImmediateAssignmentProcedureSuccessRateNR(BTS.java:479)
	at com.teramatrix.processData.BTS.initial(BTS.java:47)
	at com.teramatrix.initiator.ReportInitiatorClient.start(ReportInitiatorClient.java:29)
	at com.teramatrix.main.HfclEscalationApp.main(HfclEscalationApp.java:163)
java.lang.NullPointerException
	at com.teramatrix.processData.BTS.ImmediateAssignmentProcedureSuccessRateDR(BTS.java:505)
	at com.teramatrix.processData.BTS.initial(BTS.java:48)
	at com.teramatrix.initiator.ReportInitiatorClient.start(ReportInitiatorClient.java:29)
	at com.teramatrix.main.HfclEscalationApp.main(HfclEscalationApp.java:163)
java.lang.NullPointerException
	at com.teramatrix.processData.BTS.SDCCHBlockingCount(BTS.java:531)
	at com.teramatrix.processData.BTS.initial(BTS.java:49)
	at com.teramatrix.initiator.ReportInitiatorClient.start(ReportInitiatorClient.java:29)
	at com.teramatrix.main.HfclEscalationApp.main(HfclEscalationApp.java:163)
java.lang.NullPointerException
	at com.teramatrix.processData.BTS.SDCCHBlockingRate(BTS.java:557)
	at com.teramatrix.processData.BTS.initial(BTS.java:50)
	at com.teramatrix.initiator.ReportInitiatorClient.start(ReportInitiatorClient.java:29)
	at com.teramatrix.main.HfclEscalationApp.main(HfclEscalationApp.java:163)
java.lang.NullPointerException
	at com.teramatrix.processData.BTS.SDCCHBlockingRateNR(BTS.java:589)
	at com.teramatrix.processData.BTS.initial(BTS.java:51)
	at com.teramatrix.initiator.ReportInitiatorClient.start(ReportInitiatorClient.java:29)
	at com.teramatrix.main.HfclEscalationApp.main(HfclEscalationApp.java:163)
java.lang.NullPointerException
	at com.teramatrix.processData.BTS.SDCCHBlockingRateDR(BTS.java:616)
	at com.teramatrix.processData.BTS.initial(BTS.java:52)
	at com.teramatrix.initiator.ReportInitiatorClient.start(ReportInitiatorClient.java:29)
	at com.teramatrix.main.HfclEscalationApp.main(HfclEscalationApp.java:163)
java.lang.NullPointerException
	at com.teramatrix.processData.BTS.TCHBlockingCount(BTS.java:641)
	at com.teramatrix.processData.BTS.initial(BTS.java:53)
	at com.teramatrix.initiator.ReportInitiatorClient.start(ReportInitiatorClient.java:29)
	at com.teramatrix.main.HfclEscalationApp.main(HfclEscalationApp.java:163)
java.lang.NullPointerException
	at com.teramatrix.processData.BTS.TCHBlockingRate(BTS.java:664)
	at com.teramatrix.processData.BTS.initial(BTS.java:54)
	at com.teramatrix.initiator.ReportInitiatorClient.start(ReportInitiatorClient.java:29)
	at com.teramatrix.main.HfclEscalationApp.main(HfclEscalationApp.java:163)
java.lang.NullPointerException
	at com.teramatrix.processData.BTS.TCHBlockingRateNR(BTS.java:696)
	at com.teramatrix.processData.BTS.initial(BTS.java:55)
	at com.teramatrix.initiator.ReportInitiatorClient.start(ReportInitiatorClient.java:29)
	at com.teramatrix.main.HfclEscalationApp.main(HfclEscalationApp.java:163)
java.lang.NullPointerException
	at com.teramatrix.processData.BTS.TCHBlockingRateDR(BTS.java:720)
	at com.teramatrix.processData.BTS.initial(BTS.java:56)
	at com.teramatrix.initiator.ReportInitiatorClient.start(ReportInitiatorClient.java:29)
	at com.teramatrix.main.HfclEscalationApp.main(HfclEscalationApp.java:163)
java.lang.NullPointerException
	at com.teramatrix.processData.BTS.NumberOfSDCCHAssignmentAttempts(BTS.java:768)
	at com.teramatrix.processData.BTS.initial(BTS.java:61)
	at com.teramatrix.initiator.ReportInitiatorClient.start(ReportInitiatorClient.java:29)
	at com.teramatrix.main.HfclEscalationApp.main(HfclEscalationApp.java:163)
java.lang.NullPointerException
	at com.teramatrix.processData.BTS.NumberOfSuccessfulSDCCHAssignments(BTS.java:792)
	at com.teramatrix.processData.BTS.initial(BTS.java:62)
	at com.teramatrix.initiator.ReportInitiatorClient.start(ReportInitiatorClient.java:29)
	at com.teramatrix.main.HfclEscalationApp.main(HfclEscalationApp.java:163)
java.lang.NullPointerException
	at com.teramatrix.processData.BTS.TotalVoiceCallMinutes(BTS.java:861)
	at com.teramatrix.processData.BTS.initial(BTS.java:72)
	at com.teramatrix.initiator.ReportInitiatorClient.start(ReportInitiatorClient.java:29)
	at com.teramatrix.main.HfclEscalationApp.main(HfclEscalationApp.java:163)
java.lang.NullPointerException
	at com.teramatrix.processData.BTS.ULTCHRxQual0To5Percent(BTS.java:979)
	at com.teramatrix.processData.BTS.initial(BTS.java:92)
	at com.teramatrix.initiator.ReportInitiatorClient.start(ReportInitiatorClient.java:29)
	at com.teramatrix.main.HfclEscalationApp.main(HfclEscalationApp.java:163)
java.lang.NullPointerException
	at com.teramatrix.processData.BTS.SDCCH8BlockingCount(BTS.java:1036)
	at com.teramatrix.processData.BTS.initial(BTS.java:94)
	at com.teramatrix.initiator.ReportInitiatorClient.start(ReportInitiatorClient.java:29)
	at com.teramatrix.main.HfclEscalationApp.main(HfclEscalationApp.java:163)
java.lang.NullPointerException
	at com.teramatrix.processData.BTS.NumberOfRadioConnectionFailuresSDCCH4(BTS.java:1059)
	at com.teramatrix.processData.BTS.initial(BTS.java:95)
	at com.teramatrix.initiator.ReportInitiatorClient.start(ReportInitiatorClient.java:29)
	at com.teramatrix.main.HfclEscalationApp.main(HfclEscalationApp.java:163)
java.lang.NullPointerException
	at com.teramatrix.processData.BTS.NumberOfRadioConnectionFailuresTCHH(BTS.java:1087)
	at com.teramatrix.processData.BTS.initial(BTS.java:97)
	at com.teramatrix.initiator.ReportInitiatorClient.start(ReportInitiatorClient.java:29)
	at com.teramatrix.main.HfclEscalationApp.main(HfclEscalationApp.java:163)
java.lang.NullPointerException
	at com.teramatrix.processData.BTS.NumberOfRadioConnectionFailuresTCHF(BTS.java:1110)
	at com.teramatrix.processData.BTS.initial(BTS.java:98)
	at com.teramatrix.initiator.ReportInitiatorClient.start(ReportInitiatorClient.java:29)
	at com.teramatrix.main.HfclEscalationApp.main(HfclEscalationApp.java:163)
java.lang.NullPointerException
	at com.teramatrix.processData.BTS.NumberOfSDCCH4AssignmentAttempts(BTS.java:1133)
	at com.teramatrix.processData.BTS.initial(BTS.java:99)
	at com.teramatrix.initiator.ReportInitiatorClient.start(ReportInitiatorClient.java:29)
	at com.teramatrix.main.HfclEscalationApp.main(HfclEscalationApp.java:163)
java.lang.NullPointerException
	at com.teramatrix.processData.BTS.NumberOfSDCCH4AssignmentSuccess(BTS.java:1156)
	at com.teramatrix.processData.BTS.initial(BTS.java:100)
	at com.teramatrix.initiator.ReportInitiatorClient.start(ReportInitiatorClient.java:29)
	at com.teramatrix.main.HfclEscalationApp.main(HfclEscalationApp.java:163)
java.lang.NullPointerException
	at com.teramatrix.processData.BTS.NumberOfSDCCH8AssignmentAttempts(BTS.java:1179)
	at com.teramatrix.processData.BTS.initial(BTS.java:101)
	at com.teramatrix.initiator.ReportInitiatorClient.start(ReportInitiatorClient.java:29)
	at com.teramatrix.main.HfclEscalationApp.main(HfclEscalationApp.java:163)
java.lang.NullPointerException
	at com.teramatrix.processData.BTS.NumberOfSDCCH8AssignmentSuccess(BTS.java:1202)
	at com.teramatrix.processData.BTS.initial(BTS.java:102)
	at com.teramatrix.initiator.ReportInitiatorClient.start(ReportInitiatorClient.java:29)
	at com.teramatrix.main.HfclEscalationApp.main(HfclEscalationApp.java:163)
java.lang.NullPointerException
	at com.teramatrix.processData.BTS.SDCCH4BlockingCount(BTS.java:1225)
	at com.teramatrix.processData.BTS.initial(BTS.java:103)
	at com.teramatrix.initiator.ReportInitiatorClient.start(ReportInitiatorClient.java:29)
	at com.teramatrix.main.HfclEscalationApp.main(HfclEscalationApp.java:163)
java.lang.NullPointerException
	at com.teramatrix.processData.BTS.TCHHBlockingCount(BTS.java:1248)
	at com.teramatrix.processData.BTS.initial(BTS.java:104)
	at com.teramatrix.initiator.ReportInitiatorClient.start(ReportInitiatorClient.java:29)
	at com.teramatrix.main.HfclEscalationApp.main(HfclEscalationApp.java:163)
java.lang.NullPointerException
	at com.teramatrix.processData.BTS.TCHFBlockingCount(BTS.java:1271)
	at com.teramatrix.processData.BTS.initial(BTS.java:105)
	at com.teramatrix.initiator.ReportInitiatorClient.start(ReportInitiatorClient.java:29)
	at com.teramatrix.main.HfclEscalationApp.main(HfclEscalationApp.java:163)
java.lang.NullPointerException
	at com.teramatrix.processData.BTS.TotalNumberOfCalls(BTS.java:1339)
	at com.teramatrix.processData.BTS.initial(BTS.java:115)
	at com.teramatrix.initiator.ReportInitiatorClient.start(ReportInitiatorClient.java:29)
	at com.teramatrix.main.HfclEscalationApp.main(HfclEscalationApp.java:163)
java.lang.NumberFormatException: null
	at java.lang.Long.parseLong(Long.java:552)
	at java.lang.Long.parseLong(Long.java:631)
	at com.teramatrix.processData.PCU.StartTime(PCU.java:1599)
	at com.teramatrix.processData.PCU.initial(PCU.java:23)
	at com.teramatrix.initiator.ReportInitiatorClient.start(ReportInitiatorClient.java:33)
	at com.teramatrix.main.HfclEscalationApp.main(HfclEscalationApp.java:164)
java.lang.NumberFormatException: null
	at java.lang.Long.parseLong(Long.java:552)
	at java.lang.Long.parseLong(Long.java:631)
	at com.teramatrix.processData.PCU.EndTime(PCU.java:1575)
	at com.teramatrix.processData.PCU.initial(PCU.java:24)
	at com.teramatrix.initiator.ReportInitiatorClient.start(ReportInitiatorClient.java:33)
	at com.teramatrix.main.HfclEscalationApp.main(HfclEscalationApp.java:164)
java.lang.NullPointerException
	at com.teramatrix.processData.PCU.TotalDataCalls(PCU.java:1513)
	at com.teramatrix.processData.PCU.initial(PCU.java:31)
	at com.teramatrix.initiator.ReportInitiatorClient.start(ReportInitiatorClient.java:33)
	at com.teramatrix.main.HfclEscalationApp.main(HfclEscalationApp.java:164)
java.lang.NullPointerException
	at com.teramatrix.processData.PCU.TotalDownlinkDataInKByte(PCU.java:1487)
	at com.teramatrix.processData.PCU.initial(PCU.java:32)
	at com.teramatrix.initiator.ReportInitiatorClient.start(ReportInitiatorClient.java:33)
	at com.teramatrix.main.HfclEscalationApp.main(HfclEscalationApp.java:164)
java.lang.NullPointerException
	at com.teramatrix.processData.PCU.TotalUplinkDataInKByte(PCU.java:1461)
	at com.teramatrix.processData.PCU.initial(PCU.java:33)
	at com.teramatrix.initiator.ReportInitiatorClient.start(ReportInitiatorClient.java:33)
	at com.teramatrix.main.HfclEscalationApp.main(HfclEscalationApp.java:164)
java.lang.NullPointerException
	at com.teramatrix.processData.PCU.DownlinkDataThroughputInKbps(PCU.java:1430)
	at com.teramatrix.processData.PCU.initial(PCU.java:34)
	at com.teramatrix.initiator.ReportInitiatorClient.start(ReportInitiatorClient.java:33)
	at com.teramatrix.main.HfclEscalationApp.main(HfclEscalationApp.java:164)
java.lang.NullPointerException
	at com.teramatrix.processData.PCU.DownlinkDataThroughputInKbpsNR(PCU.java:1373)
	at com.teramatrix.processData.PCU.initial(PCU.java:35)
	at com.teramatrix.initiator.ReportInitiatorClient.start(ReportInitiatorClient.java:33)
	at com.teramatrix.main.HfclEscalationApp.main(HfclEscalationApp.java:164)
java.lang.NullPointerException
	at com.teramatrix.processData.PCU.DownlinkDataThroughputInKbpsDR(PCU.java:1349)
	at com.teramatrix.processData.PCU.initial(PCU.java:36)
	at com.teramatrix.initiator.ReportInitiatorClient.start(ReportInitiatorClient.java:33)
	at com.teramatrix.main.HfclEscalationApp.main(HfclEscalationApp.java:164)
java.lang.NullPointerException
	at com.teramatrix.processData.PCU.UplinkDataThroughputInKbps(PCU.java:1399)
	at com.teramatrix.processData.PCU.initial(PCU.java:37)
	at com.teramatrix.initiator.ReportInitiatorClient.start(ReportInitiatorClient.java:33)
	at com.teramatrix.main.HfclEscalationApp.main(HfclEscalationApp.java:164)
java.lang.NullPointerException
	at com.teramatrix.processData.PCU.UplinkDataThroughputInKbpsNR(PCU.java:1324)
	at com.teramatrix.processData.PCU.initial(PCU.java:38)
	at com.teramatrix.initiator.ReportInitiatorClient.start(ReportInitiatorClient.java:33)
	at com.teramatrix.main.HfclEscalationApp.main(HfclEscalationApp.java:164)
java.lang.NullPointerException
	at com.teramatrix.processData.PCU.UplinkDataThroughputInKbpsDR(PCU.java:1299)
	at com.teramatrix.processData.PCU.initial(PCU.java:39)
	at com.teramatrix.initiator.ReportInitiatorClient.start(ReportInitiatorClient.java:33)
	at com.teramatrix.main.HfclEscalationApp.main(HfclEscalationApp.java:164)
java.lang.NullPointerException
	at com.teramatrix.processData.PCU.EgprsDownlinkDataThroughputInKbps(PCU.java:660)
	at com.teramatrix.processData.PCU.initial(PCU.java:43)
	at com.teramatrix.initiator.ReportInitiatorClient.start(ReportInitiatorClient.java:33)
	at com.teramatrix.main.HfclEscalationApp.main(HfclEscalationApp.java:164)
java.lang.NullPointerException
	at com.teramatrix.processData.PCU.EgprsDownlinkDataThroughputInKbpsNR(PCU.java:685)
	at com.teramatrix.processData.PCU.initial(PCU.java:44)
	at com.teramatrix.initiator.ReportInitiatorClient.start(ReportInitiatorClient.java:33)
	at com.teramatrix.main.HfclEscalationApp.main(HfclEscalationApp.java:164)
java.lang.NullPointerException
	at com.teramatrix.processData.PCU.EgprsDownlinkDataThroughputInKbpsDR(PCU.java:708)
	at com.teramatrix.processData.PCU.initial(PCU.java:45)
	at com.teramatrix.initiator.ReportInitiatorClient.start(ReportInitiatorClient.java:33)
	at com.teramatrix.main.HfclEscalationApp.main(HfclEscalationApp.java:164)
java.lang.NullPointerException
	at com.teramatrix.processData.PCU.EgprsUplinkDataThroughputInKbps(PCU.java:731)
	at com.teramatrix.processData.PCU.initial(PCU.java:46)
	at com.teramatrix.initiator.ReportInitiatorClient.start(ReportInitiatorClient.java:33)
	at com.teramatrix.main.HfclEscalationApp.main(HfclEscalationApp.java:164)
java.lang.NullPointerException
	at com.teramatrix.processData.PCU.EgprsUplinkDataThroughputInKbpsNR(PCU.java:756)
	at com.teramatrix.processData.PCU.initial(PCU.java:47)
	at com.teramatrix.initiator.ReportInitiatorClient.start(ReportInitiatorClient.java:33)
	at com.teramatrix.main.HfclEscalationApp.main(HfclEscalationApp.java:164)
java.lang.NullPointerException
	at com.teramatrix.processData.PCU.EgprsUplinkDataThroughputInKbpsDR(PCU.java:779)
	at com.teramatrix.processData.PCU.initial(PCU.java:48)
	at com.teramatrix.initiator.ReportInitiatorClient.start(ReportInitiatorClient.java:33)
	at com.teramatrix.main.HfclEscalationApp.main(HfclEscalationApp.java:164)
java.lang.NullPointerException
	at com.teramatrix.processData.PCU.GprsDownlinkDataThroughputInKbps(PCU.java:801)
	at com.teramatrix.processData.PCU.initial(PCU.java:49)
	at com.teramatrix.initiator.ReportInitiatorClient.start(ReportInitiatorClient.java:33)
	at com.teramatrix.main.HfclEscalationApp.main(HfclEscalationApp.java:164)
java.lang.NullPointerException
	at com.teramatrix.processData.PCU.GprsDownlinkDataThroughputInKbpsNR(PCU.java:826)
	at com.teramatrix.processData.PCU.initial(PCU.java:50)
	at com.teramatrix.initiator.ReportInitiatorClient.start(ReportInitiatorClient.java:33)
	at com.teramatrix.main.HfclEscalationApp.main(HfclEscalationApp.java:164)
java.lang.NullPointerException
	at com.teramatrix.processData.PCU.GprsDownlinkDataThroughputInKbpsDR(PCU.java:849)
	at com.teramatrix.processData.PCU.initial(PCU.java:51)
	at com.teramatrix.initiator.ReportInitiatorClient.start(ReportInitiatorClient.java:33)
	at com.teramatrix.main.HfclEscalationApp.main(HfclEscalationApp.java:164)
java.lang.NullPointerException
	at com.teramatrix.processData.PCU.GprsUplinkDataThroughputInKbps(PCU.java:871)
	at com.teramatrix.processData.PCU.initial(PCU.java:52)
	at com.teramatrix.initiator.ReportInitiatorClient.start(ReportInitiatorClient.java:33)
	at com.teramatrix.main.HfclEscalationApp.main(HfclEscalationApp.java:164)
java.lang.NullPointerException
	at com.teramatrix.processData.PCU.GprsUplinkDataThroughputInKbpsNR(PCU.java:896)
	at com.teramatrix.processData.PCU.initial(PCU.java:53)
	at com.teramatrix.initiator.ReportInitiatorClient.start(ReportInitiatorClient.java:33)
	at com.teramatrix.main.HfclEscalationApp.main(HfclEscalationApp.java:164)
java.lang.NullPointerException
	at com.teramatrix.processData.PCU.GprsUplinkDataThroughputInKbpsDR(PCU.java:919)
	at com.teramatrix.processData.PCU.initial(PCU.java:54)
	at com.teramatrix.initiator.ReportInitiatorClient.start(ReportInitiatorClient.java:33)
	at com.teramatrix.main.HfclEscalationApp.main(HfclEscalationApp.java:164)
java.lang.NullPointerException
	at com.teramatrix.processData.PCU.GprsUplinkTbfBlockingRate(PCU.java:966)
	at com.teramatrix.processData.PCU.initial(PCU.java:60)
	at com.teramatrix.initiator.ReportInitiatorClient.start(ReportInitiatorClient.java:33)
	at com.teramatrix.main.HfclEscalationApp.main(HfclEscalationApp.java:164)
java.lang.NullPointerException
	at com.teramatrix.processData.PCU.GprsUplinkTbfBlockingRateNR(PCU.java:997)
	at com.teramatrix.processData.PCU.initial(PCU.java:61)
	at com.teramatrix.initiator.ReportInitiatorClient.start(ReportInitiatorClient.java:33)
	at com.teramatrix.main.HfclEscalationApp.main(HfclEscalationApp.java:164)
java.lang.NullPointerException
	at com.teramatrix.processData.PCU.GprsUplinkTbfBlockingRateDR(PCU.java:1023)
	at com.teramatrix.processData.PCU.initial(PCU.java:62)
	at com.teramatrix.initiator.ReportInitiatorClient.start(ReportInitiatorClient.java:33)
	at com.teramatrix.main.HfclEscalationApp.main(HfclEscalationApp.java:164)
java.lang.NullPointerException
	at com.teramatrix.processData.PCU.GprsDownlinkTbfBlockingRate(PCU.java:1048)
	at com.teramatrix.processData.PCU.initial(PCU.java:63)
	at com.teramatrix.initiator.ReportInitiatorClient.start(ReportInitiatorClient.java:33)
	at com.teramatrix.main.HfclEscalationApp.main(HfclEscalationApp.java:164)
java.lang.NullPointerException
	at com.teramatrix.processData.PCU.GprsDownlinkTbfBlockingRateNR(PCU.java:1079)
	at com.teramatrix.processData.PCU.initial(PCU.java:64)
	at com.teramatrix.initiator.ReportInitiatorClient.start(ReportInitiatorClient.java:33)
	at com.teramatrix.main.HfclEscalationApp.main(HfclEscalationApp.java:164)
java.lang.NullPointerException
	at com.teramatrix.processData.PCU.GprsDownlinkTbfBlockingRateDR(PCU.java:1105)
	at com.teramatrix.processData.PCU.initial(PCU.java:65)
	at com.teramatrix.initiator.ReportInitiatorClient.start(ReportInitiatorClient.java:33)
	at com.teramatrix.main.HfclEscalationApp.main(HfclEscalationApp.java:164)
java.lang.NullPointerException
	at com.teramatrix.processData.PCU.EgprsDownlinkTbfBlockingRate(PCU.java:1130)
	at com.teramatrix.processData.PCU.initial(PCU.java:66)
	at com.teramatrix.initiator.ReportInitiatorClient.start(ReportInitiatorClient.java:33)
	at com.teramatrix.main.HfclEscalationApp.main(HfclEscalationApp.java:164)
java.lang.NullPointerException
	at com.teramatrix.processData.PCU.EgprsDownlinkTbfBlockingRateNR(PCU.java:1161)
	at com.teramatrix.processData.PCU.initial(PCU.java:67)
	at com.teramatrix.initiator.ReportInitiatorClient.start(ReportInitiatorClient.java:33)
	at com.teramatrix.main.HfclEscalationApp.main(HfclEscalationApp.java:164)
java.lang.NullPointerException
	at com.teramatrix.processData.PCU.EgprsDownlinkTbfBlockingRateDR(PCU.java:1187)
	at com.teramatrix.processData.PCU.initial(PCU.java:68)
	at com.teramatrix.initiator.ReportInitiatorClient.start(ReportInitiatorClient.java:33)
	at com.teramatrix.main.HfclEscalationApp.main(HfclEscalationApp.java:164)
java.lang.NullPointerException
	at com.teramatrix.processData.PCU.EgprsUplinkTbfBlockingRate(PCU.java:1212)
	at com.teramatrix.processData.PCU.initial(PCU.java:69)
	at com.teramatrix.initiator.ReportInitiatorClient.start(ReportInitiatorClient.java:33)
	at com.teramatrix.main.HfclEscalationApp.main(HfclEscalationApp.java:164)
java.lang.NullPointerException
	at com.teramatrix.processData.PCU.EgprsUplinkTbfBlockingRateNR(PCU.java:1243)
	at com.teramatrix.processData.PCU.initial(PCU.java:70)
	at com.teramatrix.initiator.ReportInitiatorClient.start(ReportInitiatorClient.java:33)
	at com.teramatrix.main.HfclEscalationApp.main(HfclEscalationApp.java:164)
java.lang.NullPointerException
	at com.teramatrix.processData.PCU.EgprsUplinkTbfBlockingRateDR(PCU.java:1269)
	at com.teramatrix.processData.PCU.initial(PCU.java:71)
	at com.teramatrix.initiator.ReportInitiatorClient.start(ReportInitiatorClient.java:33)
	at com.teramatrix.main.HfclEscalationApp.main(HfclEscalationApp.java:164)
java.lang.NullPointerException
	at com.teramatrix.processData.PCU.DlMcs1Count(PCU.java:628)
	at com.teramatrix.processData.PCU.initial(PCU.java:72)
	at com.teramatrix.initiator.ReportInitiatorClient.start(ReportInitiatorClient.java:33)
	at com.teramatrix.main.HfclEscalationApp.main(HfclEscalationApp.java:164)
java.lang.NullPointerException
	at com.teramatrix.processData.PCU.DlMcs2Count(PCU.java:607)
	at com.teramatrix.processData.PCU.initial(PCU.java:73)
	at com.teramatrix.initiator.ReportInitiatorClient.start(ReportInitiatorClient.java:33)
	at com.teramatrix.main.HfclEscalationApp.main(HfclEscalationApp.java:164)
java.lang.NullPointerException
	at com.teramatrix.processData.PCU.DlMcs3Count(PCU.java:585)
	at com.teramatrix.processData.PCU.initial(PCU.java:74)
	at com.teramatrix.initiator.ReportInitiatorClient.start(ReportInitiatorClient.java:33)
	at com.teramatrix.main.HfclEscalationApp.main(HfclEscalationApp.java:164)
java.lang.NullPointerException
	at com.teramatrix.processData.PCU.DlMcs4Count(PCU.java:564)
	at com.teramatrix.processData.PCU.initial(PCU.java:75)
	at com.teramatrix.initiator.ReportInitiatorClient.start(ReportInitiatorClient.java:33)
	at com.teramatrix.main.HfclEscalationApp.main(HfclEscalationApp.java:164)
java.lang.NullPointerException
	at com.teramatrix.processData.PCU.DlMcs5Count(PCU.java:543)
	at com.teramatrix.processData.PCU.initial(PCU.java:76)
	at com.teramatrix.initiator.ReportInitiatorClient.start(ReportInitiatorClient.java:33)
	at com.teramatrix.main.HfclEscalationApp.main(HfclEscalationApp.java:164)
java.lang.NullPointerException
	at com.teramatrix.processData.PCU.DlMcs6Count(PCU.java:522)
	at com.teramatrix.processData.PCU.initial(PCU.java:77)
	at com.teramatrix.initiator.ReportInitiatorClient.start(ReportInitiatorClient.java:33)
	at com.teramatrix.main.HfclEscalationApp.main(HfclEscalationApp.java:164)
java.lang.NullPointerException
	at com.teramatrix.processData.PCU.DlMcs7Count(PCU.java:501)
	at com.teramatrix.processData.PCU.initial(PCU.java:78)
	at com.teramatrix.initiator.ReportInitiatorClient.start(ReportInitiatorClient.java:33)
	at com.teramatrix.main.HfclEscalationApp.main(HfclEscalationApp.java:164)
java.lang.NullPointerException
	at com.teramatrix.processData.PCU.DlMcs8Count(PCU.java:480)
	at com.teramatrix.processData.PCU.initial(PCU.java:79)
	at com.teramatrix.initiator.ReportInitiatorClient.start(ReportInitiatorClient.java:33)
	at com.teramatrix.main.HfclEscalationApp.main(HfclEscalationApp.java:164)
java.lang.NullPointerException
	at com.teramatrix.processData.PCU.DlMcs9Count(PCU.java:459)
	at com.teramatrix.processData.PCU.initial(PCU.java:80)
	at com.teramatrix.initiator.ReportInitiatorClient.start(ReportInitiatorClient.java:33)
	at com.teramatrix.main.HfclEscalationApp.main(HfclEscalationApp.java:164)
java.lang.NullPointerException
	at com.teramatrix.processData.PCU.UlMcs1Count(PCU.java:438)
	at com.teramatrix.processData.PCU.initial(PCU.java:81)
	at com.teramatrix.initiator.ReportInitiatorClient.start(ReportInitiatorClient.java:33)
	at com.teramatrix.main.HfclEscalationApp.main(HfclEscalationApp.java:164)
java.lang.NullPointerException
	at com.teramatrix.processData.PCU.UlMcs2Count(PCU.java:417)
	at com.teramatrix.processData.PCU.initial(PCU.java:82)
	at com.teramatrix.initiator.ReportInitiatorClient.start(ReportInitiatorClient.java:33)
	at com.teramatrix.main.HfclEscalationApp.main(HfclEscalationApp.java:164)
java.lang.NullPointerException
	at com.teramatrix.processData.PCU.UlMcs3Count(PCU.java:396)
	at com.teramatrix.processData.PCU.initial(PCU.java:83)
	at com.teramatrix.initiator.ReportInitiatorClient.start(ReportInitiatorClient.java:33)
	at com.teramatrix.main.HfclEscalationApp.main(HfclEscalationApp.java:164)
java.lang.NullPointerException
	at com.teramatrix.processData.PCU.UlMcs4Count(PCU.java:375)
	at com.teramatrix.processData.PCU.initial(PCU.java:84)
	at com.teramatrix.initiator.ReportInitiatorClient.start(ReportInitiatorClient.java:33)
	at com.teramatrix.main.HfclEscalationApp.main(HfclEscalationApp.java:164)
java.lang.NullPointerException
	at com.teramatrix.processData.PCU.UlMcs5Count(PCU.java:354)
	at com.teramatrix.processData.PCU.initial(PCU.java:85)
	at com.teramatrix.initiator.ReportInitiatorClient.start(ReportInitiatorClient.java:33)
	at com.teramatrix.main.HfclEscalationApp.main(HfclEscalationApp.java:164)
java.lang.NullPointerException
	at com.teramatrix.processData.PCU.UlMcs6Count(PCU.java:333)
	at com.teramatrix.processData.PCU.initial(PCU.java:86)
	at com.teramatrix.initiator.ReportInitiatorClient.start(ReportInitiatorClient.java:33)
	at com.teramatrix.main.HfclEscalationApp.main(HfclEscalationApp.java:164)
java.lang.NullPointerException
	at com.teramatrix.processData.PCU.UlMcs7Count(PCU.java:312)
	at com.teramatrix.processData.PCU.initial(PCU.java:87)
	at com.teramatrix.initiator.ReportInitiatorClient.start(ReportInitiatorClient.java:33)
	at com.teramatrix.main.HfclEscalationApp.main(HfclEscalationApp.java:164)
java.lang.NullPointerException
	at com.teramatrix.processData.PCU.UlMcs8Count(PCU.java:291)
	at com.teramatrix.processData.PCU.initial(PCU.java:88)
	at com.teramatrix.initiator.ReportInitiatorClient.start(ReportInitiatorClient.java:33)
	at com.teramatrix.main.HfclEscalationApp.main(HfclEscalationApp.java:164)
java.lang.NullPointerException
	at com.teramatrix.processData.PCU.UlMcs9Count(PCU.java:270)
	at com.teramatrix.processData.PCU.initial(PCU.java:89)
	at com.teramatrix.initiator.ReportInitiatorClient.start(ReportInitiatorClient.java:33)
	at com.teramatrix.main.HfclEscalationApp.main(HfclEscalationApp.java:164)
java.lang.NullPointerException
	at com.teramatrix.processData.PCU.DlCs1Count(PCU.java:249)
	at com.teramatrix.processData.PCU.initial(PCU.java:90)
	at com.teramatrix.initiator.ReportInitiatorClient.start(ReportInitiatorClient.java:33)
	at com.teramatrix.main.HfclEscalationApp.main(HfclEscalationApp.java:164)
java.lang.NullPointerException
	at com.teramatrix.processData.PCU.DlCs2Count(PCU.java:228)
	at com.teramatrix.processData.PCU.initial(PCU.java:91)
	at com.teramatrix.initiator.ReportInitiatorClient.start(ReportInitiatorClient.java:33)
	at com.teramatrix.main.HfclEscalationApp.main(HfclEscalationApp.java:164)
java.lang.NullPointerException
	at com.teramatrix.processData.PCU.DlCs3Count(PCU.java:207)
	at com.teramatrix.processData.PCU.initial(PCU.java:92)
	at com.teramatrix.initiator.ReportInitiatorClient.start(ReportInitiatorClient.java:33)
	at com.teramatrix.main.HfclEscalationApp.main(HfclEscalationApp.java:164)
java.lang.NullPointerException
	at com.teramatrix.processData.PCU.DlCs4Count(PCU.java:186)
	at com.teramatrix.processData.PCU.initial(PCU.java:93)
	at com.teramatrix.initiator.ReportInitiatorClient.start(ReportInitiatorClient.java:33)
	at com.teramatrix.main.HfclEscalationApp.main(HfclEscalationApp.java:164)
java.lang.NullPointerException
	at com.teramatrix.processData.PCU.UlCs1Count(PCU.java:165)
	at com.teramatrix.processData.PCU.initial(PCU.java:94)
	at com.teramatrix.initiator.ReportInitiatorClient.start(ReportInitiatorClient.java:33)
	at com.teramatrix.main.HfclEscalationApp.main(HfclEscalationApp.java:164)
java.lang.NullPointerException
	at com.teramatrix.processData.PCU.UlCs2Count(PCU.java:144)
	at com.teramatrix.processData.PCU.initial(PCU.java:95)
	at com.teramatrix.initiator.ReportInitiatorClient.start(ReportInitiatorClient.java:33)
	at com.teramatrix.main.HfclEscalationApp.main(HfclEscalationApp.java:164)
java.lang.NullPointerException
	at com.teramatrix.processData.PCU.UlCs3Count(PCU.java:123)
	at com.teramatrix.processData.PCU.initial(PCU.java:96)
	at com.teramatrix.initiator.ReportInitiatorClient.start(ReportInitiatorClient.java:33)
	at com.teramatrix.main.HfclEscalationApp.main(HfclEscalationApp.java:164)
java.lang.NullPointerException
	at com.teramatrix.processData.PCU.UlCs4Count(PCU.java:102)
	at com.teramatrix.processData.PCU.initial(PCU.java:97)
	at com.teramatrix.initiator.ReportInitiatorClient.start(ReportInitiatorClient.java:33)
	at com.teramatrix.main.HfclEscalationApp.main(HfclEscalationApp.java:164)
