org.json.JSONException: JSONObject["data"] not found.
	at org.json.JSONObject.get(JSONObject.java:516)
	at com.teramatrix.processData.VoiceData.CSErlangs(VoiceData.java:61)
	at com.teramatrix.processData.VoiceData.initial(VoiceData.java:23)
	at com.teramatrix.initiator.ReportInitiatorClient.start(ReportInitiatorClient.java:13)
	at com.teramatrix.main.FftEscalationApp.main(FftEscalationApp.java:121)
org.json.JSONException: JSONObject["data"] not found.
	at org.json.JSONObject.get(JSONObject.java:516)
	at com.teramatrix.processData.VoiceData.SDCCHDropRate(VoiceData.java:110)
	at com.teramatrix.processData.VoiceData.initial(VoiceData.java:24)
	at com.teramatrix.initiator.ReportInitiatorClient.start(ReportInitiatorClient.java:13)
	at com.teramatrix.main.FftEscalationApp.main(FftEscalationApp.java:121)
org.json.JSONException: JSONObject["data"] not found.
	at org.json.JSONObject.get(JSONObject.java:516)
	at com.teramatrix.processData.VoiceData.CallSetupSuccessRate(VoiceData.java:157)
	at com.teramatrix.processData.VoiceData.initial(VoiceData.java:25)
	at com.teramatrix.initiator.ReportInitiatorClient.start(ReportInitiatorClient.java:13)
	at com.teramatrix.main.FftEscalationApp.main(FftEscalationApp.java:121)
org.json.JSONException: JSONObject["data"] not found.
	at org.json.JSONObject.get(JSONObject.java:516)
	at com.teramatrix.processData.VoiceData.NumberOfRadioConnectionFailuresTCH_H(VoiceData.java:204)
	at com.teramatrix.processData.VoiceData.initial(VoiceData.java:26)
	at com.teramatrix.initiator.ReportInitiatorClient.start(ReportInitiatorClient.java:13)
	at com.teramatrix.main.FftEscalationApp.main(FftEscalationApp.java:121)
org.json.JSONException: JSONObject["data"] not found.
	at org.json.JSONObject.get(JSONObject.java:516)
	at com.teramatrix.processData.VoiceData.NumberOfRadioConnectionFailuresTCH_F(VoiceData.java:251)
	at com.teramatrix.processData.VoiceData.initial(VoiceData.java:27)
	at com.teramatrix.initiator.ReportInitiatorClient.start(ReportInitiatorClient.java:13)
	at com.teramatrix.main.FftEscalationApp.main(FftEscalationApp.java:121)
org.json.JSONException: JSONObject["data"] not found.
	at org.json.JSONObject.get(JSONObject.java:516)
	at com.teramatrix.processData.VoiceData.CSErlangs(VoiceData.java:61)
	at com.teramatrix.processData.VoiceData.initial(VoiceData.java:23)
	at com.teramatrix.initiator.ReportInitiatorClient.start(ReportInitiatorClient.java:13)
	at com.teramatrix.main.FftEscalationApp.main(FftEscalationApp.java:121)
org.json.JSONException: JSONObject["data"] not found.
	at org.json.JSONObject.get(JSONObject.java:516)
	at com.teramatrix.processData.VoiceData.SDCCHDropRate(VoiceData.java:110)
	at com.teramatrix.processData.VoiceData.initial(VoiceData.java:24)
	at com.teramatrix.initiator.ReportInitiatorClient.start(ReportInitiatorClient.java:13)
	at com.teramatrix.main.FftEscalationApp.main(FftEscalationApp.java:121)
org.json.JSONException: JSONObject["data"] not found.
	at org.json.JSONObject.get(JSONObject.java:516)
	at com.teramatrix.processData.VoiceData.CallSetupSuccessRate(VoiceData.java:157)
	at com.teramatrix.processData.VoiceData.initial(VoiceData.java:25)
	at com.teramatrix.initiator.ReportInitiatorClient.start(ReportInitiatorClient.java:13)
	at com.teramatrix.main.FftEscalationApp.main(FftEscalationApp.java:121)
org.json.JSONException: JSONObject["data"] not found.
	at org.json.JSONObject.get(JSONObject.java:516)
	at com.teramatrix.processData.VoiceData.NumberOfRadioConnectionFailuresTCH_H(VoiceData.java:204)
	at com.teramatrix.processData.VoiceData.initial(VoiceData.java:26)
	at com.teramatrix.initiator.ReportInitiatorClient.start(ReportInitiatorClient.java:13)
	at com.teramatrix.main.FftEscalationApp.main(FftEscalationApp.java:121)
org.json.JSONException: JSONObject["data"] not found.
	at org.json.JSONObject.get(JSONObject.java:516)
	at com.teramatrix.processData.VoiceData.NumberOfRadioConnectionFailuresTCH_F(VoiceData.java:251)
	at com.teramatrix.processData.VoiceData.initial(VoiceData.java:27)
	at com.teramatrix.initiator.ReportInitiatorClient.start(ReportInitiatorClient.java:13)
	at com.teramatrix.main.FftEscalationApp.main(FftEscalationApp.java:121)
org.json.JSONException: JSONObject["data"] not found.
	at org.json.JSONObject.get(JSONObject.java:516)
	at com.teramatrix.processData.VoiceData.CSErlangs(VoiceData.java:61)
	at com.teramatrix.processData.VoiceData.initial(VoiceData.java:23)
	at com.teramatrix.initiator.ReportInitiatorClient.start(ReportInitiatorClient.java:13)
	at com.teramatrix.main.FftEscalationApp.main(FftEscalationApp.java:121)
org.json.JSONException: JSONObject["data"] not found.
	at org.json.JSONObject.get(JSONObject.java:516)
	at com.teramatrix.processData.VoiceData.SDCCHDropRate(VoiceData.java:110)
	at com.teramatrix.processData.VoiceData.initial(VoiceData.java:24)
	at com.teramatrix.initiator.ReportInitiatorClient.start(ReportInitiatorClient.java:13)
	at com.teramatrix.main.FftEscalationApp.main(FftEscalationApp.java:121)
org.json.JSONException: JSONObject["data"] not found.
	at org.json.JSONObject.get(JSONObject.java:516)
	at com.teramatrix.processData.VoiceData.CallSetupSuccessRate(VoiceData.java:157)
	at com.teramatrix.processData.VoiceData.initial(VoiceData.java:25)
	at com.teramatrix.initiator.ReportInitiatorClient.start(ReportInitiatorClient.java:13)
	at com.teramatrix.main.FftEscalationApp.main(FftEscalationApp.java:121)
org.json.JSONException: JSONObject["data"] not found.
	at org.json.JSONObject.get(JSONObject.java:516)
	at com.teramatrix.processData.VoiceData.NumberOfRadioConnectionFailuresTCH_H(VoiceData.java:204)
	at com.teramatrix.processData.VoiceData.initial(VoiceData.java:26)
	at com.teramatrix.initiator.ReportInitiatorClient.start(ReportInitiatorClient.java:13)
	at com.teramatrix.main.FftEscalationApp.main(FftEscalationApp.java:121)
org.json.JSONException: JSONObject["data"] not found.
	at org.json.JSONObject.get(JSONObject.java:516)
	at com.teramatrix.processData.VoiceData.NumberOfRadioConnectionFailuresTCH_F(VoiceData.java:251)
	at com.teramatrix.processData.VoiceData.initial(VoiceData.java:27)
	at com.teramatrix.initiator.ReportInitiatorClient.start(ReportInitiatorClient.java:13)
	at com.teramatrix.main.FftEscalationApp.main(FftEscalationApp.java:121)
