java.lang.IllegalArgumentException: Cannot format given Object as a Number
	at java.text.DecimalFormat.format(DecimalFormat.java:507)
	at java.text.Format.format(Format.java:157)
	at com.teramatrix.processData.BTS.StartTime(BTS.java:129)
	at com.teramatrix.processData.BTS.initial(BTS.java:23)
	at com.teramatrix.initiator.ReportInitiatorClient.start(ReportInitiatorClient.java:29)
	at com.teramatrix.main.HfclEscalationApp.main(HfclEscalationApp.java:166)
java.lang.NullPointerException
	at com.teramatrix.processData.BTS.LCLSCSErlangs(BTS.java:310)
	at com.teramatrix.processData.BTS.initial(BTS.java:36)
	at com.teramatrix.initiator.ReportInitiatorClient.start(ReportInitiatorClient.java:29)
	at com.teramatrix.main.HfclEscalationApp.main(HfclEscalationApp.java:166)
java.lang.NullPointerException
	at com.teramatrix.processData.BTS.SDCCHBlockingRate(BTS.java:557)
	at com.teramatrix.processData.BTS.initial(BTS.java:50)
	at com.teramatrix.initiator.ReportInitiatorClient.start(ReportInitiatorClient.java:29)
	at com.teramatrix.main.HfclEscalationApp.main(HfclEscalationApp.java:166)
java.lang.NullPointerException
	at com.teramatrix.processData.BTS.SDCCHBlockingRateNR(BTS.java:589)
	at com.teramatrix.processData.BTS.initial(BTS.java:51)
	at com.teramatrix.initiator.ReportInitiatorClient.start(ReportInitiatorClient.java:29)
	at com.teramatrix.main.HfclEscalationApp.main(HfclEscalationApp.java:166)
java.lang.NullPointerException
	at com.teramatrix.processData.BTS.TCHBlockingRate(BTS.java:668)
	at com.teramatrix.processData.BTS.initial(BTS.java:54)
	at com.teramatrix.initiator.ReportInitiatorClient.start(ReportInitiatorClient.java:29)
	at com.teramatrix.main.HfclEscalationApp.main(HfclEscalationApp.java:166)
java.lang.NullPointerException
	at com.teramatrix.processData.BTS.TCHBlockingRateDR(BTS.java:727)
	at com.teramatrix.processData.BTS.initial(BTS.java:56)
	at com.teramatrix.initiator.ReportInitiatorClient.start(ReportInitiatorClient.java:29)
	at com.teramatrix.main.HfclEscalationApp.main(HfclEscalationApp.java:166)
java.lang.NullPointerException
	at com.teramatrix.processData.BTS.ULTCHRxQual0(BTS.java:951)
	at com.teramatrix.processData.BTS.initial(BTS.java:84)
	at com.teramatrix.initiator.ReportInitiatorClient.start(ReportInitiatorClient.java:29)
	at com.teramatrix.main.HfclEscalationApp.main(HfclEscalationApp.java:166)
java.lang.IllegalArgumentException: Cannot format given Object as a Number
	at java.text.DecimalFormat.format(DecimalFormat.java:507)
	at java.text.Format.format(Format.java:157)
	at com.teramatrix.processData.PCU.StartTime(PCU.java:1028)
	at com.teramatrix.processData.PCU.initial(PCU.java:23)
	at com.teramatrix.initiator.ReportInitiatorClient.start(ReportInitiatorClient.java:33)
	at com.teramatrix.main.HfclEscalationApp.main(HfclEscalationApp.java:167)
java.lang.IllegalArgumentException: Cannot format given Object as a Number
	at java.text.DecimalFormat.format(DecimalFormat.java:507)
	at java.text.Format.format(Format.java:157)
	at com.teramatrix.processData.BTS.StartTime(BTS.java:129)
	at com.teramatrix.processData.BTS.initial(BTS.java:23)
	at com.teramatrix.initiator.ReportInitiatorClient.start(ReportInitiatorClient.java:29)
	at com.teramatrix.main.HfclEscalationApp.main(HfclEscalationApp.java:166)
java.lang.NullPointerException
	at com.teramatrix.processData.BTS.LCLSCSErlangs(BTS.java:310)
	at com.teramatrix.processData.BTS.initial(BTS.java:36)
	at com.teramatrix.initiator.ReportInitiatorClient.start(ReportInitiatorClient.java:29)
	at com.teramatrix.main.HfclEscalationApp.main(HfclEscalationApp.java:166)
java.lang.NullPointerException
	at com.teramatrix.processData.BTS.SDCCHBlockingRate(BTS.java:557)
	at com.teramatrix.processData.BTS.initial(BTS.java:50)
	at com.teramatrix.initiator.ReportInitiatorClient.start(ReportInitiatorClient.java:29)
	at com.teramatrix.main.HfclEscalationApp.main(HfclEscalationApp.java:166)
java.lang.NullPointerException
	at com.teramatrix.processData.BTS.SDCCHBlockingRateNR(BTS.java:589)
	at com.teramatrix.processData.BTS.initial(BTS.java:51)
	at com.teramatrix.initiator.ReportInitiatorClient.start(ReportInitiatorClient.java:29)
	at com.teramatrix.main.HfclEscalationApp.main(HfclEscalationApp.java:166)
java.lang.NullPointerException
	at com.teramatrix.processData.BTS.TCHBlockingRate(BTS.java:668)
	at com.teramatrix.processData.BTS.initial(BTS.java:54)
	at com.teramatrix.initiator.ReportInitiatorClient.start(ReportInitiatorClient.java:29)
	at com.teramatrix.main.HfclEscalationApp.main(HfclEscalationApp.java:166)
java.lang.NullPointerException
	at com.teramatrix.processData.BTS.TCHBlockingRateDR(BTS.java:727)
	at com.teramatrix.processData.BTS.initial(BTS.java:56)
	at com.teramatrix.initiator.ReportInitiatorClient.start(ReportInitiatorClient.java:29)
	at com.teramatrix.main.HfclEscalationApp.main(HfclEscalationApp.java:166)
java.lang.NullPointerException
	at com.teramatrix.processData.BTS.ULTCHRxQual0(BTS.java:951)
	at com.teramatrix.processData.BTS.initial(BTS.java:84)
	at com.teramatrix.initiator.ReportInitiatorClient.start(ReportInitiatorClient.java:29)
	at com.teramatrix.main.HfclEscalationApp.main(HfclEscalationApp.java:166)
java.lang.IllegalArgumentException: Cannot format given Object as a Number
	at java.text.DecimalFormat.format(DecimalFormat.java:507)
	at java.text.Format.format(Format.java:157)
	at com.teramatrix.processData.PCU.StartTime(PCU.java:1028)
	at com.teramatrix.processData.PCU.initial(PCU.java:23)
	at com.teramatrix.initiator.ReportInitiatorClient.start(ReportInitiatorClient.java:33)
	at com.teramatrix.main.HfclEscalationApp.main(HfclEscalationApp.java:167)
java.lang.IllegalArgumentException: Cannot format given Object as a Number
	at java.text.DecimalFormat.format(DecimalFormat.java:507)
	at java.text.Format.format(Format.java:157)
	at com.teramatrix.processData.BTS.StartTime(BTS.java:129)
	at com.teramatrix.processData.BTS.initial(BTS.java:23)
	at com.teramatrix.initiator.ReportInitiatorClient.start(ReportInitiatorClient.java:29)
	at com.teramatrix.main.HfclEscalationApp.main(HfclEscalationApp.java:166)
java.lang.NullPointerException
	at com.teramatrix.processData.BTS.LCLSCSErlangs(BTS.java:310)
	at com.teramatrix.processData.BTS.initial(BTS.java:36)
	at com.teramatrix.initiator.ReportInitiatorClient.start(ReportInitiatorClient.java:29)
	at com.teramatrix.main.HfclEscalationApp.main(HfclEscalationApp.java:166)
java.lang.NullPointerException
	at com.teramatrix.processData.BTS.SDCCHBlockingRate(BTS.java:557)
	at com.teramatrix.processData.BTS.initial(BTS.java:50)
	at com.teramatrix.initiator.ReportInitiatorClient.start(ReportInitiatorClient.java:29)
	at com.teramatrix.main.HfclEscalationApp.main(HfclEscalationApp.java:166)
java.lang.NullPointerException
	at com.teramatrix.processData.BTS.SDCCHBlockingRateNR(BTS.java:589)
	at com.teramatrix.processData.BTS.initial(BTS.java:51)
	at com.teramatrix.initiator.ReportInitiatorClient.start(ReportInitiatorClient.java:29)
	at com.teramatrix.main.HfclEscalationApp.main(HfclEscalationApp.java:166)
java.lang.NullPointerException
	at com.teramatrix.processData.BTS.TCHBlockingRate(BTS.java:668)
	at com.teramatrix.processData.BTS.initial(BTS.java:54)
	at com.teramatrix.initiator.ReportInitiatorClient.start(ReportInitiatorClient.java:29)
	at com.teramatrix.main.HfclEscalationApp.main(HfclEscalationApp.java:166)
java.lang.NullPointerException
	at com.teramatrix.processData.BTS.TCHBlockingRateDR(BTS.java:727)
	at com.teramatrix.processData.BTS.initial(BTS.java:56)
	at com.teramatrix.initiator.ReportInitiatorClient.start(ReportInitiatorClient.java:29)
	at com.teramatrix.main.HfclEscalationApp.main(HfclEscalationApp.java:166)
java.lang.NullPointerException
	at com.teramatrix.processData.BTS.ULTCHRxQual0(BTS.java:951)
	at com.teramatrix.processData.BTS.initial(BTS.java:84)
	at com.teramatrix.initiator.ReportInitiatorClient.start(ReportInitiatorClient.java:29)
	at com.teramatrix.main.HfclEscalationApp.main(HfclEscalationApp.java:166)
java.lang.IllegalArgumentException: Cannot format given Object as a Number
	at java.text.DecimalFormat.format(DecimalFormat.java:507)
	at java.text.Format.format(Format.java:157)
	at com.teramatrix.processData.PCU.StartTime(PCU.java:1028)
	at com.teramatrix.processData.PCU.initial(PCU.java:23)
	at com.teramatrix.initiator.ReportInitiatorClient.start(ReportInitiatorClient.java:33)
	at com.teramatrix.main.HfclEscalationApp.main(HfclEscalationApp.java:167)
