org.json.JSONException: A JSONObject text must begin with '{' at character 1
	at org.json.JSONTokener.syntaxError(JSONTokener.java:413)
	at org.json.JSONObject.<init>(JSONObject.java:180)
	at org.json.JSONObject.<init>(JSONObject.java:420)
	at com.teramatrix.processData.VoiceData.CallSetupSuccessRate(VoiceData.java:187)
	at com.teramatrix.processData.VoiceData.initial(VoiceData.java:28)
	at com.teramatrix.initiator.ReportInitiatorClient.start(ReportInitiatorClient.java:13)
	at com.teramatrix.main.HfclEscalationApp.main(HfclEscalationApp.java:152)
org.json.JSONException: JSONObject["object"] is not a JSONObject.
	at org.json.JSONObject.getJSONObject(JSONObject.java:614)
	at com.teramatrix.processData.VoiceData.CallSetupSuccessRate(VoiceData.java:191)
	at com.teramatrix.processData.VoiceData.initial(VoiceData.java:28)
	at com.teramatrix.initiator.ReportInitiatorClient.start(ReportInitiatorClient.java:13)
	at com.teramatrix.main.HfclEscalationApp.main(HfclEscalationApp.java:152)
org.json.JSONException: JSONObject["object"] is not a JSONObject.
	at org.json.JSONObject.getJSONObject(JSONObject.java:614)
	at com.teramatrix.processData.VoiceData.CallSetupSuccessRate(VoiceData.java:191)
	at com.teramatrix.processData.VoiceData.initial(VoiceData.java:28)
	at com.teramatrix.initiator.ReportInitiatorClient.start(ReportInitiatorClient.java:13)
	at com.teramatrix.main.HfclEscalationApp.main(HfclEscalationApp.java:152)
