java.lang.NullPointerException
	at com.teramatrix.processData.BTS.InternalHandoverSuccessRate(BTS.java:1959)
	at com.teramatrix.processData.BTS.initial(BTS.java:71)
	at com.teramatrix.initiator.ReportInitiatorClient.start(ReportInitiatorClient.java:29)
	at com.teramatrix.main.HfclEscalationApp.main(HfclEscalationApp.java:163)
java.lang.NullPointerException
	at com.teramatrix.processData.BTS.InternalHandoverSuccessRateDR(BTS.java:2036)
	at com.teramatrix.processData.BTS.initial(BTS.java:73)
	at com.teramatrix.initiator.ReportInitiatorClient.start(ReportInitiatorClient.java:29)
	at com.teramatrix.main.HfclEscalationApp.main(HfclEscalationApp.java:163)
java.lang.NullPointerException
	at com.teramatrix.processData.BTS.MeanHoldingTimeInSecs(BTS.java:2259)
	at com.teramatrix.processData.BTS.initial(BTS.java:78)
	at com.teramatrix.initiator.ReportInitiatorClient.start(ReportInitiatorClient.java:29)
	at com.teramatrix.main.HfclEscalationApp.main(HfclEscalationApp.java:163)
java.lang.NullPointerException
	at com.teramatrix.processData.BTS.InternalHandoverSuccessRate(BTS.java:1959)
	at com.teramatrix.processData.BTS.initial(BTS.java:71)
	at com.teramatrix.initiator.ReportInitiatorClient.start(ReportInitiatorClient.java:29)
	at com.teramatrix.main.HfclEscalationApp.main(HfclEscalationApp.java:163)
java.lang.NullPointerException
	at com.teramatrix.processData.BTS.InternalHandoverSuccessRateDR(BTS.java:2036)
	at com.teramatrix.processData.BTS.initial(BTS.java:73)
	at com.teramatrix.initiator.ReportInitiatorClient.start(ReportInitiatorClient.java:29)
	at com.teramatrix.main.HfclEscalationApp.main(HfclEscalationApp.java:163)
java.lang.NullPointerException
	at com.teramatrix.processData.BTS.MeanHoldingTimeInSecs(BTS.java:2259)
	at com.teramatrix.processData.BTS.initial(BTS.java:78)
	at com.teramatrix.initiator.ReportInitiatorClient.start(ReportInitiatorClient.java:29)
	at com.teramatrix.main.HfclEscalationApp.main(HfclEscalationApp.java:163)
