java.lang.IllegalArgumentException: Cannot format given Object as a Number
	at java.text.DecimalFormat.format(DecimalFormat.java:507)
	at java.text.Format.format(Format.java:157)
	at com.teramatrix.processData.BTS.StartTime(BTS.java:129)
	at com.teramatrix.processData.BTS.initial(BTS.java:23)
	at com.teramatrix.initiator.ReportInitiatorClient.start(ReportInitiatorClient.java:29)
	at com.teramatrix.main.HfclEscalationApp.main(HfclEscalationApp.java:166)
java.lang.NullPointerException
	at com.teramatrix.processData.BTS.CallSetupSuccessRate(BTS.java:191)
	at com.teramatrix.processData.BTS.initial(BTS.java:29)
	at com.teramatrix.initiator.ReportInitiatorClient.start(ReportInitiatorClient.java:29)
	at com.teramatrix.main.HfclEscalationApp.main(HfclEscalationApp.java:166)
java.lang.NullPointerException
	at com.teramatrix.processData.BTS.CallSetupSuccessRateNR(BTS.java:230)
	at com.teramatrix.processData.BTS.initial(BTS.java:30)
	at com.teramatrix.initiator.ReportInitiatorClient.start(ReportInitiatorClient.java:29)
	at com.teramatrix.main.HfclEscalationApp.main(HfclEscalationApp.java:166)
java.lang.NullPointerException
	at com.teramatrix.processData.BTS.CallSetupSuccessRateDR(BTS.java:260)
	at com.teramatrix.processData.BTS.initial(BTS.java:31)
	at com.teramatrix.initiator.ReportInitiatorClient.start(ReportInitiatorClient.java:29)
	at com.teramatrix.main.HfclEscalationApp.main(HfclEscalationApp.java:166)
java.lang.NullPointerException
	at com.teramatrix.processData.BTS.LCLSCSErlangs(BTS.java:310)
	at com.teramatrix.processData.BTS.initial(BTS.java:36)
	at com.teramatrix.initiator.ReportInitiatorClient.start(ReportInitiatorClient.java:29)
	at com.teramatrix.main.HfclEscalationApp.main(HfclEscalationApp.java:166)
java.lang.NullPointerException
	at com.teramatrix.processData.BTS.SDCCHDropRate(BTS.java:346)
	at com.teramatrix.processData.BTS.initial(BTS.java:39)
	at com.teramatrix.initiator.ReportInitiatorClient.start(ReportInitiatorClient.java:29)
	at com.teramatrix.main.HfclEscalationApp.main(HfclEscalationApp.java:166)
java.lang.NullPointerException
	at com.teramatrix.processData.BTS.SDCCHDropRateNR(BTS.java:377)
	at com.teramatrix.processData.BTS.initial(BTS.java:40)
	at com.teramatrix.initiator.ReportInitiatorClient.start(ReportInitiatorClient.java:29)
	at com.teramatrix.main.HfclEscalationApp.main(HfclEscalationApp.java:166)
java.lang.NullPointerException
	at com.teramatrix.processData.BTS.SDCCHDropRateDR(BTS.java:403)
	at com.teramatrix.processData.BTS.initial(BTS.java:41)
	at com.teramatrix.initiator.ReportInitiatorClient.start(ReportInitiatorClient.java:29)
	at com.teramatrix.main.HfclEscalationApp.main(HfclEscalationApp.java:166)
