java.lang.NullPointerException
	at com.teramatrix.processData.BTS.LCLSCSErlangs(BTS.java:312)
	at com.teramatrix.processData.BTS.initial(BTS.java:36)
	at com.teramatrix.initiator.ReportInitiatorClient.start(ReportInitiatorClient.java:29)
	at com.teramatrix.main.HfclEscalationApp.main(HfclEscalationApp.java:166)
java.lang.NullPointerException
	at com.teramatrix.processData.BTS.SDCCHBlockingRate(BTS.java:559)
	at com.teramatrix.processData.BTS.initial(BTS.java:50)
	at com.teramatrix.initiator.ReportInitiatorClient.start(ReportInitiatorClient.java:29)
	at com.teramatrix.main.HfclEscalationApp.main(HfclEscalationApp.java:166)
java.lang.NullPointerException
	at com.teramatrix.processData.BTS.SDCCHBlockingRateNR(BTS.java:591)
	at com.teramatrix.processData.BTS.initial(BTS.java:51)
	at com.teramatrix.initiator.ReportInitiatorClient.start(ReportInitiatorClient.java:29)
	at com.teramatrix.main.HfclEscalationApp.main(HfclEscalationApp.java:166)
java.lang.NullPointerException
	at com.teramatrix.processData.BTS.TCHBlockingRate(BTS.java:670)
	at com.teramatrix.processData.BTS.initial(BTS.java:54)
	at com.teramatrix.initiator.ReportInitiatorClient.start(ReportInitiatorClient.java:29)
	at com.teramatrix.main.HfclEscalationApp.main(HfclEscalationApp.java:166)
java.lang.NullPointerException
	at com.teramatrix.processData.BTS.TCHBlockingRateDR(BTS.java:729)
	at com.teramatrix.processData.BTS.initial(BTS.java:56)
	at com.teramatrix.initiator.ReportInitiatorClient.start(ReportInitiatorClient.java:29)
	at com.teramatrix.main.HfclEscalationApp.main(HfclEscalationApp.java:166)
java.lang.NullPointerException
	at com.teramatrix.processData.PCU.DlMcs1Count(PCU.java:714)
	at com.teramatrix.processData.PCU.initial(PCU.java:73)
	at com.teramatrix.initiator.ReportInitiatorClient.start(ReportInitiatorClient.java:33)
	at com.teramatrix.main.HfclEscalationApp.main(HfclEscalationApp.java:167)
java.lang.NullPointerException
	at com.teramatrix.processData.PCU.DlMcs2Count(PCU.java:690)
	at com.teramatrix.processData.PCU.initial(PCU.java:74)
	at com.teramatrix.initiator.ReportInitiatorClient.start(ReportInitiatorClient.java:33)
	at com.teramatrix.main.HfclEscalationApp.main(HfclEscalationApp.java:167)
java.lang.NullPointerException
	at com.teramatrix.processData.PCU.DlMcs3Count(PCU.java:666)
	at com.teramatrix.processData.PCU.initial(PCU.java:75)
	at com.teramatrix.initiator.ReportInitiatorClient.start(ReportInitiatorClient.java:33)
	at com.teramatrix.main.HfclEscalationApp.main(HfclEscalationApp.java:167)
java.lang.NullPointerException
	at com.teramatrix.processData.PCU.DlMcs4Count(PCU.java:642)
	at com.teramatrix.processData.PCU.initial(PCU.java:76)
	at com.teramatrix.initiator.ReportInitiatorClient.start(ReportInitiatorClient.java:33)
	at com.teramatrix.main.HfclEscalationApp.main(HfclEscalationApp.java:167)
java.lang.NullPointerException
	at com.teramatrix.processData.PCU.DlMcs5Count(PCU.java:618)
	at com.teramatrix.processData.PCU.initial(PCU.java:77)
	at com.teramatrix.initiator.ReportInitiatorClient.start(ReportInitiatorClient.java:33)
	at com.teramatrix.main.HfclEscalationApp.main(HfclEscalationApp.java:167)
java.lang.NullPointerException
	at com.teramatrix.processData.PCU.DlMcs6Count(PCU.java:594)
	at com.teramatrix.processData.PCU.initial(PCU.java:78)
	at com.teramatrix.initiator.ReportInitiatorClient.start(ReportInitiatorClient.java:33)
	at com.teramatrix.main.HfclEscalationApp.main(HfclEscalationApp.java:167)
java.lang.NullPointerException
	at com.teramatrix.processData.PCU.DlMcs7Count(PCU.java:569)
	at com.teramatrix.processData.PCU.initial(PCU.java:79)
	at com.teramatrix.initiator.ReportInitiatorClient.start(ReportInitiatorClient.java:33)
	at com.teramatrix.main.HfclEscalationApp.main(HfclEscalationApp.java:167)
java.lang.NullPointerException
	at com.teramatrix.processData.PCU.DlMcs8Count(PCU.java:543)
	at com.teramatrix.processData.PCU.initial(PCU.java:80)
	at com.teramatrix.initiator.ReportInitiatorClient.start(ReportInitiatorClient.java:33)
	at com.teramatrix.main.HfclEscalationApp.main(HfclEscalationApp.java:167)
java.lang.NullPointerException
	at com.teramatrix.processData.PCU.DlMcs9Count(PCU.java:519)
	at com.teramatrix.processData.PCU.initial(PCU.java:81)
	at com.teramatrix.initiator.ReportInitiatorClient.start(ReportInitiatorClient.java:33)
	at com.teramatrix.main.HfclEscalationApp.main(HfclEscalationApp.java:167)
java.lang.NullPointerException
	at com.teramatrix.processData.PCU.UlMcs1Count(PCU.java:494)
	at com.teramatrix.processData.PCU.initial(PCU.java:82)
	at com.teramatrix.initiator.ReportInitiatorClient.start(ReportInitiatorClient.java:33)
	at com.teramatrix.main.HfclEscalationApp.main(HfclEscalationApp.java:167)
java.lang.NullPointerException
	at com.teramatrix.processData.PCU.UlMcs2Count(PCU.java:470)
	at com.teramatrix.processData.PCU.initial(PCU.java:83)
	at com.teramatrix.initiator.ReportInitiatorClient.start(ReportInitiatorClient.java:33)
	at com.teramatrix.main.HfclEscalationApp.main(HfclEscalationApp.java:167)
java.lang.NullPointerException
	at com.teramatrix.processData.PCU.UlMcs3Count(PCU.java:446)
	at com.teramatrix.processData.PCU.initial(PCU.java:84)
	at com.teramatrix.initiator.ReportInitiatorClient.start(ReportInitiatorClient.java:33)
	at com.teramatrix.main.HfclEscalationApp.main(HfclEscalationApp.java:167)
java.lang.NullPointerException
	at com.teramatrix.processData.PCU.UlMcs4Count(PCU.java:422)
	at com.teramatrix.processData.PCU.initial(PCU.java:85)
	at com.teramatrix.initiator.ReportInitiatorClient.start(ReportInitiatorClient.java:33)
	at com.teramatrix.main.HfclEscalationApp.main(HfclEscalationApp.java:167)
java.lang.NullPointerException
	at com.teramatrix.processData.PCU.UlMcs5Count(PCU.java:398)
	at com.teramatrix.processData.PCU.initial(PCU.java:86)
	at com.teramatrix.initiator.ReportInitiatorClient.start(ReportInitiatorClient.java:33)
	at com.teramatrix.main.HfclEscalationApp.main(HfclEscalationApp.java:167)
java.lang.NullPointerException
	at com.teramatrix.processData.PCU.UlMcs6Count(PCU.java:373)
	at com.teramatrix.processData.PCU.initial(PCU.java:87)
	at com.teramatrix.initiator.ReportInitiatorClient.start(ReportInitiatorClient.java:33)
	at com.teramatrix.main.HfclEscalationApp.main(HfclEscalationApp.java:167)
java.lang.NullPointerException
	at com.teramatrix.processData.PCU.UlMcs7Count(PCU.java:349)
	at com.teramatrix.processData.PCU.initial(PCU.java:88)
	at com.teramatrix.initiator.ReportInitiatorClient.start(ReportInitiatorClient.java:33)
	at com.teramatrix.main.HfclEscalationApp.main(HfclEscalationApp.java:167)
java.lang.NullPointerException
	at com.teramatrix.processData.PCU.UlMcs8Count(PCU.java:325)
	at com.teramatrix.processData.PCU.initial(PCU.java:89)
	at com.teramatrix.initiator.ReportInitiatorClient.start(ReportInitiatorClient.java:33)
	at com.teramatrix.main.HfclEscalationApp.main(HfclEscalationApp.java:167)
java.lang.NullPointerException
	at com.teramatrix.processData.PCU.UlMcs9Count(PCU.java:301)
	at com.teramatrix.processData.PCU.initial(PCU.java:90)
	at com.teramatrix.initiator.ReportInitiatorClient.start(ReportInitiatorClient.java:33)
	at com.teramatrix.main.HfclEscalationApp.main(HfclEscalationApp.java:167)
java.lang.NullPointerException
	at com.teramatrix.processData.PCU.DlCs1Count(PCU.java:277)
	at com.teramatrix.processData.PCU.initial(PCU.java:91)
	at com.teramatrix.initiator.ReportInitiatorClient.start(ReportInitiatorClient.java:33)
	at com.teramatrix.main.HfclEscalationApp.main(HfclEscalationApp.java:167)
java.lang.NullPointerException
	at com.teramatrix.processData.PCU.DlCs2Count(PCU.java:253)
	at com.teramatrix.processData.PCU.initial(PCU.java:92)
	at com.teramatrix.initiator.ReportInitiatorClient.start(ReportInitiatorClient.java:33)
	at com.teramatrix.main.HfclEscalationApp.main(HfclEscalationApp.java:167)
java.lang.NullPointerException
	at com.teramatrix.processData.PCU.DlCs3Count(PCU.java:228)
	at com.teramatrix.processData.PCU.initial(PCU.java:93)
	at com.teramatrix.initiator.ReportInitiatorClient.start(ReportInitiatorClient.java:33)
	at com.teramatrix.main.HfclEscalationApp.main(HfclEscalationApp.java:167)
java.lang.NullPointerException
	at com.teramatrix.processData.PCU.DlCs4Count(PCU.java:204)
	at com.teramatrix.processData.PCU.initial(PCU.java:94)
	at com.teramatrix.initiator.ReportInitiatorClient.start(ReportInitiatorClient.java:33)
	at com.teramatrix.main.HfclEscalationApp.main(HfclEscalationApp.java:167)
java.lang.NullPointerException
	at com.teramatrix.processData.PCU.UlCs1Count(PCU.java:180)
	at com.teramatrix.processData.PCU.initial(PCU.java:95)
	at com.teramatrix.initiator.ReportInitiatorClient.start(ReportInitiatorClient.java:33)
	at com.teramatrix.main.HfclEscalationApp.main(HfclEscalationApp.java:167)
java.lang.NullPointerException
	at com.teramatrix.processData.PCU.UlCs2Count(PCU.java:156)
	at com.teramatrix.processData.PCU.initial(PCU.java:96)
	at com.teramatrix.initiator.ReportInitiatorClient.start(ReportInitiatorClient.java:33)
	at com.teramatrix.main.HfclEscalationApp.main(HfclEscalationApp.java:167)
java.lang.NullPointerException
	at com.teramatrix.processData.PCU.UlCs3Count(PCU.java:132)
	at com.teramatrix.processData.PCU.initial(PCU.java:97)
	at com.teramatrix.initiator.ReportInitiatorClient.start(ReportInitiatorClient.java:33)
	at com.teramatrix.main.HfclEscalationApp.main(HfclEscalationApp.java:167)
java.lang.NullPointerException
	at com.teramatrix.processData.PCU.UlCs4Count(PCU.java:107)
	at com.teramatrix.processData.PCU.initial(PCU.java:98)
	at com.teramatrix.initiator.ReportInitiatorClient.start(ReportInitiatorClient.java:33)
	at com.teramatrix.main.HfclEscalationApp.main(HfclEscalationApp.java:167)
java.lang.NullPointerException
	at com.teramatrix.processData.BTS.LCLSCSErlangs(BTS.java:312)
	at com.teramatrix.processData.BTS.initial(BTS.java:36)
	at com.teramatrix.initiator.ReportInitiatorClient.start(ReportInitiatorClient.java:29)
	at com.teramatrix.main.HfclEscalationApp.main(HfclEscalationApp.java:166)
java.lang.NullPointerException
	at com.teramatrix.processData.BTS.SDCCHBlockingRate(BTS.java:559)
	at com.teramatrix.processData.BTS.initial(BTS.java:50)
	at com.teramatrix.initiator.ReportInitiatorClient.start(ReportInitiatorClient.java:29)
	at com.teramatrix.main.HfclEscalationApp.main(HfclEscalationApp.java:166)
java.lang.NullPointerException
	at com.teramatrix.processData.BTS.SDCCHBlockingRateNR(BTS.java:591)
	at com.teramatrix.processData.BTS.initial(BTS.java:51)
	at com.teramatrix.initiator.ReportInitiatorClient.start(ReportInitiatorClient.java:29)
	at com.teramatrix.main.HfclEscalationApp.main(HfclEscalationApp.java:166)
java.lang.NullPointerException
	at com.teramatrix.processData.BTS.TCHBlockingRate(BTS.java:670)
	at com.teramatrix.processData.BTS.initial(BTS.java:54)
	at com.teramatrix.initiator.ReportInitiatorClient.start(ReportInitiatorClient.java:29)
	at com.teramatrix.main.HfclEscalationApp.main(HfclEscalationApp.java:166)
java.lang.NullPointerException
	at com.teramatrix.processData.BTS.TCHBlockingRateDR(BTS.java:729)
	at com.teramatrix.processData.BTS.initial(BTS.java:56)
	at com.teramatrix.initiator.ReportInitiatorClient.start(ReportInitiatorClient.java:29)
	at com.teramatrix.main.HfclEscalationApp.main(HfclEscalationApp.java:166)
java.lang.NullPointerException
	at com.teramatrix.processData.PCU.DlMcs1Count(PCU.java:714)
	at com.teramatrix.processData.PCU.initial(PCU.java:73)
	at com.teramatrix.initiator.ReportInitiatorClient.start(ReportInitiatorClient.java:33)
	at com.teramatrix.main.HfclEscalationApp.main(HfclEscalationApp.java:167)
java.lang.NullPointerException
	at com.teramatrix.processData.PCU.DlMcs2Count(PCU.java:690)
	at com.teramatrix.processData.PCU.initial(PCU.java:74)
	at com.teramatrix.initiator.ReportInitiatorClient.start(ReportInitiatorClient.java:33)
	at com.teramatrix.main.HfclEscalationApp.main(HfclEscalationApp.java:167)
java.lang.NullPointerException
	at com.teramatrix.processData.PCU.DlMcs3Count(PCU.java:666)
	at com.teramatrix.processData.PCU.initial(PCU.java:75)
	at com.teramatrix.initiator.ReportInitiatorClient.start(ReportInitiatorClient.java:33)
	at com.teramatrix.main.HfclEscalationApp.main(HfclEscalationApp.java:167)
java.lang.NullPointerException
	at com.teramatrix.processData.PCU.DlMcs4Count(PCU.java:642)
	at com.teramatrix.processData.PCU.initial(PCU.java:76)
	at com.teramatrix.initiator.ReportInitiatorClient.start(ReportInitiatorClient.java:33)
	at com.teramatrix.main.HfclEscalationApp.main(HfclEscalationApp.java:167)
java.lang.NullPointerException
	at com.teramatrix.processData.PCU.DlMcs5Count(PCU.java:618)
	at com.teramatrix.processData.PCU.initial(PCU.java:77)
	at com.teramatrix.initiator.ReportInitiatorClient.start(ReportInitiatorClient.java:33)
	at com.teramatrix.main.HfclEscalationApp.main(HfclEscalationApp.java:167)
java.lang.NullPointerException
	at com.teramatrix.processData.PCU.DlMcs6Count(PCU.java:594)
	at com.teramatrix.processData.PCU.initial(PCU.java:78)
	at com.teramatrix.initiator.ReportInitiatorClient.start(ReportInitiatorClient.java:33)
	at com.teramatrix.main.HfclEscalationApp.main(HfclEscalationApp.java:167)
java.lang.NullPointerException
	at com.teramatrix.processData.PCU.DlMcs7Count(PCU.java:569)
	at com.teramatrix.processData.PCU.initial(PCU.java:79)
	at com.teramatrix.initiator.ReportInitiatorClient.start(ReportInitiatorClient.java:33)
	at com.teramatrix.main.HfclEscalationApp.main(HfclEscalationApp.java:167)
java.lang.NullPointerException
	at com.teramatrix.processData.PCU.DlMcs8Count(PCU.java:543)
	at com.teramatrix.processData.PCU.initial(PCU.java:80)
	at com.teramatrix.initiator.ReportInitiatorClient.start(ReportInitiatorClient.java:33)
	at com.teramatrix.main.HfclEscalationApp.main(HfclEscalationApp.java:167)
java.lang.NullPointerException
	at com.teramatrix.processData.PCU.DlMcs9Count(PCU.java:519)
	at com.teramatrix.processData.PCU.initial(PCU.java:81)
	at com.teramatrix.initiator.ReportInitiatorClient.start(ReportInitiatorClient.java:33)
	at com.teramatrix.main.HfclEscalationApp.main(HfclEscalationApp.java:167)
java.lang.NullPointerException
	at com.teramatrix.processData.PCU.UlMcs1Count(PCU.java:494)
	at com.teramatrix.processData.PCU.initial(PCU.java:82)
	at com.teramatrix.initiator.ReportInitiatorClient.start(ReportInitiatorClient.java:33)
	at com.teramatrix.main.HfclEscalationApp.main(HfclEscalationApp.java:167)
java.lang.NullPointerException
	at com.teramatrix.processData.PCU.UlMcs2Count(PCU.java:470)
	at com.teramatrix.processData.PCU.initial(PCU.java:83)
	at com.teramatrix.initiator.ReportInitiatorClient.start(ReportInitiatorClient.java:33)
	at com.teramatrix.main.HfclEscalationApp.main(HfclEscalationApp.java:167)
java.lang.NullPointerException
	at com.teramatrix.processData.PCU.UlMcs3Count(PCU.java:446)
	at com.teramatrix.processData.PCU.initial(PCU.java:84)
	at com.teramatrix.initiator.ReportInitiatorClient.start(ReportInitiatorClient.java:33)
	at com.teramatrix.main.HfclEscalationApp.main(HfclEscalationApp.java:167)
java.lang.NullPointerException
	at com.teramatrix.processData.PCU.UlMcs4Count(PCU.java:422)
	at com.teramatrix.processData.PCU.initial(PCU.java:85)
	at com.teramatrix.initiator.ReportInitiatorClient.start(ReportInitiatorClient.java:33)
	at com.teramatrix.main.HfclEscalationApp.main(HfclEscalationApp.java:167)
java.lang.NullPointerException
	at com.teramatrix.processData.PCU.UlMcs5Count(PCU.java:398)
	at com.teramatrix.processData.PCU.initial(PCU.java:86)
	at com.teramatrix.initiator.ReportInitiatorClient.start(ReportInitiatorClient.java:33)
	at com.teramatrix.main.HfclEscalationApp.main(HfclEscalationApp.java:167)
java.lang.NullPointerException
	at com.teramatrix.processData.PCU.UlMcs6Count(PCU.java:373)
	at com.teramatrix.processData.PCU.initial(PCU.java:87)
	at com.teramatrix.initiator.ReportInitiatorClient.start(ReportInitiatorClient.java:33)
	at com.teramatrix.main.HfclEscalationApp.main(HfclEscalationApp.java:167)
java.lang.NullPointerException
	at com.teramatrix.processData.PCU.UlMcs7Count(PCU.java:349)
	at com.teramatrix.processData.PCU.initial(PCU.java:88)
	at com.teramatrix.initiator.ReportInitiatorClient.start(ReportInitiatorClient.java:33)
	at com.teramatrix.main.HfclEscalationApp.main(HfclEscalationApp.java:167)
java.lang.NullPointerException
	at com.teramatrix.processData.PCU.UlMcs8Count(PCU.java:325)
	at com.teramatrix.processData.PCU.initial(PCU.java:89)
	at com.teramatrix.initiator.ReportInitiatorClient.start(ReportInitiatorClient.java:33)
	at com.teramatrix.main.HfclEscalationApp.main(HfclEscalationApp.java:167)
java.lang.NullPointerException
	at com.teramatrix.processData.PCU.UlMcs9Count(PCU.java:301)
	at com.teramatrix.processData.PCU.initial(PCU.java:90)
	at com.teramatrix.initiator.ReportInitiatorClient.start(ReportInitiatorClient.java:33)
	at com.teramatrix.main.HfclEscalationApp.main(HfclEscalationApp.java:167)
java.lang.NullPointerException
	at com.teramatrix.processData.PCU.DlCs1Count(PCU.java:277)
	at com.teramatrix.processData.PCU.initial(PCU.java:91)
	at com.teramatrix.initiator.ReportInitiatorClient.start(ReportInitiatorClient.java:33)
	at com.teramatrix.main.HfclEscalationApp.main(HfclEscalationApp.java:167)
java.lang.NullPointerException
	at com.teramatrix.processData.PCU.DlCs2Count(PCU.java:253)
	at com.teramatrix.processData.PCU.initial(PCU.java:92)
	at com.teramatrix.initiator.ReportInitiatorClient.start(ReportInitiatorClient.java:33)
	at com.teramatrix.main.HfclEscalationApp.main(HfclEscalationApp.java:167)
java.lang.NullPointerException
	at com.teramatrix.processData.PCU.DlCs3Count(PCU.java:228)
	at com.teramatrix.processData.PCU.initial(PCU.java:93)
	at com.teramatrix.initiator.ReportInitiatorClient.start(ReportInitiatorClient.java:33)
	at com.teramatrix.main.HfclEscalationApp.main(HfclEscalationApp.java:167)
java.lang.NullPointerException
	at com.teramatrix.processData.PCU.DlCs4Count(PCU.java:204)
	at com.teramatrix.processData.PCU.initial(PCU.java:94)
	at com.teramatrix.initiator.ReportInitiatorClient.start(ReportInitiatorClient.java:33)
	at com.teramatrix.main.HfclEscalationApp.main(HfclEscalationApp.java:167)
java.lang.NullPointerException
	at com.teramatrix.processData.PCU.UlCs1Count(PCU.java:180)
	at com.teramatrix.processData.PCU.initial(PCU.java:95)
	at com.teramatrix.initiator.ReportInitiatorClient.start(ReportInitiatorClient.java:33)
	at com.teramatrix.main.HfclEscalationApp.main(HfclEscalationApp.java:167)
java.lang.NullPointerException
	at com.teramatrix.processData.PCU.UlCs2Count(PCU.java:156)
	at com.teramatrix.processData.PCU.initial(PCU.java:96)
	at com.teramatrix.initiator.ReportInitiatorClient.start(ReportInitiatorClient.java:33)
	at com.teramatrix.main.HfclEscalationApp.main(HfclEscalationApp.java:167)
java.lang.NullPointerException
	at com.teramatrix.processData.PCU.UlCs3Count(PCU.java:132)
	at com.teramatrix.processData.PCU.initial(PCU.java:97)
	at com.teramatrix.initiator.ReportInitiatorClient.start(ReportInitiatorClient.java:33)
	at com.teramatrix.main.HfclEscalationApp.main(HfclEscalationApp.java:167)
java.lang.NullPointerException
	at com.teramatrix.processData.PCU.UlCs4Count(PCU.java:107)
	at com.teramatrix.processData.PCU.initial(PCU.java:98)
	at com.teramatrix.initiator.ReportInitiatorClient.start(ReportInitiatorClient.java:33)
	at com.teramatrix.main.HfclEscalationApp.main(HfclEscalationApp.java:167)
java.lang.NullPointerException
	at com.teramatrix.processData.BTS.LCLSCSErlangs(BTS.java:312)
	at com.teramatrix.processData.BTS.initial(BTS.java:36)
	at com.teramatrix.initiator.ReportInitiatorClient.start(ReportInitiatorClient.java:29)
	at com.teramatrix.main.HfclEscalationApp.main(HfclEscalationApp.java:166)
java.lang.NullPointerException
	at com.teramatrix.processData.BTS.SDCCHBlockingRate(BTS.java:559)
	at com.teramatrix.processData.BTS.initial(BTS.java:50)
	at com.teramatrix.initiator.ReportInitiatorClient.start(ReportInitiatorClient.java:29)
	at com.teramatrix.main.HfclEscalationApp.main(HfclEscalationApp.java:166)
java.lang.NullPointerException
	at com.teramatrix.processData.BTS.SDCCHBlockingRateNR(BTS.java:591)
	at com.teramatrix.processData.BTS.initial(BTS.java:51)
	at com.teramatrix.initiator.ReportInitiatorClient.start(ReportInitiatorClient.java:29)
	at com.teramatrix.main.HfclEscalationApp.main(HfclEscalationApp.java:166)
java.lang.NullPointerException
	at com.teramatrix.processData.BTS.TCHBlockingRate(BTS.java:670)
	at com.teramatrix.processData.BTS.initial(BTS.java:54)
	at com.teramatrix.initiator.ReportInitiatorClient.start(ReportInitiatorClient.java:29)
	at com.teramatrix.main.HfclEscalationApp.main(HfclEscalationApp.java:166)
java.lang.NullPointerException
	at com.teramatrix.processData.BTS.TCHBlockingRateDR(BTS.java:729)
	at com.teramatrix.processData.BTS.initial(BTS.java:56)
	at com.teramatrix.initiator.ReportInitiatorClient.start(ReportInitiatorClient.java:29)
	at com.teramatrix.main.HfclEscalationApp.main(HfclEscalationApp.java:166)
java.lang.NullPointerException
	at com.teramatrix.processData.PCU.DlMcs1Count(PCU.java:714)
	at com.teramatrix.processData.PCU.initial(PCU.java:73)
	at com.teramatrix.initiator.ReportInitiatorClient.start(ReportInitiatorClient.java:33)
	at com.teramatrix.main.HfclEscalationApp.main(HfclEscalationApp.java:167)
java.lang.NullPointerException
	at com.teramatrix.processData.PCU.DlMcs2Count(PCU.java:690)
	at com.teramatrix.processData.PCU.initial(PCU.java:74)
	at com.teramatrix.initiator.ReportInitiatorClient.start(ReportInitiatorClient.java:33)
	at com.teramatrix.main.HfclEscalationApp.main(HfclEscalationApp.java:167)
java.lang.NullPointerException
	at com.teramatrix.processData.PCU.DlMcs3Count(PCU.java:666)
	at com.teramatrix.processData.PCU.initial(PCU.java:75)
	at com.teramatrix.initiator.ReportInitiatorClient.start(ReportInitiatorClient.java:33)
	at com.teramatrix.main.HfclEscalationApp.main(HfclEscalationApp.java:167)
java.lang.NullPointerException
	at com.teramatrix.processData.PCU.DlMcs4Count(PCU.java:642)
	at com.teramatrix.processData.PCU.initial(PCU.java:76)
	at com.teramatrix.initiator.ReportInitiatorClient.start(ReportInitiatorClient.java:33)
	at com.teramatrix.main.HfclEscalationApp.main(HfclEscalationApp.java:167)
java.lang.NullPointerException
	at com.teramatrix.processData.PCU.DlMcs5Count(PCU.java:618)
	at com.teramatrix.processData.PCU.initial(PCU.java:77)
	at com.teramatrix.initiator.ReportInitiatorClient.start(ReportInitiatorClient.java:33)
	at com.teramatrix.main.HfclEscalationApp.main(HfclEscalationApp.java:167)
java.lang.NullPointerException
	at com.teramatrix.processData.PCU.DlMcs6Count(PCU.java:594)
	at com.teramatrix.processData.PCU.initial(PCU.java:78)
	at com.teramatrix.initiator.ReportInitiatorClient.start(ReportInitiatorClient.java:33)
	at com.teramatrix.main.HfclEscalationApp.main(HfclEscalationApp.java:167)
java.lang.NullPointerException
	at com.teramatrix.processData.PCU.DlMcs7Count(PCU.java:569)
	at com.teramatrix.processData.PCU.initial(PCU.java:79)
	at com.teramatrix.initiator.ReportInitiatorClient.start(ReportInitiatorClient.java:33)
	at com.teramatrix.main.HfclEscalationApp.main(HfclEscalationApp.java:167)
java.lang.NullPointerException
	at com.teramatrix.processData.PCU.DlMcs8Count(PCU.java:543)
	at com.teramatrix.processData.PCU.initial(PCU.java:80)
	at com.teramatrix.initiator.ReportInitiatorClient.start(ReportInitiatorClient.java:33)
	at com.teramatrix.main.HfclEscalationApp.main(HfclEscalationApp.java:167)
java.lang.NullPointerException
	at com.teramatrix.processData.PCU.DlMcs9Count(PCU.java:519)
	at com.teramatrix.processData.PCU.initial(PCU.java:81)
	at com.teramatrix.initiator.ReportInitiatorClient.start(ReportInitiatorClient.java:33)
	at com.teramatrix.main.HfclEscalationApp.main(HfclEscalationApp.java:167)
java.lang.NullPointerException
	at com.teramatrix.processData.PCU.UlMcs1Count(PCU.java:494)
	at com.teramatrix.processData.PCU.initial(PCU.java:82)
	at com.teramatrix.initiator.ReportInitiatorClient.start(ReportInitiatorClient.java:33)
	at com.teramatrix.main.HfclEscalationApp.main(HfclEscalationApp.java:167)
java.lang.NullPointerException
	at com.teramatrix.processData.PCU.UlMcs2Count(PCU.java:470)
	at com.teramatrix.processData.PCU.initial(PCU.java:83)
	at com.teramatrix.initiator.ReportInitiatorClient.start(ReportInitiatorClient.java:33)
	at com.teramatrix.main.HfclEscalationApp.main(HfclEscalationApp.java:167)
java.lang.NullPointerException
	at com.teramatrix.processData.PCU.UlMcs3Count(PCU.java:446)
	at com.teramatrix.processData.PCU.initial(PCU.java:84)
	at com.teramatrix.initiator.ReportInitiatorClient.start(ReportInitiatorClient.java:33)
	at com.teramatrix.main.HfclEscalationApp.main(HfclEscalationApp.java:167)
java.lang.NullPointerException
	at com.teramatrix.processData.PCU.UlMcs4Count(PCU.java:422)
	at com.teramatrix.processData.PCU.initial(PCU.java:85)
	at com.teramatrix.initiator.ReportInitiatorClient.start(ReportInitiatorClient.java:33)
	at com.teramatrix.main.HfclEscalationApp.main(HfclEscalationApp.java:167)
java.lang.NullPointerException
	at com.teramatrix.processData.PCU.UlMcs5Count(PCU.java:398)
	at com.teramatrix.processData.PCU.initial(PCU.java:86)
	at com.teramatrix.initiator.ReportInitiatorClient.start(ReportInitiatorClient.java:33)
	at com.teramatrix.main.HfclEscalationApp.main(HfclEscalationApp.java:167)
java.lang.NullPointerException
	at com.teramatrix.processData.PCU.UlMcs6Count(PCU.java:373)
	at com.teramatrix.processData.PCU.initial(PCU.java:87)
	at com.teramatrix.initiator.ReportInitiatorClient.start(ReportInitiatorClient.java:33)
	at com.teramatrix.main.HfclEscalationApp.main(HfclEscalationApp.java:167)
java.lang.NullPointerException
	at com.teramatrix.processData.PCU.UlMcs7Count(PCU.java:349)
	at com.teramatrix.processData.PCU.initial(PCU.java:88)
	at com.teramatrix.initiator.ReportInitiatorClient.start(ReportInitiatorClient.java:33)
	at com.teramatrix.main.HfclEscalationApp.main(HfclEscalationApp.java:167)
java.lang.NullPointerException
	at com.teramatrix.processData.PCU.UlMcs8Count(PCU.java:325)
	at com.teramatrix.processData.PCU.initial(PCU.java:89)
	at com.teramatrix.initiator.ReportInitiatorClient.start(ReportInitiatorClient.java:33)
	at com.teramatrix.main.HfclEscalationApp.main(HfclEscalationApp.java:167)
java.lang.NullPointerException
	at com.teramatrix.processData.PCU.UlMcs9Count(PCU.java:301)
	at com.teramatrix.processData.PCU.initial(PCU.java:90)
	at com.teramatrix.initiator.ReportInitiatorClient.start(ReportInitiatorClient.java:33)
	at com.teramatrix.main.HfclEscalationApp.main(HfclEscalationApp.java:167)
java.lang.NullPointerException
	at com.teramatrix.processData.PCU.DlCs1Count(PCU.java:277)
	at com.teramatrix.processData.PCU.initial(PCU.java:91)
	at com.teramatrix.initiator.ReportInitiatorClient.start(ReportInitiatorClient.java:33)
	at com.teramatrix.main.HfclEscalationApp.main(HfclEscalationApp.java:167)
java.lang.NullPointerException
	at com.teramatrix.processData.PCU.DlCs2Count(PCU.java:253)
	at com.teramatrix.processData.PCU.initial(PCU.java:92)
	at com.teramatrix.initiator.ReportInitiatorClient.start(ReportInitiatorClient.java:33)
	at com.teramatrix.main.HfclEscalationApp.main(HfclEscalationApp.java:167)
java.lang.NullPointerException
	at com.teramatrix.processData.PCU.DlCs3Count(PCU.java:228)
	at com.teramatrix.processData.PCU.initial(PCU.java:93)
	at com.teramatrix.initiator.ReportInitiatorClient.start(ReportInitiatorClient.java:33)
	at com.teramatrix.main.HfclEscalationApp.main(HfclEscalationApp.java:167)
java.lang.NullPointerException
	at com.teramatrix.processData.PCU.DlCs4Count(PCU.java:204)
	at com.teramatrix.processData.PCU.initial(PCU.java:94)
	at com.teramatrix.initiator.ReportInitiatorClient.start(ReportInitiatorClient.java:33)
	at com.teramatrix.main.HfclEscalationApp.main(HfclEscalationApp.java:167)
java.lang.NullPointerException
	at com.teramatrix.processData.PCU.UlCs1Count(PCU.java:180)
	at com.teramatrix.processData.PCU.initial(PCU.java:95)
	at com.teramatrix.initiator.ReportInitiatorClient.start(ReportInitiatorClient.java:33)
	at com.teramatrix.main.HfclEscalationApp.main(HfclEscalationApp.java:167)
java.lang.NullPointerException
	at com.teramatrix.processData.PCU.UlCs2Count(PCU.java:156)
	at com.teramatrix.processData.PCU.initial(PCU.java:96)
	at com.teramatrix.initiator.ReportInitiatorClient.start(ReportInitiatorClient.java:33)
	at com.teramatrix.main.HfclEscalationApp.main(HfclEscalationApp.java:167)
java.lang.NullPointerException
	at com.teramatrix.processData.PCU.UlCs3Count(PCU.java:132)
	at com.teramatrix.processData.PCU.initial(PCU.java:97)
	at com.teramatrix.initiator.ReportInitiatorClient.start(ReportInitiatorClient.java:33)
	at com.teramatrix.main.HfclEscalationApp.main(HfclEscalationApp.java:167)
java.lang.NullPointerException
	at com.teramatrix.processData.PCU.UlCs4Count(PCU.java:107)
	at com.teramatrix.processData.PCU.initial(PCU.java:98)
	at com.teramatrix.initiator.ReportInitiatorClient.start(ReportInitiatorClient.java:33)
	at com.teramatrix.main.HfclEscalationApp.main(HfclEscalationApp.java:167)
