org.json.JSONException: JSONObject["object"] is not a JSONObject.
	at org.json.JSONObject.getJSONObject(JSONObject.java:614)
	at com.teramatrix.processData.VoiceData.CSErlangs(VoiceData.java:61)
	at com.teramatrix.processData.VoiceData.initial(VoiceData.java:26)
	at com.teramatrix.initiator.ReportInitiatorClient.start(ReportInitiatorClient.java:13)
	at com.teramatrix.main.HfclEscalationApp.main(HfclEscalationApp.java:152)
org.json.JSONException: A JSONObject text must begin with '{' at character 1
	at org.json.JSONTokener.syntaxError(JSONTokener.java:413)
	at org.json.JSONObject.<init>(JSONObject.java:180)
	at org.json.JSONObject.<init>(JSONObject.java:420)
	at com.teramatrix.processData.VoiceData.SDCCHDropRate(VoiceData.java:112)
	at com.teramatrix.processData.VoiceData.initial(VoiceData.java:27)
	at com.teramatrix.initiator.ReportInitiatorClient.start(ReportInitiatorClient.java:13)
	at com.teramatrix.main.HfclEscalationApp.main(HfclEscalationApp.java:152)
org.json.JSONException: A JSONObject text must begin with '{' at character 1
	at org.json.JSONTokener.syntaxError(JSONTokener.java:413)
	at org.json.JSONObject.<init>(JSONObject.java:180)
	at org.json.JSONObject.<init>(JSONObject.java:420)
	at com.teramatrix.processData.VoiceData.CallSetupSuccessRate(VoiceData.java:165)
	at com.teramatrix.processData.VoiceData.initial(VoiceData.java:28)
	at com.teramatrix.initiator.ReportInitiatorClient.start(ReportInitiatorClient.java:13)
	at com.teramatrix.main.HfclEscalationApp.main(HfclEscalationApp.java:152)
org.json.JSONException: A JSONObject text must begin with '{' at character 1
	at org.json.JSONTokener.syntaxError(JSONTokener.java:413)
	at org.json.JSONObject.<init>(JSONObject.java:180)
	at org.json.JSONObject.<init>(JSONObject.java:420)
	at com.teramatrix.processData.VoiceData.NumberOfRadioConnectionFailuresTCH_H(VoiceData.java:244)
	at com.teramatrix.processData.VoiceData.initial(VoiceData.java:29)
	at com.teramatrix.initiator.ReportInitiatorClient.start(ReportInitiatorClient.java:13)
	at com.teramatrix.main.HfclEscalationApp.main(HfclEscalationApp.java:152)
org.json.JSONException: A JSONObject text must begin with '{' at character 0
	at org.json.JSONTokener.syntaxError(JSONTokener.java:413)
	at org.json.JSONObject.<init>(JSONObject.java:180)
	at org.json.JSONObject.<init>(JSONObject.java:420)
	at com.teramatrix.processData.VoiceData.NumberOfRadioConnectionFailuresTCH_F(VoiceData.java:292)
	at com.teramatrix.processData.VoiceData.initial(VoiceData.java:30)
	at com.teramatrix.initiator.ReportInitiatorClient.start(ReportInitiatorClient.java:13)
	at com.teramatrix.main.HfclEscalationApp.main(HfclEscalationApp.java:152)
org.json.JSONException: A JSONObject text must begin with '{' at character 0
	at org.json.JSONTokener.syntaxError(JSONTokener.java:413)
	at org.json.JSONObject.<init>(JSONObject.java:180)
	at org.json.JSONObject.<init>(JSONObject.java:420)
	at com.teramatrix.processData.PerformanceData.DownlinkDataThroughputInKbps(PerformanceData.java:56)
	at com.teramatrix.processData.PerformanceData.initial(PerformanceData.java:31)
	at com.teramatrix.initiator.ReportInitiatorClient.start(ReportInitiatorClient.java:17)
	at com.teramatrix.main.HfclEscalationApp.main(HfclEscalationApp.java:153)
org.json.JSONException: A JSONObject text must begin with '{' at character 0
	at org.json.JSONTokener.syntaxError(JSONTokener.java:413)
	at org.json.JSONObject.<init>(JSONObject.java:180)
	at org.json.JSONObject.<init>(JSONObject.java:420)
	at com.teramatrix.processData.PerformanceData.UplinkDataThroughputInKbps(PerformanceData.java:115)
	at com.teramatrix.processData.PerformanceData.initial(PerformanceData.java:32)
	at com.teramatrix.initiator.ReportInitiatorClient.start(ReportInitiatorClient.java:17)
	at com.teramatrix.main.HfclEscalationApp.main(HfclEscalationApp.java:153)
org.json.JSONException: A JSONObject text must begin with '{' at character 0
	at org.json.JSONTokener.syntaxError(JSONTokener.java:413)
	at org.json.JSONObject.<init>(JSONObject.java:180)
	at org.json.JSONObject.<init>(JSONObject.java:420)
	at com.teramatrix.processData.VoiceCapacity.SDCCHBlockingRate(VoiceCapacity.java:60)
	at com.teramatrix.processData.VoiceCapacity.initial(VoiceCapacity.java:28)
	at com.teramatrix.initiator.ReportInitiatorClient.start(ReportInitiatorClient.java:21)
	at com.teramatrix.main.HfclEscalationApp.main(HfclEscalationApp.java:154)
org.json.JSONException: A JSONObject text must begin with '{' at character 0
	at org.json.JSONTokener.syntaxError(JSONTokener.java:413)
	at org.json.JSONObject.<init>(JSONObject.java:180)
	at org.json.JSONObject.<init>(JSONObject.java:420)
	at com.teramatrix.processData.VoiceCapacity.TCHBlockingRate(VoiceCapacity.java:116)
	at com.teramatrix.processData.VoiceCapacity.initial(VoiceCapacity.java:29)
	at com.teramatrix.initiator.ReportInitiatorClient.start(ReportInitiatorClient.java:21)
	at com.teramatrix.main.HfclEscalationApp.main(HfclEscalationApp.java:154)
org.json.JSONException: A JSONObject text must begin with '{' at character 0
	at org.json.JSONTokener.syntaxError(JSONTokener.java:413)
	at org.json.JSONObject.<init>(JSONObject.java:180)
	at org.json.JSONObject.<init>(JSONObject.java:420)
	at com.teramatrix.processData.VoiceCapacity.ImmediateAssignmentProcedureSuccessRate(VoiceCapacity.java:168)
	at com.teramatrix.processData.VoiceCapacity.initial(VoiceCapacity.java:30)
	at com.teramatrix.initiator.ReportInitiatorClient.start(ReportInitiatorClient.java:21)
	at com.teramatrix.main.HfclEscalationApp.main(HfclEscalationApp.java:154)
org.json.JSONException: A JSONObject text must begin with '{' at character 0
	at org.json.JSONTokener.syntaxError(JSONTokener.java:413)
	at org.json.JSONObject.<init>(JSONObject.java:180)
	at org.json.JSONObject.<init>(JSONObject.java:420)
	at com.teramatrix.processData.VoiceData.CSErlangs(VoiceData.java:57)
	at com.teramatrix.processData.VoiceData.initial(VoiceData.java:26)
	at com.teramatrix.initiator.ReportInitiatorClient.start(ReportInitiatorClient.java:13)
	at com.teramatrix.main.HfclEscalationApp.main(HfclEscalationApp.java:152)
org.json.JSONException: A JSONObject text must begin with '{' at character 0
	at org.json.JSONTokener.syntaxError(JSONTokener.java:413)
	at org.json.JSONObject.<init>(JSONObject.java:180)
	at org.json.JSONObject.<init>(JSONObject.java:420)
	at com.teramatrix.processData.VoiceData.SDCCHDropRate(VoiceData.java:112)
	at com.teramatrix.processData.VoiceData.initial(VoiceData.java:27)
	at com.teramatrix.initiator.ReportInitiatorClient.start(ReportInitiatorClient.java:13)
	at com.teramatrix.main.HfclEscalationApp.main(HfclEscalationApp.java:152)
org.json.JSONException: A JSONObject text must begin with '{' at character 0
	at org.json.JSONTokener.syntaxError(JSONTokener.java:413)
	at org.json.JSONObject.<init>(JSONObject.java:180)
	at org.json.JSONObject.<init>(JSONObject.java:420)
	at com.teramatrix.processData.VoiceData.CallSetupSuccessRate(VoiceData.java:165)
	at com.teramatrix.processData.VoiceData.initial(VoiceData.java:28)
	at com.teramatrix.initiator.ReportInitiatorClient.start(ReportInitiatorClient.java:13)
	at com.teramatrix.main.HfclEscalationApp.main(HfclEscalationApp.java:152)
org.json.JSONException: A JSONObject text must begin with '{' at character 0
	at org.json.JSONTokener.syntaxError(JSONTokener.java:413)
	at org.json.JSONObject.<init>(JSONObject.java:180)
	at org.json.JSONObject.<init>(JSONObject.java:420)
	at com.teramatrix.processData.VoiceData.NumberOfRadioConnectionFailuresTCH_H(VoiceData.java:244)
	at com.teramatrix.processData.VoiceData.initial(VoiceData.java:29)
	at com.teramatrix.initiator.ReportInitiatorClient.start(ReportInitiatorClient.java:13)
	at com.teramatrix.main.HfclEscalationApp.main(HfclEscalationApp.java:152)
org.json.JSONException: A JSONObject text must begin with '{' at character 0
	at org.json.JSONTokener.syntaxError(JSONTokener.java:413)
	at org.json.JSONObject.<init>(JSONObject.java:180)
	at org.json.JSONObject.<init>(JSONObject.java:420)
	at com.teramatrix.processData.VoiceData.NumberOfRadioConnectionFailuresTCH_F(VoiceData.java:292)
	at com.teramatrix.processData.VoiceData.initial(VoiceData.java:30)
	at com.teramatrix.initiator.ReportInitiatorClient.start(ReportInitiatorClient.java:13)
	at com.teramatrix.main.HfclEscalationApp.main(HfclEscalationApp.java:152)
org.json.JSONException: A JSONObject text must begin with '{' at character 0
	at org.json.JSONTokener.syntaxError(JSONTokener.java:413)
	at org.json.JSONObject.<init>(JSONObject.java:180)
	at org.json.JSONObject.<init>(JSONObject.java:420)
	at com.teramatrix.processData.PerformanceData.DownlinkDataThroughputInKbps(PerformanceData.java:56)
	at com.teramatrix.processData.PerformanceData.initial(PerformanceData.java:31)
	at com.teramatrix.initiator.ReportInitiatorClient.start(ReportInitiatorClient.java:17)
	at com.teramatrix.main.HfclEscalationApp.main(HfclEscalationApp.java:153)
org.json.JSONException: A JSONObject text must begin with '{' at character 0
	at org.json.JSONTokener.syntaxError(JSONTokener.java:413)
	at org.json.JSONObject.<init>(JSONObject.java:180)
	at org.json.JSONObject.<init>(JSONObject.java:420)
	at com.teramatrix.processData.PerformanceData.UplinkDataThroughputInKbps(PerformanceData.java:115)
	at com.teramatrix.processData.PerformanceData.initial(PerformanceData.java:32)
	at com.teramatrix.initiator.ReportInitiatorClient.start(ReportInitiatorClient.java:17)
	at com.teramatrix.main.HfclEscalationApp.main(HfclEscalationApp.java:153)
org.json.JSONException: A JSONObject text must begin with '{' at character 0
	at org.json.JSONTokener.syntaxError(JSONTokener.java:413)
	at org.json.JSONObject.<init>(JSONObject.java:180)
	at org.json.JSONObject.<init>(JSONObject.java:420)
	at com.teramatrix.processData.VoiceCapacity.SDCCHBlockingRate(VoiceCapacity.java:60)
	at com.teramatrix.processData.VoiceCapacity.initial(VoiceCapacity.java:28)
	at com.teramatrix.initiator.ReportInitiatorClient.start(ReportInitiatorClient.java:21)
	at com.teramatrix.main.HfclEscalationApp.main(HfclEscalationApp.java:154)
org.json.JSONException: A JSONObject text must begin with '{' at character 0
	at org.json.JSONTokener.syntaxError(JSONTokener.java:413)
	at org.json.JSONObject.<init>(JSONObject.java:180)
	at org.json.JSONObject.<init>(JSONObject.java:420)
	at com.teramatrix.processData.VoiceCapacity.TCHBlockingRate(VoiceCapacity.java:116)
	at com.teramatrix.processData.VoiceCapacity.initial(VoiceCapacity.java:29)
	at com.teramatrix.initiator.ReportInitiatorClient.start(ReportInitiatorClient.java:21)
	at com.teramatrix.main.HfclEscalationApp.main(HfclEscalationApp.java:154)
org.json.JSONException: A JSONObject text must begin with '{' at character 0
	at org.json.JSONTokener.syntaxError(JSONTokener.java:413)
	at org.json.JSONObject.<init>(JSONObject.java:180)
	at org.json.JSONObject.<init>(JSONObject.java:420)
	at com.teramatrix.processData.VoiceCapacity.ImmediateAssignmentProcedureSuccessRate(VoiceCapacity.java:168)
	at com.teramatrix.processData.VoiceCapacity.initial(VoiceCapacity.java:30)
	at com.teramatrix.initiator.ReportInitiatorClient.start(ReportInitiatorClient.java:21)
	at com.teramatrix.main.HfclEscalationApp.main(HfclEscalationApp.java:154)
org.json.JSONException: A JSONObject text must begin with '{' at character 0
	at org.json.JSONTokener.syntaxError(JSONTokener.java:413)
	at org.json.JSONObject.<init>(JSONObject.java:180)
	at org.json.JSONObject.<init>(JSONObject.java:420)
	at com.teramatrix.processData.VoiceData.CSErlangs(VoiceData.java:57)
	at com.teramatrix.processData.VoiceData.initial(VoiceData.java:26)
	at com.teramatrix.initiator.ReportInitiatorClient.start(ReportInitiatorClient.java:13)
	at com.teramatrix.main.HfclEscalationApp.main(HfclEscalationApp.java:152)
org.json.JSONException: A JSONObject text must begin with '{' at character 0
	at org.json.JSONTokener.syntaxError(JSONTokener.java:413)
	at org.json.JSONObject.<init>(JSONObject.java:180)
	at org.json.JSONObject.<init>(JSONObject.java:420)
	at com.teramatrix.processData.VoiceData.SDCCHDropRate(VoiceData.java:112)
	at com.teramatrix.processData.VoiceData.initial(VoiceData.java:27)
	at com.teramatrix.initiator.ReportInitiatorClient.start(ReportInitiatorClient.java:13)
	at com.teramatrix.main.HfclEscalationApp.main(HfclEscalationApp.java:152)
org.json.JSONException: A JSONObject text must begin with '{' at character 0
	at org.json.JSONTokener.syntaxError(JSONTokener.java:413)
	at org.json.JSONObject.<init>(JSONObject.java:180)
	at org.json.JSONObject.<init>(JSONObject.java:420)
	at com.teramatrix.processData.VoiceData.CallSetupSuccessRate(VoiceData.java:165)
	at com.teramatrix.processData.VoiceData.initial(VoiceData.java:28)
	at com.teramatrix.initiator.ReportInitiatorClient.start(ReportInitiatorClient.java:13)
	at com.teramatrix.main.HfclEscalationApp.main(HfclEscalationApp.java:152)
org.json.JSONException: A JSONObject text must begin with '{' at character 0
	at org.json.JSONTokener.syntaxError(JSONTokener.java:413)
	at org.json.JSONObject.<init>(JSONObject.java:180)
	at org.json.JSONObject.<init>(JSONObject.java:420)
	at com.teramatrix.processData.VoiceData.NumberOfRadioConnectionFailuresTCH_H(VoiceData.java:244)
	at com.teramatrix.processData.VoiceData.initial(VoiceData.java:29)
	at com.teramatrix.initiator.ReportInitiatorClient.start(ReportInitiatorClient.java:13)
	at com.teramatrix.main.HfclEscalationApp.main(HfclEscalationApp.java:152)
org.json.JSONException: A JSONObject text must begin with '{' at character 0
	at org.json.JSONTokener.syntaxError(JSONTokener.java:413)
	at org.json.JSONObject.<init>(JSONObject.java:180)
	at org.json.JSONObject.<init>(JSONObject.java:420)
	at com.teramatrix.processData.VoiceData.NumberOfRadioConnectionFailuresTCH_F(VoiceData.java:292)
	at com.teramatrix.processData.VoiceData.initial(VoiceData.java:30)
	at com.teramatrix.initiator.ReportInitiatorClient.start(ReportInitiatorClient.java:13)
	at com.teramatrix.main.HfclEscalationApp.main(HfclEscalationApp.java:152)
org.json.JSONException: A JSONObject text must begin with '{' at character 0
	at org.json.JSONTokener.syntaxError(JSONTokener.java:413)
	at org.json.JSONObject.<init>(JSONObject.java:180)
	at org.json.JSONObject.<init>(JSONObject.java:420)
	at com.teramatrix.processData.PerformanceData.DownlinkDataThroughputInKbps(PerformanceData.java:56)
	at com.teramatrix.processData.PerformanceData.initial(PerformanceData.java:31)
	at com.teramatrix.initiator.ReportInitiatorClient.start(ReportInitiatorClient.java:17)
	at com.teramatrix.main.HfclEscalationApp.main(HfclEscalationApp.java:153)
org.json.JSONException: A JSONObject text must begin with '{' at character 0
	at org.json.JSONTokener.syntaxError(JSONTokener.java:413)
	at org.json.JSONObject.<init>(JSONObject.java:180)
	at org.json.JSONObject.<init>(JSONObject.java:420)
	at com.teramatrix.processData.PerformanceData.UplinkDataThroughputInKbps(PerformanceData.java:115)
	at com.teramatrix.processData.PerformanceData.initial(PerformanceData.java:32)
	at com.teramatrix.initiator.ReportInitiatorClient.start(ReportInitiatorClient.java:17)
	at com.teramatrix.main.HfclEscalationApp.main(HfclEscalationApp.java:153)
org.json.JSONException: A JSONObject text must begin with '{' at character 0
	at org.json.JSONTokener.syntaxError(JSONTokener.java:413)
	at org.json.JSONObject.<init>(JSONObject.java:180)
	at org.json.JSONObject.<init>(JSONObject.java:420)
	at com.teramatrix.processData.VoiceCapacity.SDCCHBlockingRate(VoiceCapacity.java:60)
	at com.teramatrix.processData.VoiceCapacity.initial(VoiceCapacity.java:28)
	at com.teramatrix.initiator.ReportInitiatorClient.start(ReportInitiatorClient.java:21)
	at com.teramatrix.main.HfclEscalationApp.main(HfclEscalationApp.java:154)
org.json.JSONException: A JSONObject text must begin with '{' at character 0
	at org.json.JSONTokener.syntaxError(JSONTokener.java:413)
	at org.json.JSONObject.<init>(JSONObject.java:180)
	at org.json.JSONObject.<init>(JSONObject.java:420)
	at com.teramatrix.processData.VoiceCapacity.TCHBlockingRate(VoiceCapacity.java:116)
	at com.teramatrix.processData.VoiceCapacity.initial(VoiceCapacity.java:29)
	at com.teramatrix.initiator.ReportInitiatorClient.start(ReportInitiatorClient.java:21)
	at com.teramatrix.main.HfclEscalationApp.main(HfclEscalationApp.java:154)
org.json.JSONException: A JSONObject text must begin with '{' at character 0
	at org.json.JSONTokener.syntaxError(JSONTokener.java:413)
	at org.json.JSONObject.<init>(JSONObject.java:180)
	at org.json.JSONObject.<init>(JSONObject.java:420)
	at com.teramatrix.processData.VoiceCapacity.ImmediateAssignmentProcedureSuccessRate(VoiceCapacity.java:168)
	at com.teramatrix.processData.VoiceCapacity.initial(VoiceCapacity.java:30)
	at com.teramatrix.initiator.ReportInitiatorClient.start(ReportInitiatorClient.java:21)
	at com.teramatrix.main.HfclEscalationApp.main(HfclEscalationApp.java:154)
