INFO - Inside Initialize method
INFO - 
 ** Api Url:http://192.168.1.88:7878/XFusionPlatform/device/get/metadata/status/by/type
INFO - Para:   access_key=d3cd4e3f-5946-11e6-9bb0-fe984cc15272&device_type=4&host_status=0
INFO - Response Code is:   200
INFO - Response : {"description":"Process Success","object":[{"device_devicetype_name":"BTS","city_alias":"Solan","device_devicemodel_icon":"/home/ttpl/Tomcat/apache-tomcat-8.0.36/webapps/tmpFiles/router-icon.png","device_device_imei":"0","device_device_lattitude":"30.9249052","device_device_elevation":"","device_devicetechnology_name":"GSM","state_name":"Haryana","state_id":1,"device_device_is_deleted":false,"organization_organization_alias":"HFCL","device_device_alias":"BTS 801","device_device_created_by":"1","device_devicevendor_alias":"Vanu","device_device_longitude":"77.0958173","device_device_modified_by":"db4c4236-30c3-11e7-be7d-000c29e31674","device_devicevendor_name":"Vanu","data_source":"ON","device_devicemodel_alias":"CRAN 2.0","organization_organization_path":"/teramatrix","device_device_iccid":null,"device_device_software_version":"","device_device_last_modified_date":1513839940000,"device_devicetype_alias":"BTS","device_devicevendor_id":3,"country_id":1,"city_id":1,"device_devicetechnology_id":3,"device_device_is_configurable":0,"device_device_name":"CRAN2_801","device_device_is_active":true,"device_device_ipaddress":"192.168.10.22","city_name":"gurgao","state_alias":"Himachal Pradesh","country_name":"india","device_devicemodel_gis_icon":"/home/ttpl/Tomcat/apache-tomcat-8.0.36/webapps/tmpFiles/router-icon.png","status_timestamp":1527080576000,"device_device_description":"","country_alias":"India","device_devicetype_id":4,"data_source_alias":"down","device_device_creation_date":null,"check_timestamp":1527064150000,"device_devicemodel_name":"VANU-BTS","device_device_parent_id":0,"device_device_hardware_version":"","device_devicemodel_id":4,"device_device_device_id":103,"device_device_mac_address":"","device_devicetechnology_alias":"GSM"},{"device_devicetype_name":"BTS","city_alias":"Solan","device_devicemodel_icon":"/home/ttpl/Tomcat/apache-tomcat-8.0.36/webapps/tmpFiles/router-icon.png","device_device_imei":"0","device_device_lattitude":"30.9249052","device_device_elevation":"","device_devicetechnology_name":"GSM","state_name":"Haryana","state_id":1,"device_device_is_deleted":false,"organization_organization_alias":"HFCL","device_device_alias":"BTS 802","device_device_created_by":"1","device_devicevendor_alias":"Vanu","device_device_longitude":"77.0958173","device_device_modified_by":"db4c4236-30c3-11e7-be7d-000c29e31674","device_devicevendor_name":"Vanu","data_source":"OFF","device_devicemodel_alias":"CRAN 2.0","organization_organization_path":"/teramatrix","device_device_iccid":null,"device_device_software_version":"","device_device_last_modified_date":1513839926000,"device_devicetype_alias":"BTS","device_devicevendor_id":3,"country_id":1,"city_id":1,"device_devicetechnology_id":3,"device_device_is_configurable":0,"device_device_name":"CRAN2_802","device_device_is_active":true,"device_device_ipaddress":"192.168.10.20","city_name":"gurgao","state_alias":"Himachal Pradesh","country_name":"india","device_devicemodel_gis_icon":"/home/ttpl/Tomcat/apache-tomcat-8.0.36/webapps/tmpFiles/router-icon.png","status_timestamp":1527080538000,"device_device_description":"","country_alias":"India","device_devicetype_id":4,"data_source_alias":"up","device_device_creation_date":null,"check_timestamp":1519716514000,"device_devicemodel_name":"VANU-BTS","device_device_parent_id":0,"device_device_hardware_version":"","device_devicemodel_id":4,"device_device_device_id":104,"device_device_mac_address":"","device_devicetechnology_alias":"GSM"},{"device_devicetype_name":"BTS","city_alias":"Solan","device_devicemodel_icon":"/home/ttpl/Tomcat/apache-tomcat-8.0.36/webapps/tmpFiles/router-icon.png","device_device_imei":"0","device_device_lattitude":"30.9249052","device_device_elevation":"","device_devicetechnology_name":"GSM","state_name":"Haryana","state_id":1,"device_device_is_deleted":false,"organization_organization_alias":"HFCL","device_device_alias":"BTS 803","device_device_created_by":"1","device_devicevendor_alias":"Vanu","device_device_longitude":"77.0958173","device_device_modified_by":"db4c4236-30c3-11e7-be7d-000c29e31674","device_devicevendor_name":"Vanu","data_source":"ON","device_devicemodel_alias":"CRAN 2.0","organization_organization_path":"/teramatrix","device_device_iccid":null,"device_device_software_version":"","device_device_last_modified_date":1513839909000,"device_devicetype_alias":"BTS","device_devicevendor_id":3,"country_id":1,"city_id":1,"device_devicetechnology_id":3,"device_device_is_configurable":0,"device_device_name":"CRAN2_803","device_device_is_active":true,"device_device_ipaddress":"192.168.10.21","city_name":"gurgao","state_alias":"Himachal Pradesh","country_name":"india","device_devicemodel_gis_icon":"/home/ttpl/Tomcat/apache-tomcat-8.0.36/webapps/tmpFiles/router-icon.png","status_timestamp":1527080550000,"device_device_description":"","country_alias":"India","device_devicetype_id":4,"data_source_alias":"down","device_device_creation_date":null,"check_timestamp":1527069530000,"device_devicemodel_name":"VANU-BTS","device_device_parent_id":0,"device_device_hardware_version":"","device_devicemodel_id":4,"device_device_device_id":105,"device_device_mac_address":"","device_devicetechnology_alias":"GSM"}],"list":null,"valid":true}
INFO - Number of Devices  :  3
INFO - Complete details : [103, 104, 105]
INFO - Device List: [103, 104, 105]
INFO - 
 ** Api Url:http://192.168.1.88:7878/XFusionPlatform/performance/service/multipledevices/get/many
INFO - Para:   end_date=1524355199000&device_id=103&from_date=1524268800000&service_name= &access_key=d3cd4e3f-5946-11e6-9bb0-fe984cc15272&data_source= 
INFO - Response Code is:   200
INFO - Connection DriverName: com.mysql.jdbc.Driver
INFO - Connection url: jdbc:mysql://192.168.1.88:3306/hfcl_gateway?user=developer&password=admin@123
INFO - Connection Established: com.mysql.jdbc.Connection@4ec6a292
INFO - Query to be called :-insert into hfcl_kpi(device_id,tag,kpi,current_value,systime,endtime,device_name) value('103','BTS','StartTime','1524268800000','1524268800','1524355199','BTS 801');
INFO - Inserted: 
INFO - Start Time KPI value : 1524268800000
INFO - Connection DriverName: com.mysql.jdbc.Driver
INFO - Connection url: jdbc:mysql://192.168.1.88:3306/hfcl_gateway?user=developer&password=admin@123
INFO - Connection Established: com.mysql.jdbc.Connection@71c7db30
INFO - Query to be called :-insert into hfcl_kpi(device_id,tag,kpi,current_value,systime,endtime,device_name) value('103','BTS','End Time','1524355199000','1524268800','1524355199','BTS 801');
INFO - Inserted: 
INFO - End Time KPI value : 1524355199000
INFO - Connection DriverName: com.mysql.jdbc.Driver
INFO - Connection url: jdbc:mysql://192.168.1.88:3306/hfcl_gateway?user=developer&password=admin@123
INFO - Connection Established: com.mysql.jdbc.Connection@5e025e70
INFO - Query to be called :-insert into hfcl_kpi(device_id,tag,kpi,current_value,systime,endtime,device_name) value('103','BTS','Call Setup Success Rate','1.02','1524268800','1524355199','BTS 801');
INFO - Inserted: 
INFO - Call Setup Success Rate KPI value : 1.0139275766016713
INFO - Connection DriverName: com.mysql.jdbc.Driver
INFO - Connection url: jdbc:mysql://192.168.1.88:3306/hfcl_gateway?user=developer&password=admin@123
INFO - Connection Established: com.mysql.jdbc.Connection@66d33a
INFO - Query to be called :-insert into hfcl_kpi(device_id,tag,kpi,current_value,systime,endtime,device_name) value('103','BTS','Call Setup Success Rate - NR','364','1524268800','1524355199','BTS 801');
INFO - Inserted: 
INFO - Call Setup Success Rate - NR KPI value : 364.0
INFO - Connection DriverName: com.mysql.jdbc.Driver
INFO - Connection url: jdbc:mysql://192.168.1.88:3306/hfcl_gateway?user=developer&password=admin@123
INFO - Connection Established: com.mysql.jdbc.Connection@5ba23b66
INFO - Query to be called :-insert into hfcl_kpi(device_id,tag,kpi,current_value,systime,endtime,device_name) value('103','BTS','Call Setup Success Rate - DR','359','1524268800','1524355199','BTS 801');
INFO - Inserted: 
INFO - Call Setup Success Rate - DR KPI value : 359.0
INFO - Exception occur in getting devices.
INFO - Connection DriverName: com.mysql.jdbc.Driver
INFO - Connection url: jdbc:mysql://192.168.1.88:3306/hfcl_gateway?user=developer&password=admin@123
INFO - Connection Established: com.mysql.jdbc.Connection@35bbe5e8
INFO - Query to be called :-insert into hfcl_kpi(device_id,tag,kpi,current_value,systime,endtime,device_name) value('103','BTS','SDCCH Drop Rate','0','1524268800','1524355199','BTS 801');
INFO - Inserted: 
INFO - SDCCH Drop Rate KPI value : 9.585889570552147E-4
INFO - Connection DriverName: com.mysql.jdbc.Driver
INFO - Connection url: jdbc:mysql://192.168.1.88:3306/hfcl_gateway?user=developer&password=admin@123
INFO - Connection Established: com.mysql.jdbc.Connection@56cbfb61
INFO - Query to be called :-insert into hfcl_kpi(device_id,tag,kpi,current_value,systime,endtime,device_name) value('103','BTS','SDCCH Drop Rate - NR','5','1524268800','1524355199','BTS 801');
INFO - Inserted: 
INFO - SDCCH Drop Rate - NR KPI value : 5.0
INFO - Connection DriverName: com.mysql.jdbc.Driver
INFO - Connection url: jdbc:mysql://192.168.1.88:3306/hfcl_gateway?user=developer&password=admin@123
INFO - Connection Established: com.mysql.jdbc.Connection@2f7c7260
INFO - Query to be called :-insert into hfcl_kpi(device_id,tag,kpi,current_value,systime,endtime,device_name) value('103','BTS','SDCCH Drop Rate - DR','5216','1524268800','1524355199','BTS 801');
INFO - Inserted: 
INFO - SDCCH Drop Rate - DR KPI value : 5216.0
INFO - Connection DriverName: com.mysql.jdbc.Driver
INFO - Connection url: jdbc:mysql://192.168.1.88:3306/hfcl_gateway?user=developer&password=admin@123
INFO - Connection Established: com.mysql.jdbc.Connection@2752f6e2
INFO - Query to be called :-insert into hfcl_kpi(device_id,tag,kpi,current_value,systime,endtime,device_name) value('103','BTS','Immediate Assignment Procedure Success Rate','0.59','1524268800','1524355199','BTS 801');
INFO - Inserted: 
INFO - Immediate Assignment Procedure Success Rate KPI value : 0.5888462406863851
INFO - Connection DriverName: com.mysql.jdbc.Driver
INFO - Connection url: jdbc:mysql://192.168.1.88:3306/hfcl_gateway?user=developer&password=admin@123
INFO - Connection Established: com.mysql.jdbc.Connection@4c203ea1
INFO - Query to be called :-insert into hfcl_kpi(device_id,tag,kpi,current_value,systime,endtime,device_name) value('103','BTS','Immediate Assignment Procedure Success Rate - NR','5216','1524268800','1524355199','BTS 801');
INFO - Inserted: 
INFO - Immediate Assignment Procedure Success Rate - NR KPI value : 5216.0
INFO - Connection DriverName: com.mysql.jdbc.Driver
INFO - Connection url: jdbc:mysql://192.168.1.88:3306/hfcl_gateway?user=developer&password=admin@123
INFO - Connection Established: com.mysql.jdbc.Connection@58ceff1
INFO - Query to be called :-insert into hfcl_kpi(device_id,tag,kpi,current_value,systime,endtime,device_name) value('103','BTS','Immediate Assignment Procedure Success Rate - DR','8858','1524268800','1524355199','BTS 801');
INFO - Inserted: 
INFO - Immediate Assignment Procedure Success Rate - DR KPI value : 8858.0
INFO - Connection DriverName: com.mysql.jdbc.Driver
INFO - Connection url: jdbc:mysql://192.168.1.88:3306/hfcl_gateway?user=developer&password=admin@123
INFO - Connection Established: com.mysql.jdbc.Connection@43a25848
INFO - Query to be called :-insert into hfcl_kpi(device_id,tag,kpi,current_value,systime,endtime,device_name) value('103','BTS','SDCCH Blocking Count','0','1524268800','1524355199','BTS 801');
INFO - Inserted: 
INFO - SDCCH Blocking Count KPI value : 0.0
INFO - Exception occur in getting devices.
INFO - Exception occur in getting devices.
INFO - Connection DriverName: com.mysql.jdbc.Driver
INFO - Connection url: jdbc:mysql://192.168.1.88:3306/hfcl_gateway?user=developer&password=admin@123
INFO - Connection Established: com.mysql.jdbc.Connection@6e8dacdf
INFO - Query to be called :-insert into hfcl_kpi(device_id,tag,kpi,current_value,systime,endtime,device_name) value('103','BTS','SDCCH Blocking Rate - DR','6781','1524268800','1524355199','BTS 801');
INFO - Inserted: 
INFO - SDCCH Blocking Rate - DR KPI value : 6781.0
INFO - Connection DriverName: com.mysql.jdbc.Driver
INFO - Connection url: jdbc:mysql://192.168.1.88:3306/hfcl_gateway?user=developer&password=admin@123
INFO - Connection Established: com.mysql.jdbc.Connection@880ec60
INFO - Query to be called :-insert into hfcl_kpi(device_id,tag,kpi,current_value,systime,endtime,device_name) value('103','BTS','TCH Blocking Count','0','1524268800','1524355199','BTS 801');
INFO - Inserted: 
INFO - TCH Blocking Count KPI value : 0.0
INFO - Exception occur in getting devices.
INFO - Connection DriverName: com.mysql.jdbc.Driver
INFO - Connection url: jdbc:mysql://192.168.1.88:3306/hfcl_gateway?user=developer&password=admin@123
INFO - Connection Established: com.mysql.jdbc.Connection@511baa65
INFO - Query to be called :-insert into hfcl_kpi(device_id,tag,kpi,current_value,systime,endtime,device_name) value('103','BTS','TCH Blocking Rate - NR','0','1524268800','1524355199','BTS 801');
INFO - Inserted: 
INFO - TCH Blocking Rate - NR KPI value : 0.0
INFO - Exception occur in getting devices.
INFO - Connection DriverName: com.mysql.jdbc.Driver
INFO - Connection url: jdbc:mysql://192.168.1.88:3306/hfcl_gateway?user=developer&password=admin@123
INFO - Connection Established: com.mysql.jdbc.Connection@17c68925
INFO - Query to be called :-insert into hfcl_kpi(device_id,tag,kpi,current_value,systime,endtime,device_name) value('103','BTS','Number Of SDCCH Assignment Attempts','8858','1524268800','1524355199','BTS 801');
INFO - Inserted: 
INFO - Number Of SDCCH Assignment Attempts KPI value : 8858.0
INFO - Connection DriverName: com.mysql.jdbc.Driver
INFO - Connection url: jdbc:mysql://192.168.1.88:3306/hfcl_gateway?user=developer&password=admin@123
INFO - Connection Established: com.mysql.jdbc.Connection@7a0ac6e3
INFO - Query to be called :-insert into hfcl_kpi(device_id,tag,kpi,current_value,systime,endtime,device_name) value('103','BTS','Number Of Successful SDCCH Assignments','5216','1524268800','1524355199','BTS 801');
INFO - Inserted: 
INFO - Number Of Successful SDCCH Assignments KPI value : 5216.0
INFO - Connection DriverName: com.mysql.jdbc.Driver
INFO - Connection url: jdbc:mysql://192.168.1.88:3306/hfcl_gateway?user=developer&password=admin@123
INFO - Connection Established: com.mysql.jdbc.Connection@2d6e8792
INFO - Query to be called :-insert into hfcl_kpi(device_id,tag,kpi,current_value,systime,endtime,device_name) value('103','BTS','Total Voice Call Minutes','313.53','1524268800','1524355199','BTS 801');
INFO - Inserted: 
INFO - Total Voice Call Minutes KPI value : 313.52000000000004
INFO - Connection DriverName: com.mysql.jdbc.Driver
INFO - Connection url: jdbc:mysql://192.168.1.88:3306/hfcl_gateway?user=developer&password=admin@123
INFO - Connection Established: com.mysql.jdbc.Connection@96532d6
INFO - Query to be called :-insert into hfcl_kpi(device_id,tag,kpi,current_value,systime,endtime,device_name) value('103','BTS','UL TCH RxQual 0To5 Percent','97.85','1524268800','1524355199','BTS 801');
INFO - Inserted: 
INFO - UL TCH RxQual 0To5 Percent KPI value : 97.84046785868367
INFO - Connection DriverName: com.mysql.jdbc.Driver
INFO - Connection url: jdbc:mysql://192.168.1.88:3306/hfcl_gateway?user=developer&password=admin@123
INFO - Connection Established: com.mysql.jdbc.Connection@6442b0a6
INFO - Query to be called :-insert into hfcl_kpi(device_id,tag,kpi,current_value,systime,endtime,device_name) value('103','BTS','SDCCH8 Blocking Count','0','1524268800','1524355199','BTS 801');
INFO - Inserted: 
INFO - SDCCH8 Blocking Count KPI value : 0.0
INFO - Connection DriverName: com.mysql.jdbc.Driver
INFO - Connection url: jdbc:mysql://192.168.1.88:3306/hfcl_gateway?user=developer&password=admin@123
INFO - Connection Established: com.mysql.jdbc.Connection@edf4efb
INFO - Query to be called :-insert into hfcl_kpi(device_id,tag,kpi,current_value,systime,endtime,device_name) value('103','BTS','Number Of Radio Connection Failures SDCCH4','0','1524268800','1524355199','BTS 801');
INFO - Inserted: 
INFO - Number Of Radio Connection Failures SDCCH4 KPI value : 0.0
INFO - Connection DriverName: com.mysql.jdbc.Driver
INFO - Connection url: jdbc:mysql://192.168.1.88:3306/hfcl_gateway?user=developer&password=admin@123
INFO - Connection Established: com.mysql.jdbc.Connection@1554909b
INFO - Query to be called :-insert into hfcl_kpi(device_id,tag,kpi,current_value,systime,endtime,device_name) value('103','BTS','Number Of Radio Connection Failures TCH_H','1','1524268800','1524355199','BTS 801');
INFO - Inserted: 
INFO - Number Of Radio Connection Failures TCH_H KPI value : 1.0
INFO - Connection DriverName: com.mysql.jdbc.Driver
INFO - Connection url: jdbc:mysql://192.168.1.88:3306/hfcl_gateway?user=developer&password=admin@123
