INFO - Inside Initialize method
INFO - 
 ** Api Url:http://192.168.1.88:7878/ThirdPartyHFCLApplication/get/devices/by/devicetype
INFO - Para:   device_type=4&host_status=0
INFO - Response Code is:   200
INFO - Response : {"description":"Process Success","object":[{"device_devicetype_name":"BTS","city_alias":"Solan","device_devicemodel_icon":"/home/ttpl/Tomcat/apache-tomcat-8.0.36/webapps/tmpFiles/router-icon.png","device_device_imei":"0","device_device_lattitude":"30.9249052","device_device_elevation":"","device_devicetechnology_name":"GSM","state_name":"Haryana","state_id":1.0,"device_device_is_deleted":false,"organization_organization_alias":"HFCL","device_device_alias":"BTS 801","device_device_created_by":"1","device_devicevendor_alias":"Vanu","device_device_longitude":"77.0958173","device_device_modified_by":"db4c4236-30c3-11e7-be7d-000c29e31674","device_devicevendor_name":"Vanu","data_source":"ON","device_devicemodel_alias":"CRAN 2.0","organization_organization_path":"/teramatrix","device_device_iccid":null,"device_device_software_version":"","device_device_last_modified_date":1.51383994E12,"device_devicetype_alias":"BTS","device_devicevendor_id":3.0,"country_id":1.0,"city_id":1.0,"device_devicetechnology_id":3.0,"device_device_is_configurable":0.0,"device_device_name":"CRAN2_801","device_device_is_active":true,"device_device_ipaddress":"192.168.10.22","city_name":"gurgao","state_alias":"Himachal Pradesh","country_name":"india","device_devicemodel_gis_icon":"/home/ttpl/Tomcat/apache-tomcat-8.0.36/webapps/tmpFiles/router-icon.png","status_timestamp":1.5118929E12,"device_device_description":"","country_alias":"India","device_devicetype_id":4.0,"data_source_alias":"down","device_device_creation_date":null,"check_timestamp":1.5118929E12,"device_devicemodel_name":"VANU-BTS","device_device_parent_id":0.0,"device_device_hardware_version":"","device_devicemodel_id":4.0,"device_device_device_id":103.0,"device_device_mac_address":"","device_devicetechnology_alias":"GSM"},{"device_devicetype_name":"BTS","city_alias":"Solan","device_devicemodel_icon":"/home/ttpl/Tomcat/apache-tomcat-8.0.36/webapps/tmpFiles/router-icon.png","device_device_imei":"0","device_device_lattitude":"30.9249052","device_device_elevation":"","device_devicetechnology_name":"GSM","state_name":"Haryana","state_id":1.0,"device_device_is_deleted":false,"organization_organization_alias":"HFCL","device_device_alias":"BTS 802","device_device_created_by":"1","device_devicevendor_alias":"Vanu","device_device_longitude":"77.0958173","device_device_modified_by":"db4c4236-30c3-11e7-be7d-000c29e31674","device_devicevendor_name":"Vanu","data_source":"ON","device_devicemodel_alias":"CRAN 2.0","organization_organization_path":"/teramatrix","device_device_iccid":null,"device_device_software_version":"","device_device_last_modified_date":1.513839926E12,"device_devicetype_alias":"BTS","device_devicevendor_id":3.0,"country_id":1.0,"city_id":1.0,"device_devicetechnology_id":3.0,"device_device_is_configurable":0.0,"device_device_name":"CRAN2_802","device_device_is_active":true,"device_device_ipaddress":"192.168.10.20","city_name":"gurgao","state_alias":"Himachal Pradesh","country_name":"india","device_devicemodel_gis_icon":"/home/ttpl/Tomcat/apache-tomcat-8.0.36/webapps/tmpFiles/router-icon.png","status_timestamp":1.5118929E12,"device_device_description":"","country_alias":"India","device_devicetype_id":4.0,"data_source_alias":"down","device_device_creation_date":null,"check_timestamp":1.5118929E12,"device_devicemodel_name":"VANU-BTS","device_device_parent_id":0.0,"device_device_hardware_version":"","device_devicemodel_id":4.0,"device_device_device_id":104.0,"device_device_mac_address":"","device_devicetechnology_alias":"GSM"},{"device_devicetype_name":"BTS","city_alias":"Solan","device_devicemodel_icon":"/home/ttpl/Tomcat/apache-tomcat-8.0.36/webapps/tmpFiles/router-icon.png","device_device_imei":"0","device_device_lattitude":"30.9249052","device_device_elevation":"","device_devicetechnology_name":"GSM","state_name":"Haryana","state_id":1.0,"device_device_is_deleted":false,"organization_organization_alias":"HFCL","device_device_alias":"BTS 803","device_device_created_by":"1","device_devicevendor_alias":"Vanu","device_device_longitude":"77.0958173","device_device_modified_by":"db4c4236-30c3-11e7-be7d-000c29e31674","device_devicevendor_name":"Vanu","data_source":"ON","device_devicemodel_alias":"CRAN 2.0","organization_organization_path":"/teramatrix","device_device_iccid":null,"device_device_software_version":"","device_device_last_modified_date":1.513839909E12,"device_devicetype_alias":"BTS","device_devicevendor_id":3.0,"country_id":1.0,"city_id":1.0,"device_devicetechnology_id":3.0,"device_device_is_configurable":0.0,"device_device_name":"CRAN2_803","device_device_is_active":true,"device_device_ipaddress":"192.168.10.21","city_name":"gurgao","state_alias":"Himachal Pradesh","country_name":"india","device_devicemodel_gis_icon":"/home/ttpl/Tomcat/apache-tomcat-8.0.36/webapps/tmpFiles/router-icon.png","status_timestamp":1.5118929E12,"device_device_description":"","country_alias":"India","device_devicetype_id":4.0,"data_source_alias":"down","device_device_creation_date":null,"check_timestamp":1.5118929E12,"device_devicemodel_name":"VANU-BTS","device_device_parent_id":0.0,"device_device_hardware_version":"","device_devicemodel_id":4.0,"device_device_device_id":105.0,"device_device_mac_address":"","device_devicetechnology_alias":"GSM"}],"list":null,"valid":true}
INFO - Number of Devices  :  3
INFO - Complete details : [103.0, 104.0, 105.0]
INFO - Device List: [103.0, 104.0, 105.0]
INFO - 
 ** Api Url:http://192.168.1.88:7878/ThirdPartyHFCLApplication/call/attempts/per/trx
INFO - Para:   end_date=1513938742776&device_id=103.0&from_date=1513852342776&service_name=geranBscTrxNumMeasurementReports,geranBscTrxNumMeasurementReports&data_source=lm,bm
INFO - Response Code is:   200
INFO - Response : {"description":"Process Success","object":{"data":"0"},"list":null,"valid":true}
INFO -  Response : {"data":"0"}
INFO - Connection DriverName: com.mysql.jdbc.Driver
INFO - Connection url: jdbc:mysql://192.168.1.88:3306/hfcl_gateway?user=developer&password=admin@123
INFO - Connection Established: com.mysql.jdbc.Connection@6536e911
INFO - Query to be called :-insert into hfcl_kpi(device_id,tag,kpi,current_value,systime) value('103.0','Voice','CSErlangs','0.0','1513938743');
INFO - Exception occur in calling query
INFO - Inserted: 
INFO - KPI value : 0.0
INFO - 
 ** Api Url:http://192.168.1.88:7878/ThirdPartyHFCLApplication/call/attempts/per/trx
INFO - Para:   end_date=1513938743545&device_id=103.0&from_date=1513852343545&service_name=geranBscBtsChannelBlockingCount&data_source=bm
INFO - Response Code is:   200
INFO - Response : {"description":"Process Success","object":{"data":"0"},"list":null,"valid":true}
INFO -  Response : {"data":"0"}
INFO - Connection DriverName: com.mysql.jdbc.Driver
INFO - Connection url: jdbc:mysql://192.168.1.88:3306/hfcl_gateway?user=developer&password=admin@123
INFO - Connection Established: com.mysql.jdbc.Connection@7b49cea0
INFO - Query to be called :-insert into hfcl_kpi(device_id,tag,kpi,current_value,systime) value('103.0','Voice','SDCCHDropRate','0','1513938743');
INFO - Exception occur in calling query
INFO - Inserted: 
INFO - KPI value : 0
INFO - 
 ** Api Url:http://192.168.1.88:7878/ThirdPartyHFCLApplication/call/attempts/per/trx
INFO - Para:   end_date=1513938743989&device_id=103.0&from_date=1513852343989&service_name=geranBscTrxSubsequentAssignmentSuccessCount,geranBscTrxSubsequentAssignmentSuccessCount,geranBscTrxSubsequentAssignmentSuccessCount,geranBscTrxSubsequentAssignmentSuccessCount&data_source=sdcch_lm,sdcch4_lm,sdcch_bm,sdcch4_bm
INFO - Response Code is:   200
INFO - Response : {"description":"Process Success","object":{"data":"0"},"list":null,"valid":true}
INFO -  Response : {"data":"0"}
INFO - Connection DriverName: com.mysql.jdbc.Driver
INFO - Connection url: jdbc:mysql://192.168.1.88:3306/hfcl_gateway?user=developer&password=admin@123
INFO - Connection Established: com.mysql.jdbc.Connection@5bc79255
INFO - Query to be called :-insert into hfcl_kpi(device_id,tag,kpi,current_value,systime) value('103.0','Voice','CallSetupSuccessRate','0','1513938744');
INFO - Exception occur in calling query
INFO - Inserted: 
INFO - KPI value : 0
INFO - 
 ** Api Url:http://192.168.1.88:7878/ThirdPartyHFCLApplication/call/attempts/per/trx
INFO - Para:   end_date=1513938744486&device_id=103.0&from_date=1513852344486&service_name=geranBscTrxNumRadioConnectionFailures&data_source=lm
INFO - Response Code is:   200
INFO - Response : {"description":"Process Success","object":{"data":"0"},"list":null,"valid":true}
INFO -  Response : {"data":"0"}
INFO - Connection DriverName: com.mysql.jdbc.Driver
INFO - Connection url: jdbc:mysql://192.168.1.88:3306/hfcl_gateway?user=developer&password=admin@123
INFO - Connection Established: com.mysql.jdbc.Connection@610694f1
INFO - Query to be called :-insert into hfcl_kpi(device_id,tag,kpi,current_value,systime) value('103.0','Voice','NumberOfRadioConnectionFailuresTCH_H','0','1513938744');
INFO - Exception occur in calling query
INFO - Inserted: 
INFO - KPI value : 0
INFO - 
 ** Api Url:http://192.168.1.88:7878/ThirdPartyHFCLApplication/call/attempts/per/trx
INFO - Para:   end_date=1513938744856&device_id=103.0&from_date=1513852344856&service_name=geranBscTrxNumRadioConnectionFailures&data_source=bm
INFO - Response Code is:   200
INFO - Response : {"description":"Process Success","object":{"data":"0"},"list":null,"valid":true}
INFO -  Response : {"data":"0"}
INFO - Connection DriverName: com.mysql.jdbc.Driver
INFO - Connection url: jdbc:mysql://192.168.1.88:3306/hfcl_gateway?user=developer&password=admin@123
INFO - Connection Established: com.mysql.jdbc.Connection@2b552920
INFO - Query to be called :-insert into hfcl_kpi(device_id,tag,kpi,current_value,systime) value('103.0','Voice','NumberOfRadioConnectionFailuresTCH_F','0','1513938745');
INFO - Exception occur in calling query
INFO - Inserted: 
INFO - KPI value : 0
INFO - 
 ** Api Url:http://192.168.1.88:7878/ThirdPartyHFCLApplication/call/attempts/per/trx
INFO - Para:   end_date=1513938745268&device_id=104.0&from_date=1513852345268&service_name=geranBscTrxNumMeasurementReports,geranBscTrxNumMeasurementReports&data_source=lm,bm
INFO - Response Code is:   200
INFO - Response : {"description":"Process Success","object":{"data":"0"},"list":null,"valid":true}
INFO -  Response : {"data":"0"}
INFO - Connection DriverName: com.mysql.jdbc.Driver
INFO - Connection url: jdbc:mysql://192.168.1.88:3306/hfcl_gateway?user=developer&password=admin@123
INFO - Connection Established: com.mysql.jdbc.Connection@6ebc05a6
INFO - Query to be called :-insert into hfcl_kpi(device_id,tag,kpi,current_value,systime) value('104.0','Voice','CSErlangs','0.0','1513938745');
INFO - Exception occur in calling query
INFO - Inserted: 
INFO - KPI value : 0.0
INFO - 
 ** Api Url:http://192.168.1.88:7878/ThirdPartyHFCLApplication/call/attempts/per/trx
INFO - Para:   end_date=1513938745806&device_id=104.0&from_date=1513852345806&service_name=geranBscBtsChannelBlockingCount&data_source=bm
INFO - Response Code is:   200
INFO - Response : {"description":"Process Success","object":{"data":"0"},"list":null,"valid":true}
INFO -  Response : {"data":"0"}
INFO - Connection DriverName: com.mysql.jdbc.Driver
INFO - Connection url: jdbc:mysql://192.168.1.88:3306/hfcl_gateway?user=developer&password=admin@123
INFO - Connection Established: com.mysql.jdbc.Connection@3d99d22e
INFO - Query to be called :-insert into hfcl_kpi(device_id,tag,kpi,current_value,systime) value('104.0','Voice','SDCCHDropRate','0','1513938746');
INFO - Exception occur in calling query
INFO - Inserted: 
INFO - KPI value : 0
INFO - 
 ** Api Url:http://192.168.1.88:7878/ThirdPartyHFCLApplication/call/attempts/per/trx
INFO - Para:   end_date=1513938746179&device_id=104.0&from_date=1513852346179&service_name=geranBscTrxSubsequentAssignmentSuccessCount,geranBscTrxSubsequentAssignmentSuccessCount,geranBscTrxSubsequentAssignmentSuccessCount,geranBscTrxSubsequentAssignmentSuccessCount&data_source=sdcch_lm,sdcch4_lm,sdcch_bm,sdcch4_bm
INFO - Response Code is:   200
INFO - Response : {"description":"Process Success","object":{"data":"0"},"list":null,"valid":true}
INFO -  Response : {"data":"0"}
INFO - Connection DriverName: com.mysql.jdbc.Driver
INFO - Connection url: jdbc:mysql://192.168.1.88:3306/hfcl_gateway?user=developer&password=admin@123
INFO - Connection Established: com.mysql.jdbc.Connection@79be0360
INFO - Query to be called :-insert into hfcl_kpi(device_id,tag,kpi,current_value,systime) value('104.0','Voice','CallSetupSuccessRate','0','1513938746');
INFO - Exception occur in calling query
INFO - Inserted: 
INFO - KPI value : 0
INFO - 
 ** Api Url:http://192.168.1.88:7878/ThirdPartyHFCLApplication/call/attempts/per/trx
INFO - Para:   end_date=1513938746856&device_id=104.0&from_date=1513852346856&service_name=geranBscTrxNumRadioConnectionFailures&data_source=lm
INFO - Response Code is:   200
INFO - Response : {"description":"Process Success","object":{"data":"0"},"list":null,"valid":true}
INFO -  Response : {"data":"0"}
INFO - Connection DriverName: com.mysql.jdbc.Driver
INFO - Connection url: jdbc:mysql://192.168.1.88:3306/hfcl_gateway?user=developer&password=admin@123
INFO - Connection Established: com.mysql.jdbc.Connection@63e2203c
INFO - Query to be called :-insert into hfcl_kpi(device_id,tag,kpi,current_value,systime) value('104.0','Voice','NumberOfRadioConnectionFailuresTCH_H','0','1513938747');
INFO - Exception occur in calling query
INFO - Inserted: 
INFO - KPI value : 0
INFO - 
 ** Api Url:http://192.168.1.88:7878/ThirdPartyHFCLApplication/call/attempts/per/trx
INFO - Para:   end_date=1513938747248&device_id=104.0&from_date=1513852347248&service_name=geranBscTrxNumRadioConnectionFailures&data_source=bm
INFO - Response Code is:   200
INFO - Response : {"description":"Process Success","object":{"data":"0"},"list":null,"valid":true}
INFO -  Response : {"data":"0"}
INFO - Connection DriverName: com.mysql.jdbc.Driver
INFO - Connection url: jdbc:mysql://192.168.1.88:3306/hfcl_gateway?user=developer&password=admin@123
INFO - Connection Established: com.mysql.jdbc.Connection@68bbe345
INFO - Query to be called :-insert into hfcl_kpi(device_id,tag,kpi,current_value,systime) value('104.0','Voice','NumberOfRadioConnectionFailuresTCH_F','0','1513938747');
INFO - Exception occur in calling query
INFO - Inserted: 
INFO - KPI value : 0
INFO - 
 ** Api Url:http://192.168.1.88:7878/ThirdPartyHFCLApplication/call/attempts/per/trx
INFO - Para:   end_date=1513938747696&device_id=105.0&from_date=1513852347696&service_name=geranBscTrxNumMeasurementReports,geranBscTrxNumMeasurementReports&data_source=lm,bm
INFO - Response Code is:   200
INFO - Response : {"description":"Process Success","object":{"data":"0"},"list":null,"valid":true}
INFO -  Response : {"data":"0"}
INFO - Connection DriverName: com.mysql.jdbc.Driver
INFO - Connection url: jdbc:mysql://192.168.1.88:3306/hfcl_gateway?user=developer&password=admin@123
INFO - Connection Established: com.mysql.jdbc.Connection@9660f4e
INFO - Query to be called :-insert into hfcl_kpi(device_id,tag,kpi,current_value,systime) value('105.0','Voice','CSErlangs','0.0','1513938748');
INFO - Exception occur in calling query
INFO - Inserted: 
INFO - KPI value : 0.0
INFO - 
 ** Api Url:http://192.168.1.88:7878/ThirdPartyHFCLApplication/call/attempts/per/trx
INFO - Para:   end_date=1513938748077&device_id=105.0&from_date=1513852348077&service_name=geranBscBtsChannelBlockingCount&data_source=bm
INFO - Response Code is:   200
INFO - Response : {"description":"Process Success","object":{"data":"0"},"list":null,"valid":true}
INFO -  Response : {"data":"0"}
INFO - Connection DriverName: com.mysql.jdbc.Driver
INFO - Connection url: jdbc:mysql://192.168.1.88:3306/hfcl_gateway?user=developer&password=admin@123
INFO - Connection Established: com.mysql.jdbc.Connection@7d0587f1
INFO - Query to be called :-insert into hfcl_kpi(device_id,tag,kpi,current_value,systime) value('105.0','Voice','SDCCHDropRate','0','1513938748');
INFO - Exception occur in calling query
INFO - Inserted: 
INFO - KPI value : 0
INFO - 
 ** Api Url:http://192.168.1.88:7878/ThirdPartyHFCLApplication/call/attempts/per/trx
INFO - Para:   end_date=1513938748450&device_id=105.0&from_date=1513852348450&service_name=geranBscTrxSubsequentAssignmentSuccessCount,geranBscTrxSubsequentAssignmentSuccessCount,geranBscTrxSubsequentAssignmentSuccessCount,geranBscTrxSubsequentAssignmentSuccessCount&data_source=sdcch_lm,sdcch4_lm,sdcch_bm,sdcch4_bm
INFO - Response Code is:   200
INFO - Response : {"description":"Process Success","object":{"data":"0"},"list":null,"valid":true}
INFO -  Response : {"data":"0"}
INFO - Connection DriverName: com.mysql.jdbc.Driver
INFO - Connection url: jdbc:mysql://192.168.1.88:3306/hfcl_gateway?user=developer&password=admin@123
INFO - Connection Established: com.mysql.jdbc.Connection@76707e36
INFO - Query to be called :-insert into hfcl_kpi(device_id,tag,kpi,current_value,systime) value('105.0','Voice','CallSetupSuccessRate','0','1513938748');
INFO - Exception occur in calling query
INFO - Inserted: 
INFO - KPI value : 0
INFO - 
 ** Api Url:http://192.168.1.88:7878/ThirdPartyHFCLApplication/call/attempts/per/trx
INFO - Para:   end_date=1513938748821&device_id=105.0&from_date=1513852348821&service_name=geranBscTrxNumRadioConnectionFailures&data_source=lm
INFO - Response Code is:   200
INFO - Response : {"description":"Process Success","object":{"data":"0"},"list":null,"valid":true}
INFO -  Response : {"data":"0"}
INFO - Connection DriverName: com.mysql.jdbc.Driver
INFO - Connection url: jdbc:mysql://192.168.1.88:3306/hfcl_gateway?user=developer&password=admin@123
INFO - Connection Established: com.mysql.jdbc.Connection@131276c2
INFO - Query to be called :-insert into hfcl_kpi(device_id,tag,kpi,current_value,systime) value('105.0','Voice','NumberOfRadioConnectionFailuresTCH_H','0','1513938749');
INFO - Exception occur in calling query
INFO - Inserted: 
INFO - KPI value : 0
INFO - 
 ** Api Url:http://192.168.1.88:7878/ThirdPartyHFCLApplication/call/attempts/per/trx
INFO - Para:   end_date=1513938749172&device_id=105.0&from_date=1513852349172&service_name=geranBscTrxNumRadioConnectionFailures&data_source=bm
INFO - Response Code is:   200
INFO - Response : {"description":"Process Success","object":{"data":"0"},"list":null,"valid":true}
INFO -  Response : {"data":"0"}
INFO - Connection DriverName: com.mysql.jdbc.Driver
INFO - Connection url: jdbc:mysql://192.168.1.88:3306/hfcl_gateway?user=developer&password=admin@123
INFO - Connection Established: com.mysql.jdbc.Connection@7f13d6e
INFO - Query to be called :-insert into hfcl_kpi(device_id,tag,kpi,current_value,systime) value('105.0','Voice','NumberOfRadioConnectionFailuresTCH_F','0','1513938749');
INFO - Exception occur in calling query
INFO - Inserted: 
INFO - KPI value : 0
