INFO - Inside Initialize method
INFO - From Date : 1527379200000 End Time : 1527465600000
INFO - 
 ** Api Url:http://192.168.1.88:7878/XFusionPlatform/device/get/metadata/status/by/type
INFO - Para:   access_key=d3cd4e3f-5946-11e6-9bb0-fe984cc15272&device_type=4&host_status=0
INFO - Response Code is:   200
INFO - Response : {"description":"Process Success","object":[{"device_devicetype_name":"BTS","city_alias":"Solan","device_devicemodel_icon":"/home/ttpl/Tomcat/apache-tomcat-8.0.36/webapps/tmpFiles/router-icon.png","device_device_imei":"0","device_device_lattitude":"30.9249052","device_device_elevation":"","device_devicetechnology_name":"GSM","state_name":"Haryana","state_id":1,"device_device_is_deleted":false,"organization_organization_alias":"HFCL","device_device_alias":"BTS 801","device_device_created_by":"1","device_devicevendor_alias":"Vanu","device_device_longitude":"77.0958173","device_device_modified_by":"db4c4236-30c3-11e7-be7d-000c29e31674","device_devicevendor_name":"Vanu","data_source":"ON","device_devicemodel_alias":"CRAN 2.0","organization_organization_path":"/teramatrix","device_device_iccid":null,"device_device_software_version":"","device_device_last_modified_date":1513839940000,"device_devicetype_alias":"BTS","device_devicevendor_id":3,"country_id":1,"city_id":1,"device_devicetechnology_id":3,"device_device_is_configurable":0,"device_device_name":"CRAN2_801","device_device_is_active":true,"device_device_ipaddress":"192.168.10.22","city_name":"gurgao","state_alias":"Himachal Pradesh","country_name":"india","device_devicemodel_gis_icon":"/home/ttpl/Tomcat/apache-tomcat-8.0.36/webapps/tmpFiles/router-icon.png","status_timestamp":1527590083000,"device_device_description":"","country_alias":"India","device_devicetype_id":4,"data_source_alias":"down","device_device_creation_date":null,"check_timestamp":1527589757000,"device_devicemodel_name":"VANU-BTS","device_device_parent_id":0,"device_device_hardware_version":"","device_devicemodel_id":4,"device_device_device_id":103,"device_device_mac_address":"","device_devicetechnology_alias":"GSM"},{"device_devicetype_name":"BTS","city_alias":"Solan","device_devicemodel_icon":"/home/ttpl/Tomcat/apache-tomcat-8.0.36/webapps/tmpFiles/router-icon.png","device_device_imei":"0","device_device_lattitude":"30.9249052","device_device_elevation":"","device_devicetechnology_name":"GSM","state_name":"Haryana","state_id":1,"device_device_is_deleted":false,"organization_organization_alias":"HFCL","device_device_alias":"BTS 802","device_device_created_by":"1","device_devicevendor_alias":"Vanu","device_device_longitude":"77.0958173","device_device_modified_by":"db4c4236-30c3-11e7-be7d-000c29e31674","device_devicevendor_name":"Vanu","data_source":"OFF","device_devicemodel_alias":"CRAN 2.0","organization_organization_path":"/teramatrix","device_device_iccid":null,"device_device_software_version":"","device_device_last_modified_date":1513839926000,"device_devicetype_alias":"BTS","device_devicevendor_id":3,"country_id":1,"city_id":1,"device_devicetechnology_id":3,"device_device_is_configurable":0,"device_device_name":"CRAN2_802","device_device_is_active":true,"device_device_ipaddress":"192.168.10.20","city_name":"gurgao","state_alias":"Himachal Pradesh","country_name":"india","device_devicemodel_gis_icon":"/home/ttpl/Tomcat/apache-tomcat-8.0.36/webapps/tmpFiles/router-icon.png","status_timestamp":1527590077000,"device_device_description":"","country_alias":"India","device_devicetype_id":4,"data_source_alias":"up","device_device_creation_date":null,"check_timestamp":1519716533000,"device_devicemodel_name":"VANU-BTS","device_device_parent_id":0,"device_device_hardware_version":"","device_devicemodel_id":4,"device_device_device_id":104,"device_device_mac_address":"","device_devicetechnology_alias":"GSM"},{"device_devicetype_name":"BTS","city_alias":"Solan","device_devicemodel_icon":"/home/ttpl/Tomcat/apache-tomcat-8.0.36/webapps/tmpFiles/router-icon.png","device_device_imei":"0","device_device_lattitude":"30.9249052","device_device_elevation":"","device_devicetechnology_name":"GSM","state_name":"Haryana","state_id":1,"device_device_is_deleted":false,"organization_organization_alias":"HFCL","device_device_alias":"BTS 803","device_device_created_by":"1","device_devicevendor_alias":"Vanu","device_device_longitude":"77.0958173","device_device_modified_by":"db4c4236-30c3-11e7-be7d-000c29e31674","device_devicevendor_name":"Vanu","data_source":"ON","device_devicemodel_alias":"CRAN 2.0","organization_organization_path":"/teramatrix","device_device_iccid":null,"device_device_software_version":"","device_device_last_modified_date":1513839909000,"device_devicetype_alias":"BTS","device_devicevendor_id":3,"country_id":1,"city_id":1,"device_devicetechnology_id":3,"device_device_is_configurable":0,"device_device_name":"CRAN2_803","device_device_is_active":true,"device_device_ipaddress":"192.168.10.21","city_name":"gurgao","state_alias":"Himachal Pradesh","country_name":"india","device_devicemodel_gis_icon":"/home/ttpl/Tomcat/apache-tomcat-8.0.36/webapps/tmpFiles/router-icon.png","status_timestamp":1527590044000,"device_device_description":"","country_alias":"India","device_devicetype_id":4,"data_source_alias":"down","device_device_creation_date":null,"check_timestamp":1527589682000,"device_devicemodel_name":"VANU-BTS","device_device_parent_id":0,"device_device_hardware_version":"","device_devicemodel_id":4,"device_device_device_id":105,"device_device_mac_address":"","device_devicetechnology_alias":"GSM"}],"list":null,"valid":true}
INFO - Number of Devices  :  3
INFO - Complete details : [103, 104, 105]
INFO - Device List: [103, 104, 105]
INFO - 
 ** Api Url:http://192.168.1.88:7878/XFusionPlatform/performance/service/multipledevices/get/many
INFO - Para:   end_date=1527465600000&device_id=103&from_date=1527379200000&service_name= &access_key=d3cd4e3f-5946-11e6-9bb0-fe984cc15272&data_source= 
INFO - Response Code is:   200
INFO - Connection DriverName: com.mysql.jdbc.Driver
INFO - Connection url: jdbc:mysql://192.168.1.88:3306/hfcl_gateway?user=developer&password=admin@123
INFO - Connection Established: com.mysql.jdbc.Connection@4ec6a292
INFO - Query to be called :-insert into hfcl_kpi(device_id,tag,kpi,current_value,systime,endtime,device_name) value('103','BTS','StartTime','1527379200000','1527379200','1527465600','BTS 801');
INFO - Inserted: 
INFO - Start Time KPI value : 1527379200000
INFO - Connection DriverName: com.mysql.jdbc.Driver
INFO - Connection url: jdbc:mysql://192.168.1.88:3306/hfcl_gateway?user=developer&password=admin@123
INFO - Connection Established: com.mysql.jdbc.Connection@71c7db30
INFO - Query to be called :-insert into hfcl_kpi(device_id,tag,kpi,current_value,systime,endtime,device_name) value('103','BTS','End Time','1527465600000','1527379200','1527465600','BTS 801');
INFO - Inserted: 
INFO - End Time KPI value : 1527465600000
INFO - Connection DriverName: com.mysql.jdbc.Driver
INFO - Connection url: jdbc:mysql://192.168.1.88:3306/hfcl_gateway?user=developer&password=admin@123
INFO - Connection Established: com.mysql.jdbc.Connection@5e025e70
INFO - Query to be called :-insert into hfcl_kpi(device_id,tag,kpi,current_value,systime,endtime,device_name) value('103','BTS','Call Setup Success Rate','0.99','1527379200','1527465600','BTS 801');
INFO - Inserted: 
INFO - Call Setup Success Rate KPI value : 0.9853658536585366
INFO - Connection DriverName: com.mysql.jdbc.Driver
INFO - Connection url: jdbc:mysql://192.168.1.88:3306/hfcl_gateway?user=developer&password=admin@123
INFO - Connection Established: com.mysql.jdbc.Connection@66d33a
INFO - Query to be called :-insert into hfcl_kpi(device_id,tag,kpi,current_value,systime,endtime,device_name) value('103','BTS','Call Setup Success Rate - NR','404','1527379200','1527465600','BTS 801');
INFO - Inserted: 
INFO - Call Setup Success Rate - NR KPI value : 404.0
INFO - Connection DriverName: com.mysql.jdbc.Driver
INFO - Connection url: jdbc:mysql://192.168.1.88:3306/hfcl_gateway?user=developer&password=admin@123
INFO - Connection Established: com.mysql.jdbc.Connection@5ba23b66
INFO - Query to be called :-insert into hfcl_kpi(device_id,tag,kpi,current_value,systime,endtime,device_name) value('103','BTS','Call Setup Success Rate - DR','410','1527379200','1527465600','BTS 801');
INFO - Inserted: 
INFO - Call Setup Success Rate - DR KPI value : 410.0
INFO - Connection DriverName: com.mysql.jdbc.Driver
INFO - Connection url: jdbc:mysql://192.168.1.88:3306/hfcl_gateway?user=developer&password=admin@123
INFO - Connection Established: com.mysql.jdbc.Connection@7dc36524
INFO - Query to be called :-insert into hfcl_kpi(device_id,tag,kpi,current_value,systime,endtime,device_name) value('103','BTS','LCLS CS Erlangs','0','1527379200','1527465600','BTS 801');
INFO - Inserted: 
INFO - LCLS CS Erlangs KPI value : 0.0
INFO - Connection DriverName: com.mysql.jdbc.Driver
INFO - Connection url: jdbc:mysql://192.168.1.88:3306/hfcl_gateway?user=developer&password=admin@123
INFO - Connection Established: com.mysql.jdbc.Connection@3cb5cdba
INFO - Query to be called :-insert into hfcl_kpi(device_id,tag,kpi,current_value,systime,endtime,device_name) value('103','BTS','SDCCH Drop Rate','0','1527379200','1527465600','BTS 801');
INFO - Inserted: 
INFO - SDCCH Drop Rate KPI value : 3.8387715930902113E-4
INFO - Connection DriverName: com.mysql.jdbc.Driver
INFO - Connection url: jdbc:mysql://192.168.1.88:3306/hfcl_gateway?user=developer&password=admin@123
INFO - Connection Established: com.mysql.jdbc.Connection@1b0375b3
INFO - Query to be called :-insert into hfcl_kpi(device_id,tag,kpi,current_value,systime,endtime,device_name) value('103','BTS','SDCCH Drop Rate - NR','2','1527379200','1527465600','BTS 801');
INFO - Inserted: 
INFO - SDCCH Drop Rate - NR KPI value : 2.0
INFO - Connection DriverName: com.mysql.jdbc.Driver
INFO - Connection url: jdbc:mysql://192.168.1.88:3306/hfcl_gateway?user=developer&password=admin@123
INFO - Connection Established: com.mysql.jdbc.Connection@6b71769e
INFO - Query to be called :-insert into hfcl_kpi(device_id,tag,kpi,current_value,systime,endtime,device_name) value('103','BTS','SDCCH Drop Rate - DR','5210','1527379200','1527465600','BTS 801');
INFO - Inserted: 
INFO - SDCCH Drop Rate - DR KPI value : 5210.0
INFO - Connection DriverName: com.mysql.jdbc.Driver
INFO - Connection url: jdbc:mysql://192.168.1.88:3306/hfcl_gateway?user=developer&password=admin@123
INFO - Connection Established: com.mysql.jdbc.Connection@7c75222b
INFO - Query to be called :-insert into hfcl_kpi(device_id,tag,kpi,current_value,systime,endtime,device_name) value('103','BTS','Immediate Assignment Procedure Success Rate','0.97','1527379200','1527465600','BTS 801');
INFO - Inserted: 
INFO - Immediate Assignment Procedure Success Rate KPI value : 0.9694826944547823
INFO - Connection DriverName: com.mysql.jdbc.Driver
INFO - Connection url: jdbc:mysql://192.168.1.88:3306/hfcl_gateway?user=developer&password=admin@123
INFO - Connection Established: com.mysql.jdbc.Connection@48140564
INFO - Query to be called :-insert into hfcl_kpi(device_id,tag,kpi,current_value,systime,endtime,device_name) value('103','BTS','Immediate Assignment Procedure Success Rate - NR','5210','1527379200','1527465600','BTS 801');
INFO - Inserted: 
INFO - Immediate Assignment Procedure Success Rate - NR KPI value : 5210.0
INFO - Connection DriverName: com.mysql.jdbc.Driver
INFO - Connection url: jdbc:mysql://192.168.1.88:3306/hfcl_gateway?user=developer&password=admin@123
INFO - Connection Established: com.mysql.jdbc.Connection@2133c8f8
INFO - Query to be called :-insert into hfcl_kpi(device_id,tag,kpi,current_value,systime,endtime,device_name) value('103','BTS','Immediate Assignment Procedure Success Rate - DR','5374','1527379200','1527465600','BTS 801');
INFO - Inserted: 
INFO - Immediate Assignment Procedure Success Rate - DR KPI value : 5374.0
INFO - Connection DriverName: com.mysql.jdbc.Driver
INFO - Connection url: jdbc:mysql://192.168.1.88:3306/hfcl_gateway?user=developer&password=admin@123
INFO - Connection Established: com.mysql.jdbc.Connection@6a5fc7f7
INFO - Query to be called :-insert into hfcl_kpi(device_id,tag,kpi,current_value,systime,endtime,device_name) value('103','BTS','SDCCH Blocking Count','0','1527379200','1527465600','BTS 801');
INFO - Inserted: 
INFO - SDCCH Blocking Count KPI value : 0.0
INFO - Connection DriverName: com.mysql.jdbc.Driver
INFO - Connection url: jdbc:mysql://192.168.1.88:3306/hfcl_gateway?user=developer&password=admin@123
INFO - Connection Established: com.mysql.jdbc.Connection@7a79be86
INFO - Query to be called :-insert into hfcl_kpi(device_id,tag,kpi,current_value,systime,endtime,device_name) value('103','BTS','SDCCH Blocking Rate','0','1527379200','1527465600','BTS 801');
INFO - Inserted: 
INFO - SDCCH Blocking Rate KPI value : 0.0
INFO - Connection DriverName: com.mysql.jdbc.Driver
INFO - Connection url: jdbc:mysql://192.168.1.88:3306/hfcl_gateway?user=developer&password=admin@123
INFO - Connection Established: com.mysql.jdbc.Connection@3f3afe78
INFO - Query to be called :-insert into hfcl_kpi(device_id,tag,kpi,current_value,systime,endtime,device_name) value('103','BTS','SDCCH Blocking Rate - NR','0','1527379200','1527465600','BTS 801');
INFO - Inserted: 
INFO - SDCCH Blocking Rate - NR KPI value : 0.0
INFO - Connection DriverName: com.mysql.jdbc.Driver
INFO - Connection url: jdbc:mysql://192.168.1.88:3306/hfcl_gateway?user=developer&password=admin@123
INFO - Connection Established: com.mysql.jdbc.Connection@340f438e
INFO - Query to be called :-insert into hfcl_kpi(device_id,tag,kpi,current_value,systime,endtime,device_name) value('103','BTS','SDCCH Blocking Rate - DR','3847','1527379200','1527465600','BTS 801');
INFO - Inserted: 
INFO - SDCCH Blocking Rate - DR KPI value : 3847.0
INFO - Connection DriverName: com.mysql.jdbc.Driver
INFO - Connection url: jdbc:mysql://192.168.1.88:3306/hfcl_gateway?user=developer&password=admin@123
INFO - Connection Established: com.mysql.jdbc.Connection@19dfb72a
INFO - Query to be called :-insert into hfcl_kpi(device_id,tag,kpi,current_value,systime,endtime,device_name) value('103','BTS','TCH Blocking Count','0','1527379200','1527465600','BTS 801');
INFO - Inserted: 
INFO - TCH Blocking Count KPI value : 0.0
INFO - Connection DriverName: com.mysql.jdbc.Driver
INFO - Connection url: jdbc:mysql://192.168.1.88:3306/hfcl_gateway?user=developer&password=admin@123
INFO - Connection Established: com.mysql.jdbc.Connection@59a6e353
INFO - Query to be called :-insert into hfcl_kpi(device_id,tag,kpi,current_value,systime,endtime,device_name) value('103','BTS','TCH Blocking Rate','0','1527379200','1527465600','BTS 801');
INFO - Inserted: 
INFO - TCH Blocking Rate KPI value : 0.0
INFO - Connection DriverName: com.mysql.jdbc.Driver
INFO - Connection url: jdbc:mysql://192.168.1.88:3306/hfcl_gateway?user=developer&password=admin@123
INFO - Connection Established: com.mysql.jdbc.Connection@17f6480
INFO - Query to be called :-insert into hfcl_kpi(device_id,tag,kpi,current_value,systime,endtime,device_name) value('103','BTS','TCH Blocking Rate - NR','0','1527379200','1527465600','BTS 801');
INFO - Inserted: 
INFO - TCH Blocking Rate - NR KPI value : 0.0
INFO - Connection DriverName: com.mysql.jdbc.Driver
INFO - Connection url: jdbc:mysql://192.168.1.88:3306/hfcl_gateway?user=developer&password=admin@123
INFO - Connection Established: com.mysql.jdbc.Connection@506e6d5e
INFO - Query to be called :-insert into hfcl_kpi(device_id,tag,kpi,current_value,systime,endtime,device_name) value('103','BTS','TCH Blocking Rate - DR','410','1527379200','1527465600','BTS 801');
INFO - Inserted: 
INFO - TCH Blocking Rate - DR KPI value : 410.0
INFO - Connection DriverName: com.mysql.jdbc.Driver
INFO - Connection url: jdbc:mysql://192.168.1.88:3306/hfcl_gateway?user=developer&password=admin@123
INFO - Connection Established: com.mysql.jdbc.Connection@4411d970
INFO - Query to be called :-insert into hfcl_kpi(device_id,tag,kpi,current_value,systime,endtime,device_name) value('103','BTS','Number Of SDCCH Assignment Attempts','5374','1527379200','1527465600','BTS 801');
INFO - Inserted: 
INFO - Number Of SDCCH Assignment Attempts KPI value : 5374.0
INFO - Connection DriverName: com.mysql.jdbc.Driver
INFO - Connection url: jdbc:mysql://192.168.1.88:3306/hfcl_gateway?user=developer&password=admin@123
INFO - Connection Established: com.mysql.jdbc.Connection@7f690630
INFO - Query to be called :-insert into hfcl_kpi(device_id,tag,kpi,current_value,systime,endtime,device_name) value('103','BTS','Number Of Successful SDCCH Assignments','5210','1527379200','1527465600','BTS 801');
INFO - Inserted: 
INFO - Number Of Successful SDCCH Assignments KPI value : 5210.0
INFO - Connection DriverName: com.mysql.jdbc.Driver
INFO - Connection url: jdbc:mysql://192.168.1.88:3306/hfcl_gateway?user=developer&password=admin@123
INFO - Connection Established: com.mysql.jdbc.Connection@6108b2d7
INFO - Query to be called :-insert into hfcl_kpi(device_id,tag,kpi,current_value,systime,endtime,device_name) value('103','BTS','Total Voice Call Minutes','474.88','1527379200','1527465600','BTS 801');
INFO - Inserted: 
INFO - Total Voice Call Minutes KPI value : 474.872
INFO - Connection DriverName: com.mysql.jdbc.Driver
INFO - Connection url: jdbc:mysql://192.168.1.88:3306/hfcl_gateway?user=developer&password=admin@123
INFO - Connection Established: com.mysql.jdbc.Connection@22f71333
INFO - Query to be called :-insert into hfcl_kpi(device_id,tag,kpi,current_value,systime,endtime,device_name) value('103','BTS','UL TCH RxQual 0To5 Percent','97.6','1527379200','1527465600','BTS 801');
INFO - Inserted: 
INFO - UL TCH RxQual 0To5 Percent KPI value : 97.59745425616548
INFO - Connection DriverName: com.mysql.jdbc.Driver
INFO - Connection url: jdbc:mysql://192.168.1.88:3306/hfcl_gateway?user=developer&password=admin@123
INFO - Connection Established: com.mysql.jdbc.Connection@1a407d53
INFO - Query to be called :-insert into hfcl_kpi(device_id,tag,kpi,current_value,systime,endtime,device_name) value('103','BTS','SDCCH8 Blocking Count','0','1527379200','1527465600','BTS 801');
INFO - Inserted: 
INFO - SDCCH8 Blocking Count KPI value : 0.0
INFO - Connection DriverName: com.mysql.jdbc.Driver
INFO - Connection url: jdbc:mysql://192.168.1.88:3306/hfcl_gateway?user=developer&password=admin@123
INFO - Connection Established: com.mysql.jdbc.Connection@380fb434
INFO - Query to be called :-insert into hfcl_kpi(device_id,tag,kpi,current_value,systime,endtime,device_name) value('103','BTS','Number Of Radio Connection Failures SDCCH4','0','1527379200','1527465600','BTS 801');
INFO - Inserted: 
INFO - Number Of Radio Connection Failures SDCCH4 KPI value : 0.0
INFO - Connection DriverName: com.mysql.jdbc.Driver
INFO - Connection url: jdbc:mysql://192.168.1.88:3306/hfcl_gateway?user=developer&password=admin@123
INFO - Connection Established: com.mysql.jdbc.Connection@3fb6a447
INFO - Query to be called :-insert into hfcl_kpi(device_id,tag,kpi,current_value,systime,endtime,device_name) value('103','BTS','Number Of Radio Connection Failures TCH_H','2','1527379200','1527465600','BTS 801');
INFO - Inserted: 
INFO - Number Of Radio Connection Failures TCH_H KPI value : 2.0
INFO - Connection DriverName: com.mysql.jdbc.Driver
INFO - Connection url: jdbc:mysql://192.168.1.88:3306/hfcl_gateway?user=developer&password=admin@123
INFO - Connection Established: com.mysql.jdbc.Connection@73f792cf
INFO - Query to be called :-insert into hfcl_kpi(device_id,tag,kpi,current_value,systime,endtime,device_name) value('103','BTS','Number Of Radio Connection Failures TCH_F','0','1527379200','1527465600','BTS 801');
INFO - Inserted: 
INFO - Number Of Radio Connection Failures TCH_F KPI value : 0.0
INFO - Connection DriverName: com.mysql.jdbc.Driver
INFO - Connection url: jdbc:mysql://192.168.1.88:3306/hfcl_gateway?user=developer&password=admin@123
INFO - Connection Established: com.mysql.jdbc.Connection@42d3bd8b
INFO - Query to be called :-insert into hfcl_kpi(device_id,tag,kpi,current_value,systime,endtime,device_name) value('103','BTS','Number Of SDCCH4 Assignment Attempts','0','1527379200','1527465600','BTS 801');
INFO - Inserted: 
INFO - Number Of SDCCH4 Assignment Attempts  KPI value : 0.0
INFO - Connection DriverName: com.mysql.jdbc.Driver
INFO - Connection url: jdbc:mysql://192.168.1.88:3306/hfcl_gateway?user=developer&password=admin@123
INFO - Connection Established: com.mysql.jdbc.Connection@64616ca2
INFO - Query to be called :-insert into hfcl_kpi(device_id,tag,kpi,current_value,systime,endtime,device_name) value('103','BTS','Number Of SDCCH4 Assignment Success','0','1527379200','1527465600','BTS 801');
INFO - Inserted: 
INFO - Number Of SDCCH4 Assignment Success KPI value : 0.0
INFO - Connection DriverName: com.mysql.jdbc.Driver
INFO - Connection url: jdbc:mysql://192.168.1.88:3306/hfcl_gateway?user=developer&password=admin@123
INFO - Connection Established: com.mysql.jdbc.Connection@17550481
INFO - Query to be called :-insert into hfcl_kpi(device_id,tag,kpi,current_value,systime,endtime,device_name) value('103','BTS','Number Of SDCCH8 Assignment Attempts','5374','1527379200','1527465600','BTS 801');
INFO - Inserted: 
INFO - Number Of SDCCH8 Assignment Attempts KPI value : 5374.0
INFO - Connection DriverName: com.mysql.jdbc.Driver
INFO - Connection url: jdbc:mysql://192.168.1.88:3306/hfcl_gateway?user=developer&password=admin@123
INFO - Connection Established: com.mysql.jdbc.Connection@2c6a3f77
INFO - Query to be called :-insert into hfcl_kpi(device_id,tag,kpi,current_value,systime,endtime,device_name) value('103','BTS','Number Of SDCCH8 Assignment Success','5210','1527379200','1527465600','BTS 801');
INFO - Inserted: 
INFO - Number Of SDCCH8 Assignment Success KPI value : 5210.0
INFO - Connection DriverName: com.mysql.jdbc.Driver
INFO - Connection url: jdbc:mysql://192.168.1.88:3306/hfcl_gateway?user=developer&password=admin@123
INFO - Connection Established: com.mysql.jdbc.Connection@2ef9b8bc
INFO - Query to be called :-insert into hfcl_kpi(device_id,tag,kpi,current_value,systime,endtime,device_name) value('103','BTS','SDCCH4 Blocking Count','0','1527379200','1527465600','BTS 801');
INFO - Inserted: 
INFO - SDCCH4 Blocking Count KPI value : 0.0
INFO - Connection DriverName: com.mysql.jdbc.Driver
INFO - Connection url: jdbc:mysql://192.168.1.88:3306/hfcl_gateway?user=developer&password=admin@123
INFO - Connection Established: com.mysql.jdbc.Connection@3f2a3a5
INFO - Query to be called :-insert into hfcl_kpi(device_id,tag,kpi,current_value,systime,endtime,device_name) value('103','BTS','TCH_H Blocking Count','0','1527379200','1527465600','BTS 801');
INFO - Inserted: 
INFO - TCH_H Blocking Count KPI value : 0.0
INFO - Connection DriverName: com.mysql.jdbc.Driver
INFO - Connection url: jdbc:mysql://192.168.1.88:3306/hfcl_gateway?user=developer&password=admin@123
INFO - Connection Established: com.mysql.jdbc.Connection@77b52d12
INFO - Query to be called :-insert into hfcl_kpi(device_id,tag,kpi,current_value,systime,endtime,device_name) value('103','BTS','TCH_F Blocking Count','0','1527379200','1527465600','BTS 801');
INFO - Inserted: 
INFO - TCH_F Blocking Count KPI value : 0.0
INFO - Connection DriverName: com.mysql.jdbc.Driver
INFO - Connection url: jdbc:mysql://192.168.1.88:3306/hfcl_gateway?user=developer&password=admin@123
INFO - Connection Established: com.mysql.jdbc.Connection@3567135c
INFO - Query to be called :-insert into hfcl_kpi(device_id,tag,kpi,current_value,systime,endtime,device_name) value('103','BTS','Total Number Of Calls','808','1527379200','1527465600','BTS 801');
INFO - Inserted: 
INFO - Total Number Of Calls KPI value : 808.0
INFO - Connection DriverName: com.mysql.jdbc.Driver
INFO - Connection url: jdbc:mysql://192.168.1.88:3306/hfcl_gateway?user=developer&password=admin@123
INFO - Connection Established: com.mysql.jdbc.Connection@47f6473
INFO - Query to be called :-insert into hfcl_kpi(device_id,tag,kpi,current_value,systime,endtime,device_name) value('103','PCU','StartTime','1527379200000','1527379200','1527465600','BTS 801');
INFO - Inserted: 
INFO - Start Time KPI value : 1527379200000
INFO - Connection DriverName: com.mysql.jdbc.Driver
INFO - Connection url: jdbc:mysql://192.168.1.88:3306/hfcl_gateway?user=developer&password=admin@123
INFO - Connection Established: com.mysql.jdbc.Connection@6615435c
INFO - Query to be called :-insert into hfcl_kpi(device_id,tag,kpi,current_value,systime,endtime,device_name) value('103','PCU','EndTime','1527379200000','1527379200','1527465600','BTS 801');
INFO - Inserted: 
INFO - End Time KPI value : 1527379200000
INFO - Connection DriverName: com.mysql.jdbc.Driver
INFO - Connection url: jdbc:mysql://192.168.1.88:3306/hfcl_gateway?user=developer&password=admin@123
INFO - Connection Established: com.mysql.jdbc.Connection@617c74e5
INFO - Query to be called :-insert into hfcl_kpi(device_id,tag,kpi,current_value,systime,endtime,device_name) value('103','PCU','Total Data Calls','5151','1527379200','1527465600','BTS 801');
INFO - Inserted: 
INFO - Total Data Calls KPI value : 5151.0
INFO - Connection DriverName: com.mysql.jdbc.Driver
INFO - Connection url: jdbc:mysql://192.168.1.88:3306/hfcl_gateway?user=developer&password=admin@123
INFO - Connection Established: com.mysql.jdbc.Connection@366e2eef
INFO - Query to be called :-insert into hfcl_kpi(device_id,tag,kpi,current_value,systime,endtime,device_name) value('103','PCU','Total Downlink Data In KByte','0','1527379200','1527465600','BTS 801');
INFO - Inserted: 
INFO - Total Downlink Data In KByte KPI value : 0.0
INFO - Connection DriverName: com.mysql.jdbc.Driver
INFO - Connection url: jdbc:mysql://192.168.1.88:3306/hfcl_gateway?user=developer&password=admin@123
INFO - Connection Established: com.mysql.jdbc.Connection@7225790e
INFO - Query to be called :-insert into hfcl_kpi(device_id,tag,kpi,current_value,systime,endtime,device_name) value('103','PCU','Total Uplink Data In KByte','0','1527379200','1527465600','BTS 801');
INFO - Inserted: 
INFO - Total Uplink Data In KByte KPI Value : 0.0
INFO - Connection DriverName: com.mysql.jdbc.Driver
INFO - Connection url: jdbc:mysql://192.168.1.88:3306/hfcl_gateway?user=developer&password=admin@123
INFO - Connection Established: com.mysql.jdbc.Connection@3551a94
INFO - Query to be called :-insert into hfcl_kpi(device_id,tag,kpi,current_value,systime,endtime,device_name) value('103','PCU','Downlink Data Throughput In Kbps','0','1527379200','1527465600','BTS 801');
INFO - Inserted: 
INFO - Downlink Data Throughput In Kbps KPI Value : 0.0
INFO - Connection DriverName: com.mysql.jdbc.Driver
INFO - Connection url: jdbc:mysql://192.168.1.88:3306/hfcl_gateway?user=developer&password=admin@123
INFO - Connection Established: com.mysql.jdbc.Connection@2c9f9fb0
INFO - Query to be called :-insert into hfcl_kpi(device_id,tag,kpi,current_value,systime,endtime,device_name) value('103','PCU','Downlink Data Throughput In Kbps - NR','0','1527379200','1527465600','BTS 801');
INFO - Inserted: 
INFO - Downlink Data Throughput In Kbps - NR KPI Value : 0.0
INFO - Connection DriverName: com.mysql.jdbc.Driver
INFO - Connection url: jdbc:mysql://192.168.1.88:3306/hfcl_gateway?user=developer&password=admin@123
INFO - Connection Established: com.mysql.jdbc.Connection@737996a0
INFO - Query to be called :-insert into hfcl_kpi(device_id,tag,kpi,current_value,systime,endtime,device_name) value('103','PCU','Downlink Data Throughput In Kbps – DR','4160.13','1527379200','1527465600','BTS 801');
INFO - Inserted: 
INFO - Downlink Data Throughput In Kbps – DR KPI Value : 4160.13
INFO - Connection DriverName: com.mysql.jdbc.Driver
INFO - Connection url: jdbc:mysql://192.168.1.88:3306/hfcl_gateway?user=developer&password=admin@123
INFO - Connection Established: com.mysql.jdbc.Connection@13c78c0b
INFO - Query to be called :-insert into hfcl_kpi(device_id,tag,kpi,current_value,systime,endtime,device_name) value('103','PCU','Uplink Data Throughput In Kbps','0','1527379200','1527465600','BTS 801');
INFO - Inserted: 
INFO - Uplink Data Throughput In Kbps In Kbps KPI Value : 0.0
INFO - Connection DriverName: com.mysql.jdbc.Driver
INFO - Connection url: jdbc:mysql://192.168.1.88:3306/hfcl_gateway?user=developer&password=admin@123
INFO - Connection Established: com.mysql.jdbc.Connection@26f67b76
INFO - Query to be called :-insert into hfcl_kpi(device_id,tag,kpi,current_value,systime,endtime,device_name) value('103','PCU','Uplink Data Throughput In Kbps - NR','0','1527379200','1527465600','BTS 801');
INFO - Inserted: 
INFO - Uplink Data Throughput In Kbps - NR KPI Value : 0.0
INFO - Connection DriverName: com.mysql.jdbc.Driver
INFO - Connection url: jdbc:mysql://192.168.1.88:3306/hfcl_gateway?user=developer&password=admin@123
INFO - Exception occur while connecting to DB.
INFO - Query to be called :-insert into hfcl_kpi(device_id,tag,kpi,current_value,systime,endtime,device_name) value('103','PCU','Uplink Data Throughput In Kbps - DR','8014.8','1527379200','1527465600','BTS 801');
INFO - Exception occur in calling query
INFO - Inserted: 
INFO - Uplink Data Throughput In Kbps - DR KPI Value : 8014.8
INFO - Connection DriverName: com.mysql.jdbc.Driver
INFO - Connection url: jdbc:mysql://192.168.1.88:3306/hfcl_gateway?user=developer&password=admin@123
INFO - Exception occur while connecting to DB.
INFO - Query to be called :-insert into hfcl_kpi(device_id,tag,kpi,current_value,systime,endtime,device_name) value('103','PCU','Egprs Downlink Data Throughput In Kbps','19.71','1527379200','1527465600','BTS 801');
INFO - Exception occur in calling query
INFO - Inserted: 
INFO - Egprs Downlink Data Throughput In Kbps KPI Value : 19.70718661752379
INFO - Connection DriverName: com.mysql.jdbc.Driver
INFO - Connection url: jdbc:mysql://192.168.1.88:3306/hfcl_gateway?user=developer&password=admin@123
INFO - Exception occur while connecting to DB.
INFO - Query to be called :-insert into hfcl_kpi(device_id,tag,kpi,current_value,systime,endtime,device_name) value('103','PCU','Egprs Downlink Data Throughput In Kbps - NR','0','1527379200','1527465600','BTS 801');
INFO - Exception occur in calling query
INFO - Inserted: 
INFO - Egprs Downlink Data Throughput In Kbps - NR KPI Value : 0.0
INFO - Connection DriverName: com.mysql.jdbc.Driver
INFO - Connection url: jdbc:mysql://192.168.1.88:3306/hfcl_gateway?user=developer&password=admin@123
INFO - Exception occur while connecting to DB.
INFO - Query to be called :-insert into hfcl_kpi(device_id,tag,kpi,current_value,systime,endtime,device_name) value('103','PCU','Egprs Downlink Data Throughput In Kbps - DR','4139.63','1527379200','1527465600','BTS 801');
INFO - Exception occur in calling query
INFO - Inserted: 
INFO - Egprs Downlink Data Throughput In Kbps - DR KPI Value : 4139.63
INFO - Connection DriverName: com.mysql.jdbc.Driver
INFO - Connection url: jdbc:mysql://192.168.1.88:3306/hfcl_gateway?user=developer&password=admin@123
INFO - Exception occur while connecting to DB.
INFO - Query to be called :-insert into hfcl_kpi(device_id,tag,kpi,current_value,systime,endtime,device_name) value('103','PCU','Egprs Uplink Data Throughput In Kbps','4.4','1527379200','1527465600','BTS 801');
INFO - Exception occur in calling query
INFO - Inserted: 
INFO - Egprs Uplink Data Throughput In Kbps KPI Value : 4.397375011613396
INFO - Connection DriverName: com.mysql.jdbc.Driver
INFO - Connection url: jdbc:mysql://192.168.1.88:3306/hfcl_gateway?user=developer&password=admin@123
INFO - Exception occur while connecting to DB.
INFO - Query to be called :-insert into hfcl_kpi(device_id,tag,kpi,current_value,systime,endtime,device_name) value('103','PCU','Egprs Uplink Data Throughput In Kbps - NR','0','1527379200','1527465600','BTS 801');
INFO - Exception occur in calling query
INFO - Inserted: 
INFO - Egprs Uplink Data Throughput In Kbps - NR KPI Value : 0.0
INFO - Connection DriverName: com.mysql.jdbc.Driver
INFO - Connection url: jdbc:mysql://192.168.1.88:3306/hfcl_gateway?user=developer&password=admin@123
INFO - Exception occur while connecting to DB.
INFO - Query to be called :-insert into hfcl_kpi(device_id,tag,kpi,current_value,systime,endtime,device_name) value('103','PCU','Egprs Uplink Data Throughput In Kbps - DR','4139.63','1527379200','1527465600','BTS 801');
INFO - Exception occur in calling query
INFO - Inserted: 
INFO - Egprs Uplink Data Throughput In Kbps - DR KPI Value : 4139.63
INFO - Connection DriverName: com.mysql.jdbc.Driver
INFO - Connection url: jdbc:mysql://192.168.1.88:3306/hfcl_gateway?user=developer&password=admin@123
INFO - Exception occur while connecting to DB.
INFO - Query to be called :-insert into hfcl_kpi(device_id,tag,kpi,current_value,systime,endtime,device_name) value('103','PCU','Gprs Downlink Data Throughput In Kbps','0.91','1527379200','1527465600','BTS 801');
INFO - Exception occur in calling query
INFO - Inserted: 
INFO - Gprs Downlink Data Throughput In Kbps KPI Value : 0.9024390243902439
INFO - Connection DriverName: com.mysql.jdbc.Driver
INFO - Connection url: jdbc:mysql://192.168.1.88:3306/hfcl_gateway?user=developer&password=admin@123
INFO - Exception occur while connecting to DB.
INFO - Query to be called :-insert into hfcl_kpi(device_id,tag,kpi,current_value,systime,endtime,device_name) value('103','PCU','Gprs Downlink Data Throughput In Kbps - NR','0','1527379200','1527465600','BTS 801');
INFO - Exception occur in calling query
INFO - Inserted: 
INFO - Gprs Downlink Data Throughput In Kbps - NR KPI Value : 0.0
INFO - Connection DriverName: com.mysql.jdbc.Driver
INFO - Connection url: jdbc:mysql://192.168.1.88:3306/hfcl_gateway?user=developer&password=admin@123
INFO - Exception occur while connecting to DB.
INFO - Query to be called :-insert into hfcl_kpi(device_id,tag,kpi,current_value,systime,endtime,device_name) value('103','PCU','Gprs Downlink Data Throughput In Kbps - DR','20.5','1527379200','1527465600','BTS 801');
INFO - Exception occur in calling query
INFO - Inserted: 
INFO - Gprs Downlink Data Throughput In Kbps - DR KPI Value : 20.5
INFO - Connection DriverName: com.mysql.jdbc.Driver
INFO - Connection url: jdbc:mysql://192.168.1.88:3306/hfcl_gateway?user=developer&password=admin@123
INFO - Exception occur while connecting to DB.
INFO - Query to be called :-insert into hfcl_kpi(device_id,tag,kpi,current_value,systime,endtime,device_name) value('103','PCU','Gprs Uplink Data Throughput In Kbps','0.77','1527379200','1527465600','BTS 801');
INFO - Exception occur in calling query
INFO - Inserted: 
INFO - Gprs Uplink Data Throughput In Kbps KPI Value : 0.7627607300441236
INFO - Connection DriverName: com.mysql.jdbc.Driver
INFO - Connection url: jdbc:mysql://192.168.1.88:3306/hfcl_gateway?user=developer&password=admin@123
INFO - Exception occur while connecting to DB.
INFO - Query to be called :-insert into hfcl_kpi(device_id,tag,kpi,current_value,systime,endtime,device_name) value('103','PCU','Gprs Uplink Data Throughput In Kbps - NR','0','1527379200','1527465600','BTS 801');
INFO - Exception occur in calling query
INFO - Inserted: 
INFO - Gprs Uplink Data Throughput In Kbps - NR KPI Value : 0.0
INFO - Connection DriverName: com.mysql.jdbc.Driver
INFO - Connection url: jdbc:mysql://192.168.1.88:3306/hfcl_gateway?user=developer&password=admin@123
INFO - Exception occur while connecting to DB.
INFO - Query to be called :-insert into hfcl_kpi(device_id,tag,kpi,current_value,systime,endtime,device_name) value('103','PCU','Gprs Uplink Data Throughput In Kbps - DR','49.86','1527379200','1527465600','BTS 801');
INFO - Exception occur in calling query
INFO - Inserted: 
INFO - Gprs Uplink Data Throughput In Kbps - DR KPI Value : 49.86
INFO - Connection DriverName: com.mysql.jdbc.Driver
INFO - Connection url: jdbc:mysql://192.168.1.88:3306/hfcl_gateway?user=developer&password=admin@123
INFO - Exception occur while connecting to DB.
INFO - Query to be called :-insert into hfcl_kpi(device_id,tag,kpi,current_value,systime,endtime,device_name) value('103','PCU','Gprs Uplink Tbf Blocking Rate','0','1527379200','1527465600','BTS 801');
INFO - Exception occur in calling query
INFO - Inserted: 
INFO - Gprs Uplink Tbf Blocking Rate KPI Value : 0.0
INFO - Connection DriverName: com.mysql.jdbc.Driver
INFO - Connection url: jdbc:mysql://192.168.1.88:3306/hfcl_gateway?user=developer&password=admin@123
INFO - Exception occur while connecting to DB.
INFO - Query to be called :-insert into hfcl_kpi(device_id,tag,kpi,current_value,systime,endtime,device_name) value('103','PCU','Gprs Uplink Tbf Blocking Rate - NR','0','1527379200','1527465600','BTS 801');
INFO - Exception occur in calling query
INFO - Inserted: 
INFO - Gprs Uplink Tbf Blocking Rate KPI Value : 0.0
INFO - Connection DriverName: com.mysql.jdbc.Driver
INFO - Connection url: jdbc:mysql://192.168.1.88:3306/hfcl_gateway?user=developer&password=admin@123
INFO - Exception occur while connecting to DB.
INFO - Query to be called :-insert into hfcl_kpi(device_id,tag,kpi,current_value,systime,endtime,device_name) value('103','PCU','Gprs Uplink Tbf Blocking Rate - DR','124','1527379200','1527465600','BTS 801');
INFO - Exception occur in calling query
INFO - Inserted: 
INFO - Gprs Uplink Tbf Blocking Rate - DR KPI Value : 124.0
INFO - Connection DriverName: com.mysql.jdbc.Driver
INFO - Connection url: jdbc:mysql://192.168.1.88:3306/hfcl_gateway?user=developer&password=admin@123
INFO - Exception occur while connecting to DB.
INFO - Query to be called :-insert into hfcl_kpi(device_id,tag,kpi,current_value,systime,endtime,device_name) value('103','PCU','Gprs Downlink Tbf Blocking Rate','0','1527379200','1527465600','BTS 801');
INFO - Exception occur in calling query
INFO - Inserted: 
INFO - Gprs Downlink Tbf Blocking Rate KPI Value : 0.0
INFO - Connection DriverName: com.mysql.jdbc.Driver
INFO - Connection url: jdbc:mysql://192.168.1.88:3306/hfcl_gateway?user=developer&password=admin@123
INFO - Exception occur while connecting to DB.
INFO - Query to be called :-insert into hfcl_kpi(device_id,tag,kpi,current_value,systime,endtime,device_name) value('103','PCU','Gprs Downlink Tbf Blocking Rate - NR','0','1527379200','1527465600','BTS 801');
INFO - Exception occur in calling query
INFO - Inserted: 
INFO - Gprs Downlink Tbf Blocking Rate - NR Rate KPI Value : 0.0
INFO - Connection DriverName: com.mysql.jdbc.Driver
INFO - Connection url: jdbc:mysql://192.168.1.88:3306/hfcl_gateway?user=developer&password=admin@123
INFO - Exception occur while connecting to DB.
INFO - Query to be called :-insert into hfcl_kpi(device_id,tag,kpi,current_value,systime,endtime,device_name) value('103','PCU','Gprs Downlink Tbf Blocking Rate - DR','97','1527379200','1527465600','BTS 801');
INFO - Exception occur in calling query
INFO - Inserted: 
INFO - Gprs Downlink Tbf Blocking Rate - DR KPI Value : 97.0
INFO - Connection DriverName: com.mysql.jdbc.Driver
INFO - Connection url: jdbc:mysql://192.168.1.88:3306/hfcl_gateway?user=developer&password=admin@123
INFO - Exception occur while connecting to DB.
INFO - Query to be called :-insert into hfcl_kpi(device_id,tag,kpi,current_value,systime,endtime,device_name) value('103','PCU','Egprs Downlink Tbf Blocking Rate','0','1527379200','1527465600','BTS 801');
INFO - Exception occur in calling query
INFO - Inserted: 
INFO - Egprs Downlink Tbf Blocking Rate KPI Value : 0.0
INFO - Connection DriverName: com.mysql.jdbc.Driver
INFO - Connection url: jdbc:mysql://192.168.1.88:3306/hfcl_gateway?user=developer&password=admin@123
INFO - Exception occur while connecting to DB.
INFO - Query to be called :-insert into hfcl_kpi(device_id,tag,kpi,current_value,systime,endtime,device_name) value('103','PCU','Egprs Downlink Tbf Blocking Rate - NR','0','1527379200','1527465600','BTS 801');
INFO - Exception occur in calling query
INFO - Inserted: 
INFO - Egprs Downlink Tbf Blocking Rate - NR Rate KPI Value : 0.0
INFO - Connection DriverName: com.mysql.jdbc.Driver
INFO - Connection url: jdbc:mysql://192.168.1.88:3306/hfcl_gateway?user=developer&password=admin@123
INFO - Exception occur while connecting to DB.
INFO - Query to be called :-insert into hfcl_kpi(device_id,tag,kpi,current_value,systime,endtime,device_name) value('103','PCU','Egprs Downlink Tbf Blocking Rate - DR','2927','1527379200','1527465600','BTS 801');
INFO - Exception occur in calling query
INFO - Inserted: 
INFO - Egprs Downlink Tbf Blocking Rate - DR Rate KPI Value : 2927.0
INFO - Connection DriverName: com.mysql.jdbc.Driver
INFO - Connection url: jdbc:mysql://192.168.1.88:3306/hfcl_gateway?user=developer&password=admin@123
INFO - Exception occur while connecting to DB.
INFO - Query to be called :-insert into hfcl_kpi(device_id,tag,kpi,current_value,systime,endtime,device_name) value('103','PCU','Egprs uplink Tbf Blocking Rate','0','1527379200','1527465600','BTS 801');
INFO - Exception occur in calling query
INFO - Inserted: 
INFO - Egprs uplink Tbf Blocking Rate KPI Value : 0.0
INFO - Connection DriverName: com.mysql.jdbc.Driver
INFO - Connection url: jdbc:mysql://192.168.1.88:3306/hfcl_gateway?user=developer&password=admin@123
INFO - Exception occur while connecting to DB.
INFO - Query to be called :-insert into hfcl_kpi(device_id,tag,kpi,current_value,systime,endtime,device_name) value('103','PCU','Egprs uplink Tbf Blocking Rate - NR','0','1527379200','1527465600','BTS 801');
INFO - Exception occur in calling query
INFO - Inserted: 
INFO - Egprs uplink Tbf Blocking Rate - NR Rate KPI Value : 0.0
INFO - Connection DriverName: com.mysql.jdbc.Driver
INFO - Connection url: jdbc:mysql://192.168.1.88:3306/hfcl_gateway?user=developer&password=admin@123
INFO - Exception occur while connecting to DB.
INFO - Query to be called :-insert into hfcl_kpi(device_id,tag,kpi,current_value,systime,endtime,device_name) value('103','PCU','Egprs uplink Tbf Blocking Rate - DR','3836','1527379200','1527465600','BTS 801');
INFO - Exception occur in calling query
INFO - Inserted: 
INFO - Egprs uplink Tbf Blocking Rate - DR Rate KPI Value : 3836.0
INFO - Connection DriverName: com.mysql.jdbc.Driver
INFO - Connection url: jdbc:mysql://192.168.1.88:3306/hfcl_gateway?user=developer&password=admin@123
INFO - Exception occur while connecting to DB.
INFO - Query to be called :-insert into hfcl_kpi(device_id,tag,kpi,current_value,systime,endtime,device_name) value('103','PCU','DlMcs1Count','2657','1527379200','1527465600','BTS 801');
INFO - Exception occur in calling query
INFO - Inserted: 
INFO - DlMcs1Count KPI Value : 2657.0
INFO - Connection DriverName: com.mysql.jdbc.Driver
INFO - Connection url: jdbc:mysql://192.168.1.88:3306/hfcl_gateway?user=developer&password=admin@123
INFO - Exception occur while connecting to DB.
INFO - Query to be called :-insert into hfcl_kpi(device_id,tag,kpi,current_value,systime,endtime,device_name) value('103','PCU','DlMcs2Count','16103','1527379200','1527465600','BTS 801');
INFO - Exception occur in calling query
INFO - Inserted: 
INFO - DlMcs2Count KPI Value : 16103.0
INFO - Connection DriverName: com.mysql.jdbc.Driver
INFO - Connection url: jdbc:mysql://192.168.1.88:3306/hfcl_gateway?user=developer&password=admin@123
INFO - Exception occur while connecting to DB.
INFO - Query to be called :-insert into hfcl_kpi(device_id,tag,kpi,current_value,systime,endtime,device_name) value('103','PCU','DlMcs3Count','13000','1527379200','1527465600','BTS 801');
INFO - Exception occur in calling query
INFO - Inserted: 
INFO - DlMcs3Count KPI Value : 13000.0
INFO - Connection DriverName: com.mysql.jdbc.Driver
INFO - Connection url: jdbc:mysql://192.168.1.88:3306/hfcl_gateway?user=developer&password=admin@123
INFO - Exception occur while connecting to DB.
INFO - Query to be called :-insert into hfcl_kpi(device_id,tag,kpi,current_value,systime,endtime,device_name) value('103','PCU','DlMcs4Count','1195','1527379200','1527465600','BTS 801');
INFO - Exception occur in calling query
INFO - Inserted: 
INFO - DlMcs4Count KPI Value : 1195.0
INFO - Connection DriverName: com.mysql.jdbc.Driver
INFO - Connection url: jdbc:mysql://192.168.1.88:3306/hfcl_gateway?user=developer&password=admin@123
INFO - Exception occur while connecting to DB.
INFO - Query to be called :-insert into hfcl_kpi(device_id,tag,kpi,current_value,systime,endtime,device_name) value('103','PCU','DlMcs5Count','4523','1527379200','1527465600','BTS 801');
INFO - Exception occur in calling query
INFO - Inserted: 
INFO - DlMcs5Count KPI Value : 4523.0
INFO - Connection DriverName: com.mysql.jdbc.Driver
INFO - Connection url: jdbc:mysql://192.168.1.88:3306/hfcl_gateway?user=developer&password=admin@123
INFO - Exception occur while connecting to DB.
INFO - Query to be called :-insert into hfcl_kpi(device_id,tag,kpi,current_value,systime,endtime,device_name) value('103','PCU','DlMcs6Count','16247','1527379200','1527465600','BTS 801');
INFO - Exception occur in calling query
INFO - Inserted: 
INFO - DlMcs6Count KPI Value : 16247.0
INFO - Connection DriverName: com.mysql.jdbc.Driver
INFO - Connection url: jdbc:mysql://192.168.1.88:3306/hfcl_gateway?user=developer&password=admin@123
INFO - Exception occur while connecting to DB.
INFO - Query to be called :-insert into hfcl_kpi(device_id,tag,kpi,current_value,systime,endtime,device_name) value('103','PCU','DlMcs7Count','15313','1527379200','1527465600','BTS 801');
INFO - Exception occur in calling query
INFO - Inserted: 
INFO - DlMcs7Count KPI Value : 15313.0
INFO - Connection DriverName: com.mysql.jdbc.Driver
INFO - Connection url: jdbc:mysql://192.168.1.88:3306/hfcl_gateway?user=developer&password=admin@123
INFO - Exception occur while connecting to DB.
INFO - Query to be called :-insert into hfcl_kpi(device_id,tag,kpi,current_value,systime,endtime,device_name) value('103','PCU','DlMcs8Count','0','1527379200','1527465600','BTS 801');
INFO - Exception occur in calling query
INFO - Inserted: 
INFO - DlMcs8Count KPI Value : 0.0
INFO - Connection DriverName: com.mysql.jdbc.Driver
INFO - Connection url: jdbc:mysql://192.168.1.88:3306/hfcl_gateway?user=developer&password=admin@123
INFO - Exception occur while connecting to DB.
INFO - Query to be called :-insert into hfcl_kpi(device_id,tag,kpi,current_value,systime,endtime,device_name) value('103','PCU','DlMcs9Count','45534','1527379200','1527465600','BTS 801');
INFO - Exception occur in calling query
INFO - Inserted: 
INFO - DlMcs9Count KPI Value : 45534.0
INFO - Connection DriverName: com.mysql.jdbc.Driver
INFO - Connection url: jdbc:mysql://192.168.1.88:3306/hfcl_gateway?user=developer&password=admin@123
INFO - Exception occur while connecting to DB.
INFO - Query to be called :-insert into hfcl_kpi(device_id,tag,kpi,current_value,systime,endtime,device_name) value('103','PCU','UlMcs1Count','2657','1527379200','1527465600','BTS 801');
INFO - Exception occur in calling query
INFO - Inserted: 
INFO - UlMcs1Count KPI Value : 2657.0
INFO - Connection DriverName: com.mysql.jdbc.Driver
INFO - Connection url: jdbc:mysql://192.168.1.88:3306/hfcl_gateway?user=developer&password=admin@123
INFO - Exception occur while connecting to DB.
INFO - Query to be called :-insert into hfcl_kpi(device_id,tag,kpi,current_value,systime,endtime,device_name) value('103','PCU','UlMcs2Count','16103','1527379200','1527465600','BTS 801');
INFO - Exception occur in calling query
INFO - Inserted: 
INFO - UlMcs2Count KPI Value : 16103.0
INFO - Connection DriverName: com.mysql.jdbc.Driver
INFO - Connection url: jdbc:mysql://192.168.1.88:3306/hfcl_gateway?user=developer&password=admin@123
INFO - Exception occur while connecting to DB.
INFO - Query to be called :-insert into hfcl_kpi(device_id,tag,kpi,current_value,systime,endtime,device_name) value('103','PCU','UlMcs3Count','13000','1527379200','1527465600','BTS 801');
INFO - Exception occur in calling query
INFO - Inserted: 
INFO - UlMcs3Count KPI Value : 13000.0
INFO - Connection DriverName: com.mysql.jdbc.Driver
INFO - Connection url: jdbc:mysql://192.168.1.88:3306/hfcl_gateway?user=developer&password=admin@123
INFO - Exception occur while connecting to DB.
INFO - Query to be called :-insert into hfcl_kpi(device_id,tag,kpi,current_value,systime,endtime,device_name) value('103','PCU','UlMcs4Count','1195','1527379200','1527465600','BTS 801');
INFO - Exception occur in calling query
INFO - Inserted: 
INFO - UlMcs4Count KPI Value : 1195.0
INFO - Connection DriverName: com.mysql.jdbc.Driver
INFO - Connection url: jdbc:mysql://192.168.1.88:3306/hfcl_gateway?user=developer&password=admin@123
INFO - Exception occur while connecting to DB.
INFO - Query to be called :-insert into hfcl_kpi(device_id,tag,kpi,current_value,systime,endtime,device_name) value('103','PCU','UlMcs5Count','4523','1527379200','1527465600','BTS 801');
INFO - Exception occur in calling query
INFO - Inserted: 
INFO - UlMcs5Count KPI Value : 4523.0
INFO - Connection DriverName: com.mysql.jdbc.Driver
INFO - Connection url: jdbc:mysql://192.168.1.88:3306/hfcl_gateway?user=developer&password=admin@123
INFO - Exception occur while connecting to DB.
INFO - Query to be called :-insert into hfcl_kpi(device_id,tag,kpi,current_value,systime,endtime,device_name) value('103','PCU','UlMcs6Count','16247','1527379200','1527465600','BTS 801');
INFO - Exception occur in calling query
INFO - Inserted: 
INFO - UlMcs6Count KPI Value : 16247.0
INFO - Connection DriverName: com.mysql.jdbc.Driver
INFO - Connection url: jdbc:mysql://192.168.1.88:3306/hfcl_gateway?user=developer&password=admin@123
INFO - Exception occur while connecting to DB.
INFO - Query to be called :-insert into hfcl_kpi(device_id,tag,kpi,current_value,systime,endtime,device_name) value('103','PCU','UlMcs7Count','15313','1527379200','1527465600','BTS 801');
INFO - Exception occur in calling query
INFO - Inserted: 
INFO - UlMcs7Count KPI Value : 15313.0
INFO - Connection DriverName: com.mysql.jdbc.Driver
INFO - Connection url: jdbc:mysql://192.168.1.88:3306/hfcl_gateway?user=developer&password=admin@123
INFO - Exception occur while connecting to DB.
INFO - Query to be called :-insert into hfcl_kpi(device_id,tag,kpi,current_value,systime,endtime,device_name) value('103','PCU','UlMcs8Count','0','1527379200','1527465600','BTS 801');
INFO - Exception occur in calling query
INFO - Inserted: 
INFO - UlMcs8Count KPI Value : 0.0
INFO - Connection DriverName: com.mysql.jdbc.Driver
INFO - Connection url: jdbc:mysql://192.168.1.88:3306/hfcl_gateway?user=developer&password=admin@123
INFO - Exception occur while connecting to DB.
INFO - Query to be called :-insert into hfcl_kpi(device_id,tag,kpi,current_value,systime,endtime,device_name) value('103','PCU','UlMcs9Count','45534','1527379200','1527465600','BTS 801');
INFO - Exception occur in calling query
INFO - Inserted: 
INFO - UlMcs9Count KPI Value : 45534.0
INFO - Connection DriverName: com.mysql.jdbc.Driver
INFO - Connection url: jdbc:mysql://192.168.1.88:3306/hfcl_gateway?user=developer&password=admin@123
INFO - Exception occur while connecting to DB.
INFO - Query to be called :-insert into hfcl_kpi(device_id,tag,kpi,current_value,systime,endtime,device_name) value('103','PCU','DlCs1Count','0','1527379200','1527465600','BTS 801');
INFO - Exception occur in calling query
INFO - Inserted: 
INFO - DlCs1Count KPI Value : 0.0
INFO - Connection DriverName: com.mysql.jdbc.Driver
INFO - Connection url: jdbc:mysql://192.168.1.88:3306/hfcl_gateway?user=developer&password=admin@123
INFO - Exception occur while connecting to DB.
INFO - Query to be called :-insert into hfcl_kpi(device_id,tag,kpi,current_value,systime,endtime,device_name) value('103','PCU','DlCs2Count','122','1527379200','1527465600','BTS 801');
INFO - Exception occur in calling query
INFO - Inserted: 
INFO - DlCs2Count KPI Value : 122.0
INFO - Connection DriverName: com.mysql.jdbc.Driver
INFO - Connection url: jdbc:mysql://192.168.1.88:3306/hfcl_gateway?user=developer&password=admin@123
INFO - Exception occur while connecting to DB.
INFO - Query to be called :-insert into hfcl_kpi(device_id,tag,kpi,current_value,systime,endtime,device_name) value('103','PCU','DlCs3Count','0','1527379200','1527465600','BTS 801');
INFO - Exception occur in calling query
INFO - Inserted: 
INFO - DlCs3Count KPI Value : 0.0
INFO - Connection DriverName: com.mysql.jdbc.Driver
INFO - Connection url: jdbc:mysql://192.168.1.88:3306/hfcl_gateway?user=developer&password=admin@123
INFO - Exception occur while connecting to DB.
INFO - Query to be called :-insert into hfcl_kpi(device_id,tag,kpi,current_value,systime,endtime,device_name) value('103','PCU','DlCs4Count','0','1527379200','1527465600','BTS 801');
INFO - Exception occur in calling query
INFO - Inserted: 
INFO - DlCs4Count KPI Value : 0.0
INFO - Connection DriverName: com.mysql.jdbc.Driver
INFO - Connection url: jdbc:mysql://192.168.1.88:3306/hfcl_gateway?user=developer&password=admin@123
INFO - Exception occur while connecting to DB.
INFO - Query to be called :-insert into hfcl_kpi(device_id,tag,kpi,current_value,systime,endtime,device_name) value('103','PCU','UlCs1Count','0','1527379200','1527465600','BTS 801');
INFO - Exception occur in calling query
INFO - Inserted: 
INFO - UlCs1Count KPI Value : 0.0
INFO - Connection DriverName: com.mysql.jdbc.Driver
INFO - Connection url: jdbc:mysql://192.168.1.88:3306/hfcl_gateway?user=developer&password=admin@123
INFO - Exception occur while connecting to DB.
INFO - Query to be called :-insert into hfcl_kpi(device_id,tag,kpi,current_value,systime,endtime,device_name) value('103','PCU','UlCs2Count','122','1527379200','1527465600','BTS 801');
INFO - Exception occur in calling query
INFO - Inserted: 
INFO - UlCs2Count KPI Value : 122.0
INFO - Connection DriverName: com.mysql.jdbc.Driver
INFO - Connection url: jdbc:mysql://192.168.1.88:3306/hfcl_gateway?user=developer&password=admin@123
INFO - Exception occur while connecting to DB.
INFO - Query to be called :-insert into hfcl_kpi(device_id,tag,kpi,current_value,systime,endtime,device_name) value('103','PCU','UlCs3Count','0','1527379200','1527465600','BTS 801');
INFO - Exception occur in calling query
INFO - Inserted: 
INFO - UlCs3Count KPI Value : 0.0
INFO - Connection DriverName: com.mysql.jdbc.Driver
INFO - Connection url: jdbc:mysql://192.168.1.88:3306/hfcl_gateway?user=developer&password=admin@123
INFO - Exception occur while connecting to DB.
INFO - Query to be called :-insert into hfcl_kpi(device_id,tag,kpi,current_value,systime,endtime,device_name) value('103','PCU','UlCs4Count','0','1527379200','1527465600','BTS 801');
INFO - Exception occur in calling query
INFO - Inserted: 
INFO - UlCs4Count KPI Value : 0.0
INFO - 
 ** Api Url:http://192.168.1.88:7878/XFusionPlatform/performance/service/multipledevices/get/many
INFO - Para:   end_date=1527465600000&device_id=104&from_date=1527379200000&service_name= &access_key=d3cd4e3f-5946-11e6-9bb0-fe984cc15272&data_source= 
INFO - Response Code is:   401
INFO - Connection DriverName: com.mysql.jdbc.Driver
INFO - Connection url: jdbc:mysql://192.168.1.88:3306/hfcl_gateway?user=developer&password=admin@123
INFO - Exception occur while connecting to DB.
INFO - Query to be called :-insert into hfcl_kpi(device_id,tag,kpi,current_value,systime,endtime,device_name) value('104','BTS','StartTime','1527379200000','1527379200','1527465600','BTS 802');
INFO - Exception occur in calling query
INFO - Inserted: 
INFO - Start Time KPI value : 1527379200000
INFO - Connection DriverName: com.mysql.jdbc.Driver
INFO - Connection url: jdbc:mysql://192.168.1.88:3306/hfcl_gateway?user=developer&password=admin@123
INFO - Exception occur while connecting to DB.
INFO - Query to be called :-insert into hfcl_kpi(device_id,tag,kpi,current_value,systime,endtime,device_name) value('104','BTS','End Time','1527465600000','1527379200','1527465600','BTS 802');
INFO - Exception occur in calling query
INFO - Inserted: 
INFO - End Time KPI value : 1527465600000
INFO - Exception occur in getting devices.
INFO - Exception occur in getting devices.
INFO - Exception occur in getting devices.
INFO - Exception occur in getting devices.
INFO - Exception occur in getting devices.
INFO - Exception occur in getting devices.
INFO - Exception occur in getting devices.
INFO - Exception occur in getting devices.
INFO - Exception occur in getting devices.
INFO - Exception occur in getting devices.
INFO - Exception occur in getting devices.
INFO - Exception occur in getting devices.
INFO - Exception occur in getting devices.
INFO - Exception occur in getting devices.
INFO - Exception occur in getting devices.
INFO - Exception occur in getting devices.
INFO - Exception occur in getting devices.
INFO - Exception occur in getting devices.
INFO - Exception occur in getting devices.
INFO - Exception occur in getting devices.
INFO - Exception occur in getting devices.
INFO - Exception occur in getting devices.
INFO - Exception occur in getting devices.
INFO - Exception occur in getting devices.
INFO - Exception occur in getting devices.
INFO - Exception occur in getting devices.
INFO - Exception occur in getting devices.
INFO - Exception occur in getting devices.
INFO - Exception occur in getting devices.
INFO - Exception occur in getting devices.
INFO - Exception occur in getting devices.
INFO - Exception occur in getting devices.
INFO - Exception occur in getting devices.
INFO - Exception occur in getting devices.
INFO - Connection DriverName: com.mysql.jdbc.Driver
INFO - Connection url: jdbc:mysql://192.168.1.88:3306/hfcl_gateway?user=developer&password=admin@123
INFO - Exception occur while connecting to DB.
INFO - Query to be called :-insert into hfcl_kpi(device_id,tag,kpi,current_value,systime,endtime,device_name) value('104','PCU','StartTime','1527379200000','1527379200','1527465600','BTS 802');
INFO - Exception occur in calling query
INFO - Inserted: 
INFO - Start Time KPI value : 1527379200000
INFO - Connection DriverName: com.mysql.jdbc.Driver
INFO - Connection url: jdbc:mysql://192.168.1.88:3306/hfcl_gateway?user=developer&password=admin@123
INFO - Exception occur while connecting to DB.
INFO - Query to be called :-insert into hfcl_kpi(device_id,tag,kpi,current_value,systime,endtime,device_name) value('104','PCU','EndTime','1527379200000','1527379200','1527465600','BTS 802');
INFO - Exception occur in calling query
INFO - Inserted: 
INFO - End Time KPI value : 1527379200000
INFO - Exception occur in getting devices.
INFO - Exception occur in getting devices.
INFO - Exception occur in getting devices.
INFO - Exception occur in getting devices.
INFO - Exception occur in getting devices.
INFO - Exception occur in getting devices.
INFO - Exception occur in getting devices.
INFO - Exception occur in getting devices.
INFO - Exception occur in getting devices.
INFO - Exception occur in getting devices.
INFO - Exception occur in getting devices.
INFO - Exception occur in getting devices.
INFO - Exception occur in getting devices.
INFO - Exception occur in getting devices.
INFO - Exception occur in getting devices.
INFO - Exception occur in getting devices.
INFO - Exception occur in getting devices.
INFO - Exception occur in getting devices.
INFO - Exception occur in getting devices.
INFO - Exception occur in getting devices.
INFO - Exception occur in getting devices.
INFO - Exception occur in getting devices.
INFO - Exception occur in getting devices.
INFO - Exception occur in getting devices.
INFO - Exception occur in getting devices.
INFO - Exception occur in getting devices.
INFO - Exception occur in getting devices.
INFO - Exception occur in getting devices.
INFO - Exception occur in getting devices.
INFO - Exception occur in getting devices.
INFO - Exception occur in getting devices.
INFO - Exception occur in getting devices.
INFO - Exception occur in getting devices.
INFO - Exception occur in getting devices.
INFO - Exception occur in getting devices.
INFO - Exception occur in getting devices.
INFO - Exception occur in getting devices.
INFO - Exception occur in getting devices.
INFO - Exception occur in getting devices.
INFO - Exception occur in getting devices.
INFO - Exception occur in getting devices.
INFO - Exception occur in getting devices.
INFO - Exception occur in getting devices.
INFO - Exception occur in getting devices.
INFO - Exception occur in getting devices.
INFO - Exception occur in getting devices.
INFO - Exception occur in getting devices.
INFO - Exception occur in getting devices.
INFO - Exception occur in getting devices.
INFO - Exception occur in getting devices.
INFO - Exception occur in getting devices.
INFO - Exception occur in getting devices.
INFO - Exception occur in getting devices.
INFO - Exception occur in getting devices.
INFO - Exception occur in getting devices.
INFO - Exception occur in getting devices.
INFO - Exception occur in getting devices.
INFO - Exception occur in getting devices.
INFO - Exception occur in getting devices.
INFO - 
 ** Api Url:http://192.168.1.88:7878/XFusionPlatform/performance/service/multipledevices/get/many
INFO - Para:   end_date=1527465600000&device_id=105&from_date=1527379200000&service_name= &access_key=d3cd4e3f-5946-11e6-9bb0-fe984cc15272&data_source= 
INFO - Response Code is:   401
INFO - Connection DriverName: com.mysql.jdbc.Driver
INFO - Connection url: jdbc:mysql://192.168.1.88:3306/hfcl_gateway?user=developer&password=admin@123
INFO - Exception occur while connecting to DB.
INFO - Query to be called :-insert into hfcl_kpi(device_id,tag,kpi,current_value,systime,endtime,device_name) value('105','BTS','StartTime','1527379200000','1527379200','1527465600','BTS 803');
INFO - Exception occur in calling query
INFO - Inserted: 
INFO - Start Time KPI value : 1527379200000
INFO - Connection DriverName: com.mysql.jdbc.Driver
INFO - Connection url: jdbc:mysql://192.168.1.88:3306/hfcl_gateway?user=developer&password=admin@123
INFO - Exception occur while connecting to DB.
INFO - Query to be called :-insert into hfcl_kpi(device_id,tag,kpi,current_value,systime,endtime,device_name) value('105','BTS','End Time','1527465600000','1527379200','1527465600','BTS 803');
INFO - Exception occur in calling query
INFO - Inserted: 
INFO - End Time KPI value : 1527465600000
INFO - Exception occur in getting devices.
INFO - Exception occur in getting devices.
INFO - Exception occur in getting devices.
INFO - Exception occur in getting devices.
INFO - Exception occur in getting devices.
INFO - Exception occur in getting devices.
INFO - Exception occur in getting devices.
INFO - Exception occur in getting devices.
INFO - Exception occur in getting devices.
INFO - Exception occur in getting devices.
INFO - Exception occur in getting devices.
INFO - Exception occur in getting devices.
INFO - Exception occur in getting devices.
INFO - Exception occur in getting devices.
INFO - Exception occur in getting devices.
INFO - Exception occur in getting devices.
INFO - Exception occur in getting devices.
INFO - Exception occur in getting devices.
INFO - Exception occur in getting devices.
INFO - Exception occur in getting devices.
INFO - Exception occur in getting devices.
INFO - Exception occur in getting devices.
INFO - Exception occur in getting devices.
INFO - Exception occur in getting devices.
INFO - Exception occur in getting devices.
INFO - Exception occur in getting devices.
INFO - Exception occur in getting devices.
INFO - Exception occur in getting devices.
INFO - Exception occur in getting devices.
INFO - Exception occur in getting devices.
INFO - Exception occur in getting devices.
INFO - Exception occur in getting devices.
INFO - Exception occur in getting devices.
INFO - Exception occur in getting devices.
INFO - Connection DriverName: com.mysql.jdbc.Driver
INFO - Connection url: jdbc:mysql://192.168.1.88:3306/hfcl_gateway?user=developer&password=admin@123
INFO - Exception occur while connecting to DB.
INFO - Query to be called :-insert into hfcl_kpi(device_id,tag,kpi,current_value,systime,endtime,device_name) value('105','PCU','StartTime','1527379200000','1527379200','1527465600','BTS 803');
INFO - Exception occur in calling query
INFO - Inserted: 
INFO - Start Time KPI value : 1527379200000
INFO - Connection DriverName: com.mysql.jdbc.Driver
INFO - Connection url: jdbc:mysql://192.168.1.88:3306/hfcl_gateway?user=developer&password=admin@123
INFO - Exception occur while connecting to DB.
INFO - Query to be called :-insert into hfcl_kpi(device_id,tag,kpi,current_value,systime,endtime,device_name) value('105','PCU','EndTime','1527379200000','1527379200','1527465600','BTS 803');
INFO - Exception occur in calling query
INFO - Inserted: 
INFO - End Time KPI value : 1527379200000
INFO - Exception occur in getting devices.
INFO - Exception occur in getting devices.
INFO - Exception occur in getting devices.
INFO - Exception occur in getting devices.
INFO - Exception occur in getting devices.
INFO - Exception occur in getting devices.
INFO - Exception occur in getting devices.
INFO - Exception occur in getting devices.
INFO - Exception occur in getting devices.
INFO - Exception occur in getting devices.
INFO - Exception occur in getting devices.
INFO - Exception occur in getting devices.
INFO - Exception occur in getting devices.
INFO - Exception occur in getting devices.
INFO - Exception occur in getting devices.
INFO - Exception occur in getting devices.
INFO - Exception occur in getting devices.
INFO - Exception occur in getting devices.
INFO - Exception occur in getting devices.
INFO - Exception occur in getting devices.
INFO - Exception occur in getting devices.
INFO - Exception occur in getting devices.
INFO - Exception occur in getting devices.
INFO - Exception occur in getting devices.
INFO - Exception occur in getting devices.
INFO - Exception occur in getting devices.
INFO - Exception occur in getting devices.
INFO - Exception occur in getting devices.
INFO - Exception occur in getting devices.
INFO - Exception occur in getting devices.
INFO - Exception occur in getting devices.
INFO - Exception occur in getting devices.
INFO - Exception occur in getting devices.
INFO - Exception occur in getting devices.
INFO - Exception occur in getting devices.
INFO - Exception occur in getting devices.
INFO - Exception occur in getting devices.
INFO - Exception occur in getting devices.
INFO - Exception occur in getting devices.
INFO - Exception occur in getting devices.
INFO - Exception occur in getting devices.
INFO - Exception occur in getting devices.
INFO - Exception occur in getting devices.
INFO - Exception occur in getting devices.
INFO - Exception occur in getting devices.
INFO - Exception occur in getting devices.
INFO - Exception occur in getting devices.
INFO - Exception occur in getting devices.
INFO - Exception occur in getting devices.
INFO - Exception occur in getting devices.
INFO - Exception occur in getting devices.
INFO - Exception occur in getting devices.
INFO - Exception occur in getting devices.
INFO - Exception occur in getting devices.
INFO - Exception occur in getting devices.
INFO - Exception occur in getting devices.
INFO - Exception occur in getting devices.
INFO - Exception occur in getting devices.
INFO - Exception occur in getting devices.
