INFO - Inside Initialize method
INFO - 
 ** Api Url:http://192.168.1.88:7878/XFusionPlatform/device/get/metadata/status/by/type
INFO - Para:   access_key=d3cd4e3f-5946-11e6-9bb0-fe984cc15272&device_type=4&host_status=0
INFO - Response Code is:   200
INFO - Response : {"description":"Process Success","object":[{"device_devicetype_name":"BTS","city_alias":"Solan","device_devicemodel_icon":"/home/ttpl/Tomcat/apache-tomcat-8.0.36/webapps/tmpFiles/router-icon.png","device_device_imei":"0","device_device_lattitude":"30.9249052","device_device_elevation":"","device_devicetechnology_name":"GSM","state_name":"Haryana","state_id":1,"device_device_is_deleted":false,"organization_organization_alias":"HFCL","device_device_alias":"BTS 801","device_device_created_by":"1","device_devicevendor_alias":"Vanu","device_device_longitude":"77.0958173","device_device_modified_by":"db4c4236-30c3-11e7-be7d-000c29e31674","device_devicevendor_name":"Vanu","data_source":"OFF","device_devicemodel_alias":"CRAN 2.0","organization_organization_path":"/teramatrix","device_device_iccid":null,"device_device_software_version":"","device_device_last_modified_date":1513839940000,"device_devicetype_alias":"BTS","device_devicevendor_id":3,"country_id":1,"city_id":1,"device_devicetechnology_id":3,"device_device_is_configurable":0,"device_device_name":"CRAN2_801","device_device_is_active":true,"device_device_ipaddress":"192.168.10.22","city_name":"gurgao","state_alias":"Himachal Pradesh","country_name":"india","device_devicemodel_gis_icon":"/home/ttpl/Tomcat/apache-tomcat-8.0.36/webapps/tmpFiles/router-icon.png","status_timestamp":1526895037000,"device_device_description":"","country_alias":"India","device_devicetype_id":4,"data_source_alias":"up","device_device_creation_date":null,"check_timestamp":1525260164000,"device_devicemodel_name":"VANU-BTS","device_device_parent_id":0,"device_device_hardware_version":"","device_devicemodel_id":4,"device_device_device_id":103,"device_device_mac_address":"","device_devicetechnology_alias":"GSM"},{"device_devicetype_name":"BTS","city_alias":"Solan","device_devicemodel_icon":"/home/ttpl/Tomcat/apache-tomcat-8.0.36/webapps/tmpFiles/router-icon.png","device_device_imei":"0","device_device_lattitude":"30.9249052","device_device_elevation":"","device_devicetechnology_name":"GSM","state_name":"Haryana","state_id":1,"device_device_is_deleted":false,"organization_organization_alias":"HFCL","device_device_alias":"BTS 802","device_device_created_by":"1","device_devicevendor_alias":"Vanu","device_device_longitude":"77.0958173","device_device_modified_by":"db4c4236-30c3-11e7-be7d-000c29e31674","device_devicevendor_name":"Vanu","data_source":"OFF","device_devicemodel_alias":"CRAN 2.0","organization_organization_path":"/teramatrix","device_device_iccid":null,"device_device_software_version":"","device_device_last_modified_date":1513839926000,"device_devicetype_alias":"BTS","device_devicevendor_id":3,"country_id":1,"city_id":1,"device_devicetechnology_id":3,"device_device_is_configurable":0,"device_device_name":"CRAN2_802","device_device_is_active":true,"device_device_ipaddress":"192.168.10.20","city_name":"gurgao","state_alias":"Himachal Pradesh","country_name":"india","device_devicemodel_gis_icon":"/home/ttpl/Tomcat/apache-tomcat-8.0.36/webapps/tmpFiles/router-icon.png","status_timestamp":1526895029000,"device_device_description":"","country_alias":"India","device_devicetype_id":4,"data_source_alias":"up","device_device_creation_date":null,"check_timestamp":1519716524000,"device_devicemodel_name":"VANU-BTS","device_device_parent_id":0,"device_device_hardware_version":"","device_devicemodel_id":4,"device_device_device_id":104,"device_device_mac_address":"","device_devicetechnology_alias":"GSM"},{"device_devicetype_name":"BTS","city_alias":"Solan","device_devicemodel_icon":"/home/ttpl/Tomcat/apache-tomcat-8.0.36/webapps/tmpFiles/router-icon.png","device_device_imei":"0","device_device_lattitude":"30.9249052","device_device_elevation":"","device_devicetechnology_name":"GSM","state_name":"Haryana","state_id":1,"device_device_is_deleted":false,"organization_organization_alias":"HFCL","device_device_alias":"BTS 803","device_device_created_by":"1","device_devicevendor_alias":"Vanu","device_device_longitude":"77.0958173","device_device_modified_by":"db4c4236-30c3-11e7-be7d-000c29e31674","device_devicevendor_name":"Vanu","data_source":"OFF","device_devicemodel_alias":"CRAN 2.0","organization_organization_path":"/teramatrix","device_device_iccid":null,"device_device_software_version":"","device_device_last_modified_date":1513839909000,"device_devicetype_alias":"BTS","device_devicevendor_id":3,"country_id":1,"city_id":1,"device_devicetechnology_id":3,"device_device_is_configurable":0,"device_device_name":"CRAN2_803","device_device_is_active":true,"device_device_ipaddress":"192.168.10.21","city_name":"gurgao","state_alias":"Himachal Pradesh","country_name":"india","device_devicemodel_gis_icon":"/home/ttpl/Tomcat/apache-tomcat-8.0.36/webapps/tmpFiles/router-icon.png","status_timestamp":1526895010000,"device_device_description":"","country_alias":"India","device_devicetype_id":4,"data_source_alias":"up","device_device_creation_date":null,"check_timestamp":1526891375000,"device_devicemodel_name":"VANU-BTS","device_device_parent_id":0,"device_device_hardware_version":"","device_devicemodel_id":4,"device_device_device_id":105,"device_device_mac_address":"","device_devicetechnology_alias":"GSM"}],"list":null,"valid":true}
INFO - Number of Devices  :  3
INFO - Complete details : [103, 104, 105]
INFO - Device List: [103, 104, 105]
INFO - 
 ** Api Url:http://192.168.1.88:7878/XFusionPlatform/performance/service/multipledevices/get/many
INFO - Para:   end_date=1524355199000&device_id=103&from_date=1524268800000&service_name= &access_key=d3cd4e3f-5946-11e6-9bb0-fe984cc15272&data_source= 
INFO - Response Code is:   401
INFO - Exception occur in getting devices.
INFO - Connection DriverName: com.mysql.jdbc.Driver
INFO - Connection url: jdbc:mysql://192.168.1.88:3306/hfcl_gateway?user=developer&password=admin@123
INFO - Connection Established: com.mysql.jdbc.Connection@17d99928
INFO - Query to be called :-insert into hfcl_kpi(device_id,tag,kpi,current_value,systime,endtime,device_name) value('103','BTS','End Time','1524355199000','1524268800','1524355199','BTS 801');
INFO - Inserted: 
INFO - End Time KPI value : 1524355199000
INFO - Exception occur in getting devices.
INFO - Exception occur in getting devices.
INFO - Exception occur in getting devices.
INFO - Exception occur in getting devices.
INFO - Exception occur in getting devices.
INFO - Exception occur in getting devices.
INFO - Exception occur in getting devices.
INFO - Exception occur in getting devices.
INFO - Exception occur in getting devices.
INFO - Exception occur in getting devices.
INFO - Exception occur in getting devices.
INFO - Exception occur in getting devices.
INFO - Exception occur in getting devices.
INFO - Exception occur in getting devices.
INFO - Exception occur in getting devices.
INFO - Exception occur in getting devices.
INFO - Exception occur in getting devices.
INFO - Exception occur in getting devices.
INFO - Exception occur in getting devices.
INFO - Exception occur in getting devices.
INFO - Exception occur in getting devices.
INFO - Exception occur in getting devices.
INFO - Exception occur in getting devices.
INFO - Exception occur in getting devices.
INFO - Exception occur in getting devices.
INFO - Exception occur in getting devices.
INFO - Exception occur in getting devices.
INFO - Exception occur in getting devices.
INFO - Exception occur in getting devices.
INFO - Exception occur in getting devices.
INFO - Exception occur in getting devices.
INFO - Exception occur in getting devices.
INFO - Exception occur in getting devices.
INFO - Exception occur in getting devices.
INFO - Connection DriverName: com.mysql.jdbc.Driver
INFO - Connection url: jdbc:mysql://192.168.1.88:3306/hfcl_gateway?user=developer&password=admin@123
INFO - Connection Established: com.mysql.jdbc.Connection@5e025e70
INFO - Query to be called :-insert into hfcl_kpi(device_id,tag,kpi,current_value,systime,endtime,device_name) value('103','PCU','StartTime','1524268800000','1524268800','1524355199','BTS 801');
INFO - Inserted: 
INFO - Start Time KPI value : 1524268800000
INFO - Connection DriverName: com.mysql.jdbc.Driver
INFO - Connection url: jdbc:mysql://192.168.1.88:3306/hfcl_gateway?user=developer&password=admin@123
INFO - Connection Established: com.mysql.jdbc.Connection@66d33a
INFO - Query to be called :-insert into hfcl_kpi(device_id,tag,kpi,current_value,systime,endtime,device_name) value('103','PCU','End Time','1524355199000','1524268800','1524355199','BTS 801');
INFO - Inserted: 
INFO - End Time KPI value : 1524355199000
INFO - Exception occur in getting devices.
INFO - Exception occur in getting devices.
INFO - Exception occur in getting devices.
INFO - Exception occur in getting devices.
INFO - Exception occur in getting devices.
INFO - Exception occur in getting devices.
INFO - Exception occur in getting devices.
INFO - Exception occur in getting devices.
INFO - Exception occur in getting devices.
INFO - Exception occur in getting devices.
INFO - Exception occur in getting devices.
INFO - Exception occur in getting devices.
INFO - Exception occur in getting devices.
INFO - Exception occur in getting devices.
INFO - Exception occur in getting devices.
INFO - Exception occur in getting devices.
INFO - Exception occur in getting devices.
INFO - Exception occur in getting devices.
INFO - Exception occur in getting devices.
INFO - Exception occur in getting devices.
INFO - Exception occur in getting devices.
INFO - Exception occur in getting devices.
INFO - Exception occur in getting devices.
INFO - Exception occur in getting devices.
INFO - Exception occur in getting devices.
INFO - Exception occur in getting devices.
INFO - Exception occur in getting devices.
INFO - Exception occur in getting devices.
INFO - Exception occur in getting devices.
INFO - Exception occur in getting devices.
INFO - Exception occur in getting devices.
INFO - Exception occur in getting devices.
INFO - Exception occur in getting devices.
INFO - Exception occur in getting devices.
INFO - Exception occur in getting devices.
INFO - Exception occur in getting devices.
INFO - Exception occur in getting devices.
INFO - Exception occur in getting devices.
INFO - Exception occur in getting devices.
INFO - Exception occur in getting devices.
INFO - Exception occur in getting devices.
INFO - Exception occur in getting devices.
INFO - Exception occur in getting devices.
INFO - Exception occur in getting devices.
INFO - Exception occur in getting devices.
INFO - Exception occur in getting devices.
INFO - Exception occur in getting devices.
INFO - Exception occur in getting devices.
INFO - Exception occur in getting devices.
INFO - Exception occur in getting devices.
INFO - Exception occur in getting devices.
INFO - Exception occur in getting devices.
INFO - Exception occur in getting devices.
INFO - Exception occur in getting devices.
INFO - Exception occur in getting devices.
INFO - Exception occur in getting devices.
INFO - Exception occur in getting devices.
INFO - Exception occur in getting devices.
INFO - Exception occur in getting devices.
INFO - 
 ** Api Url:http://192.168.1.88:7878/XFusionPlatform/performance/service/multipledevices/get/many
INFO - Para:   end_date=1524355199000&device_id=104&from_date=1524268800000&service_name= &access_key=d3cd4e3f-5946-11e6-9bb0-fe984cc15272&data_source= 
INFO - Response Code is:   200
INFO - Exception occur in getting devices.
INFO - Connection DriverName: com.mysql.jdbc.Driver
INFO - Connection url: jdbc:mysql://192.168.1.88:3306/hfcl_gateway?user=developer&password=admin@123
INFO - Connection Established: com.mysql.jdbc.Connection@73f792cf
INFO - Query to be called :-insert into hfcl_kpi(device_id,tag,kpi,current_value,systime,endtime,device_name) value('104','BTS','End Time','1524355199000','1524268800','1524355199','BTS 802');
INFO - Inserted: 
INFO - End Time KPI value : 1524355199000
INFO - Connection DriverName: com.mysql.jdbc.Driver
INFO - Connection url: jdbc:mysql://192.168.1.88:3306/hfcl_gateway?user=developer&password=admin@123
INFO - Connection Established: com.mysql.jdbc.Connection@42d3bd8b
INFO - Query to be called :-insert into hfcl_kpi(device_id,tag,kpi,current_value,systime,endtime,device_name) value('104','BTS','Call Setup Success Rate','1.03','1524268800','1524355199','BTS 802');
INFO - Inserted: 
INFO - Call Setup Success Rate KPI value : 1.0248962655601659
INFO - Connection DriverName: com.mysql.jdbc.Driver
INFO - Connection url: jdbc:mysql://192.168.1.88:3306/hfcl_gateway?user=developer&password=admin@123
INFO - Connection Established: com.mysql.jdbc.Connection@4e04a765
INFO - Query to be called :-insert into hfcl_kpi(device_id,tag,kpi,current_value,systime,endtime,device_name) value('104','BTS','Call Setup Success Rate - NR','247','1524268800','1524355199','BTS 802');
INFO - Inserted: 
INFO - Call Setup Success Rate - NR KPI value : 247.0
INFO - Connection DriverName: com.mysql.jdbc.Driver
INFO - Connection url: jdbc:mysql://192.168.1.88:3306/hfcl_gateway?user=developer&password=admin@123
INFO - Connection Established: com.mysql.jdbc.Connection@180bc464
INFO - Query to be called :-insert into hfcl_kpi(device_id,tag,kpi,current_value,systime,endtime,device_name) value('104','BTS','Call Setup Success Rate - DR','241','1524268800','1524355199','BTS 802');
INFO - Inserted: 
INFO - Call Setup Success Rate - DR KPI value : 241.0
INFO - Exception occur in getting devices.
INFO - Connection DriverName: com.mysql.jdbc.Driver
INFO - Connection url: jdbc:mysql://192.168.1.88:3306/hfcl_gateway?user=developer&password=admin@123
INFO - Connection Established: com.mysql.jdbc.Connection@2ef9b8bc
INFO - Query to be called :-insert into hfcl_kpi(device_id,tag,kpi,current_value,systime,endtime,device_name) value('104','BTS','SDCCH Drop Rate','0','1524268800','1524355199','BTS 802');
INFO - Inserted: 
INFO - SDCCH Drop Rate KPI value : 7.653061224489796E-4
INFO - Connection DriverName: com.mysql.jdbc.Driver
INFO - Connection url: jdbc:mysql://192.168.1.88:3306/hfcl_gateway?user=developer&password=admin@123
INFO - Connection Established: com.mysql.jdbc.Connection@3f2a3a5
INFO - Query to be called :-insert into hfcl_kpi(device_id,tag,kpi,current_value,systime,endtime,device_name) value('104','BTS','SDCCH Drop Rate - NR','3','1524268800','1524355199','BTS 802');
INFO - Inserted: 
INFO - SDCCH Drop Rate - NR KPI value : 3.0
INFO - Connection DriverName: com.mysql.jdbc.Driver
INFO - Connection url: jdbc:mysql://192.168.1.88:3306/hfcl_gateway?user=developer&password=admin@123
INFO - Connection Established: com.mysql.jdbc.Connection@77b52d12
INFO - Query to be called :-insert into hfcl_kpi(device_id,tag,kpi,current_value,systime,endtime,device_name) value('104','BTS','SDCCH Drop Rate - DR','3920','1524268800','1524355199','BTS 802');
INFO - Inserted: 
INFO - SDCCH Drop Rate - DR KPI value : 3920.0
INFO - Connection DriverName: com.mysql.jdbc.Driver
INFO - Connection url: jdbc:mysql://192.168.1.88:3306/hfcl_gateway?user=developer&password=admin@123
INFO - Connection Established: com.mysql.jdbc.Connection@3567135c
INFO - Query to be called :-insert into hfcl_kpi(device_id,tag,kpi,current_value,systime,endtime,device_name) value('104','BTS','Immediate Assignment Procedure Success Rate','0.87','1524268800','1524355199','BTS 802');
INFO - Inserted: 
INFO - Immediate Assignment Procedure Success Rate KPI value : 0.8678326322780606
INFO - Connection DriverName: com.mysql.jdbc.Driver
INFO - Connection url: jdbc:mysql://192.168.1.88:3306/hfcl_gateway?user=developer&password=admin@123
INFO - Connection Established: com.mysql.jdbc.Connection@47f6473
INFO - Query to be called :-insert into hfcl_kpi(device_id,tag,kpi,current_value,systime,endtime,device_name) value('104','BTS','Immediate Assignment Procedure Success Rate - NR','3920','1524268800','1524355199','BTS 802');
INFO - Inserted: 
INFO - Immediate Assignment Procedure Success Rate - NR KPI value : 3920.0
INFO - Connection DriverName: com.mysql.jdbc.Driver
INFO - Connection url: jdbc:mysql://192.168.1.88:3306/hfcl_gateway?user=developer&password=admin@123
INFO - Connection Established: com.mysql.jdbc.Connection@6615435c
INFO - Query to be called :-insert into hfcl_kpi(device_id,tag,kpi,current_value,systime,endtime,device_name) value('104','BTS','Immediate Assignment Procedure Success Rate - DR','4517','1524268800','1524355199','BTS 802');
INFO - Inserted: 
INFO - Immediate Assignment Procedure Success Rate - DR KPI value : 4517.0
INFO - Connection DriverName: com.mysql.jdbc.Driver
INFO - Connection url: jdbc:mysql://192.168.1.88:3306/hfcl_gateway?user=developer&password=admin@123
INFO - Connection Established: com.mysql.jdbc.Connection@617c74e5
INFO - Query to be called :-insert into hfcl_kpi(device_id,tag,kpi,current_value,systime,endtime,device_name) value('104','BTS','SDCCH Blocking Count','0','1524268800','1524355199','BTS 802');
INFO - Inserted: 
INFO - SDCCH Blocking Count KPI value : 0.0
INFO - Exception occur in getting devices.
INFO - Exception occur in getting devices.
INFO - Connection DriverName: com.mysql.jdbc.Driver
INFO - Connection url: jdbc:mysql://192.168.1.88:3306/hfcl_gateway?user=developer&password=admin@123
INFO - Connection Established: com.mysql.jdbc.Connection@3cbbc1e0
INFO - Query to be called :-insert into hfcl_kpi(device_id,tag,kpi,current_value,systime,endtime,device_name) value('104','BTS','SDCCH Blocking Rate - DR','2650','1524268800','1524355199','BTS 802');
INFO - Inserted: 
INFO - SDCCH Blocking Rate - DR KPI value : 2650.0
INFO - Connection DriverName: com.mysql.jdbc.Driver
INFO - Connection url: jdbc:mysql://192.168.1.88:3306/hfcl_gateway?user=developer&password=admin@123
INFO - Connection Established: com.mysql.jdbc.Connection@5a61f5df
INFO - Query to be called :-insert into hfcl_kpi(device_id,tag,kpi,current_value,systime,endtime,device_name) value('104','BTS','TCH Blocking Count','0','1524268800','1524355199','BTS 802');
INFO - Inserted: 
INFO - TCH Blocking Count KPI value : 0.0
INFO - Exception occur in getting devices.
INFO - Connection DriverName: com.mysql.jdbc.Driver
INFO - Connection url: jdbc:mysql://192.168.1.88:3306/hfcl_gateway?user=developer&password=admin@123
INFO - Connection Established: com.mysql.jdbc.Connection@2c9f9fb0
INFO - Query to be called :-insert into hfcl_kpi(device_id,tag,kpi,current_value,systime,endtime,device_name) value('104','BTS','TCH Blocking Rate - NR','0','1524268800','1524355199','BTS 802');
INFO - Inserted: 
INFO - TCH Blocking Rate - NR KPI value : 0.0
INFO - Exception occur in getting devices.
INFO - Connection DriverName: com.mysql.jdbc.Driver
INFO - Connection url: jdbc:mysql://192.168.1.88:3306/hfcl_gateway?user=developer&password=admin@123
INFO - Connection Established: com.mysql.jdbc.Connection@61dc03ce
INFO - Query to be called :-insert into hfcl_kpi(device_id,tag,kpi,current_value,systime,endtime,device_name) value('104','BTS','Number Of SDCCH Assignment Attempts','4517','1524268800','1524355199','BTS 802');
INFO - Inserted: 
INFO - Number Of SDCCH Assignment Attempts KPI value : 4517.0
INFO - Connection DriverName: com.mysql.jdbc.Driver
INFO - Connection url: jdbc:mysql://192.168.1.88:3306/hfcl_gateway?user=developer&password=admin@123
INFO - Connection Established: com.mysql.jdbc.Connection@12843fce
INFO - Query to be called :-insert into hfcl_kpi(device_id,tag,kpi,current_value,systime,endtime,device_name) value('104','BTS','Number Of Successful SDCCH Assignments','3920','1524268800','1524355199','BTS 802');
INFO - Inserted: 
INFO - Number Of Successful SDCCH Assignments KPI value : 3920.0
INFO - Connection DriverName: com.mysql.jdbc.Driver
INFO - Connection url: jdbc:mysql://192.168.1.88:3306/hfcl_gateway?user=developer&password=admin@123
INFO - Connection Established: com.mysql.jdbc.Connection@153f5a29
INFO - Query to be called :-insert into hfcl_kpi(device_id,tag,kpi,current_value,systime,endtime,device_name) value('104','BTS','Total Voice Call Minutes','388.82','1524268800','1524355199','BTS 802');
INFO - Inserted: 
INFO - Total Voice Call Minutes KPI value : 388.816
INFO - Exception occur in getting devices.
INFO - Connection DriverName: com.mysql.jdbc.Driver
INFO - Connection url: jdbc:mysql://192.168.1.88:3306/hfcl_gateway?user=developer&password=admin@123
INFO - Connection Established: com.mysql.jdbc.Connection@337d0578
INFO - Query to be called :-insert into hfcl_kpi(device_id,tag,kpi,current_value,systime,endtime,device_name) value('104','BTS','SDCCH8 Blocking Count','0','1524268800','1524355199','BTS 802');
INFO - Inserted: 
INFO - SDCCH8 Blocking Count KPI value : 0.0
INFO - Connection DriverName: com.mysql.jdbc.Driver
INFO - Connection url: jdbc:mysql://192.168.1.88:3306/hfcl_gateway?user=developer&password=admin@123
INFO - Connection Established: com.mysql.jdbc.Connection@6276ae34
INFO - Query to be called :-insert into hfcl_kpi(device_id,tag,kpi,current_value,systime,endtime,device_name) value('104','BTS','Number Of Radio Connection Failures SDCCH4','0','1524268800','1524355199','BTS 802');
INFO - Inserted: 
INFO - Number Of Radio Connection Failures SDCCH4 KPI value : 0.0
INFO - Connection DriverName: com.mysql.jdbc.Driver
INFO - Connection url: jdbc:mysql://192.168.1.88:3306/hfcl_gateway?user=developer&password=admin@123
INFO - Connection Established: com.mysql.jdbc.Connection@b97c004
INFO - Query to be called :-insert into hfcl_kpi(device_id,tag,kpi,current_value,systime,endtime,device_name) value('104','BTS','Number Of Radio Connection Failures TCH_H','4','1524268800','1524355199','BTS 802');
INFO - Inserted: 
INFO - Number Of Radio Connection Failures TCH_H KPI value : 4.0
INFO - Connection DriverName: com.mysql.jdbc.Driver
INFO - Connection url: jdbc:mysql://192.168.1.88:3306/hfcl_gateway?user=developer&password=admin@123
INFO - Connection Established: com.mysql.jdbc.Connection@6574b225
INFO - Query to be called :-insert into hfcl_kpi(device_id,tag,kpi,current_value,systime,endtime,device_name) value('104','BTS','Number Of Radio Connection Failures TCH_F','9','1524268800','1524355199','BTS 802');
INFO - Inserted: 
INFO - Number Of Radio Connection Failures TCH_F KPI value : 9.0
INFO - Connection DriverName: com.mysql.jdbc.Driver
INFO - Connection url: jdbc:mysql://192.168.1.88:3306/hfcl_gateway?user=developer&password=admin@123
INFO - Connection Established: com.mysql.jdbc.Connection@5afa04c
INFO - Query to be called :-insert into hfcl_kpi(device_id,tag,kpi,current_value,systime,endtime,device_name) value('104','BTS','Number Of SDCCH4 Assignment Attempts','0','1524268800','1524355199','BTS 802');
INFO - Inserted: 
INFO - Number Of SDCCH4 Assignment Attempts  KPI value : 0.0
INFO - Connection DriverName: com.mysql.jdbc.Driver
INFO - Connection url: jdbc:mysql://192.168.1.88:3306/hfcl_gateway?user=developer&password=admin@123
INFO - Connection Established: com.mysql.jdbc.Connection@174d20a
INFO - Query to be called :-insert into hfcl_kpi(device_id,tag,kpi,current_value,systime,endtime,device_name) value('104','BTS','Number Of SDCCH4 Assignment Success','0','1524268800','1524355199','BTS 802');
INFO - Inserted: 
INFO - Number Of SDCCH4 Assignment Success KPI value : 0.0
INFO - Connection DriverName: com.mysql.jdbc.Driver
INFO - Connection url: jdbc:mysql://192.168.1.88:3306/hfcl_gateway?user=developer&password=admin@123
INFO - Connection Established: com.mysql.jdbc.Connection@4de8b406
INFO - Query to be called :-insert into hfcl_kpi(device_id,tag,kpi,current_value,systime,endtime,device_name) value('104','BTS','Number Of SDCCH8 Assignment Attempts','4517','1524268800','1524355199','BTS 802');
INFO - Inserted: 
INFO - Number Of SDCCH8 Assignment Attempts KPI value : 4517.0
INFO - Connection DriverName: com.mysql.jdbc.Driver
INFO - Connection url: jdbc:mysql://192.168.1.88:3306/hfcl_gateway?user=developer&password=admin@123
INFO - Connection Established: com.mysql.jdbc.Connection@402f32ff
INFO - Query to be called :-insert into hfcl_kpi(device_id,tag,kpi,current_value,systime,endtime,device_name) value('104','BTS','Number Of SDCCH8 Assignment Success','3920','1524268800','1524355199','BTS 802');
INFO - Inserted: 
INFO - Number Of SDCCH8 Assignment Success KPI value : 3920.0
INFO - Connection DriverName: com.mysql.jdbc.Driver
INFO - Connection url: jdbc:mysql://192.168.1.88:3306/hfcl_gateway?user=developer&password=admin@123
INFO - Connection Established: com.mysql.jdbc.Connection@548b7f67
INFO - Query to be called :-insert into hfcl_kpi(device_id,tag,kpi,current_value,systime,endtime,device_name) value('104','BTS','SDCCH4 Blocking Count','0','1524268800','1524355199','BTS 802');
INFO - Inserted: 
INFO - SDCCH4 Blocking Count KPI value : 0.0
INFO - Connection DriverName: com.mysql.jdbc.Driver
INFO - Connection url: jdbc:mysql://192.168.1.88:3306/hfcl_gateway?user=developer&password=admin@123
INFO - Connection Established: com.mysql.jdbc.Connection@5f375618
INFO - Query to be called :-insert into hfcl_kpi(device_id,tag,kpi,current_value,systime,endtime,device_name) value('104','BTS','TCH_H Blocking Count','0','1524268800','1524355199','BTS 802');
INFO - Inserted: 
INFO - TCH_H Blocking Count KPI value : 0.0
INFO - Connection DriverName: com.mysql.jdbc.Driver
INFO - Connection url: jdbc:mysql://192.168.1.88:3306/hfcl_gateway?user=developer&password=admin@123
INFO - Connection Established: com.mysql.jdbc.Connection@4439f31e
INFO - Query to be called :-insert into hfcl_kpi(device_id,tag,kpi,current_value,systime,endtime,device_name) value('104','BTS','TCH_F Blocking Count','0','1524268800','1524355199','BTS 802');
INFO - Inserted: 
INFO - TCH_F Blocking Count KPI value : 0.0
INFO - Connection DriverName: com.mysql.jdbc.Driver
INFO - Connection url: jdbc:mysql://192.168.1.88:3306/hfcl_gateway?user=developer&password=admin@123
INFO - Connection Established: com.mysql.jdbc.Connection@56f4468b
INFO - Query to be called :-insert into hfcl_kpi(device_id,tag,kpi,current_value,systime,endtime,device_name) value('104','BTS','Total Number Of Calls','494','1524268800','1524355199','BTS 802');
INFO - Inserted: 
INFO - Total Number Of Calls KPI value : 494.0
INFO - Connection DriverName: com.mysql.jdbc.Driver
INFO - Connection url: jdbc:mysql://192.168.1.88:3306/hfcl_gateway?user=developer&password=admin@123
INFO - Connection Established: com.mysql.jdbc.Connection@643b1d11
INFO - Query to be called :-insert into hfcl_kpi(device_id,tag,kpi,current_value,systime,endtime,device_name) value('104','PCU','StartTime','1524268800000','1524268800','1524355199','BTS 802');
INFO - Inserted: 
INFO - Start Time KPI value : 1524268800000
INFO - Connection DriverName: com.mysql.jdbc.Driver
INFO - Connection url: jdbc:mysql://192.168.1.88:3306/hfcl_gateway?user=developer&password=admin@123
INFO - Connection Established: com.mysql.jdbc.Connection@51efea79
INFO - Query to be called :-insert into hfcl_kpi(device_id,tag,kpi,current_value,systime,endtime,device_name) value('104','PCU','End Time','1524355199000','1524268800','1524355199','BTS 802');
INFO - Inserted: 
INFO - End Time KPI value : 1524355199000
INFO - Connection DriverName: com.mysql.jdbc.Driver
INFO - Connection url: jdbc:mysql://192.168.1.88:3306/hfcl_gateway?user=developer&password=admin@123
INFO - Connection Established: com.mysql.jdbc.Connection@7f9a81e8
INFO - Query to be called :-insert into hfcl_kpi(device_id,tag,kpi,current_value,systime,endtime,device_name) value('104','PCU','Total Data Calls','2608','1524268800','1524355199','BTS 802');
INFO - Inserted: 
INFO - Total Data Calls KPI value : 2608.0
INFO - Connection DriverName: com.mysql.jdbc.Driver
INFO - Connection url: jdbc:mysql://192.168.1.88:3306/hfcl_gateway?user=developer&password=admin@123
INFO - Connection Established: com.mysql.jdbc.Connection@58651fd0
INFO - Query to be called :-insert into hfcl_kpi(device_id,tag,kpi,current_value,systime,endtime,device_name) value('104','PCU','Total Downlink Data In KByte','0','1524268800','1524355199','BTS 802');
INFO - Inserted: 
INFO - Total Downlink Data In KByte KPI value : 0.0
INFO - Connection DriverName: com.mysql.jdbc.Driver
INFO - Connection url: jdbc:mysql://192.168.1.88:3306/hfcl_gateway?user=developer&password=admin@123
INFO - Connection Established: com.mysql.jdbc.Connection@d2cc05a
INFO - Query to be called :-insert into hfcl_kpi(device_id,tag,kpi,current_value,systime,endtime,device_name) value('104','PCU','Total Uplink Data In KByte','0','1524268800','1524355199','BTS 802');
INFO - Inserted: 
INFO - Total Uplink Data In KByte KPI Value : 0.0
INFO - Connection DriverName: com.mysql.jdbc.Driver
INFO - Connection url: jdbc:mysql://192.168.1.88:3306/hfcl_gateway?user=developer&password=admin@123
INFO - Connection Established: com.mysql.jdbc.Connection@7c16905e
INFO - Query to be called :-insert into hfcl_kpi(device_id,tag,kpi,current_value,systime,endtime,device_name) value('104','PCU','Downlink Data Throughput In Kbps','0','1524268800','1524355199','BTS 802');
INFO - Inserted: 
INFO - Downlink Data Throughput In Kbps KPI Value : 0.0
INFO - Connection DriverName: com.mysql.jdbc.Driver
INFO - Connection url: jdbc:mysql://192.168.1.88:3306/hfcl_gateway?user=developer&password=admin@123
INFO - Connection Established: com.mysql.jdbc.Connection@68be2bc2
INFO - Query to be called :-insert into hfcl_kpi(device_id,tag,kpi,current_value,systime,endtime,device_name) value('104','PCU','Downlink Data Throughput In Kbps - NR','0','1524268800','1524355199','BTS 802');
INFO - Inserted: 
INFO - Downlink Data Throughput In Kbps - NR KPI Value : 0.0
INFO - Connection DriverName: com.mysql.jdbc.Driver
INFO - Connection url: jdbc:mysql://192.168.1.88:3306/hfcl_gateway?user=developer&password=admin@123
INFO - Connection Established: com.mysql.jdbc.Connection@482f8f11
INFO - Query to be called :-insert into hfcl_kpi(device_id,tag,kpi,current_value,systime,endtime,device_name) value('104','PCU','Downlink Data Throughput In Kbps – DR','6089.32','1524268800','1524355199','BTS 802');
INFO - Inserted: 
INFO - Downlink Data Throughput In Kbps – DR KPI Value : 6089.32
INFO - Connection DriverName: com.mysql.jdbc.Driver
INFO - Connection url: jdbc:mysql://192.168.1.88:3306/hfcl_gateway?user=developer&password=admin@123
INFO - Connection Established: com.mysql.jdbc.Connection@4cc0edeb
INFO - Query to be called :-insert into hfcl_kpi(device_id,tag,kpi,current_value,systime,endtime,device_name) value('104','PCU','Uplink Data Throughput In Kbps','0','1524268800','1524355199','BTS 802');
INFO - Inserted: 
INFO - Uplink Data Throughput In Kbps In Kbps KPI Value : 0.0
INFO - Connection DriverName: com.mysql.jdbc.Driver
INFO - Connection url: jdbc:mysql://192.168.1.88:3306/hfcl_gateway?user=developer&password=admin@123
INFO - Connection Established: com.mysql.jdbc.Connection@724af044
INFO - Query to be called :-insert into hfcl_kpi(device_id,tag,kpi,current_value,systime,endtime,device_name) value('104','PCU','Uplink Data Throughput In Kbps - NR','0','1524268800','1524355199','BTS 802');
INFO - Inserted: 
INFO - Uplink Data Throughput In Kbps - NR KPI Value : 0.0
INFO - Connection DriverName: com.mysql.jdbc.Driver
INFO - Connection url: jdbc:mysql://192.168.1.88:3306/hfcl_gateway?user=developer&password=admin@123
INFO - Connection Established: com.mysql.jdbc.Connection@c038203
INFO - Query to be called :-insert into hfcl_kpi(device_id,tag,kpi,current_value,systime,endtime,device_name) value('104','PCU','Uplink Data Throughput In Kbps - DR','4912.75','1524268800','1524355199','BTS 802');
INFO - Inserted: 
INFO - Uplink Data Throughput In Kbps - DR KPI Value : 4912.75
INFO - Connection DriverName: com.mysql.jdbc.Driver
INFO - Connection url: jdbc:mysql://192.168.1.88:3306/hfcl_gateway?user=developer&password=admin@123
INFO - Connection Established: com.mysql.jdbc.Connection@18be83e4
INFO - Query to be called :-insert into hfcl_kpi(device_id,tag,kpi,current_value,systime,endtime,device_name) value('104','PCU','Egprs Downlink Data Throughput In Kbps','59.29','1524268800','1524355199','BTS 802');
INFO - Inserted: 
INFO - Egprs Downlink Data Throughput In Kbps KPI Value : 59.28017458293972
INFO - Connection DriverName: com.mysql.jdbc.Driver
INFO - Connection url: jdbc:mysql://192.168.1.88:3306/hfcl_gateway?user=developer&password=admin@123
INFO - Connection Established: com.mysql.jdbc.Connection@475530b9
INFO - Query to be called :-insert into hfcl_kpi(device_id,tag,kpi,current_value,systime,endtime,device_name) value('104','PCU','Egprs Downlink Data Throughput In Kbps - NR','0','1524268800','1524355199','BTS 802');
INFO - Inserted: 
INFO - Egprs Downlink Data Throughput In Kbps - NR KPI Value : 0.0
INFO - Connection DriverName: com.mysql.jdbc.Driver
INFO - Connection url: jdbc:mysql://192.168.1.88:3306/hfcl_gateway?user=developer&password=admin@123
INFO - Connection Established: com.mysql.jdbc.Connection@224edc67
INFO - Query to be called :-insert into hfcl_kpi(device_id,tag,kpi,current_value,systime,endtime,device_name) value('104','PCU','Egprs Downlink Data Throughput In Kbps - DR','6065.67','1524268800','1524355199','BTS 802');
INFO - Inserted: 
INFO - Egprs Downlink Data Throughput In Kbps - DR KPI Value : 6065.67
INFO - Connection DriverName: com.mysql.jdbc.Driver
INFO - Connection url: jdbc:mysql://192.168.1.88:3306/hfcl_gateway?user=developer&password=admin@123
INFO - Connection Established: com.mysql.jdbc.Connection@59fa1d9b
INFO - Query to be called :-insert into hfcl_kpi(device_id,tag,kpi,current_value,systime,endtime,device_name) value('104','PCU','Egprs Uplink Data Throughput In Kbps','7.76','1524268800','1524355199','BTS 802');
INFO - Inserted: 
INFO - Egprs Uplink Data Throughput In Kbps KPI Value : 7.756848218474289
INFO - Connection DriverName: com.mysql.jdbc.Driver
INFO - Connection url: jdbc:mysql://192.168.1.88:3306/hfcl_gateway?user=developer&password=admin@123
INFO - Connection Established: com.mysql.jdbc.Connection@5b275dab
INFO - Query to be called :-insert into hfcl_kpi(device_id,tag,kpi,current_value,systime,endtime,device_name) value('104','PCU','Egprs Uplink Data Throughput In Kbps - NR','0','1524268800','1524355199','BTS 802');
INFO - Inserted: 
INFO - Egprs Uplink Data Throughput In Kbps - NR KPI Value : 0.0
INFO - Connection DriverName: com.mysql.jdbc.Driver
INFO - Connection url: jdbc:mysql://192.168.1.88:3306/hfcl_gateway?user=developer&password=admin@123
INFO - Connection Established: com.mysql.jdbc.Connection@5e5792a0
INFO - Query to be called :-insert into hfcl_kpi(device_id,tag,kpi,current_value,systime,endtime,device_name) value('104','PCU','Egprs Uplink Data Throughput In Kbps - DR','6065.67','1524268800','1524355199','BTS 802');
INFO - Inserted: 
INFO - Egprs Uplink Data Throughput In Kbps - DR KPI Value : 6065.67
INFO - Connection DriverName: com.mysql.jdbc.Driver
INFO - Connection url: jdbc:mysql://192.168.1.88:3306/hfcl_gateway?user=developer&password=admin@123
INFO - Connection Established: com.mysql.jdbc.Connection@ae45eb6
INFO - Query to be called :-insert into hfcl_kpi(device_id,tag,kpi,current_value,systime,endtime,device_name) value('104','PCU','Gprs Downlink Data Throughput In Kbps','1.85','1524268800','1524355199','BTS 802');
INFO - Inserted: 
INFO - Gprs Downlink Data Throughput In Kbps KPI Value : 1.8403144820295982
INFO - Connection DriverName: com.mysql.jdbc.Driver
INFO - Connection url: jdbc:mysql://192.168.1.88:3306/hfcl_gateway?user=developer&password=admin@123
INFO - Connection Established: com.mysql.jdbc.Connection@47c62251
INFO - Query to be called :-insert into hfcl_kpi(device_id,tag,kpi,current_value,systime,endtime,device_name) value('104','PCU','Gprs Downlink Data Throughput In Kbps - NR','0','1524268800','1524355199','BTS 802');
INFO - Inserted: 
INFO - Gprs Downlink Data Throughput In Kbps - NR KPI Value : 0.0
INFO - Connection DriverName: com.mysql.jdbc.Driver
INFO - Connection url: jdbc:mysql://192.168.1.88:3306/hfcl_gateway?user=developer&password=admin@123
INFO - Connection Established: com.mysql.jdbc.Connection@1e88b3c
INFO - Query to be called :-insert into hfcl_kpi(device_id,tag,kpi,current_value,systime,endtime,device_name) value('104','PCU','Gprs Downlink Data Throughput In Kbps - DR','23.65','1524268800','1524355199','BTS 802');
INFO - Inserted: 
INFO - Gprs Downlink Data Throughput In Kbps - DR KPI Value : 23.65
INFO - Connection DriverName: com.mysql.jdbc.Driver
INFO - Connection url: jdbc:mysql://192.168.1.88:3306/hfcl_gateway?user=developer&password=admin@123
INFO - Connection Established: com.mysql.jdbc.Connection@5e3a8624
INFO - Query to be called :-insert into hfcl_kpi(device_id,tag,kpi,current_value,systime,endtime,device_name) value('104','PCU','Gprs Uplink Data Throughput In Kbps','0.97','1524268800','1524355199','BTS 802');
INFO - Inserted: 
INFO - Gprs Uplink Data Throughput In Kbps KPI Value : 0.9642695854725233
INFO - Connection DriverName: com.mysql.jdbc.Driver
INFO - Connection url: jdbc:mysql://192.168.1.88:3306/hfcl_gateway?user=developer&password=admin@123
INFO - Connection Established: com.mysql.jdbc.Connection@6a4f787b
INFO - Query to be called :-insert into hfcl_kpi(device_id,tag,kpi,current_value,systime,endtime,device_name) value('104','PCU','Gprs Uplink Data Throughput In Kbps - NR','0','1524268800','1524355199','BTS 802');
INFO - Inserted: 
INFO - Gprs Uplink Data Throughput In Kbps - NR KPI Value : 0.0
INFO - Connection DriverName: com.mysql.jdbc.Driver
INFO - Connection url: jdbc:mysql://192.168.1.88:3306/hfcl_gateway?user=developer&password=admin@123
INFO - Connection Established: com.mysql.jdbc.Connection@6d4b1c02
INFO - Query to be called :-insert into hfcl_kpi(device_id,tag,kpi,current_value,systime,endtime,device_name) value('104','PCU','Gprs Uplink Data Throughput In Kbps - DR','52.59','1524268800','1524355199','BTS 802');
INFO - Inserted: 
INFO - Gprs Uplink Data Throughput In Kbps - DR KPI Value : 52.59
INFO - Connection DriverName: com.mysql.jdbc.Driver
INFO - Connection url: jdbc:mysql://192.168.1.88:3306/hfcl_gateway?user=developer&password=admin@123
INFO - Connection Established: com.mysql.jdbc.Connection@7d9d1a19
INFO - Query to be called :-insert into hfcl_kpi(device_id,tag,kpi,current_value,systime,endtime,device_name) value('104','PCU','Gprs Uplink Tbf Blocking Rate','0','1524268800','1524355199','BTS 802');
INFO - Inserted: 
INFO - Gprs Uplink Tbf Blocking Rate KPI Value : 0.0
INFO - Connection DriverName: com.mysql.jdbc.Driver
INFO - Connection url: jdbc:mysql://192.168.1.88:3306/hfcl_gateway?user=developer&password=admin@123
INFO - Connection Established: com.mysql.jdbc.Connection@57baeedf
INFO - Query to be called :-insert into hfcl_kpi(device_id,tag,kpi,current_value,systime,endtime,device_name) value('104','PCU','Gprs Uplink Tbf Blocking Rate - NR','0','1524268800','1524355199','BTS 802');
INFO - Inserted: 
INFO - Gprs Uplink Tbf Blocking Rate KPI Value : 0.0
INFO - Connection DriverName: com.mysql.jdbc.Driver
INFO - Connection url: jdbc:mysql://192.168.1.88:3306/hfcl_gateway?user=developer&password=admin@123
INFO - Connection Established: com.mysql.jdbc.Connection@548e7350
INFO - Query to be called :-insert into hfcl_kpi(device_id,tag,kpi,current_value,systime,endtime,device_name) value('104','PCU','Gprs Uplink Tbf Blocking Rate - DR','263','1524268800','1524355199','BTS 802');
INFO - Inserted: 
INFO - Gprs Uplink Tbf Blocking Rate - DR KPI Value : 263.0
INFO - Connection DriverName: com.mysql.jdbc.Driver
INFO - Connection url: jdbc:mysql://192.168.1.88:3306/hfcl_gateway?user=developer&password=admin@123
INFO - Connection Established: com.mysql.jdbc.Connection@204f30ec
INFO - Query to be called :-insert into hfcl_kpi(device_id,tag,kpi,current_value,systime,endtime,device_name) value('104','PCU','Gprs Downlink Tbf Blocking Rate','0','1524268800','1524355199','BTS 802');
INFO - Inserted: 
INFO - Gprs Downlink Tbf Blocking Rate KPI Value : 0.0
INFO - Connection DriverName: com.mysql.jdbc.Driver
INFO - Connection url: jdbc:mysql://192.168.1.88:3306/hfcl_gateway?user=developer&password=admin@123
INFO - Connection Established: com.mysql.jdbc.Connection@4dfa3a9d
INFO - Query to be called :-insert into hfcl_kpi(device_id,tag,kpi,current_value,systime,endtime,device_name) value('104','PCU','Gprs Downlink Tbf Blocking Rate - NR','0','1524268800','1524355199','BTS 802');
INFO - Inserted: 
INFO - Gprs Downlink Tbf Blocking Rate - NR Rate KPI Value : 0.0
INFO - Connection DriverName: com.mysql.jdbc.Driver
INFO - Connection url: jdbc:mysql://192.168.1.88:3306/hfcl_gateway?user=developer&password=admin@123
INFO - Connection Established: com.mysql.jdbc.Connection@13deb50e
INFO - Query to be called :-insert into hfcl_kpi(device_id,tag,kpi,current_value,systime,endtime,device_name) value('104','PCU','Gprs Downlink Tbf Blocking Rate - DR','180','1524268800','1524355199','BTS 802');
INFO - Inserted: 
INFO - Gprs Downlink Tbf Blocking Rate - DR KPI Value : 180.0
INFO - Connection DriverName: com.mysql.jdbc.Driver
INFO - Connection url: jdbc:mysql://192.168.1.88:3306/hfcl_gateway?user=developer&password=admin@123
INFO - Connection Established: com.mysql.jdbc.Connection@31ef45e3
INFO - Query to be called :-insert into hfcl_kpi(device_id,tag,kpi,current_value,systime,endtime,device_name) value('104','PCU','Egprs Downlink Tbf Blocking Rate','0','1524268800','1524355199','BTS 802');
INFO - Inserted: 
INFO - Egprs Downlink Tbf Blocking Rate KPI Value : 0.0
INFO - Connection DriverName: com.mysql.jdbc.Driver
INFO - Connection url: jdbc:mysql://192.168.1.88:3306/hfcl_gateway?user=developer&password=admin@123
INFO - Connection Established: com.mysql.jdbc.Connection@5f341870
INFO - Query to be called :-insert into hfcl_kpi(device_id,tag,kpi,current_value,systime,endtime,device_name) value('104','PCU','Egprs Downlink Tbf Blocking Rate - NR','0','1524268800','1524355199','BTS 802');
INFO - Inserted: 
INFO - Egprs Downlink Tbf Blocking Rate - NR Rate KPI Value : 0.0
INFO - Connection DriverName: com.mysql.jdbc.Driver
INFO - Connection url: jdbc:mysql://192.168.1.88:3306/hfcl_gateway?user=developer&password=admin@123
INFO - Connection Established: com.mysql.jdbc.Connection@589838eb
INFO - Query to be called :-insert into hfcl_kpi(device_id,tag,kpi,current_value,systime,endtime,device_name) value('104','PCU','Egprs Downlink Tbf Blocking Rate - DR','2242','1524268800','1524355199','BTS 802');
INFO - Inserted: 
INFO - Egprs Downlink Tbf Blocking Rate - DR Rate KPI Value : 2242.0
INFO - Connection DriverName: com.mysql.jdbc.Driver
INFO - Connection url: jdbc:mysql://192.168.1.88:3306/hfcl_gateway?user=developer&password=admin@123
INFO - Connection Established: com.mysql.jdbc.Connection@59ec2012
INFO - Query to be called :-insert into hfcl_kpi(device_id,tag,kpi,current_value,systime,endtime,device_name) value('104','PCU','Egprs uplink Tbf Blocking Rate','0','1524268800','1524355199','BTS 802');
INFO - Inserted: 
INFO - Egprs uplink Tbf Blocking Rate KPI Value : 0.0
INFO - Connection DriverName: com.mysql.jdbc.Driver
INFO - Connection url: jdbc:mysql://192.168.1.88:3306/hfcl_gateway?user=developer&password=admin@123
INFO - Connection Established: com.mysql.jdbc.Connection@73ad2d6
INFO - Query to be called :-insert into hfcl_kpi(device_id,tag,kpi,current_value,systime,endtime,device_name) value('104','PCU','Egprs uplink Tbf Blocking Rate - NR','0','1524268800','1524355199','BTS 802');
INFO - Inserted: 
INFO - Egprs uplink Tbf Blocking Rate - NR Rate KPI Value : 0.0
INFO - Connection DriverName: com.mysql.jdbc.Driver
INFO - Connection url: jdbc:mysql://192.168.1.88:3306/hfcl_gateway?user=developer&password=admin@123
INFO - Connection Established: com.mysql.jdbc.Connection@6fd02e5
INFO - Query to be called :-insert into hfcl_kpi(device_id,tag,kpi,current_value,systime,endtime,device_name) value('104','PCU','Egprs uplink Tbf Blocking Rate - DR','2210','1524268800','1524355199','BTS 802');
INFO - Inserted: 
INFO - Egprs uplink Tbf Blocking Rate - DR Rate KPI Value : 2210.0
INFO - Exception occur in getting devices.
INFO - Exception occur in getting devices.
INFO - Exception occur in getting devices.
INFO - Exception occur in getting devices.
INFO - Exception occur in getting devices.
INFO - Exception occur in getting devices.
INFO - Exception occur in getting devices.
INFO - Exception occur in getting devices.
INFO - Exception occur in getting devices.
INFO - Exception occur in getting devices.
INFO - Exception occur in getting devices.
INFO - Exception occur in getting devices.
INFO - Exception occur in getting devices.
INFO - Exception occur in getting devices.
INFO - Exception occur in getting devices.
INFO - Exception occur in getting devices.
INFO - Exception occur in getting devices.
INFO - Exception occur in getting devices.
INFO - Exception occur in getting devices.
INFO - Exception occur in getting devices.
INFO - Exception occur in getting devices.
INFO - Exception occur in getting devices.
INFO - Exception occur in getting devices.
INFO - Exception occur in getting devices.
INFO - Exception occur in getting devices.
INFO - Exception occur in getting devices.
INFO - 
 ** Api Url:http://192.168.1.88:7878/XFusionPlatform/performance/service/multipledevices/get/many
INFO - Para:   end_date=1524355199000&device_id=105&from_date=1524268800000&service_name= &access_key=d3cd4e3f-5946-11e6-9bb0-fe984cc15272&data_source= 
INFO - Response Code is:   200
INFO - Exception occur in getting devices.
INFO - Connection DriverName: com.mysql.jdbc.Driver
INFO - Connection url: jdbc:mysql://192.168.1.88:3306/hfcl_gateway?user=developer&password=admin@123
INFO - Connection Established: com.mysql.jdbc.Connection@2d928643
INFO - Query to be called :-insert into hfcl_kpi(device_id,tag,kpi,current_value,systime,endtime,device_name) value('105','BTS','End Time','1524355199000','1524268800','1524355199','BTS 803');
INFO - Inserted: 
INFO - End Time KPI value : 1524355199000
INFO - Connection DriverName: com.mysql.jdbc.Driver
INFO - Connection url: jdbc:mysql://192.168.1.88:3306/hfcl_gateway?user=developer&password=admin@123
INFO - Connection Established: com.mysql.jdbc.Connection@192b07fd
INFO - Query to be called :-insert into hfcl_kpi(device_id,tag,kpi,current_value,systime,endtime,device_name) value('105','BTS','Call Setup Success Rate','0.99','1524268800','1524355199','BTS 803');
INFO - Inserted: 
INFO - Call Setup Success Rate KPI value : 0.9885057471264368
INFO - Connection DriverName: com.mysql.jdbc.Driver
INFO - Connection url: jdbc:mysql://192.168.1.88:3306/hfcl_gateway?user=developer&password=admin@123
INFO - Connection Established: com.mysql.jdbc.Connection@148080bb
INFO - Query to be called :-insert into hfcl_kpi(device_id,tag,kpi,current_value,systime,endtime,device_name) value('105','BTS','Call Setup Success Rate - NR','86','1524268800','1524355199','BTS 803');
INFO - Inserted: 
INFO - Call Setup Success Rate - NR KPI value : 86.0
INFO - Connection DriverName: com.mysql.jdbc.Driver
INFO - Connection url: jdbc:mysql://192.168.1.88:3306/hfcl_gateway?user=developer&password=admin@123
INFO - Connection Established: com.mysql.jdbc.Connection@7e0b0338
INFO - Query to be called :-insert into hfcl_kpi(device_id,tag,kpi,current_value,systime,endtime,device_name) value('105','BTS','Call Setup Success Rate - DR','87','1524268800','1524355199','BTS 803');
INFO - Inserted: 
INFO - Call Setup Success Rate - DR KPI value : 87.0
INFO - Exception occur in getting devices.
INFO - Connection DriverName: com.mysql.jdbc.Driver
INFO - Connection url: jdbc:mysql://192.168.1.88:3306/hfcl_gateway?user=developer&password=admin@123
INFO - Connection Established: com.mysql.jdbc.Connection@3c0f93f1
INFO - Query to be called :-insert into hfcl_kpi(device_id,tag,kpi,current_value,systime,endtime,device_name) value('105','BTS','SDCCH Drop Rate','0','1524268800','1524355199','BTS 803');
INFO - Inserted: 
INFO - SDCCH Drop Rate KPI value : 9.000900090009E-4
INFO - Connection DriverName: com.mysql.jdbc.Driver
INFO - Connection url: jdbc:mysql://192.168.1.88:3306/hfcl_gateway?user=developer&password=admin@123
INFO - Connection Established: com.mysql.jdbc.Connection@71318ec4
INFO - Query to be called :-insert into hfcl_kpi(device_id,tag,kpi,current_value,systime,endtime,device_name) value('105','BTS','SDCCH Drop Rate - NR','1','1524268800','1524355199','BTS 803');
INFO - Inserted: 
INFO - SDCCH Drop Rate - NR KPI value : 1.0
INFO - Connection DriverName: com.mysql.jdbc.Driver
INFO - Connection url: jdbc:mysql://192.168.1.88:3306/hfcl_gateway?user=developer&password=admin@123
INFO - Connection Established: com.mysql.jdbc.Connection@4e1d422d
INFO - Query to be called :-insert into hfcl_kpi(device_id,tag,kpi,current_value,systime,endtime,device_name) value('105','BTS','SDCCH Drop Rate - DR','1111','1524268800','1524355199','BTS 803');
INFO - Inserted: 
INFO - SDCCH Drop Rate - DR KPI value : 1111.0
INFO - Connection DriverName: com.mysql.jdbc.Driver
INFO - Connection url: jdbc:mysql://192.168.1.88:3306/hfcl_gateway?user=developer&password=admin@123
INFO - Connection Established: com.mysql.jdbc.Connection@78c03f1f
INFO - Query to be called :-insert into hfcl_kpi(device_id,tag,kpi,current_value,systime,endtime,device_name) value('105','BTS','Immediate Assignment Procedure Success Rate','0.94','1524268800','1524355199','BTS 803');
INFO - Inserted: 
INFO - Immediate Assignment Procedure Success Rate KPI value : 0.9351851851851852
INFO - Connection DriverName: com.mysql.jdbc.Driver
INFO - Connection url: jdbc:mysql://192.168.1.88:3306/hfcl_gateway?user=developer&password=admin@123
INFO - Connection Established: com.mysql.jdbc.Connection@2ac273d3
INFO - Query to be called :-insert into hfcl_kpi(device_id,tag,kpi,current_value,systime,endtime,device_name) value('105','BTS','Immediate Assignment Procedure Success Rate - NR','1111','1524268800','1524355199','BTS 803');
INFO - Inserted: 
INFO - Immediate Assignment Procedure Success Rate - NR KPI value : 1111.0
INFO - Connection DriverName: com.mysql.jdbc.Driver
INFO - Connection url: jdbc:mysql://192.168.1.88:3306/hfcl_gateway?user=developer&password=admin@123
INFO - Connection Established: com.mysql.jdbc.Connection@56235b8e
INFO - Query to be called :-insert into hfcl_kpi(device_id,tag,kpi,current_value,systime,endtime,device_name) value('105','BTS','Immediate Assignment Procedure Success Rate - DR','1188','1524268800','1524355199','BTS 803');
INFO - Inserted: 
INFO - Immediate Assignment Procedure Success Rate - DR KPI value : 1188.0
INFO - Connection DriverName: com.mysql.jdbc.Driver
INFO - Connection url: jdbc:mysql://192.168.1.88:3306/hfcl_gateway?user=developer&password=admin@123
INFO - Connection Established: com.mysql.jdbc.Connection@4e9ba398
INFO - Query to be called :-insert into hfcl_kpi(device_id,tag,kpi,current_value,systime,endtime,device_name) value('105','BTS','SDCCH Blocking Count','0','1524268800','1524355199','BTS 803');
INFO - Inserted: 
INFO - SDCCH Blocking Count KPI value : 0.0
INFO - Exception occur in getting devices.
INFO - Exception occur in getting devices.
INFO - Connection DriverName: com.mysql.jdbc.Driver
INFO - Connection url: jdbc:mysql://192.168.1.88:3306/hfcl_gateway?user=developer&password=admin@123
INFO - Connection Established: com.mysql.jdbc.Connection@5f9d02cb
INFO - Query to be called :-insert into hfcl_kpi(device_id,tag,kpi,current_value,systime,endtime,device_name) value('105','BTS','SDCCH Blocking Rate - DR','708','1524268800','1524355199','BTS 803');
INFO - Inserted: 
INFO - SDCCH Blocking Rate - DR KPI value : 708.0
INFO - Connection DriverName: com.mysql.jdbc.Driver
INFO - Connection url: jdbc:mysql://192.168.1.88:3306/hfcl_gateway?user=developer&password=admin@123
INFO - Connection Established: com.mysql.jdbc.Connection@520a3426
INFO - Query to be called :-insert into hfcl_kpi(device_id,tag,kpi,current_value,systime,endtime,device_name) value('105','BTS','TCH Blocking Count','0','1524268800','1524355199','BTS 803');
INFO - Inserted: 
INFO - TCH Blocking Count KPI value : 0.0
INFO - Exception occur in getting devices.
INFO - Connection DriverName: com.mysql.jdbc.Driver
INFO - Connection url: jdbc:mysql://192.168.1.88:3306/hfcl_gateway?user=developer&password=admin@123
INFO - Connection Established: com.mysql.jdbc.Connection@185d8b6
INFO - Query to be called :-insert into hfcl_kpi(device_id,tag,kpi,current_value,systime,endtime,device_name) value('105','BTS','TCH Blocking Rate - NR','0','1524268800','1524355199','BTS 803');
INFO - Inserted: 
INFO - TCH Blocking Rate - NR KPI value : 0.0
INFO - Exception occur in getting devices.
INFO - Connection DriverName: com.mysql.jdbc.Driver
INFO - Connection url: jdbc:mysql://192.168.1.88:3306/hfcl_gateway?user=developer&password=admin@123
INFO - Connection Established: com.mysql.jdbc.Connection@2b2948e2
INFO - Query to be called :-insert into hfcl_kpi(device_id,tag,kpi,current_value,systime,endtime,device_name) value('105','BTS','Number Of SDCCH Assignment Attempts','1188','1524268800','1524355199','BTS 803');
INFO - Inserted: 
INFO - Number Of SDCCH Assignment Attempts KPI value : 1188.0
INFO - Connection DriverName: com.mysql.jdbc.Driver
INFO - Connection url: jdbc:mysql://192.168.1.88:3306/hfcl_gateway?user=developer&password=admin@123
INFO - Connection Established: com.mysql.jdbc.Connection@5a8e6209
INFO - Query to be called :-insert into hfcl_kpi(device_id,tag,kpi,current_value,systime,endtime,device_name) value('105','BTS','Number Of Successful SDCCH Assignments','1111','1524268800','1524355199','BTS 803');
INFO - Inserted: 
INFO - Number Of Successful SDCCH Assignments KPI value : 1111.0
INFO - Connection DriverName: com.mysql.jdbc.Driver
INFO - Connection url: jdbc:mysql://192.168.1.88:3306/hfcl_gateway?user=developer&password=admin@123
INFO - Connection Established: com.mysql.jdbc.Connection@1f28c152
INFO - Query to be called :-insert into hfcl_kpi(device_id,tag,kpi,current_value,systime,endtime,device_name) value('105','BTS','Total Voice Call Minutes','370.34','1524268800','1524355199','BTS 803');
INFO - Inserted: 
INFO - Total Voice Call Minutes KPI value : 370.336
INFO - Exception occur in getting devices.
INFO - Connection DriverName: com.mysql.jdbc.Driver
INFO - Connection url: jdbc:mysql://192.168.1.88:3306/hfcl_gateway?user=developer&password=admin@123
INFO - Connection Established: com.mysql.jdbc.Connection@1d16f93d
INFO - Query to be called :-insert into hfcl_kpi(device_id,tag,kpi,current_value,systime,endtime,device_name) value('105','BTS','SDCCH8 Blocking Count','0','1524268800','1524355199','BTS 803');
INFO - Inserted: 
INFO - SDCCH8 Blocking Count KPI value : 0.0
INFO - Connection DriverName: com.mysql.jdbc.Driver
INFO - Connection url: jdbc:mysql://192.168.1.88:3306/hfcl_gateway?user=developer&password=admin@123
INFO - Connection Established: com.mysql.jdbc.Connection@4f970963
INFO - Query to be called :-insert into hfcl_kpi(device_id,tag,kpi,current_value,systime,endtime,device_name) value('105','BTS','Number Of Radio Connection Failures SDCCH4','0','1524268800','1524355199','BTS 803');
INFO - Inserted: 
INFO - Number Of Radio Connection Failures SDCCH4 KPI value : 0.0
INFO - Connection DriverName: com.mysql.jdbc.Driver
INFO - Connection url: jdbc:mysql://192.168.1.88:3306/hfcl_gateway?user=developer&password=admin@123
INFO - Connection Established: com.mysql.jdbc.Connection@7fac631b
INFO - Query to be called :-insert into hfcl_kpi(device_id,tag,kpi,current_value,systime,endtime,device_name) value('105','BTS','Number Of Radio Connection Failures TCH_H','27','1524268800','1524355199','BTS 803');
INFO - Inserted: 
INFO - Number Of Radio Connection Failures TCH_H KPI value : 27.0
INFO - Connection DriverName: com.mysql.jdbc.Driver
INFO - Connection url: jdbc:mysql://192.168.1.88:3306/hfcl_gateway?user=developer&password=admin@123
INFO - Connection Established: com.mysql.jdbc.Connection@47ef968d
INFO - Query to be called :-insert into hfcl_kpi(device_id,tag,kpi,current_value,systime,endtime,device_name) value('105','BTS','Number Of Radio Connection Failures TCH_F','20','1524268800','1524355199','BTS 803');
INFO - Inserted: 
INFO - Number Of Radio Connection Failures TCH_F KPI value : 20.0
INFO - Connection DriverName: com.mysql.jdbc.Driver
INFO - Connection url: jdbc:mysql://192.168.1.88:3306/hfcl_gateway?user=developer&password=admin@123
INFO - Connection Established: com.mysql.jdbc.Connection@610694f1
INFO - Query to be called :-insert into hfcl_kpi(device_id,tag,kpi,current_value,systime,endtime,device_name) value('105','BTS','Number Of SDCCH4 Assignment Attempts','0','1524268800','1524355199','BTS 803');
INFO - Inserted: 
INFO - Number Of SDCCH4 Assignment Attempts  KPI value : 0.0
INFO - Connection DriverName: com.mysql.jdbc.Driver
INFO - Connection url: jdbc:mysql://192.168.1.88:3306/hfcl_gateway?user=developer&password=admin@123
INFO - Connection Established: com.mysql.jdbc.Connection@627551fb
INFO - Query to be called :-insert into hfcl_kpi(device_id,tag,kpi,current_value,systime,endtime,device_name) value('105','BTS','Number Of SDCCH4 Assignment Success','0','1524268800','1524355199','BTS 803');
INFO - Inserted: 
INFO - Number Of SDCCH4 Assignment Success KPI value : 0.0
INFO - Connection DriverName: com.mysql.jdbc.Driver
INFO - Connection url: jdbc:mysql://192.168.1.88:3306/hfcl_gateway?user=developer&password=admin@123
INFO - Connection Established: com.mysql.jdbc.Connection@578486a3
INFO - Query to be called :-insert into hfcl_kpi(device_id,tag,kpi,current_value,systime,endtime,device_name) value('105','BTS','Number Of SDCCH8 Assignment Attempts','1188','1524268800','1524355199','BTS 803');
INFO - Inserted: 
INFO - Number Of SDCCH8 Assignment Attempts KPI value : 1188.0
INFO - Connection DriverName: com.mysql.jdbc.Driver
INFO - Connection url: jdbc:mysql://192.168.1.88:3306/hfcl_gateway?user=developer&password=admin@123
INFO - Connection Established: com.mysql.jdbc.Connection@6ebc05a6
INFO - Query to be called :-insert into hfcl_kpi(device_id,tag,kpi,current_value,systime,endtime,device_name) value('105','BTS','Number Of SDCCH8 Assignment Success','1111','1524268800','1524355199','BTS 803');
INFO - Inserted: 
INFO - Number Of SDCCH8 Assignment Success KPI value : 1111.0
INFO - Connection DriverName: com.mysql.jdbc.Driver
INFO - Connection url: jdbc:mysql://192.168.1.88:3306/hfcl_gateway?user=developer&password=admin@123
INFO - Connection Established: com.mysql.jdbc.Connection@32709393
INFO - Query to be called :-insert into hfcl_kpi(device_id,tag,kpi,current_value,systime,endtime,device_name) value('105','BTS','SDCCH4 Blocking Count','0','1524268800','1524355199','BTS 803');
INFO - Inserted: 
INFO - SDCCH4 Blocking Count KPI value : 0.0
INFO - Connection DriverName: com.mysql.jdbc.Driver
INFO - Connection url: jdbc:mysql://192.168.1.88:3306/hfcl_gateway?user=developer&password=admin@123
INFO - Connection Established: com.mysql.jdbc.Connection@3a883ce7
INFO - Query to be called :-insert into hfcl_kpi(device_id,tag,kpi,current_value,systime,endtime,device_name) value('105','BTS','TCH_H Blocking Count','0','1524268800','1524355199','BTS 803');
INFO - Inserted: 
INFO - TCH_H Blocking Count KPI value : 0.0
INFO - Connection DriverName: com.mysql.jdbc.Driver
INFO - Connection url: jdbc:mysql://192.168.1.88:3306/hfcl_gateway?user=developer&password=admin@123
INFO - Connection Established: com.mysql.jdbc.Connection@22a67b4
INFO - Query to be called :-insert into hfcl_kpi(device_id,tag,kpi,current_value,systime,endtime,device_name) value('105','BTS','TCH_F Blocking Count','0','1524268800','1524355199','BTS 803');
INFO - Inserted: 
INFO - TCH_F Blocking Count KPI value : 0.0
INFO - Connection DriverName: com.mysql.jdbc.Driver
INFO - Connection url: jdbc:mysql://192.168.1.88:3306/hfcl_gateway?user=developer&password=admin@123
INFO - Connection Established: com.mysql.jdbc.Connection@63e2203c
INFO - Query to be called :-insert into hfcl_kpi(device_id,tag,kpi,current_value,systime,endtime,device_name) value('105','BTS','Total Number Of Calls','172','1524268800','1524355199','BTS 803');
INFO - Inserted: 
INFO - Total Number Of Calls KPI value : 172.0
INFO - Connection DriverName: com.mysql.jdbc.Driver
INFO - Connection url: jdbc:mysql://192.168.1.88:3306/hfcl_gateway?user=developer&password=admin@123
INFO - Connection Established: com.mysql.jdbc.Connection@a7e666
INFO - Query to be called :-insert into hfcl_kpi(device_id,tag,kpi,current_value,systime,endtime,device_name) value('105','PCU','StartTime','1524268800000','1524268800','1524355199','BTS 803');
INFO - Inserted: 
INFO - Start Time KPI value : 1524268800000
INFO - Connection DriverName: com.mysql.jdbc.Driver
INFO - Connection url: jdbc:mysql://192.168.1.88:3306/hfcl_gateway?user=developer&password=admin@123
INFO - Connection Established: com.mysql.jdbc.Connection@4bbfb90a
INFO - Query to be called :-insert into hfcl_kpi(device_id,tag,kpi,current_value,systime,endtime,device_name) value('105','PCU','End Time','1524355199000','1524268800','1524355199','BTS 803');
INFO - Inserted: 
INFO - End Time KPI value : 1524355199000
INFO - Connection DriverName: com.mysql.jdbc.Driver
INFO - Connection url: jdbc:mysql://192.168.1.88:3306/hfcl_gateway?user=developer&password=admin@123
INFO - Connection Established: com.mysql.jdbc.Connection@6c49835d
INFO - Query to be called :-insert into hfcl_kpi(device_id,tag,kpi,current_value,systime,endtime,device_name) value('105','PCU','Total Data Calls','1031','1524268800','1524355199','BTS 803');
INFO - Inserted: 
INFO - Total Data Calls KPI value : 1031.0
INFO - Connection DriverName: com.mysql.jdbc.Driver
INFO - Connection url: jdbc:mysql://192.168.1.88:3306/hfcl_gateway?user=developer&password=admin@123
INFO - Connection Established: com.mysql.jdbc.Connection@5d76b067
INFO - Query to be called :-insert into hfcl_kpi(device_id,tag,kpi,current_value,systime,endtime,device_name) value('105','PCU','Total Downlink Data In KByte','0','1524268800','1524355199','BTS 803');
INFO - Inserted: 
INFO - Total Downlink Data In KByte KPI value : 0.0
INFO - Connection DriverName: com.mysql.jdbc.Driver
INFO - Connection url: jdbc:mysql://192.168.1.88:3306/hfcl_gateway?user=developer&password=admin@123
INFO - Connection Established: com.mysql.jdbc.Connection@76707e36
INFO - Query to be called :-insert into hfcl_kpi(device_id,tag,kpi,current_value,systime,endtime,device_name) value('105','PCU','Total Uplink Data In KByte','0','1524268800','1524355199','BTS 803');
INFO - Inserted: 
INFO - Total Uplink Data In KByte KPI Value : 0.0
INFO - Connection DriverName: com.mysql.jdbc.Driver
INFO - Connection url: jdbc:mysql://192.168.1.88:3306/hfcl_gateway?user=developer&password=admin@123
INFO - Connection Established: com.mysql.jdbc.Connection@1c3a4799
INFO - Query to be called :-insert into hfcl_kpi(device_id,tag,kpi,current_value,systime,endtime,device_name) value('105','PCU','Downlink Data Throughput In Kbps','0','1524268800','1524355199','BTS 803');
INFO - Inserted: 
INFO - Downlink Data Throughput In Kbps KPI Value : 0.0
INFO - Connection DriverName: com.mysql.jdbc.Driver
INFO - Connection url: jdbc:mysql://192.168.1.88:3306/hfcl_gateway?user=developer&password=admin@123
INFO - Connection Established: com.mysql.jdbc.Connection@711f39f9
INFO - Query to be called :-insert into hfcl_kpi(device_id,tag,kpi,current_value,systime,endtime,device_name) value('105','PCU','Downlink Data Throughput In Kbps - NR','0','1524268800','1524355199','BTS 803');
INFO - Inserted: 
INFO - Downlink Data Throughput In Kbps - NR KPI Value : 0.0
INFO - Connection DriverName: com.mysql.jdbc.Driver
INFO - Connection url: jdbc:mysql://192.168.1.88:3306/hfcl_gateway?user=developer&password=admin@123
INFO - Connection Established: com.mysql.jdbc.Connection@d44fc21
INFO - Query to be called :-insert into hfcl_kpi(device_id,tag,kpi,current_value,systime,endtime,device_name) value('105','PCU','Downlink Data Throughput In Kbps – DR','749.39','1524268800','1524355199','BTS 803');
INFO - Inserted: 
INFO - Downlink Data Throughput In Kbps – DR KPI Value : 749.39
INFO - Connection DriverName: com.mysql.jdbc.Driver
INFO - Connection url: jdbc:mysql://192.168.1.88:3306/hfcl_gateway?user=developer&password=admin@123
INFO - Connection Established: com.mysql.jdbc.Connection@64729b1e
INFO - Query to be called :-insert into hfcl_kpi(device_id,tag,kpi,current_value,systime,endtime,device_name) value('105','PCU','Uplink Data Throughput In Kbps','0','1524268800','1524355199','BTS 803');
INFO - Inserted: 
INFO - Uplink Data Throughput In Kbps In Kbps KPI Value : 0.0
INFO - Connection DriverName: com.mysql.jdbc.Driver
INFO - Connection url: jdbc:mysql://192.168.1.88:3306/hfcl_gateway?user=developer&password=admin@123
INFO - Connection Established: com.mysql.jdbc.Connection@184f6be2
INFO - Query to be called :-insert into hfcl_kpi(device_id,tag,kpi,current_value,systime,endtime,device_name) value('105','PCU','Uplink Data Throughput In Kbps - NR','0','1524268800','1524355199','BTS 803');
INFO - Inserted: 
INFO - Uplink Data Throughput In Kbps - NR KPI Value : 0.0
INFO - Connection DriverName: com.mysql.jdbc.Driver
INFO - Connection url: jdbc:mysql://192.168.1.88:3306/hfcl_gateway?user=developer&password=admin@123
INFO - Connection Established: com.mysql.jdbc.Connection@396f6598
INFO - Query to be called :-insert into hfcl_kpi(device_id,tag,kpi,current_value,systime,endtime,device_name) value('105','PCU','Uplink Data Throughput In Kbps - DR','2538.97','1524268800','1524355199','BTS 803');
INFO - Inserted: 
INFO - Uplink Data Throughput In Kbps - DR KPI Value : 2538.97
INFO - Connection DriverName: com.mysql.jdbc.Driver
INFO - Connection url: jdbc:mysql://192.168.1.88:3306/hfcl_gateway?user=developer&password=admin@123
INFO - Connection Established: com.mysql.jdbc.Connection@5f282abb
INFO - Query to be called :-insert into hfcl_kpi(device_id,tag,kpi,current_value,systime,endtime,device_name) value('105','PCU','Egprs Downlink Data Throughput In Kbps','17.25','1524268800','1524355199','BTS 803');
INFO - Inserted: 
INFO - Egprs Downlink Data Throughput In Kbps KPI Value : 17.248967006769625
INFO - Connection DriverName: com.mysql.jdbc.Driver
INFO - Connection url: jdbc:mysql://192.168.1.88:3306/hfcl_gateway?user=developer&password=admin@123
INFO - Connection Established: com.mysql.jdbc.Connection@53f65459
INFO - Query to be called :-insert into hfcl_kpi(device_id,tag,kpi,current_value,systime,endtime,device_name) value('105','PCU','Egprs Downlink Data Throughput In Kbps - NR','0','1524268800','1524355199','BTS 803');
INFO - Inserted: 
INFO - Egprs Downlink Data Throughput In Kbps - NR KPI Value : 0.0
INFO - Connection DriverName: com.mysql.jdbc.Driver
INFO - Connection url: jdbc:mysql://192.168.1.88:3306/hfcl_gateway?user=developer&password=admin@123
INFO - Connection Established: com.mysql.jdbc.Connection@15d0c81b
INFO - Query to be called :-insert into hfcl_kpi(device_id,tag,kpi,current_value,systime,endtime,device_name) value('105','PCU','Egprs Downlink Data Throughput In Kbps - DR','719.39','1524268800','1524355199','BTS 803');
INFO - Inserted: 
INFO - Egprs Downlink Data Throughput In Kbps - DR KPI Value : 719.39
INFO - Connection DriverName: com.mysql.jdbc.Driver
INFO - Connection url: jdbc:mysql://192.168.1.88:3306/hfcl_gateway?user=developer&password=admin@123
INFO - Connection Established: com.mysql.jdbc.Connection@4d41cee
INFO - Query to be called :-insert into hfcl_kpi(device_id,tag,kpi,current_value,systime,endtime,device_name) value('105','PCU','Egprs Uplink Data Throughput In Kbps','1.88','1524268800','1524355199','BTS 803');
INFO - Inserted: 
INFO - Egprs Uplink Data Throughput In Kbps KPI Value : 1.8766782994267266
INFO - Connection DriverName: com.mysql.jdbc.Driver
INFO - Connection url: jdbc:mysql://192.168.1.88:3306/hfcl_gateway?user=developer&password=admin@123
INFO - Connection Established: com.mysql.jdbc.Connection@27a8c74e
INFO - Query to be called :-insert into hfcl_kpi(device_id,tag,kpi,current_value,systime,endtime,device_name) value('105','PCU','Egprs Uplink Data Throughput In Kbps - NR','0','1524268800','1524355199','BTS 803');
INFO - Inserted: 
INFO - Egprs Uplink Data Throughput In Kbps - NR KPI Value : 0.0
INFO - Connection DriverName: com.mysql.jdbc.Driver
INFO - Connection url: jdbc:mysql://192.168.1.88:3306/hfcl_gateway?user=developer&password=admin@123
INFO - Connection Established: com.mysql.jdbc.Connection@59e5ddf
INFO - Query to be called :-insert into hfcl_kpi(device_id,tag,kpi,current_value,systime,endtime,device_name) value('105','PCU','Egprs Uplink Data Throughput In Kbps - DR','719.39','1524268800','1524355199','BTS 803');
INFO - Inserted: 
INFO - Egprs Uplink Data Throughput In Kbps - DR KPI Value : 719.39
INFO - Connection DriverName: com.mysql.jdbc.Driver
INFO - Connection url: jdbc:mysql://192.168.1.88:3306/hfcl_gateway?user=developer&password=admin@123
INFO - Connection Established: com.mysql.jdbc.Connection@76f2b07d
INFO - Query to be called :-insert into hfcl_kpi(device_id,tag,kpi,current_value,systime,endtime,device_name) value('105','PCU','Gprs Downlink Data Throughput In Kbps','0.76','1524268800','1524355199','BTS 803');
INFO - Inserted: 
INFO - Gprs Downlink Data Throughput In Kbps KPI Value : 0.7567708333333333
INFO - Connection DriverName: com.mysql.jdbc.Driver
INFO - Connection url: jdbc:mysql://192.168.1.88:3306/hfcl_gateway?user=developer&password=admin@123
INFO - Connection Established: com.mysql.jdbc.Connection@2781e022
INFO - Query to be called :-insert into hfcl_kpi(device_id,tag,kpi,current_value,systime,endtime,device_name) value('105','PCU','Gprs Downlink Data Throughput In Kbps - NR','0','1524268800','1524355199','BTS 803');
INFO - Inserted: 
INFO - Gprs Downlink Data Throughput In Kbps - NR KPI Value : 0.0
INFO - Connection DriverName: com.mysql.jdbc.Driver
INFO - Connection url: jdbc:mysql://192.168.1.88:3306/hfcl_gateway?user=developer&password=admin@123
INFO - Connection Established: com.mysql.jdbc.Connection@305fd85d
INFO - Query to be called :-insert into hfcl_kpi(device_id,tag,kpi,current_value,systime,endtime,device_name) value('105','PCU','Gprs Downlink Data Throughput In Kbps - DR','30','1524268800','1524355199','BTS 803');
INFO - Inserted: 
INFO - Gprs Downlink Data Throughput In Kbps - DR KPI Value : 30.0
INFO - Connection DriverName: com.mysql.jdbc.Driver
INFO - Connection url: jdbc:mysql://192.168.1.88:3306/hfcl_gateway?user=developer&password=admin@123
INFO - Connection Established: com.mysql.jdbc.Connection@7a1ebcd8
INFO - Query to be called :-insert into hfcl_kpi(device_id,tag,kpi,current_value,systime,endtime,device_name) value('105','PCU','Gprs Uplink Data Throughput In Kbps','0.33','1524268800','1524355199','BTS 803');
INFO - Inserted: 
INFO - Gprs Uplink Data Throughput In Kbps KPI Value : 0.3269920541375386
INFO - Connection DriverName: com.mysql.jdbc.Driver
INFO - Connection url: jdbc:mysql://192.168.1.88:3306/hfcl_gateway?user=developer&password=admin@123
INFO - Connection Established: com.mysql.jdbc.Connection@1563da5
INFO - Query to be called :-insert into hfcl_kpi(device_id,tag,kpi,current_value,systime,endtime,device_name) value('105','PCU','Gprs Uplink Data Throughput In Kbps - NR','0','1524268800','1524355199','BTS 803');
INFO - Inserted: 
INFO - Gprs Uplink Data Throughput In Kbps - NR KPI Value : 0.0
INFO - Connection DriverName: com.mysql.jdbc.Driver
INFO - Connection url: jdbc:mysql://192.168.1.88:3306/hfcl_gateway?user=developer&password=admin@123
INFO - Connection Established: com.mysql.jdbc.Connection@34c4973
INFO - Query to be called :-insert into hfcl_kpi(device_id,tag,kpi,current_value,systime,endtime,device_name) value('105','PCU','Gprs Uplink Data Throughput In Kbps - DR','123.02','1524268800','1524355199','BTS 803');
INFO - Inserted: 
INFO - Gprs Uplink Data Throughput In Kbps - DR KPI Value : 123.02
INFO - Connection DriverName: com.mysql.jdbc.Driver
INFO - Connection url: jdbc:mysql://192.168.1.88:3306/hfcl_gateway?user=developer&password=admin@123
INFO - Connection Established: com.mysql.jdbc.Connection@17d677df
INFO - Query to be called :-insert into hfcl_kpi(device_id,tag,kpi,current_value,systime,endtime,device_name) value('105','PCU','Gprs Uplink Tbf Blocking Rate','0','1524268800','1524355199','BTS 803');
INFO - Inserted: 
INFO - Gprs Uplink Tbf Blocking Rate KPI Value : 0.0
INFO - Connection DriverName: com.mysql.jdbc.Driver
INFO - Connection url: jdbc:mysql://192.168.1.88:3306/hfcl_gateway?user=developer&password=admin@123
INFO - Connection Established: com.mysql.jdbc.Connection@2f943d71
INFO - Query to be called :-insert into hfcl_kpi(device_id,tag,kpi,current_value,systime,endtime,device_name) value('105','PCU','Gprs Uplink Tbf Blocking Rate - NR','0','1524268800','1524355199','BTS 803');
INFO - Inserted: 
INFO - Gprs Uplink Tbf Blocking Rate KPI Value : 0.0
INFO - Connection DriverName: com.mysql.jdbc.Driver
INFO - Connection url: jdbc:mysql://192.168.1.88:3306/hfcl_gateway?user=developer&password=admin@123
INFO - Connection Established: com.mysql.jdbc.Connection@86be70a
INFO - Query to be called :-insert into hfcl_kpi(device_id,tag,kpi,current_value,systime,endtime,device_name) value('105','PCU','Gprs Uplink Tbf Blocking Rate - DR','141','1524268800','1524355199','BTS 803');
INFO - Inserted: 
INFO - Gprs Uplink Tbf Blocking Rate - DR KPI Value : 141.0
INFO - Connection DriverName: com.mysql.jdbc.Driver
INFO - Connection url: jdbc:mysql://192.168.1.88:3306/hfcl_gateway?user=developer&password=admin@123
INFO - Connection Established: com.mysql.jdbc.Connection@2a742aa2
INFO - Query to be called :-insert into hfcl_kpi(device_id,tag,kpi,current_value,systime,endtime,device_name) value('105','PCU','Gprs Downlink Tbf Blocking Rate','0','1524268800','1524355199','BTS 803');
INFO - Inserted: 
INFO - Gprs Downlink Tbf Blocking Rate KPI Value : 0.0
INFO - Connection DriverName: com.mysql.jdbc.Driver
INFO - Connection url: jdbc:mysql://192.168.1.88:3306/hfcl_gateway?user=developer&password=admin@123
INFO - Connection Established: com.mysql.jdbc.Connection@4d50efb8
INFO - Query to be called :-insert into hfcl_kpi(device_id,tag,kpi,current_value,systime,endtime,device_name) value('105','PCU','Gprs Downlink Tbf Blocking Rate - NR','0','1524268800','1524355199','BTS 803');
INFO - Inserted: 
INFO - Gprs Downlink Tbf Blocking Rate - NR Rate KPI Value : 0.0
INFO - Connection DriverName: com.mysql.jdbc.Driver
INFO - Connection url: jdbc:mysql://192.168.1.88:3306/hfcl_gateway?user=developer&password=admin@123
INFO - Connection Established: com.mysql.jdbc.Connection@7a187f14
INFO - Query to be called :-insert into hfcl_kpi(device_id,tag,kpi,current_value,systime,endtime,device_name) value('105','PCU','Gprs Downlink Tbf Blocking Rate - DR','151','1524268800','1524355199','BTS 803');
INFO - Inserted: 
INFO - Gprs Downlink Tbf Blocking Rate - DR KPI Value : 151.0
INFO - Connection DriverName: com.mysql.jdbc.Driver
INFO - Connection url: jdbc:mysql://192.168.1.88:3306/hfcl_gateway?user=developer&password=admin@123
INFO - Connection Established: com.mysql.jdbc.Connection@2353b3e6
INFO - Query to be called :-insert into hfcl_kpi(device_id,tag,kpi,current_value,systime,endtime,device_name) value('105','PCU','Egprs Downlink Tbf Blocking Rate','0','1524268800','1524355199','BTS 803');
INFO - Inserted: 
INFO - Egprs Downlink Tbf Blocking Rate KPI Value : 0.0
INFO - Connection DriverName: com.mysql.jdbc.Driver
INFO - Connection url: jdbc:mysql://192.168.1.88:3306/hfcl_gateway?user=developer&password=admin@123
INFO - Connection Established: com.mysql.jdbc.Connection@3234e239
INFO - Query to be called :-insert into hfcl_kpi(device_id,tag,kpi,current_value,systime,endtime,device_name) value('105','PCU','Egprs Downlink Tbf Blocking Rate - NR','0','1524268800','1524355199','BTS 803');
INFO - Inserted: 
INFO - Egprs Downlink Tbf Blocking Rate - NR Rate KPI Value : 0.0
INFO - Connection DriverName: com.mysql.jdbc.Driver
INFO - Connection url: jdbc:mysql://192.168.1.88:3306/hfcl_gateway?user=developer&password=admin@123
INFO - Connection Established: com.mysql.jdbc.Connection@1a1d6a08
INFO - Query to be called :-insert into hfcl_kpi(device_id,tag,kpi,current_value,systime,endtime,device_name) value('105','PCU','Egprs Downlink Tbf Blocking Rate - DR','875','1524268800','1524355199','BTS 803');
INFO - Inserted: 
INFO - Egprs Downlink Tbf Blocking Rate - DR Rate KPI Value : 875.0
INFO - Connection DriverName: com.mysql.jdbc.Driver
INFO - Connection url: jdbc:mysql://192.168.1.88:3306/hfcl_gateway?user=developer&password=admin@123
INFO - Connection Established: com.mysql.jdbc.Connection@32d2fa64
INFO - Query to be called :-insert into hfcl_kpi(device_id,tag,kpi,current_value,systime,endtime,device_name) value('105','PCU','Egprs uplink Tbf Blocking Rate','0','1524268800','1524355199','BTS 803');
INFO - Inserted: 
INFO - Egprs uplink Tbf Blocking Rate KPI Value : 0.0
INFO - Connection DriverName: com.mysql.jdbc.Driver
INFO - Connection url: jdbc:mysql://192.168.1.88:3306/hfcl_gateway?user=developer&password=admin@123
INFO - Connection Established: com.mysql.jdbc.Connection@2c039ac6
INFO - Query to be called :-insert into hfcl_kpi(device_id,tag,kpi,current_value,systime,endtime,device_name) value('105','PCU','Egprs uplink Tbf Blocking Rate - NR','0','1524268800','1524355199','BTS 803');
INFO - Inserted: 
INFO - Egprs uplink Tbf Blocking Rate - NR Rate KPI Value : 0.0
INFO - Connection DriverName: com.mysql.jdbc.Driver
INFO - Connection url: jdbc:mysql://192.168.1.88:3306/hfcl_gateway?user=developer&password=admin@123
INFO - Connection Established: com.mysql.jdbc.Connection@5bb21b69
INFO - Query to be called :-insert into hfcl_kpi(device_id,tag,kpi,current_value,systime,endtime,device_name) value('105','PCU','Egprs uplink Tbf Blocking Rate - DR','791','1524268800','1524355199','BTS 803');
INFO - Inserted: 
INFO - Egprs uplink Tbf Blocking Rate - DR Rate KPI Value : 791.0
INFO - Exception occur in getting devices.
INFO - Exception occur in getting devices.
INFO - Exception occur in getting devices.
INFO - Exception occur in getting devices.
INFO - Exception occur in getting devices.
INFO - Exception occur in getting devices.
INFO - Exception occur in getting devices.
INFO - Exception occur in getting devices.
INFO - Exception occur in getting devices.
INFO - Exception occur in getting devices.
INFO - Exception occur in getting devices.
INFO - Exception occur in getting devices.
INFO - Exception occur in getting devices.
INFO - Exception occur in getting devices.
INFO - Exception occur in getting devices.
INFO - Exception occur in getting devices.
INFO - Exception occur in getting devices.
INFO - Exception occur in getting devices.
INFO - Exception occur in getting devices.
INFO - Exception occur in getting devices.
INFO - Exception occur in getting devices.
INFO - Exception occur in getting devices.
INFO - Exception occur in getting devices.
INFO - Exception occur in getting devices.
INFO - Exception occur in getting devices.
INFO - Exception occur in getting devices.
