INFO - Inside Initialize method
INFO - 
 ** Api Url:http://192.168.1.88:7878/ThirdPartyHFCLApplication/get/devices/by/devicetype
INFO - Para:   device_type=4&host_status=0
INFO - Response Code is:   200
INFO - Response : {"description":"Process Success","object":[{"device_devicetype_name":"BTS","city_alias":"Solan","device_devicemodel_icon":"/home/ttpl/Tomcat/apache-tomcat-8.0.36/webapps/tmpFiles/router-icon.png","device_device_imei":"0","device_device_lattitude":"30.9249052","device_device_elevation":"","device_devicetechnology_name":"GSM","state_name":"Haryana","state_id":1.0,"device_device_is_deleted":false,"organization_organization_alias":"HFCL","device_device_alias":"BTS 801","device_device_created_by":"1","device_devicevendor_alias":"Vanu","device_device_longitude":"77.0958173","device_device_modified_by":"db4c4236-30c3-11e7-be7d-000c29e31674","device_devicevendor_name":"Vanu","data_source":"ON","device_devicemodel_alias":"CRAN 2.0","organization_organization_path":"/teramatrix","device_device_iccid":null,"device_device_software_version":"","device_device_last_modified_date":1.51383994E12,"device_devicetype_alias":"BTS","device_devicevendor_id":3.0,"country_id":1.0,"city_id":1.0,"device_devicetechnology_id":3.0,"device_device_is_configurable":0.0,"device_device_name":"CRAN2_801","device_device_is_active":true,"device_device_ipaddress":"192.168.10.22","city_name":"gurgao","state_alias":"Himachal Pradesh","country_name":"india","device_devicemodel_gis_icon":"/home/ttpl/Tomcat/apache-tomcat-8.0.36/webapps/tmpFiles/router-icon.png","status_timestamp":1.516864688E12,"device_device_description":"","country_alias":"India","device_devicetype_id":4.0,"data_source_alias":"down","device_device_creation_date":null,"check_timestamp":1.516864514E12,"device_devicemodel_name":"VANU-BTS","device_device_parent_id":0.0,"device_device_hardware_version":"","device_devicemodel_id":4.0,"device_device_device_id":103.0,"device_device_mac_address":"","device_devicetechnology_alias":"GSM"},{"device_devicetype_name":"BTS","city_alias":"Solan","device_devicemodel_icon":"/home/ttpl/Tomcat/apache-tomcat-8.0.36/webapps/tmpFiles/router-icon.png","device_device_imei":"0","device_device_lattitude":"30.9249052","device_device_elevation":"","device_devicetechnology_name":"GSM","state_name":"Haryana","state_id":1.0,"device_device_is_deleted":false,"organization_organization_alias":"HFCL","device_device_alias":"BTS 802","device_device_created_by":"1","device_devicevendor_alias":"Vanu","device_device_longitude":"77.0958173","device_device_modified_by":"db4c4236-30c3-11e7-be7d-000c29e31674","device_devicevendor_name":"Vanu","data_source":"ON","device_devicemodel_alias":"CRAN 2.0","organization_organization_path":"/teramatrix","device_device_iccid":null,"device_device_software_version":"","device_device_last_modified_date":1.513839926E12,"device_devicetype_alias":"BTS","device_devicevendor_id":3.0,"country_id":1.0,"city_id":1.0,"device_devicetechnology_id":3.0,"device_device_is_configurable":0.0,"device_device_name":"CRAN2_802","device_device_is_active":true,"device_device_ipaddress":"192.168.10.20","city_name":"gurgao","state_alias":"Himachal Pradesh","country_name":"india","device_devicemodel_gis_icon":"/home/ttpl/Tomcat/apache-tomcat-8.0.36/webapps/tmpFiles/router-icon.png","status_timestamp":1.516864709E12,"device_device_description":"","country_alias":"India","device_devicetype_id":4.0,"data_source_alias":"down","device_device_creation_date":null,"check_timestamp":1.516855625E12,"device_devicemodel_name":"VANU-BTS","device_device_parent_id":0.0,"device_device_hardware_version":"","device_devicemodel_id":4.0,"device_device_device_id":104.0,"device_device_mac_address":"","device_devicetechnology_alias":"GSM"},{"device_devicetype_name":"BTS","city_alias":"Solan","device_devicemodel_icon":"/home/ttpl/Tomcat/apache-tomcat-8.0.36/webapps/tmpFiles/router-icon.png","device_device_imei":"0","device_device_lattitude":"30.9249052","device_device_elevation":"","device_devicetechnology_name":"GSM","state_name":"Haryana","state_id":1.0,"device_device_is_deleted":false,"organization_organization_alias":"HFCL","device_device_alias":"BTS 803","device_device_created_by":"1","device_devicevendor_alias":"Vanu","device_device_longitude":"77.0958173","device_device_modified_by":"db4c4236-30c3-11e7-be7d-000c29e31674","device_devicevendor_name":"Vanu","data_source":"OFF","device_devicemodel_alias":"CRAN 2.0","organization_organization_path":"/teramatrix","device_device_iccid":null,"device_device_software_version":"","device_device_last_modified_date":1.513839909E12,"device_devicetype_alias":"BTS","device_devicevendor_id":3.0,"country_id":1.0,"city_id":1.0,"device_devicetechnology_id":3.0,"device_device_is_configurable":0.0,"device_device_name":"CRAN2_803","device_device_is_active":true,"device_device_ipaddress":"192.168.10.21","city_name":"gurgao","state_alias":"Himachal Pradesh","country_name":"india","device_devicemodel_gis_icon":"/home/ttpl/Tomcat/apache-tomcat-8.0.36/webapps/tmpFiles/router-icon.png","status_timestamp":1.516864691E12,"device_device_description":"","country_alias":"India","device_devicetype_id":4.0,"data_source_alias":"up","device_device_creation_date":null,"check_timestamp":1.51636743E12,"device_devicemodel_name":"VANU-BTS","device_device_parent_id":0.0,"device_device_hardware_version":"","device_devicemodel_id":4.0,"device_device_device_id":105.0,"device_device_mac_address":"","device_devicetechnology_alias":"GSM"}],"list":null,"valid":true}
INFO - Number of Devices  :  3
INFO - Complete details : [103.0, 104.0, 105.0]
INFO - Device List: [103.0, 104.0, 105.0]
INFO - 
 ** Api Url:http://192.168.1.88:7878/ThirdPartyHFCLApplication/call/attempts/per/trx
INFO - Para:   end_date=1518173993593&device_id=103.0&from_date=1518173933593&service_name=geranBscTrxNumMeasurementReports,geranBscTrxNumMeasurementReports&data_source=lm,bm
INFO - Response Code is:   200
INFO - Response : {"description":"Process Success","object":{"data":"0"},"list":null,"valid":true}
INFO -  Response : {"data":"0"}
INFO - Connection DriverName: com.mysql.jdbc.Driver
INFO - Connection url: jdbc:mysql://192.168.1.88:3306/hfcl_gateway?user=developer&password=admin@123
INFO - Connection Established: com.mysql.jdbc.Connection@6c3708b3
INFO - Query to be called :-insert into hfcl_fifteen_min_kpi(device_id,tag,kpi,current_value,systime,device_name) value('103.0','Voice','CSErlangs','0','1518173993','BTS 801');
INFO - Inserted: 
INFO - KPI value : 0.0
INFO - 
 ** Api Url:http://192.168.1.88:7878/ThirdPartyHFCLApplication/call/attempts/per/trx
INFO - Para:   end_date=1518173993593&device_id=103.0&from_date=1518173933593&service_name=geranBscBtsChannelBlockingCount&data_source=bm
INFO - Response Code is:   200
INFO - Response : {"description":"Process Success","object":{"data":"0"},"list":null,"valid":true}
INFO -  Response : {"data":"0"}
INFO -  
 
 ************************************* 
 finaldata value : 0
INFO - Connection DriverName: com.mysql.jdbc.Driver
INFO - Connection url: jdbc:mysql://192.168.1.88:3306/hfcl_gateway?user=developer&password=admin@123
INFO - Connection Established: com.mysql.jdbc.Connection@eec5a4a
INFO - Query to be called :-insert into hfcl_fifteen_min_kpi(device_id,tag,kpi,current_value,systime,device_name) value('103.0','Voice','SDCCH Drop Rate','0.0','1518173993','BTS 801');
INFO - Inserted: 
INFO - KPI value : 0
INFO - 
 ** Api Url:http://192.168.1.88:7878/ThirdPartyHFCLApplication/call/attempts/per/trx
INFO - Para:   end_date=1518173993593&device_id=103.0&from_date=1518173933593&service_name=geranBscTrxSubsequentAssignmentSuccessCount,geranBscTrxSubsequentAssignmentSuccessCount,geranBscTrxSubsequentAssignmentSuccessCount,geranBscTrxSubsequentAssignmentSuccessCount&data_source=sdcch_lm,sdcch4_lm,sdcch_bm,sdcch4_bm
INFO - Response Code is:   200
INFO - Response : {"description":"Process Success","object":{"data":"0"},"list":null,"valid":true}
INFO -  Response : {"data":"0"}
INFO - 
 ** Api Url:http://192.168.1.88:7878/ThirdPartyHFCLApplication/call/attempts/per/trx
INFO - Para:   device_id=103.0&service_name=geranBscTrxSubsequentAssignmentCommandCount,geranBscTrxSubsequentAssignmentCommandCount,geranBscTrxSubsequentAssignmentCommandCount,geranBscTrxSubsequentAssignmentCommandCount&data_source=sdcch_lm,sdcch4_lm,sdcch_bm,sdcch4_bm
INFO - Response Code is:   200
INFO - Response : {"description":null,"object":null,"list":null,"valid":false}
INFO - Exception occur in getting devices.
INFO - 
 ** Api Url:http://192.168.1.88:7878/ThirdPartyHFCLApplication/call/attempts/per/trx
INFO - Para:   end_date=1518173993593&device_id=103.0&from_date=1518173933593&service_name=geranBscTrxNumRadioConnectionFailures&data_source=lm
INFO - Response Code is:   200
INFO - Response : {"description":"Process Success","object":{"data":"0"},"list":null,"valid":true}
INFO -  Response : {"data":"0"}
INFO - Connection DriverName: com.mysql.jdbc.Driver
INFO - Connection url: jdbc:mysql://192.168.1.88:3306/hfcl_gateway?user=developer&password=admin@123
INFO - Connection Established: com.mysql.jdbc.Connection@5a8e6209
INFO - Query to be called :-insert into hfcl_fifteen_min_kpi(device_id,tag,kpi,current_value,systime,device_name) value('103.0','Voice','Number Of Radio Connection Failures TCH_H','0.0','1518173993','BTS 801');
INFO - Inserted: 
INFO - KPI value : 0
INFO - 
 ** Api Url:http://192.168.1.88:7878/ThirdPartyHFCLApplication/call/attempts/per/trx
INFO - Para:   end_date=1518173993593&device_id=103.0&from_date=1518173933593&service_name=geranBscTrxNumRadioConnectionFailures&data_source=bm
INFO - Response Code is:   200
INFO - Response : {"description":"Process Success","object":{"data":"0"},"list":null,"valid":true}
INFO -  Response : {"data":"0"}
INFO - Connection DriverName: com.mysql.jdbc.Driver
INFO - Connection url: jdbc:mysql://192.168.1.88:3306/hfcl_gateway?user=developer&password=admin@123
INFO - Connection Established: com.mysql.jdbc.Connection@1f28c152
INFO - Query to be called :-insert into hfcl_fifteen_min_kpi(device_id,tag,kpi,current_value,systime,device_name) value('103.0','Voice','Number Of Radio Connection Failures TCH_F','0.0','1518173993','BTS 801');
INFO - Inserted: 
INFO - KPI value : 0
INFO - 
 ** Api Url:http://192.168.1.88:7878/ThirdPartyHFCLApplication/downlink/data/throughput
INFO - Para:   end_date=1518173993593&device_id=103.0&from_date=1518173933593
INFO - Response Code is:   200
INFO - Response : {"description":"Process Success","object":{"data":"0"},"list":null,"valid":true}
INFO -  Response : {"data":"0"}
INFO - Connection DriverName: com.mysql.jdbc.Driver
INFO - Connection url: jdbc:mysql://192.168.1.88:3306/hfcl_gateway?user=developer&password=admin@123
INFO - Connection Established: com.mysql.jdbc.Connection@6325a3ee
INFO - Query to be called :-insert into hfcl_fifteen_min_kpi(device_id,tag,kpi,current_value,systime,device_name) value('103.0','Performance','Downlink Data Throughput In Kbps','0','1518173993','BTS 801');
INFO - Inserted: 
INFO - KPI value : 0.0
INFO - 
 ** Api Url:http://192.168.1.88:7878/ThirdPartyHFCLApplication/uplink/data/throughput
INFO - Para:   end_date=1518173993593&device_id=103.0&from_date=1518173933593
INFO - Response Code is:   200
INFO - Response : {"description":"Process Success","object":{"data":"0"},"list":null,"valid":true}
INFO -  Response : {"data":"0"}
INFO - Connection DriverName: com.mysql.jdbc.Driver
INFO - Connection url: jdbc:mysql://192.168.1.88:3306/hfcl_gateway?user=developer&password=admin@123
INFO - Connection Established: com.mysql.jdbc.Connection@61f8bee4
INFO - Query to be called :-insert into hfcl_fifteen_min_kpi(device_id,tag,kpi,current_value,systime,device_name) value('103.0','Performance','Uplink Data Throughput In Kbps','0','1518173993','BTS 801');
INFO - Inserted: 
INFO - KPI value : 0.0
INFO - 
 ** Api Url:http://192.168.1.88:7878/ThirdPartyHFCLApplication/sdcch/drop/rate/per/bts
INFO - Para:   data_source_numerator=geranBscBtsImmAssignmentRejectCount_answerPaging,geranBscBtsImmAssignmentRejectCount_callOriginate,geranBscBtsImmAssignmentRejectCount_emergency,geranBscBtsImmAssignmentRejectCount_locUpd&end_date=1518173993593&service_name_numerator=geranBscBtsImmAssignmentRejectCount_answerPaging,geranBscBtsImmAssignmentRejectCount_callOriginate,geranBscBtsImmAssignmentRejectCount_emergency,geranBscBtsImmAssignmentRejectCount_locUpd&device_id=103.0&data_source_denominator=geranBscBtsImmAssignmentCommandCount_answerPaging,geranBscBtsImmAssignmentCommandCount_callOriginate,geranBscBtsImmAssignmentCommandCount_emergency,geranBscBtsImmAssignmentCommandCount_locUpd&from_date=1518173933593&service_name_denominator=geranBscBtsImmAssignmentCommandCount_answerPaging,geranBscBtsImmAssignmentCommandCount_callOriginate,geranBscBtsImmAssignmentCommandCount_emergency,geranBscBtsImmAssignmentCommandCount_locUpd
INFO - Response Code is:   200
INFO - Response : {"description":"Process Success","object":{"data":"0"},"list":null,"valid":true}
INFO -  Response : {"data":"0"}
INFO - Connection DriverName: com.mysql.jdbc.Driver
INFO - Connection url: jdbc:mysql://192.168.1.88:3306/hfcl_gateway?user=developer&password=admin@123
INFO - Connection Established: com.mysql.jdbc.Connection@5b87ed94
INFO - Query to be called :-insert into hfcl_fifteen_min_kpi(device_id,tag,kpi,current_value,systime,device_name) value('103.0','VoiceCapacity','SDCCH Blocking Rate','0','1518173993','BTS 801');
INFO - Inserted: 
INFO - KPI value : 0.0
INFO - 
 ** Api Url:http://192.168.1.88:7878/ThirdPartyHFCLApplication/sdcch/drop/rate/per/bts
INFO - Para:   data_source_numerator=bm,lm&end_date=1518173993593&service_name_numerator=geranBscBtsChannelBlockingCount,geranBscBtsChannelBlockingCount&device_id=103.0&data_source_denominator=bm,lm&from_date=1518173933593&service_name_denominator=geranBscBtsChannelBlockingCount,geranBscBtsChannelBlockingCount,geranBscTrxSubsequentAssignmentCommandCount,geranBscTrxSubsequentAssignmentCommandCount
INFO - Response Code is:   200
INFO - Response : {"description":"Process Success","object":{"data":"0"},"list":null,"valid":true}
INFO -  Response : {"data":"0"}
INFO - Connection DriverName: com.mysql.jdbc.Driver
INFO - Connection url: jdbc:mysql://192.168.1.88:3306/hfcl_gateway?user=developer&password=admin@123
INFO - Connection Established: com.mysql.jdbc.Connection@3dd4520b
INFO - Query to be called :-insert into hfcl_fifteen_min_kpi(device_id,tag,kpi,current_value,systime,device_name) value('103.0','VoiceCapacity','TCH Blocking Rate','0.0','1518173993','BTS 801');
INFO - Inserted: 
INFO - KPI value : 0
INFO - 
 ** Api Url:http://192.168.1.88:7878/ThirdPartyHFCLApplication/sdcch/drop/rate/per/bts
INFO - Para:   data_source_numerator=sdcch,sdcch4&end_date=1518173993593&service_name_numerator=geranBscTrxImmAssignmentSuccessCount,geranBscTrxImmAssignmentSuccessCount&device_id=103.0&data_source_denominator=sdcch,sdcch4&from_date=1518173933593&service_name_denominator=geranBscTrxImmAssignmentCommandCount,geranBscTrxImmAssignmentCommandCount
INFO - Response Code is:   200
INFO - Response : {"description":"Process Success","object":{"data":"0"},"list":null,"valid":true}
INFO -  Response : {"data":"0"}
INFO - Connection DriverName: com.mysql.jdbc.Driver
INFO - Connection url: jdbc:mysql://192.168.1.88:3306/hfcl_gateway?user=developer&password=admin@123
INFO - Connection Established: com.mysql.jdbc.Connection@5c5a1b69
INFO - Query to be called :-insert into hfcl_fifteen_min_kpi(device_id,tag,kpi,current_value,systime,device_name) value('103.0','VoiceCapacity','Immediate Assignment Procedure Success Rate','0','1518173993','BTS 801');
INFO - Inserted: 
INFO - KPI value : 0.0
INFO - 
 ** Api Url:http://192.168.1.88:7878/ThirdPartyHFCLApplication/call/attempts/per/trx
INFO - Para:   end_date=1518173993593&device_id=104.0&from_date=1518173933593&service_name=geranBscTrxNumMeasurementReports,geranBscTrxNumMeasurementReports&data_source=lm,bm
INFO - Response Code is:   200
INFO - Response : {"description":"Process Success","object":{"data":"0"},"list":null,"valid":true}
INFO -  Response : {"data":"0"}
INFO - Connection DriverName: com.mysql.jdbc.Driver
INFO - Connection url: jdbc:mysql://192.168.1.88:3306/hfcl_gateway?user=developer&password=admin@123
INFO - Connection Established: com.mysql.jdbc.Connection@2758fe70
INFO - Query to be called :-insert into hfcl_fifteen_min_kpi(device_id,tag,kpi,current_value,systime,device_name) value('104.0','Voice','CSErlangs','0','1518173993','BTS 802');
INFO - Inserted: 
INFO - KPI value : 0.0
INFO - 
 ** Api Url:http://192.168.1.88:7878/ThirdPartyHFCLApplication/call/attempts/per/trx
INFO - Para:   end_date=1518173993593&device_id=104.0&from_date=1518173933593&service_name=geranBscBtsChannelBlockingCount&data_source=bm
INFO - Response Code is:   200
INFO - Response : {"description":"Process Success","object":{"data":"0"},"list":null,"valid":true}
INFO -  Response : {"data":"0"}
INFO -  
 
 ************************************* 
 finaldata value : 0
INFO - Connection DriverName: com.mysql.jdbc.Driver
INFO - Connection url: jdbc:mysql://192.168.1.88:3306/hfcl_gateway?user=developer&password=admin@123
INFO - Connection Established: com.mysql.jdbc.Connection@35d176f7
INFO - Query to be called :-insert into hfcl_fifteen_min_kpi(device_id,tag,kpi,current_value,systime,device_name) value('104.0','Voice','SDCCH Drop Rate','0.0','1518173993','BTS 802');
INFO - Inserted: 
INFO - KPI value : 0
INFO - 
 ** Api Url:http://192.168.1.88:7878/ThirdPartyHFCLApplication/call/attempts/per/trx
INFO - Para:   end_date=1518173993593&device_id=104.0&from_date=1518173933593&service_name=geranBscTrxSubsequentAssignmentSuccessCount,geranBscTrxSubsequentAssignmentSuccessCount,geranBscTrxSubsequentAssignmentSuccessCount,geranBscTrxSubsequentAssignmentSuccessCount&data_source=sdcch_lm,sdcch4_lm,sdcch_bm,sdcch4_bm
INFO - Response Code is:   200
INFO - Response : {"description":"Process Success","object":{"data":"0"},"list":null,"valid":true}
INFO -  Response : {"data":"0"}
INFO - 
 ** Api Url:http://192.168.1.88:7878/ThirdPartyHFCLApplication/call/attempts/per/trx
INFO - Para:   device_id=104.0&service_name=geranBscTrxSubsequentAssignmentCommandCount,geranBscTrxSubsequentAssignmentCommandCount,geranBscTrxSubsequentAssignmentCommandCount,geranBscTrxSubsequentAssignmentCommandCount&data_source=sdcch_lm,sdcch4_lm,sdcch_bm,sdcch4_bm
INFO - Response Code is:   200
INFO - Response : {"description":null,"object":null,"list":null,"valid":false}
INFO - Exception occur in getting devices.
INFO - 
 ** Api Url:http://192.168.1.88:7878/ThirdPartyHFCLApplication/call/attempts/per/trx
INFO - Para:   end_date=1518173993593&device_id=104.0&from_date=1518173933593&service_name=geranBscTrxNumRadioConnectionFailures&data_source=lm
INFO - Response Code is:   200
INFO - Response : {"description":"Process Success","object":{"data":"0"},"list":null,"valid":true}
INFO -  Response : {"data":"0"}
INFO - Connection DriverName: com.mysql.jdbc.Driver
INFO - Connection url: jdbc:mysql://192.168.1.88:3306/hfcl_gateway?user=developer&password=admin@123
INFO - Connection Established: com.mysql.jdbc.Connection@3cef309d
INFO - Query to be called :-insert into hfcl_fifteen_min_kpi(device_id,tag,kpi,current_value,systime,device_name) value('104.0','Voice','Number Of Radio Connection Failures TCH_H','0.0','1518173993','BTS 802');
INFO - Inserted: 
INFO - KPI value : 0
INFO - 
 ** Api Url:http://192.168.1.88:7878/ThirdPartyHFCLApplication/call/attempts/per/trx
INFO - Para:   end_date=1518173993593&device_id=104.0&from_date=1518173933593&service_name=geranBscTrxNumRadioConnectionFailures&data_source=bm
INFO - Response Code is:   200
INFO - Response : {"description":"Process Success","object":{"data":"0"},"list":null,"valid":true}
INFO -  Response : {"data":"0"}
INFO - Connection DriverName: com.mysql.jdbc.Driver
INFO - Connection url: jdbc:mysql://192.168.1.88:3306/hfcl_gateway?user=developer&password=admin@123
INFO - Connection Established: com.mysql.jdbc.Connection@cd2dae5
INFO - Query to be called :-insert into hfcl_fifteen_min_kpi(device_id,tag,kpi,current_value,systime,device_name) value('104.0','Voice','Number Of Radio Connection Failures TCH_F','0.0','1518173993','BTS 802');
INFO - Inserted: 
INFO - KPI value : 0
INFO - 
 ** Api Url:http://192.168.1.88:7878/ThirdPartyHFCLApplication/downlink/data/throughput
INFO - Para:   end_date=1518173993593&device_id=104.0&from_date=1518173933593
INFO - Response Code is:   200
INFO - Response : {"description":"Process Success","object":{"data":"0"},"list":null,"valid":true}
INFO -  Response : {"data":"0"}
INFO - Connection DriverName: com.mysql.jdbc.Driver
INFO - Connection url: jdbc:mysql://192.168.1.88:3306/hfcl_gateway?user=developer&password=admin@123
INFO - Connection Established: com.mysql.jdbc.Connection@22a67b4
INFO - Query to be called :-insert into hfcl_fifteen_min_kpi(device_id,tag,kpi,current_value,systime,device_name) value('104.0','Performance','Downlink Data Throughput In Kbps','0','1518173993','BTS 802');
INFO - Inserted: 
INFO - KPI value : 0.0
INFO - 
 ** Api Url:http://192.168.1.88:7878/ThirdPartyHFCLApplication/uplink/data/throughput
INFO - Para:   end_date=1518173993593&device_id=104.0&from_date=1518173933593
INFO - Response Code is:   200
INFO - Response : {"description":"Process Success","object":{"data":"0"},"list":null,"valid":true}
INFO -  Response : {"data":"0"}
INFO - Connection DriverName: com.mysql.jdbc.Driver
INFO - Connection url: jdbc:mysql://192.168.1.88:3306/hfcl_gateway?user=developer&password=admin@123
INFO - Connection Established: com.mysql.jdbc.Connection@63e2203c
INFO - Query to be called :-insert into hfcl_fifteen_min_kpi(device_id,tag,kpi,current_value,systime,device_name) value('104.0','Performance','Uplink Data Throughput In Kbps','0','1518173993','BTS 802');
INFO - Inserted: 
INFO - KPI value : 0.0
INFO - 
 ** Api Url:http://192.168.1.88:7878/ThirdPartyHFCLApplication/sdcch/drop/rate/per/bts
INFO - Para:   data_source_numerator=geranBscBtsImmAssignmentRejectCount_answerPaging,geranBscBtsImmAssignmentRejectCount_callOriginate,geranBscBtsImmAssignmentRejectCount_emergency,geranBscBtsImmAssignmentRejectCount_locUpd&end_date=1518173993593&service_name_numerator=geranBscBtsImmAssignmentRejectCount_answerPaging,geranBscBtsImmAssignmentRejectCount_callOriginate,geranBscBtsImmAssignmentRejectCount_emergency,geranBscBtsImmAssignmentRejectCount_locUpd&device_id=104.0&data_source_denominator=geranBscBtsImmAssignmentCommandCount_answerPaging,geranBscBtsImmAssignmentCommandCount_callOriginate,geranBscBtsImmAssignmentCommandCount_emergency,geranBscBtsImmAssignmentCommandCount_locUpd&from_date=1518173933593&service_name_denominator=geranBscBtsImmAssignmentCommandCount_answerPaging,geranBscBtsImmAssignmentCommandCount_callOriginate,geranBscBtsImmAssignmentCommandCount_emergency,geranBscBtsImmAssignmentCommandCount_locUpd
INFO - Response Code is:   200
INFO - Response : {"description":"Process Success","object":{"data":"0"},"list":null,"valid":true}
INFO -  Response : {"data":"0"}
INFO - Connection DriverName: com.mysql.jdbc.Driver
INFO - Connection url: jdbc:mysql://192.168.1.88:3306/hfcl_gateway?user=developer&password=admin@123
INFO - Connection Established: com.mysql.jdbc.Connection@68bbe345
INFO - Query to be called :-insert into hfcl_fifteen_min_kpi(device_id,tag,kpi,current_value,systime,device_name) value('104.0','VoiceCapacity','SDCCH Blocking Rate','0','1518173993','BTS 802');
INFO - Inserted: 
INFO - KPI value : 0.0
INFO - 
 ** Api Url:http://192.168.1.88:7878/ThirdPartyHFCLApplication/sdcch/drop/rate/per/bts
INFO - Para:   data_source_numerator=bm,lm&end_date=1518173993593&service_name_numerator=geranBscBtsChannelBlockingCount,geranBscBtsChannelBlockingCount&device_id=104.0&data_source_denominator=bm,lm&from_date=1518173933593&service_name_denominator=geranBscBtsChannelBlockingCount,geranBscBtsChannelBlockingCount,geranBscTrxSubsequentAssignmentCommandCount,geranBscTrxSubsequentAssignmentCommandCount
INFO - Response Code is:   200
INFO - Response : {"description":"Process Success","object":{"data":"0"},"list":null,"valid":true}
INFO -  Response : {"data":"0"}
INFO - Connection DriverName: com.mysql.jdbc.Driver
INFO - Connection url: jdbc:mysql://192.168.1.88:3306/hfcl_gateway?user=developer&password=admin@123
INFO - Connection Established: com.mysql.jdbc.Connection@7c29daf3
INFO - Query to be called :-insert into hfcl_fifteen_min_kpi(device_id,tag,kpi,current_value,systime,device_name) value('104.0','VoiceCapacity','TCH Blocking Rate','0.0','1518173993','BTS 802');
INFO - Inserted: 
INFO - KPI value : 0
INFO - 
 ** Api Url:http://192.168.1.88:7878/ThirdPartyHFCLApplication/sdcch/drop/rate/per/bts
INFO - Para:   data_source_numerator=sdcch,sdcch4&end_date=1518173993593&service_name_numerator=geranBscTrxImmAssignmentSuccessCount,geranBscTrxImmAssignmentSuccessCount&device_id=104.0&data_source_denominator=sdcch,sdcch4&from_date=1518173933593&service_name_denominator=geranBscTrxImmAssignmentCommandCount,geranBscTrxImmAssignmentCommandCount
INFO - Response Code is:   200
INFO - Response : {"description":"Process Success","object":{"data":"0"},"list":null,"valid":true}
INFO -  Response : {"data":"0"}
INFO - Connection DriverName: com.mysql.jdbc.Driver
INFO - Connection url: jdbc:mysql://192.168.1.88:3306/hfcl_gateway?user=developer&password=admin@123
INFO - Connection Established: com.mysql.jdbc.Connection@5e853265
INFO - Query to be called :-insert into hfcl_fifteen_min_kpi(device_id,tag,kpi,current_value,systime,device_name) value('104.0','VoiceCapacity','Immediate Assignment Procedure Success Rate','0','1518173993','BTS 802');
INFO - Inserted: 
INFO - KPI value : 0.0
INFO - 
 ** Api Url:http://192.168.1.88:7878/ThirdPartyHFCLApplication/call/attempts/per/trx
INFO - Para:   end_date=1518173993593&device_id=105.0&from_date=1518173933593&service_name=geranBscTrxNumMeasurementReports,geranBscTrxNumMeasurementReports&data_source=lm,bm
INFO - Response Code is:   200
INFO - Response : {"description":"Process Success","object":{"data":"0"},"list":null,"valid":true}
INFO -  Response : {"data":"0"}
INFO - Connection DriverName: com.mysql.jdbc.Driver
INFO - Connection url: jdbc:mysql://192.168.1.88:3306/hfcl_gateway?user=developer&password=admin@123
INFO - Connection Established: com.mysql.jdbc.Connection@2a17b7b6
INFO - Query to be called :-insert into hfcl_fifteen_min_kpi(device_id,tag,kpi,current_value,systime,device_name) value('105.0','Voice','CSErlangs','0','1518173993','BTS 803');
INFO - Inserted: 
INFO - KPI value : 0.0
INFO - 
 ** Api Url:http://192.168.1.88:7878/ThirdPartyHFCLApplication/call/attempts/per/trx
INFO - Para:   end_date=1518173993593&device_id=105.0&from_date=1518173933593&service_name=geranBscBtsChannelBlockingCount&data_source=bm
INFO - Response Code is:   200
INFO - Response : {"description":"Process Success","object":{"data":"0"},"list":null,"valid":true}
INFO -  Response : {"data":"0"}
INFO -  
 
 ************************************* 
 finaldata value : 0
INFO - Connection DriverName: com.mysql.jdbc.Driver
INFO - Connection url: jdbc:mysql://192.168.1.88:3306/hfcl_gateway?user=developer&password=admin@123
INFO - Connection Established: com.mysql.jdbc.Connection@614ddd49
INFO - Query to be called :-insert into hfcl_fifteen_min_kpi(device_id,tag,kpi,current_value,systime,device_name) value('105.0','Voice','SDCCH Drop Rate','0.0','1518173993','BTS 803');
INFO - Inserted: 
INFO - KPI value : 0
INFO - 
 ** Api Url:http://192.168.1.88:7878/ThirdPartyHFCLApplication/call/attempts/per/trx
INFO - Para:   end_date=1518173993593&device_id=105.0&from_date=1518173933593&service_name=geranBscTrxSubsequentAssignmentSuccessCount,geranBscTrxSubsequentAssignmentSuccessCount,geranBscTrxSubsequentAssignmentSuccessCount,geranBscTrxSubsequentAssignmentSuccessCount&data_source=sdcch_lm,sdcch4_lm,sdcch_bm,sdcch4_bm
INFO - Response Code is:   200
INFO - Response : {"description":"Process Success","object":{"data":"0"},"list":null,"valid":true}
INFO -  Response : {"data":"0"}
INFO - 
 ** Api Url:http://192.168.1.88:7878/ThirdPartyHFCLApplication/call/attempts/per/trx
INFO - Para:   device_id=105.0&service_name=geranBscTrxSubsequentAssignmentCommandCount,geranBscTrxSubsequentAssignmentCommandCount,geranBscTrxSubsequentAssignmentCommandCount,geranBscTrxSubsequentAssignmentCommandCount&data_source=sdcch_lm,sdcch4_lm,sdcch_bm,sdcch4_bm
INFO - Response Code is:   200
INFO - Response : {"description":null,"object":null,"list":null,"valid":false}
INFO - Exception occur in getting devices.
INFO - 
 ** Api Url:http://192.168.1.88:7878/ThirdPartyHFCLApplication/call/attempts/per/trx
INFO - Para:   end_date=1518173993593&device_id=105.0&from_date=1518173933593&service_name=geranBscTrxNumRadioConnectionFailures&data_source=lm
INFO - Response Code is:   200
INFO - Response : {"description":"Process Success","object":{"data":"0"},"list":null,"valid":true}
INFO -  Response : {"data":"0"}
INFO - Connection DriverName: com.mysql.jdbc.Driver
INFO - Connection url: jdbc:mysql://192.168.1.88:3306/hfcl_gateway?user=developer&password=admin@123
INFO - Connection Established: com.mysql.jdbc.Connection@26aa12dd
INFO - Query to be called :-insert into hfcl_fifteen_min_kpi(device_id,tag,kpi,current_value,systime,device_name) value('105.0','Voice','Number Of Radio Connection Failures TCH_H','0.0','1518173993','BTS 803');
INFO - Inserted: 
INFO - KPI value : 0
INFO - 
 ** Api Url:http://192.168.1.88:7878/ThirdPartyHFCLApplication/call/attempts/per/trx
INFO - Para:   end_date=1518173993593&device_id=105.0&from_date=1518173933593&service_name=geranBscTrxNumRadioConnectionFailures&data_source=bm
INFO - Response Code is:   200
INFO - Response : {"description":"Process Success","object":{"data":"0"},"list":null,"valid":true}
INFO -  Response : {"data":"0"}
INFO - Connection DriverName: com.mysql.jdbc.Driver
INFO - Connection url: jdbc:mysql://192.168.1.88:3306/hfcl_gateway?user=developer&password=admin@123
INFO - Connection Established: com.mysql.jdbc.Connection@7f13d6e
INFO - Query to be called :-insert into hfcl_fifteen_min_kpi(device_id,tag,kpi,current_value,systime,device_name) value('105.0','Voice','Number Of Radio Connection Failures TCH_F','0.0','1518173993','BTS 803');
INFO - Inserted: 
INFO - KPI value : 0
INFO - 
 ** Api Url:http://192.168.1.88:7878/ThirdPartyHFCLApplication/downlink/data/throughput
INFO - Para:   end_date=1518173993593&device_id=105.0&from_date=1518173933593
INFO - Response Code is:   200
INFO - Response : {"description":"Process Success","object":{"data":"0"},"list":null,"valid":true}
INFO -  Response : {"data":"0"}
INFO - Connection DriverName: com.mysql.jdbc.Driver
INFO - Connection url: jdbc:mysql://192.168.1.88:3306/hfcl_gateway?user=developer&password=admin@123
INFO - Connection Established: com.mysql.jdbc.Connection@2d6eabae
INFO - Query to be called :-insert into hfcl_fifteen_min_kpi(device_id,tag,kpi,current_value,systime,device_name) value('105.0','Performance','Downlink Data Throughput In Kbps','0','1518173993','BTS 803');
INFO - Inserted: 
INFO - KPI value : 0.0
INFO - 
 ** Api Url:http://192.168.1.88:7878/ThirdPartyHFCLApplication/uplink/data/throughput
INFO - Para:   end_date=1518173993593&device_id=105.0&from_date=1518173933593
INFO - Response Code is:   200
INFO - Response : {"description":"Process Success","object":{"data":"0"},"list":null,"valid":true}
INFO -  Response : {"data":"0"}
INFO - Connection DriverName: com.mysql.jdbc.Driver
INFO - Connection url: jdbc:mysql://192.168.1.88:3306/hfcl_gateway?user=developer&password=admin@123
INFO - Connection Established: com.mysql.jdbc.Connection@48503868
INFO - Query to be called :-insert into hfcl_fifteen_min_kpi(device_id,tag,kpi,current_value,systime,device_name) value('105.0','Performance','Uplink Data Throughput In Kbps','0','1518173993','BTS 803');
INFO - Inserted: 
INFO - KPI value : 0.0
INFO - 
 ** Api Url:http://192.168.1.88:7878/ThirdPartyHFCLApplication/sdcch/drop/rate/per/bts
INFO - Para:   data_source_numerator=geranBscBtsImmAssignmentRejectCount_answerPaging,geranBscBtsImmAssignmentRejectCount_callOriginate,geranBscBtsImmAssignmentRejectCount_emergency,geranBscBtsImmAssignmentRejectCount_locUpd&end_date=1518173993593&service_name_numerator=geranBscBtsImmAssignmentRejectCount_answerPaging,geranBscBtsImmAssignmentRejectCount_callOriginate,geranBscBtsImmAssignmentRejectCount_emergency,geranBscBtsImmAssignmentRejectCount_locUpd&device_id=105.0&data_source_denominator=geranBscBtsImmAssignmentCommandCount_answerPaging,geranBscBtsImmAssignmentCommandCount_callOriginate,geranBscBtsImmAssignmentCommandCount_emergency,geranBscBtsImmAssignmentCommandCount_locUpd&from_date=1518173933593&service_name_denominator=geranBscBtsImmAssignmentCommandCount_answerPaging,geranBscBtsImmAssignmentCommandCount_callOriginate,geranBscBtsImmAssignmentCommandCount_emergency,geranBscBtsImmAssignmentCommandCount_locUpd
INFO - Response Code is:   200
INFO - Response : {"description":"Process Success","object":{"data":"0"},"list":null,"valid":true}
INFO -  Response : {"data":"0"}
INFO - Connection DriverName: com.mysql.jdbc.Driver
INFO - Connection url: jdbc:mysql://192.168.1.88:3306/hfcl_gateway?user=developer&password=admin@123
INFO - Connection Established: com.mysql.jdbc.Connection@1f7030a6
INFO - Query to be called :-insert into hfcl_fifteen_min_kpi(device_id,tag,kpi,current_value,systime,device_name) value('105.0','VoiceCapacity','SDCCH Blocking Rate','0','1518173993','BTS 803');
INFO - Inserted: 
INFO - KPI value : 0.0
INFO - 
 ** Api Url:http://192.168.1.88:7878/ThirdPartyHFCLApplication/sdcch/drop/rate/per/bts
INFO - Para:   data_source_numerator=bm,lm&end_date=1518173993593&service_name_numerator=geranBscBtsChannelBlockingCount,geranBscBtsChannelBlockingCount&device_id=105.0&data_source_denominator=bm,lm&from_date=1518173933593&service_name_denominator=geranBscBtsChannelBlockingCount,geranBscBtsChannelBlockingCount,geranBscTrxSubsequentAssignmentCommandCount,geranBscTrxSubsequentAssignmentCommandCount
INFO - Response Code is:   200
INFO - Response : {"description":"Process Success","object":{"data":"0"},"list":null,"valid":true}
INFO -  Response : {"data":"0"}
INFO - Connection DriverName: com.mysql.jdbc.Driver
INFO - Connection url: jdbc:mysql://192.168.1.88:3306/hfcl_gateway?user=developer&password=admin@123
INFO - Connection Established: com.mysql.jdbc.Connection@27a5f880
INFO - Query to be called :-insert into hfcl_fifteen_min_kpi(device_id,tag,kpi,current_value,systime,device_name) value('105.0','VoiceCapacity','TCH Blocking Rate','0.0','1518173993','BTS 803');
INFO - Inserted: 
INFO - KPI value : 0
INFO - 
 ** Api Url:http://192.168.1.88:7878/ThirdPartyHFCLApplication/sdcch/drop/rate/per/bts
INFO - Para:   data_source_numerator=sdcch,sdcch4&end_date=1518173993593&service_name_numerator=geranBscTrxImmAssignmentSuccessCount,geranBscTrxImmAssignmentSuccessCount&device_id=105.0&data_source_denominator=sdcch,sdcch4&from_date=1518173933593&service_name_denominator=geranBscTrxImmAssignmentCommandCount,geranBscTrxImmAssignmentCommandCount
INFO - Response Code is:   200
INFO - Response : {"description":"Process Success","object":{"data":"0"},"list":null,"valid":true}
INFO -  Response : {"data":"0"}
INFO - Connection DriverName: com.mysql.jdbc.Driver
INFO - Connection url: jdbc:mysql://192.168.1.88:3306/hfcl_gateway?user=developer&password=admin@123
INFO - Connection Established: com.mysql.jdbc.Connection@1e965684
INFO - Query to be called :-insert into hfcl_fifteen_min_kpi(device_id,tag,kpi,current_value,systime,device_name) value('105.0','VoiceCapacity','Immediate Assignment Procedure Success Rate','0','1518173993','BTS 803');
INFO - Inserted: 
INFO - KPI value : 0.0
