INFO - Inside Initialize method
INFO - From Date : 1527359400000 End Time : 1527445799000
INFO - 
 ** Api Url:http://192.168.1.88:7878/XFusionPlatform/device/get/metadata/status/by/type
INFO - Para:   access_key=d3cd4e3f-5946-11e6-9bb0-fe984cc15272&device_type=4&host_status=0
INFO - Response Code is:   200
INFO - Response : {"description":"Process Success","object":[{"device_devicetype_name":"BTS","city_alias":"Solan","device_devicemodel_icon":"/home/ttpl/Tomcat/apache-tomcat-8.0.36/webapps/tmpFiles/router-icon.png","device_device_imei":"0","device_device_lattitude":"30.9249052","device_device_elevation":"","device_devicetechnology_name":"GSM","state_name":"Haryana","state_id":1,"device_device_is_deleted":false,"organization_organization_alias":"HFCL","device_device_alias":"BTS 801","device_device_created_by":"1","device_devicevendor_alias":"Vanu","device_device_longitude":"77.0958173","device_device_modified_by":"db4c4236-30c3-11e7-be7d-000c29e31674","device_devicevendor_name":"Vanu","data_source":"ON","device_devicemodel_alias":"CRAN 2.0","organization_organization_path":"/teramatrix","device_device_iccid":null,"device_device_software_version":"","device_device_last_modified_date":1513839940000,"device_devicetype_alias":"BTS","device_devicevendor_id":3,"country_id":1,"city_id":1,"device_devicetechnology_id":3,"device_device_is_configurable":0,"device_device_name":"CRAN2_801","device_device_is_active":true,"device_device_ipaddress":"192.168.10.22","city_name":"gurgao","state_alias":"Himachal Pradesh","country_name":"india","device_devicemodel_gis_icon":"/home/ttpl/Tomcat/apache-tomcat-8.0.36/webapps/tmpFiles/router-icon.png","status_timestamp":1527854099000,"device_device_description":"","country_alias":"India","device_devicetype_id":4,"data_source_alias":"down","device_device_creation_date":null,"check_timestamp":1527847692000,"device_devicemodel_name":"VANU-BTS","device_device_parent_id":0,"device_device_hardware_version":"","device_devicemodel_id":4,"device_device_device_id":103,"device_device_mac_address":"","device_devicetechnology_alias":"GSM"},{"device_devicetype_name":"BTS","city_alias":"Solan","device_devicemodel_icon":"/home/ttpl/Tomcat/apache-tomcat-8.0.36/webapps/tmpFiles/router-icon.png","device_device_imei":"0","device_device_lattitude":"30.9249052","device_device_elevation":"","device_devicetechnology_name":"GSM","state_name":"Haryana","state_id":1,"device_device_is_deleted":false,"organization_organization_alias":"HFCL","device_device_alias":"BTS 802","device_device_created_by":"1","device_devicevendor_alias":"Vanu","device_device_longitude":"77.0958173","device_device_modified_by":"db4c4236-30c3-11e7-be7d-000c29e31674","device_devicevendor_name":"Vanu","data_source":"OFF","device_devicemodel_alias":"CRAN 2.0","organization_organization_path":"/teramatrix","device_device_iccid":null,"device_device_software_version":"","device_device_last_modified_date":1513839926000,"device_devicetype_alias":"BTS","device_devicevendor_id":3,"country_id":1,"city_id":1,"device_devicetechnology_id":3,"device_device_is_configurable":0,"device_device_name":"CRAN2_802","device_device_is_active":true,"device_device_ipaddress":"192.168.10.20","city_name":"gurgao","state_alias":"Himachal Pradesh","country_name":"india","device_devicemodel_gis_icon":"/home/ttpl/Tomcat/apache-tomcat-8.0.36/webapps/tmpFiles/router-icon.png","status_timestamp":1527854063000,"device_device_description":"","country_alias":"India","device_devicetype_id":4,"data_source_alias":"up","device_device_creation_date":null,"check_timestamp":1519716519000,"device_devicemodel_name":"VANU-BTS","device_device_parent_id":0,"device_device_hardware_version":"","device_devicemodel_id":4,"device_device_device_id":104,"device_device_mac_address":"","device_devicetechnology_alias":"GSM"},{"device_devicetype_name":"BTS","city_alias":"Solan","device_devicemodel_icon":"/home/ttpl/Tomcat/apache-tomcat-8.0.36/webapps/tmpFiles/router-icon.png","device_device_imei":"0","device_device_lattitude":"30.9249052","device_device_elevation":"","device_devicetechnology_name":"GSM","state_name":"Haryana","state_id":1,"device_device_is_deleted":false,"organization_organization_alias":"HFCL","device_device_alias":"BTS 803","device_device_created_by":"1","device_devicevendor_alias":"Vanu","device_device_longitude":"77.0958173","device_device_modified_by":"db4c4236-30c3-11e7-be7d-000c29e31674","device_devicevendor_name":"Vanu","data_source":"ON","device_devicemodel_alias":"CRAN 2.0","organization_organization_path":"/teramatrix","device_device_iccid":null,"device_device_software_version":"","device_device_last_modified_date":1513839909000,"device_devicetype_alias":"BTS","device_devicevendor_id":3,"country_id":1,"city_id":1,"device_devicetechnology_id":3,"device_device_is_configurable":0,"device_device_name":"CRAN2_803","device_device_is_active":true,"device_device_ipaddress":"192.168.10.21","city_name":"gurgao","state_alias":"Himachal Pradesh","country_name":"india","device_devicemodel_gis_icon":"/home/ttpl/Tomcat/apache-tomcat-8.0.36/webapps/tmpFiles/router-icon.png","status_timestamp":1527854055000,"device_device_description":"","country_alias":"India","device_devicetype_id":4,"data_source_alias":"down","device_device_creation_date":null,"check_timestamp":1527828691000,"device_devicemodel_name":"VANU-BTS","device_device_parent_id":0,"device_device_hardware_version":"","device_devicemodel_id":4,"device_device_device_id":105,"device_device_mac_address":"","device_devicetechnology_alias":"GSM"}],"list":null,"valid":true}
INFO - Number of Devices  :  3
INFO - Complete details : [103, 104, 105]
INFO - Device List: [103, 104, 105]
INFO - 
 ** Api Url:http://192.168.1.88:7878/XFusionPlatform/performance/service/multipledevices/get/many
INFO - Para:   end_date=1527445799000&device_id=103&from_date=1527359400000&service_name= &access_key=d3cd4e3f-5946-11e6-9bb0-fe984cc15272&data_source= 
INFO - Response Code is:   200
INFO - Connection DriverName: com.mysql.jdbc.Driver
INFO - Connection url: jdbc:mysql://192.168.1.88:3306/hfcl_gateway?user=developer&password=admin@123
INFO - Connection Established: com.mysql.jdbc.Connection@4ec6a292
INFO - Query to be called :-insert into hfcl_kpi(device_id,tag,kpi,current_value,systime,endtime,device_name) value('103','BTS','StartTime','1527359400000','1527359400','1527445799','BTS 801');
INFO - Inserted: 
INFO - Start Time KPI value : 1527359400000
INFO - Connection DriverName: com.mysql.jdbc.Driver
INFO - Connection url: jdbc:mysql://192.168.1.88:3306/hfcl_gateway?user=developer&password=admin@123
INFO - Connection Established: com.mysql.jdbc.Connection@71c7db30
INFO - Query to be called :-insert into hfcl_kpi(device_id,tag,kpi,current_value,systime,endtime,device_name) value('103','BTS','End Time','1527445799000','1527359400','1527445799','BTS 801');
INFO - Inserted: 
INFO - End Time KPI value : 1527445799000
INFO - Connection DriverName: com.mysql.jdbc.Driver
INFO - Connection url: jdbc:mysql://192.168.1.88:3306/hfcl_gateway?user=developer&password=admin@123
INFO - Connection Established: com.mysql.jdbc.Connection@5e025e70
INFO - Query to be called :-insert into hfcl_kpi(device_id,tag,kpi,current_value,systime,endtime,device_name) value('103','BTS','Call Setup Success Rate','0.99','1527359400','1527445799','BTS 801');
INFO - Inserted: 
INFO - Call Setup Success Rate KPI value : 0.9859154929577465
INFO - Connection DriverName: com.mysql.jdbc.Driver
INFO - Connection url: jdbc:mysql://192.168.1.88:3306/hfcl_gateway?user=developer&password=admin@123
INFO - Connection Established: com.mysql.jdbc.Connection@66d33a
INFO - Query to be called :-insert into hfcl_kpi(device_id,tag,kpi,current_value,systime,endtime,device_name) value('103','BTS','Call Setup Success Rate - NR','420','1527359400','1527445799','BTS 801');
INFO - Inserted: 
INFO - Call Setup Success Rate - NR KPI value : 420.0
INFO - Connection DriverName: com.mysql.jdbc.Driver
INFO - Connection url: jdbc:mysql://192.168.1.88:3306/hfcl_gateway?user=developer&password=admin@123
INFO - Connection Established: com.mysql.jdbc.Connection@5ba23b66
INFO - Query to be called :-insert into hfcl_kpi(device_id,tag,kpi,current_value,systime,endtime,device_name) value('103','BTS','Call Setup Success Rate - DR','426','1527359400','1527445799','BTS 801');
INFO - Inserted: 
INFO - Call Setup Success Rate - DR KPI value : 426.0
INFO - Exception occur in getting devices.
INFO - Connection DriverName: com.mysql.jdbc.Driver
INFO - Connection url: jdbc:mysql://192.168.1.88:3306/hfcl_gateway?user=developer&password=admin@123
INFO - Connection Established: com.mysql.jdbc.Connection@35bbe5e8
INFO - Query to be called :-insert into hfcl_kpi(device_id,tag,kpi,current_value,systime,endtime,device_name) value('103','BTS','CS Erlangs','193.03','1527359400','1527445799','BTS 801');
INFO - Inserted: 
INFO - CS Erlangs KPI value : 193.0272
INFO - Connection DriverName: com.mysql.jdbc.Driver
INFO - Connection url: jdbc:mysql://192.168.1.88:3306/hfcl_gateway?user=developer&password=admin@123
INFO - Connection Established: com.mysql.jdbc.Connection@56cbfb61
INFO - Query to be called :-insert into hfcl_kpi(device_id,tag,kpi,current_value,systime,endtime,device_name) value('103','BTS','LCLS CS Erlangs','0','1527359400','1527445799','BTS 801');
INFO - Inserted: 
INFO - LCLS CS Erlangs KPI value : 0.0
INFO - Connection DriverName: com.mysql.jdbc.Driver
INFO - Connection url: jdbc:mysql://192.168.1.88:3306/hfcl_gateway?user=developer&password=admin@123
INFO - Connection Established: com.mysql.jdbc.Connection@2f7c7260
INFO - Query to be called :-insert into hfcl_kpi(device_id,tag,kpi,current_value,systime,endtime,device_name) value('103','BTS','Total Channel Drops','20','1527359400','1527445799','BTS 801');
INFO - Inserted: 
INFO - Total Channel Drops KPI value :20.0
INFO - Connection DriverName: com.mysql.jdbc.Driver
INFO - Connection url: jdbc:mysql://192.168.1.88:3306/hfcl_gateway?user=developer&password=admin@123
INFO - Connection Established: com.mysql.jdbc.Connection@2752f6e2
INFO - Query to be called :-insert into hfcl_kpi(device_id,tag,kpi,current_value,systime,endtime,device_name) value('103','BTS','SDCCH Drop Count','2','1527359400','1527445799','BTS 801');
INFO - Inserted: 
INFO - SDCCH Drop Count KPI value : 2.0
INFO - Connection DriverName: com.mysql.jdbc.Driver
INFO - Connection url: jdbc:mysql://192.168.1.88:3306/hfcl_gateway?user=developer&password=admin@123
INFO - Connection Established: com.mysql.jdbc.Connection@4c203ea1
INFO - Query to be called :-insert into hfcl_kpi(device_id,tag,kpi,current_value,systime,endtime,device_name) value('103','BTS','SDCCH Drop Rate','0','1527359400','1527445799','BTS 801');
INFO - Inserted: 
INFO - SDCCH Drop Rate KPI value : 3.5335689045936394E-4
INFO - Connection DriverName: com.mysql.jdbc.Driver
INFO - Connection url: jdbc:mysql://192.168.1.88:3306/hfcl_gateway?user=developer&password=admin@123
INFO - Connection Established: com.mysql.jdbc.Connection@58ceff1
INFO - Query to be called :-insert into hfcl_kpi(device_id,tag,kpi,current_value,systime,endtime,device_name) value('103','BTS','SDCCH Drop Rate - NR','2','1527359400','1527445799','BTS 801');
INFO - Inserted: 
INFO - SDCCH Drop Rate - NR KPI value : 2.0
INFO - Connection DriverName: com.mysql.jdbc.Driver
INFO - Connection url: jdbc:mysql://192.168.1.88:3306/hfcl_gateway?user=developer&password=admin@123
INFO - Connection Established: com.mysql.jdbc.Connection@43a25848
INFO - Query to be called :-insert into hfcl_kpi(device_id,tag,kpi,current_value,systime,endtime,device_name) value('103','BTS','SDCCH Drop Rate - DR','5660','1527359400','1527445799','BTS 801');
INFO - Inserted: 
INFO - SDCCH Drop Rate - DR KPI value : 5660.0
INFO - Connection DriverName: com.mysql.jdbc.Driver
INFO - Connection url: jdbc:mysql://192.168.1.88:3306/hfcl_gateway?user=developer&password=admin@123
INFO - Connection Established: com.mysql.jdbc.Connection@3b6eb2ec
INFO - Query to be called :-insert into hfcl_kpi(device_id,tag,kpi,current_value,systime,endtime,device_name) value('103','BTS','TCH Drop Count ','18','1527359400','1527445799','BTS 801');
INFO - Inserted: 
INFO - TCH Drop Count KPI value :18.0
INFO - Connection DriverName: com.mysql.jdbc.Driver
INFO - Connection url: jdbc:mysql://192.168.1.88:3306/hfcl_gateway?user=developer&password=admin@123
INFO - Connection Established: com.mysql.jdbc.Connection@34ce8af7
INFO - Query to be called :-insert into hfcl_kpi(device_id,tag,kpi,current_value,systime,endtime,device_name) value('103','BTS','TCH Drop Rate','18','1527359400','1527445799','BTS 801');
INFO - Inserted: 
INFO - TCH Drop Rate KPI value :18.0
INFO - Connection DriverName: com.mysql.jdbc.Driver
INFO - Connection url: jdbc:mysql://192.168.1.88:3306/hfcl_gateway?user=developer&password=admin@123
INFO - Connection Established: com.mysql.jdbc.Connection@7f63425a
INFO - Query to be called :-insert into hfcl_kpi(device_id,tag,kpi,current_value,systime,endtime,device_name) value('103','BTS','TCH Drop Rate - NR','2','1527359400','1527445799','BTS 801');
INFO - Inserted: 
INFO - TCH Drop Rate - NR KPI value :2.0
INFO - Connection DriverName: com.mysql.jdbc.Driver
INFO - Connection url: jdbc:mysql://192.168.1.88:3306/hfcl_gateway?user=developer&password=admin@123
INFO - Connection Established: com.mysql.jdbc.Connection@30c7da1e
INFO - Query to be called :-insert into hfcl_kpi(device_id,tag,kpi,current_value,systime,endtime,device_name) value('103','BTS','TCH Drop Rate - DR','1210','1527359400','1527445799','BTS 801');
INFO - Inserted: 
INFO - TCH Drop Rate - DR KPI value :1210.0
INFO - Connection DriverName: com.mysql.jdbc.Driver
INFO - Connection url: jdbc:mysql://192.168.1.88:3306/hfcl_gateway?user=developer&password=admin@123
INFO - Connection Established: com.mysql.jdbc.Connection@17c68925
INFO - Query to be called :-insert into hfcl_kpi(device_id,tag,kpi,current_value,systime,endtime,device_name) value('103','BTS','Immediate Assignment Procedure Success Rate','0.98','1527359400','1527445799','BTS 801');
INFO - Inserted: 
INFO - Immediate Assignment Procedure Success Rate KPI value : 0.9708404802744426
INFO - Connection DriverName: com.mysql.jdbc.Driver
INFO - Connection url: jdbc:mysql://192.168.1.88:3306/hfcl_gateway?user=developer&password=admin@123
INFO - Connection Established: com.mysql.jdbc.Connection@7a0ac6e3
INFO - Query to be called :-insert into hfcl_kpi(device_id,tag,kpi,current_value,systime,endtime,device_name) value('103','BTS','Immediate Assignment Procedure Success Rate - NR','5660','1527359400','1527445799','BTS 801');
INFO - Inserted: 
INFO - Immediate Assignment Procedure Success Rate - NR KPI value : 5660.0
INFO - Connection DriverName: com.mysql.jdbc.Driver
INFO - Connection url: jdbc:mysql://192.168.1.88:3306/hfcl_gateway?user=developer&password=admin@123
INFO - Connection Established: com.mysql.jdbc.Connection@2d6e8792
INFO - Query to be called :-insert into hfcl_kpi(device_id,tag,kpi,current_value,systime,endtime,device_name) value('103','BTS','Immediate Assignment Procedure Success Rate - DR','5830','1527359400','1527445799','BTS 801');
INFO - Inserted: 
INFO - Immediate Assignment Procedure Success Rate - DR KPI value : 5830.0
INFO - Connection DriverName: com.mysql.jdbc.Driver
INFO - Connection url: jdbc:mysql://192.168.1.88:3306/hfcl_gateway?user=developer&password=admin@123
INFO - Connection Established: com.mysql.jdbc.Connection@96532d6
INFO - Query to be called :-insert into hfcl_kpi(device_id,tag,kpi,current_value,systime,endtime,device_name) value('103','BTS','SDCCH Blocking Count','0','1527359400','1527445799','BTS 801');
INFO - Inserted: 
INFO - SDCCH Blocking Count KPI value : 0.0
INFO - Connection DriverName: com.mysql.jdbc.Driver
INFO - Connection url: jdbc:mysql://192.168.1.88:3306/hfcl_gateway?user=developer&password=admin@123
INFO - Connection Established: com.mysql.jdbc.Connection@6442b0a6
INFO - Query to be called :-insert into hfcl_kpi(device_id,tag,kpi,current_value,systime,endtime,device_name) value('103','BTS','SDCCH Blocking Rate','0','1527359400','1527445799','BTS 801');
INFO - Inserted: 
INFO - SDCCH Blocking Rate KPI value : 0.0
INFO - Connection DriverName: com.mysql.jdbc.Driver
INFO - Connection url: jdbc:mysql://192.168.1.88:3306/hfcl_gateway?user=developer&password=admin@123
INFO - Connection Established: com.mysql.jdbc.Connection@edf4efb
INFO - Query to be called :-insert into hfcl_kpi(device_id,tag,kpi,current_value,systime,endtime,device_name) value('103','BTS','SDCCH Blocking Rate - NR','0','1527359400','1527445799','BTS 801');
INFO - Inserted: 
INFO - SDCCH Blocking Rate - NR KPI value : 0.0
INFO - Connection DriverName: com.mysql.jdbc.Driver
INFO - Connection url: jdbc:mysql://192.168.1.88:3306/hfcl_gateway?user=developer&password=admin@123
INFO - Connection Established: com.mysql.jdbc.Connection@1554909b
INFO - Query to be called :-insert into hfcl_kpi(device_id,tag,kpi,current_value,systime,endtime,device_name) value('103','BTS','SDCCH Blocking Rate - DR','4085','1527359400','1527445799','BTS 801');
INFO - Inserted: 
INFO - SDCCH Blocking Rate - DR KPI value : 4085.0
INFO - Connection DriverName: com.mysql.jdbc.Driver
INFO - Connection url: jdbc:mysql://192.168.1.88:3306/hfcl_gateway?user=developer&password=admin@123
INFO - Connection Established: com.mysql.jdbc.Connection@13969fbe
INFO - Query to be called :-insert into hfcl_kpi(device_id,tag,kpi,current_value,systime,endtime,device_name) value('103','BTS','TCH Blocking Count','0','1527359400','1527445799','BTS 801');
INFO - Inserted: 
INFO - TCH Blocking Count KPI value : 0.0
INFO - Connection DriverName: com.mysql.jdbc.Driver
INFO - Connection url: jdbc:mysql://192.168.1.88:3306/hfcl_gateway?user=developer&password=admin@123
INFO - Connection Established: com.mysql.jdbc.Connection@3d8c7aca
INFO - Query to be called :-insert into hfcl_kpi(device_id,tag,kpi,current_value,systime,endtime,device_name) value('103','BTS','TCH Blocking Rate','0','1527359400','1527445799','BTS 801');
INFO - Inserted: 
INFO - TCH Blocking Rate KPI value : 0.0
INFO - Connection DriverName: com.mysql.jdbc.Driver
INFO - Connection url: jdbc:mysql://192.168.1.88:3306/hfcl_gateway?user=developer&password=admin@123
INFO - Connection Established: com.mysql.jdbc.Connection@668bc3d5
INFO - Query to be called :-insert into hfcl_kpi(device_id,tag,kpi,current_value,systime,endtime,device_name) value('103','BTS','TCH Blocking Rate - NR','0','1527359400','1527445799','BTS 801');
INFO - Inserted: 
INFO - TCH Blocking Rate - NR KPI value : 0.0
INFO - Connection DriverName: com.mysql.jdbc.Driver
INFO - Connection url: jdbc:mysql://192.168.1.88:3306/hfcl_gateway?user=developer&password=admin@123
INFO - Connection Established: com.mysql.jdbc.Connection@79b4d0f
INFO - Query to be called :-insert into hfcl_kpi(device_id,tag,kpi,current_value,systime,endtime,device_name) value('103','BTS','TCH Blocking Rate - DR','426','1527359400','1527445799','BTS 801');
INFO - Inserted: 
INFO - TCH Blocking Rate - DR KPI value : 426.0
INFO - Connection DriverName: com.mysql.jdbc.Driver
INFO - Connection url: jdbc:mysql://192.168.1.88:3306/hfcl_gateway?user=developer&password=admin@123
INFO - Connection Established: com.mysql.jdbc.Connection@2ed94a8b
INFO - Query to be called :-insert into hfcl_kpi(device_id,tag,kpi,current_value,systime,endtime,device_name) value('103','BTS','Number of TCH-F Attempts Per TRX','2','1527359400','1527445799','BTS 801');
INFO - Inserted: 
INFO - Number of TCH-F Attempts Per TRX KPI value : 2.0
INFO - Connection DriverName: com.mysql.jdbc.Driver
INFO - Connection url: jdbc:mysql://192.168.1.88:3306/hfcl_gateway?user=developer&password=admin@123
INFO - Connection Established: com.mysql.jdbc.Connection@26ba2a48
INFO - Query to be called :-insert into hfcl_kpi(device_id,tag,kpi,current_value,systime,endtime,device_name) value('103','BTS','Number of TCH-F Success per TRX','2','1527359400','1527445799','BTS 801');
INFO - Inserted: 
INFO - Number of TCH-F Success per TRX KPI value : 2.0
INFO - Connection DriverName: com.mysql.jdbc.Driver
INFO - Connection url: jdbc:mysql://192.168.1.88:3306/hfcl_gateway?user=developer&password=admin@123
INFO - Connection Established: com.mysql.jdbc.Connection@13fee20c
INFO - Query to be called :-insert into hfcl_kpi(device_id,tag,kpi,current_value,systime,endtime,device_name) value('103','BTS','Number of TCH-H Attempts Per TRX','424','1527359400','1527445799','BTS 801');
INFO - Inserted: 
INFO - Number of TCH-H Attempts Per TRX KPI value : 424.0
INFO - Connection DriverName: com.mysql.jdbc.Driver
INFO - Connection url: jdbc:mysql://192.168.1.88:3306/hfcl_gateway?user=developer&password=admin@123
INFO - Connection Established: com.mysql.jdbc.Connection@735f7ae5
INFO - Query to be called :-insert into hfcl_kpi(device_id,tag,kpi,current_value,systime,endtime,device_name) value('103','BTS','Number of TCH-H Success per TRX','418','1527359400','1527445799','BTS 801');
INFO - Inserted: 
INFO - Number of TCH-H Success per TRX KPI value : 418.0
INFO - Connection DriverName: com.mysql.jdbc.Driver
INFO - Connection url: jdbc:mysql://192.168.1.88:3306/hfcl_gateway?user=developer&password=admin@123
INFO - Connection Established: com.mysql.jdbc.Connection@246ae04d
INFO - Query to be called :-insert into hfcl_kpi(device_id,tag,kpi,current_value,systime,endtime,device_name) value('103','BTS','Number Of SDCCH Assignment Attempts','5830','1527359400','1527445799','BTS 801');
INFO - Inserted: 
INFO - Number Of SDCCH Assignment Attempts KPI value : 5830.0
INFO - Connection DriverName: com.mysql.jdbc.Driver
INFO - Connection url: jdbc:mysql://192.168.1.88:3306/hfcl_gateway?user=developer&password=admin@123
INFO - Connection Established: com.mysql.jdbc.Connection@5d624da6
INFO - Query to be called :-insert into hfcl_kpi(device_id,tag,kpi,current_value,systime,endtime,device_name) value('103','BTS','Number Of Successful SDCCH Assignments','5660','1527359400','1527445799','BTS 801');
INFO - Inserted: 
INFO - Number Of Successful SDCCH Assignments KPI value : 5660.0
INFO - Connection DriverName: com.mysql.jdbc.Driver
INFO - Connection url: jdbc:mysql://192.168.1.88:3306/hfcl_gateway?user=developer&password=admin@123
INFO - Connection Established: com.mysql.jdbc.Connection@4cb2c100
INFO - Query to be called :-insert into hfcl_kpi(device_id,tag,kpi,current_value,systime,endtime,device_name) value('103','BTS','Total Voice Call Minutes','482.57','1527359400','1527445799','BTS 801');
INFO - Inserted: 
INFO - Total Voice Call Minutes KPI value : 482.568
INFO - Connection DriverName: com.mysql.jdbc.Driver
INFO - Connection url: jdbc:mysql://192.168.1.88:3306/hfcl_gateway?user=developer&password=admin@123
INFO - Connection Established: com.mysql.jdbc.Connection@2d554825
INFO - Query to be called :-insert into hfcl_kpi(device_id,tag,kpi,current_value,systime,endtime,device_name) value('103','BTS','DL TCH RxQual_0','47855','1527359400','1527445799','BTS 801');
INFO - Inserted: 
INFO - DL TCH RxQual_0 KPI value : 47855.0
INFO - Connection DriverName: com.mysql.jdbc.Driver
INFO - Connection url: jdbc:mysql://192.168.1.88:3306/hfcl_gateway?user=developer&password=admin@123
INFO - Connection Established: com.mysql.jdbc.Connection@327471b5
INFO - Query to be called :-insert into hfcl_kpi(device_id,tag,kpi,current_value,systime,endtime,device_name) value('103','BTS','DL TCH RxQual_1','1984','1527359400','1527445799','BTS 801');
INFO - Inserted: 
INFO - DL TCH RxQual_1 KPI value : 1984.0
INFO - Connection DriverName: com.mysql.jdbc.Driver
INFO - Connection url: jdbc:mysql://192.168.1.88:3306/hfcl_gateway?user=developer&password=admin@123
INFO - Connection Established: com.mysql.jdbc.Connection@15975490
INFO - Query to be called :-insert into hfcl_kpi(device_id,tag,kpi,current_value,systime,endtime,device_name) value('103','BTS','DL TCH RxQual_2','3352','1527359400','1527445799','BTS 801');
INFO - Inserted: 
INFO - DL TCH RxQual_2 KPI value : 3352.0
INFO - Connection DriverName: com.mysql.jdbc.Driver
INFO - Connection url: jdbc:mysql://192.168.1.88:3306/hfcl_gateway?user=developer&password=admin@123
INFO - Connection Established: com.mysql.jdbc.Connection@4909b8da
INFO - Query to be called :-insert into hfcl_kpi(device_id,tag,kpi,current_value,systime,endtime,device_name) value('103','BTS','DL TCH RxQual_3','2572','1527359400','1527445799','BTS 801');
INFO - Inserted: 
INFO - DL TCH RxQual_3 KPI value : 2572.0
INFO - Connection DriverName: com.mysql.jdbc.Driver
INFO - Connection url: jdbc:mysql://192.168.1.88:3306/hfcl_gateway?user=developer&password=admin@123
INFO - Connection Established: com.mysql.jdbc.Connection@6537cf78
INFO - Query to be called :-insert into hfcl_kpi(device_id,tag,kpi,current_value,systime,endtime,device_name) value('103','BTS','DL TCH RxQual_4','1257','1527359400','1527445799','BTS 801');
INFO - Inserted: 
INFO - DL TCH RxQual_4 KPI value : 1257.0
INFO - Connection DriverName: com.mysql.jdbc.Driver
INFO - Connection url: jdbc:mysql://192.168.1.88:3306/hfcl_gateway?user=developer&password=admin@123
INFO - Connection Established: com.mysql.jdbc.Connection@6df97b55
INFO - Query to be called :-insert into hfcl_kpi(device_id,tag,kpi,current_value,systime,endtime,device_name) value('103','BTS','DL TCH RxQual_5','780','1527359400','1527445799','BTS 801');
INFO - Inserted: 
INFO - DL TCH RxQual_5 KPI value : 780.0
INFO - Connection DriverName: com.mysql.jdbc.Driver
INFO - Connection url: jdbc:mysql://192.168.1.88:3306/hfcl_gateway?user=developer&password=admin@123
INFO - Connection Established: com.mysql.jdbc.Connection@54a097cc
INFO - Query to be called :-insert into hfcl_kpi(device_id,tag,kpi,current_value,systime,endtime,device_name) value('103','BTS','DL TCH RxQual_6','568','1527359400','1527445799','BTS 801');
INFO - Inserted: 
INFO - DL TCH RxQual_6 KPI value : 568.0
INFO - Connection DriverName: com.mysql.jdbc.Driver
INFO - Connection url: jdbc:mysql://192.168.1.88:3306/hfcl_gateway?user=developer&password=admin@123
INFO - Connection Established: com.mysql.jdbc.Connection@531be3c5
INFO - Query to be called :-insert into hfcl_kpi(device_id,tag,kpi,current_value,systime,endtime,device_name) value('103','BTS','DL TCH RxQual_7','919','1527359400','1527445799','BTS 801');
INFO - Inserted: 
INFO - DL TCH RxQual_7 KPI value : 919.0
INFO - Connection DriverName: com.mysql.jdbc.Driver
INFO - Connection url: jdbc:mysql://192.168.1.88:3306/hfcl_gateway?user=developer&password=admin@123
INFO - Connection Established: com.mysql.jdbc.Connection@2096442d
INFO - Query to be called :-insert into hfcl_kpi(device_id,tag,kpi,current_value,systime,endtime,device_name) value('103','BTS','UL TCH RxQual_0','58954','1527359400','1527445799','BTS 801');
INFO - Inserted: 
INFO - UL TCH RxQual_0 KPI value : 58954.0
INFO - Connection DriverName: com.mysql.jdbc.Driver
INFO - Connection url: jdbc:mysql://192.168.1.88:3306/hfcl_gateway?user=developer&password=admin@123
INFO - Connection Established: com.mysql.jdbc.Connection@61dc03ce
INFO - Query to be called :-insert into hfcl_kpi(device_id,tag,kpi,current_value,systime,endtime,device_name) value('103','BTS','UL TCH RxQual_1','805','1527359400','1527445799','BTS 801');
INFO - Inserted: 
INFO - UL TCH RxQual_1 KPI value : 805.0
INFO - Connection DriverName: com.mysql.jdbc.Driver
INFO - Connection url: jdbc:mysql://192.168.1.88:3306/hfcl_gateway?user=developer&password=admin@123
INFO - Connection Established: com.mysql.jdbc.Connection@12843fce
INFO - Query to be called :-insert into hfcl_kpi(device_id,tag,kpi,current_value,systime,endtime,device_name) value('103','BTS','UL TCH RxQual_2','641','1527359400','1527445799','BTS 801');
INFO - Inserted: 
INFO - UL TCH RxQual_2 KPI value : 641.0
INFO - Connection DriverName: com.mysql.jdbc.Driver
INFO - Connection url: jdbc:mysql://192.168.1.88:3306/hfcl_gateway?user=developer&password=admin@123
INFO - Connection Established: com.mysql.jdbc.Connection@153f5a29
INFO - Query to be called :-insert into hfcl_kpi(device_id,tag,kpi,current_value,systime,endtime,device_name) value('103','BTS','UL TCH RxQual_3','558','1527359400','1527445799','BTS 801');
INFO - Inserted: 
INFO - UL TCH RxQual_3 KPI value : 558.0
INFO - Connection DriverName: com.mysql.jdbc.Driver
INFO - Connection url: jdbc:mysql://192.168.1.88:3306/hfcl_gateway?user=developer&password=admin@123
INFO - Connection Established: com.mysql.jdbc.Connection@7ca48474
INFO - Query to be called :-insert into hfcl_kpi(device_id,tag,kpi,current_value,systime,endtime,device_name) value('103','BTS','UL TCH RxQual_4','668','1527359400','1527445799','BTS 801');
INFO - Inserted: 
INFO - UL TCH RxQual_4 KPI value : 668.0
INFO - Connection DriverName: com.mysql.jdbc.Driver
INFO - Connection url: jdbc:mysql://192.168.1.88:3306/hfcl_gateway?user=developer&password=admin@123
INFO - Connection Established: com.mysql.jdbc.Connection@39fb3ab6
INFO - Query to be called :-insert into hfcl_kpi(device_id,tag,kpi,current_value,systime,endtime,device_name) value('103','BTS','UL TCH RxQual_5','655','1527359400','1527445799','BTS 801');
INFO - Inserted: 
INFO - UL TCH RxQual_5 KPI value : 655.0
INFO - Connection DriverName: com.mysql.jdbc.Driver
INFO - Connection url: jdbc:mysql://192.168.1.88:3306/hfcl_gateway?user=developer&password=admin@123
INFO - Connection Established: com.mysql.jdbc.Connection@5cc7c2a6
INFO - Query to be called :-insert into hfcl_kpi(device_id,tag,kpi,current_value,systime,endtime,device_name) value('103','BTS','UL TCH RxQual_6','802','1527359400','1527445799','BTS 801');
INFO - Inserted: 
INFO - UL TCH RxQual_6 KPI value : 802.0
INFO - Connection DriverName: com.mysql.jdbc.Driver
INFO - Connection url: jdbc:mysql://192.168.1.88:3306/hfcl_gateway?user=developer&password=admin@123
INFO - Connection Established: com.mysql.jdbc.Connection@5056dfcb
INFO - Query to be called :-insert into hfcl_kpi(device_id,tag,kpi,current_value,systime,endtime,device_name) value('103','BTS','UL TCH RxQual_7','729','1527359400','1527445799','BTS 801');
INFO - Inserted: 
INFO - UL TCH RxQual_7 KPI value : 729.0
INFO - Connection DriverName: com.mysql.jdbc.Driver
INFO - Connection url: jdbc:mysql://192.168.1.88:3306/hfcl_gateway?user=developer&password=admin@123
INFO - Connection Established: com.mysql.jdbc.Connection@458ad742
INFO - Query to be called :-insert into hfcl_kpi(device_id,tag,kpi,current_value,systime,endtime,device_name) value('103','BTS','UL TCH RxQual 0To5 Percent','97.61','1527359400','1527445799','BTS 801');
INFO - Inserted: 
INFO - UL TCH RxQual 0To5 Percent KPI value : 97.60076474644268
INFO - Connection DriverName: com.mysql.jdbc.Driver
INFO - Connection url: jdbc:mysql://192.168.1.88:3306/hfcl_gateway?user=developer&password=admin@123
INFO - Connection Established: com.mysql.jdbc.Connection@7921b0a2
INFO - Query to be called :-insert into hfcl_kpi(device_id,tag,kpi,current_value,systime,endtime,device_name) value('103','BTS','SDCCH8 Blocking Count','0','1527359400','1527445799','BTS 801');
INFO - Inserted: 
INFO - SDCCH8 Blocking Count KPI value : 0.0
INFO - Connection DriverName: com.mysql.jdbc.Driver
INFO - Connection url: jdbc:mysql://192.168.1.88:3306/hfcl_gateway?user=developer&password=admin@123
INFO - Connection Established: com.mysql.jdbc.Connection@6a2bcfcb
INFO - Query to be called :-insert into hfcl_kpi(device_id,tag,kpi,current_value,systime,endtime,device_name) value('103','BTS','Number Of Radio Connection Failures SDCCH4','0','1527359400','1527445799','BTS 801');
INFO - Inserted: 
INFO - Number Of Radio Connection Failures SDCCH4 KPI value : 0.0
INFO - Connection DriverName: com.mysql.jdbc.Driver
INFO - Connection url: jdbc:mysql://192.168.1.88:3306/hfcl_gateway?user=developer&password=admin@123
INFO - Connection Established: com.mysql.jdbc.Connection@48eff760
INFO - Query to be called :-insert into hfcl_kpi(device_id,tag,kpi,current_value,systime,endtime,device_name) value('103','BTS','Number Of Radio Connection Failures SDCCH8 ','2','1527359400','1527445799','BTS 801');
INFO - Inserted: 
INFO - Number Of Radio Connection Failures SDCCH8 KPI value : 2.0
INFO - Connection DriverName: com.mysql.jdbc.Driver
INFO - Connection url: jdbc:mysql://192.168.1.88:3306/hfcl_gateway?user=developer&password=admin@123
INFO - Connection Established: com.mysql.jdbc.Connection@6d8a00e3
INFO - Query to be called :-insert into hfcl_kpi(device_id,tag,kpi,current_value,systime,endtime,device_name) value('103','BTS','Number Of Radio Connection Failures TCH_H','2','1527359400','1527445799','BTS 801');
INFO - Inserted: 
INFO - Number Of Radio Connection Failures TCH_H KPI value : 2.0
INFO - Connection DriverName: com.mysql.jdbc.Driver
INFO - Connection url: jdbc:mysql://192.168.1.88:3306/hfcl_gateway?user=developer&password=admin@123
INFO - Connection Established: com.mysql.jdbc.Connection@50c87b21
INFO - Query to be called :-insert into hfcl_kpi(device_id,tag,kpi,current_value,systime,endtime,device_name) value('103','BTS','Number Of Radio Connection Failures TCH_F','0','1527359400','1527445799','BTS 801');
INFO - Inserted: 
INFO - Number Of Radio Connection Failures TCH_F KPI value : 0.0
INFO - Connection DriverName: com.mysql.jdbc.Driver
INFO - Connection url: jdbc:mysql://192.168.1.88:3306/hfcl_gateway?user=developer&password=admin@123
INFO - Connection Established: com.mysql.jdbc.Connection@215be6bb
INFO - Query to be called :-insert into hfcl_kpi(device_id,tag,kpi,current_value,systime,endtime,device_name) value('103','BTS','Number Of SDCCH4 Assignment Attempts','0','1527359400','1527445799','BTS 801');
INFO - Inserted: 
INFO - Number Of SDCCH4 Assignment Attempts  KPI value : 0.0
INFO - Connection DriverName: com.mysql.jdbc.Driver
INFO - Connection url: jdbc:mysql://192.168.1.88:3306/hfcl_gateway?user=developer&password=admin@123
INFO - Connection Established: com.mysql.jdbc.Connection@5d5eef3d
INFO - Query to be called :-insert into hfcl_kpi(device_id,tag,kpi,current_value,systime,endtime,device_name) value('103','BTS','Number Of SDCCH4 Assignment Success','0','1527359400','1527445799','BTS 801');
INFO - Inserted: 
INFO - Number Of SDCCH4 Assignment Success KPI value : 0.0
INFO - Connection DriverName: com.mysql.jdbc.Driver
INFO - Connection url: jdbc:mysql://192.168.1.88:3306/hfcl_gateway?user=developer&password=admin@123
INFO - Connection Established: com.mysql.jdbc.Connection@100fc185
INFO - Query to be called :-insert into hfcl_kpi(device_id,tag,kpi,current_value,systime,endtime,device_name) value('103','BTS','Number Of SDCCH8 Assignment Attempts','5830','1527359400','1527445799','BTS 801');
INFO - Inserted: 
INFO - Number Of SDCCH8 Assignment Attempts KPI value : 5830.0
INFO - Connection DriverName: com.mysql.jdbc.Driver
INFO - Connection url: jdbc:mysql://192.168.1.88:3306/hfcl_gateway?user=developer&password=admin@123
INFO - Connection Established: com.mysql.jdbc.Connection@6d00a15d
INFO - Query to be called :-insert into hfcl_kpi(device_id,tag,kpi,current_value,systime,endtime,device_name) value('103','BTS','Number Of SDCCH8 Assignment Success','5660','1527359400','1527445799','BTS 801');
INFO - Inserted: 
INFO - Number Of SDCCH8 Assignment Success KPI value : 5660.0
INFO - Connection DriverName: com.mysql.jdbc.Driver
INFO - Connection url: jdbc:mysql://192.168.1.88:3306/hfcl_gateway?user=developer&password=admin@123
INFO - Connection Established: com.mysql.jdbc.Connection@51081592
INFO - Query to be called :-insert into hfcl_kpi(device_id,tag,kpi,current_value,systime,endtime,device_name) value('103','BTS','SDCCH4 Blocking Count','0','1527359400','1527445799','BTS 801');
INFO - Inserted: 
INFO - SDCCH4 Blocking Count KPI value : 0.0
INFO - Connection DriverName: com.mysql.jdbc.Driver
INFO - Connection url: jdbc:mysql://192.168.1.88:3306/hfcl_gateway?user=developer&password=admin@123
INFO - Connection Established: com.mysql.jdbc.Connection@735b5592
INFO - Query to be called :-insert into hfcl_kpi(device_id,tag,kpi,current_value,systime,endtime,device_name) value('103','BTS','TCH_H Blocking Count','0','1527359400','1527445799','BTS 801');
INFO - Inserted: 
INFO - TCH_H Blocking Count KPI value : 0.0
INFO - Connection DriverName: com.mysql.jdbc.Driver
INFO - Connection url: jdbc:mysql://192.168.1.88:3306/hfcl_gateway?user=developer&password=admin@123
INFO - Connection Established: com.mysql.jdbc.Connection@7dc7cbad
INFO - Query to be called :-insert into hfcl_kpi(device_id,tag,kpi,current_value,systime,endtime,device_name) value('103','BTS','TCH_F Blocking Count','0','1527359400','1527445799','BTS 801');
INFO - Inserted: 
INFO - TCH_F Blocking Count KPI value : 0.0
INFO - Connection DriverName: com.mysql.jdbc.Driver
INFO - Connection url: jdbc:mysql://192.168.1.88:3306/hfcl_gateway?user=developer&password=admin@123
INFO - Connection Established: com.mysql.jdbc.Connection@1753acfe
INFO - Query to be called :-insert into hfcl_kpi(device_id,tag,kpi,current_value,systime,endtime,device_name) value('103','BTS','Number Of Paging Attempts','2510','1527359400','1527445799','BTS 801');
INFO - Inserted: 
INFO - Number Of Paging Attempts KPI value : 2510.0
INFO - Exception occur in getting devices.
INFO - Exception occur in getting devices.
INFO - Connection DriverName: com.mysql.jdbc.Driver
INFO - Connection url: jdbc:mysql://192.168.1.88:3306/hfcl_gateway?user=developer&password=admin@123
INFO - Connection Established: com.mysql.jdbc.Connection@28feb3fa
INFO - Query to be called :-insert into hfcl_kpi(device_id,tag,kpi,current_value,systime,endtime,device_name) value('103','BTS','Smart Paging Success Rate - DR','2510','1527359400','1527445799','BTS 801');
INFO - Inserted: 
INFO - Smart Paging Success Rate - DR KPI value : 2510.0
INFO - Connection DriverName: com.mysql.jdbc.Driver
INFO - Connection url: jdbc:mysql://192.168.1.88:3306/hfcl_gateway?user=developer&password=admin@123
INFO - Connection Established: com.mysql.jdbc.Connection@1593948d
INFO - Query to be called :-insert into hfcl_kpi(device_id,tag,kpi,current_value,systime,endtime,device_name) value('103','BTS','Number Of Emergency Calls','0','1527359400','1527445799','BTS 801');
INFO - Inserted: 
INFO - Number Of Emergency Calls KPI value : 0.0
INFO - Connection DriverName: com.mysql.jdbc.Driver
INFO - Connection url: jdbc:mysql://192.168.1.88:3306/hfcl_gateway?user=developer&password=admin@123
INFO - Connection Established: com.mysql.jdbc.Connection@457e2f02
INFO - Query to be called :-insert into hfcl_kpi(device_id,tag,kpi,current_value,systime,endtime,device_name) value('103','BTS','Number Of Location Updates','2954','1527359400','1527445799','BTS 801');
INFO - Inserted: 
INFO - Number Of Location Updates KPI value : 2954.0
INFO - Connection DriverName: com.mysql.jdbc.Driver
INFO - Connection url: jdbc:mysql://192.168.1.88:3306/hfcl_gateway?user=developer&password=admin@123
INFO - Connection Established: com.mysql.jdbc.Connection@4678c730
INFO - Query to be called :-insert into hfcl_kpi(device_id,tag,kpi,current_value,systime,endtime,device_name) value('103','BTS','Total Number Of Calls','840','1527359400','1527445799','BTS 801');
INFO - Inserted: 
INFO - Total Number Of Calls KPI value : 840.0
INFO - Connection DriverName: com.mysql.jdbc.Driver
INFO - Connection url: jdbc:mysql://192.168.1.88:3306/hfcl_gateway?user=developer&password=admin@123
INFO - Connection Established: com.mysql.jdbc.Connection@cc285f4
INFO - Query to be called :-insert into hfcl_kpi(device_id,tag,kpi,current_value,systime,endtime,device_name) value('103','PCU','StartTime','1527359400000','1527359400','1527445799','BTS 801');
INFO - Inserted: 
INFO - Start Time KPI value : 1527359400000
INFO - Connection DriverName: com.mysql.jdbc.Driver
INFO - Connection url: jdbc:mysql://192.168.1.88:3306/hfcl_gateway?user=developer&password=admin@123
INFO - Connection Established: com.mysql.jdbc.Connection@cb5822
INFO - Query to be called :-insert into hfcl_kpi(device_id,tag,kpi,current_value,systime,endtime,device_name) value('103','PCU','EndTime','1527359400000','1527359400','1527445799','BTS 801');
INFO - Inserted: 
INFO - End Time KPI value : 1527359400000
INFO - Connection DriverName: com.mysql.jdbc.Driver
INFO - Connection url: jdbc:mysql://192.168.1.88:3306/hfcl_gateway?user=developer&password=admin@123
INFO - Connection Established: com.mysql.jdbc.Connection@1d057a39
INFO - Query to be called :-insert into hfcl_kpi(device_id,tag,kpi,current_value,systime,endtime,device_name) value('103','PCU','Total Data Calls','5282','1527359400','1527445799','BTS 801');
INFO - Inserted: 
INFO - Total Data Calls KPI value : 5282.0
INFO - Connection DriverName: com.mysql.jdbc.Driver
INFO - Connection url: jdbc:mysql://192.168.1.88:3306/hfcl_gateway?user=developer&password=admin@123
INFO - Connection Established: com.mysql.jdbc.Connection@14acaea5
INFO - Query to be called :-insert into hfcl_kpi(device_id,tag,kpi,current_value,systime,endtime,device_name) value('103','PCU','Total Downlink Data In KByte','0','1527359400','1527445799','BTS 801');
INFO - Inserted: 
INFO - Total Downlink Data In KByte KPI value : 0.0
INFO - Connection DriverName: com.mysql.jdbc.Driver
INFO - Connection url: jdbc:mysql://192.168.1.88:3306/hfcl_gateway?user=developer&password=admin@123
INFO - Connection Established: com.mysql.jdbc.Connection@28d25987
INFO - Query to be called :-insert into hfcl_kpi(device_id,tag,kpi,current_value,systime,endtime,device_name) value('103','PCU','Total Uplink Data In KByte','0','1527359400','1527445799','BTS 801');
INFO - Inserted: 
INFO - Total Uplink Data In KByte KPI Value : 0.0
INFO - Connection DriverName: com.mysql.jdbc.Driver
INFO - Connection url: jdbc:mysql://192.168.1.88:3306/hfcl_gateway?user=developer&password=admin@123
INFO - Connection Established: com.mysql.jdbc.Connection@61832929
INFO - Query to be called :-insert into hfcl_kpi(device_id,tag,kpi,current_value,systime,endtime,device_name) value('103','PCU','Downlink Data Throughput In Kbps','0','1527359400','1527445799','BTS 801');
INFO - Inserted: 
INFO - Downlink Data Throughput In Kbps KPI Value : 0.0
INFO - Connection DriverName: com.mysql.jdbc.Driver
INFO - Connection url: jdbc:mysql://192.168.1.88:3306/hfcl_gateway?user=developer&password=admin@123
INFO - Connection Established: com.mysql.jdbc.Connection@26653222
INFO - Query to be called :-insert into hfcl_kpi(device_id,tag,kpi,current_value,systime,endtime,device_name) value('103','PCU','Downlink Data Throughput In Kbps - NR','0','1527359400','1527445799','BTS 801');
INFO - Inserted: 
INFO - Downlink Data Throughput In Kbps - NR KPI Value : 0.0
INFO - Connection DriverName: com.mysql.jdbc.Driver
INFO - Connection url: jdbc:mysql://192.168.1.88:3306/hfcl_gateway?user=developer&password=admin@123
INFO - Connection Established: com.mysql.jdbc.Connection@59f99ea
INFO - Query to be called :-insert into hfcl_kpi(device_id,tag,kpi,current_value,systime,endtime,device_name) value('103','PCU','Downlink Data Throughput In Kbps – DR','4172.35','1527359400','1527445799','BTS 801');
INFO - Inserted: 
INFO - Downlink Data Throughput In Kbps – DR KPI Value : 4172.35
INFO - Connection DriverName: com.mysql.jdbc.Driver
INFO - Connection url: jdbc:mysql://192.168.1.88:3306/hfcl_gateway?user=developer&password=admin@123
INFO - Connection Established: com.mysql.jdbc.Connection@3e6fa38a
INFO - Query to be called :-insert into hfcl_kpi(device_id,tag,kpi,current_value,systime,endtime,device_name) value('103','PCU','Uplink Data Throughput In Kbps','0','1527359400','1527445799','BTS 801');
INFO - Inserted: 
INFO - Uplink Data Throughput In Kbps In Kbps KPI Value : 0.0
INFO - Connection DriverName: com.mysql.jdbc.Driver
INFO - Connection url: jdbc:mysql://192.168.1.88:3306/hfcl_gateway?user=developer&password=admin@123
INFO - Connection Established: com.mysql.jdbc.Connection@42d80b78
INFO - Query to be called :-insert into hfcl_kpi(device_id,tag,kpi,current_value,systime,endtime,device_name) value('103','PCU','Uplink Data Throughput In Kbps - NR','0','1527359400','1527445799','BTS 801');
INFO - Inserted: 
INFO - Uplink Data Throughput In Kbps - NR KPI Value : 0.0
INFO - Connection DriverName: com.mysql.jdbc.Driver
INFO - Connection url: jdbc:mysql://192.168.1.88:3306/hfcl_gateway?user=developer&password=admin@123
INFO - Connection Established: com.mysql.jdbc.Connection@5c3bd550
INFO - Query to be called :-insert into hfcl_kpi(device_id,tag,kpi,current_value,systime,endtime,device_name) value('103','PCU','Uplink Data Throughput In Kbps - DR','8128.95','1527359400','1527445799','BTS 801');
INFO - Inserted: 
INFO - Uplink Data Throughput In Kbps - DR KPI Value : 8128.95
INFO - Connection DriverName: com.mysql.jdbc.Driver
INFO - Connection url: jdbc:mysql://192.168.1.88:3306/hfcl_gateway?user=developer&password=admin@123
INFO - Connection Established: com.mysql.jdbc.Connection@685cb137
INFO - Query to be called :-insert into hfcl_kpi(device_id,tag,kpi,current_value,systime,endtime,device_name) value('103','PCU','Tbf Abnormal Release Rate','20.13','1527359400','1527445799','BTS 801');
INFO - Inserted: 
INFO - Tbf Abnormal Release Rate KPI value : 20.12702253137759
INFO - Connection DriverName: com.mysql.jdbc.Driver
INFO - Connection url: jdbc:mysql://192.168.1.88:3306/hfcl_gateway?user=developer&password=admin@123
INFO - Connection Established: com.mysql.jdbc.Connection@6093dd95
INFO - Query to be called :-insert into hfcl_kpi(device_id,tag,kpi,current_value,systime,endtime,device_name) value('103','PCU','Tbf Abnormal Release Rate - NR','133100','1527359400','1527445799','BTS 801');
INFO - Inserted: 
INFO - Tbf Abnormal Release Rate - NR KPI value : 133100.0
INFO - Connection DriverName: com.mysql.jdbc.Driver
INFO - Connection url: jdbc:mysql://192.168.1.88:3306/hfcl_gateway?user=developer&password=admin@123
INFO - Connection Established: com.mysql.jdbc.Connection@39c0f4a
INFO - Query to be called :-insert into hfcl_kpi(device_id,tag,kpi,current_value,systime,endtime,device_name) value('103','PCU','Tbf Abnormal Release Rate - DR','6613','1527359400','1527445799','BTS 801');
INFO - Inserted: 
INFO - Tbf Abnormal Release Rate - DR KPI value : 6613.0
INFO - Connection DriverName: com.mysql.jdbc.Driver
INFO - Connection url: jdbc:mysql://192.168.1.88:3306/hfcl_gateway?user=developer&password=admin@123
INFO - Connection Established: com.mysql.jdbc.Connection@343f4d3d
INFO - Query to be called :-insert into hfcl_kpi(device_id,tag,kpi,current_value,systime,endtime,device_name) value('103','PCU','Egprs Downlink Data Throughput In Kbps','19.69','1527359400','1527445799','BTS 801');
INFO - Inserted: 
INFO - Egprs Downlink Data Throughput In Kbps KPI Value : 19.68058979542116
INFO - Connection DriverName: com.mysql.jdbc.Driver
INFO - Connection url: jdbc:mysql://192.168.1.88:3306/hfcl_gateway?user=developer&password=admin@123
INFO - Connection Established: com.mysql.jdbc.Connection@1a968a59
INFO - Query to be called :-insert into hfcl_kpi(device_id,tag,kpi,current_value,systime,endtime,device_name) value('103','PCU','Egprs Downlink Data Throughput In Kbps - NR','0','1527359400','1527445799','BTS 801');
INFO - Inserted: 
INFO - Egprs Downlink Data Throughput In Kbps - NR KPI Value : 0.0
INFO - Connection DriverName: com.mysql.jdbc.Driver
INFO - Connection url: jdbc:mysql://192.168.1.88:3306/hfcl_gateway?user=developer&password=admin@123
INFO - Connection Established: com.mysql.jdbc.Connection@e25b2fe
INFO - Query to be called :-insert into hfcl_kpi(device_id,tag,kpi,current_value,systime,endtime,device_name) value('103','PCU','Egprs Downlink Data Throughput In Kbps - DR','4145.59','1527359400','1527445799','BTS 801');
INFO - Inserted: 
INFO - Egprs Downlink Data Throughput In Kbps - DR KPI Value : 4145.59
INFO - Connection DriverName: com.mysql.jdbc.Driver
INFO - Connection url: jdbc:mysql://192.168.1.88:3306/hfcl_gateway?user=developer&password=admin@123
INFO - Connection Established: com.mysql.jdbc.Connection@6eebc39e
INFO - Query to be called :-insert into hfcl_kpi(device_id,tag,kpi,current_value,systime,endtime,device_name) value('103','PCU','Egprs Uplink Data Throughput In Kbps','4.36','1527359400','1527445799','BTS 801');
INFO - Inserted: 
INFO - Egprs Uplink Data Throughput In Kbps KPI Value : 4.350959986191001
INFO - Connection DriverName: com.mysql.jdbc.Driver
INFO - Connection url: jdbc:mysql://192.168.1.88:3306/hfcl_gateway?user=developer&password=admin@123
INFO - Connection Established: com.mysql.jdbc.Connection@239963d8
INFO - Query to be called :-insert into hfcl_kpi(device_id,tag,kpi,current_value,systime,endtime,device_name) value('103','PCU','Egprs Uplink Data Throughput In Kbps - NR','0','1527359400','1527445799','BTS 801');
INFO - Inserted: 
INFO - Egprs Uplink Data Throughput In Kbps - NR KPI Value : 0.0
INFO - Connection DriverName: com.mysql.jdbc.Driver
INFO - Connection url: jdbc:mysql://192.168.1.88:3306/hfcl_gateway?user=developer&password=admin@123
INFO - Connection Established: com.mysql.jdbc.Connection@598067a5
INFO - Query to be called :-insert into hfcl_kpi(device_id,tag,kpi,current_value,systime,endtime,device_name) value('103','PCU','Egprs Uplink Data Throughput In Kbps - DR','4145.59','1527359400','1527445799','BTS 801');
INFO - Inserted: 
INFO - Egprs Uplink Data Throughput In Kbps - DR KPI Value : 4145.59
INFO - Connection DriverName: com.mysql.jdbc.Driver
INFO - Connection url: jdbc:mysql://192.168.1.88:3306/hfcl_gateway?user=developer&password=admin@123
