INFO - Inside Initialize method
INFO - From Date : 1528050600000 End Time : 1528137000000
INFO - 
 ** Api Url:http://192.168.1.88:7878/XFusionPlatform/device/get/metadata/status/by/type
INFO - Para:   access_key=d3cd4e3f-5946-11e6-9bb0-fe984cc15272&device_type=4&host_status=0
INFO - Response Code is:   200
INFO - Response : {"description":"Process Success","object":[{"device_devicetype_name":"BTS","city_alias":"Solan","device_devicemodel_icon":"/home/ttpl/Tomcat/apache-tomcat-8.0.36/webapps/tmpFiles/router-icon.png","device_device_imei":"0","device_device_lattitude":"30.9249052","device_device_elevation":"","device_devicetechnology_name":"GSM","state_name":"Haryana","state_id":1,"device_device_is_deleted":false,"organization_organization_alias":"HFCL","device_device_alias":"BTS 801","device_device_created_by":"1","device_devicevendor_alias":"Vanu","device_device_longitude":"77.0958173","device_device_modified_by":"db4c4236-30c3-11e7-be7d-000c29e31674","device_devicevendor_name":"Vanu","data_source":"ON","device_devicemodel_alias":"CRAN 2.0","organization_organization_path":"/teramatrix","device_device_iccid":null,"device_device_software_version":"","device_device_last_modified_date":1513839940000,"device_devicetype_alias":"BTS","device_devicevendor_id":3,"country_id":1,"city_id":1,"device_devicetechnology_id":3,"device_device_is_configurable":0,"device_device_name":"CRAN2_801","device_device_is_active":true,"device_device_ipaddress":"192.168.10.22","city_name":"gurgao","state_alias":"Himachal Pradesh","country_name":"india","device_devicemodel_gis_icon":"/home/ttpl/Tomcat/apache-tomcat-8.0.36/webapps/tmpFiles/router-icon.png","status_timestamp":1528369084000,"device_device_description":"","country_alias":"India","device_devicetype_id":4,"data_source_alias":"down","device_device_creation_date":null,"check_timestamp":1528365427000,"device_devicemodel_name":"VANU-BTS","device_device_parent_id":0,"device_device_hardware_version":"","device_devicemodel_id":4,"device_device_device_id":103,"device_device_mac_address":"","device_devicetechnology_alias":"GSM"},{"device_devicetype_name":"BTS","city_alias":"Solan","device_devicemodel_icon":"/home/ttpl/Tomcat/apache-tomcat-8.0.36/webapps/tmpFiles/router-icon.png","device_device_imei":"0","device_device_lattitude":"30.9249052","device_device_elevation":"","device_devicetechnology_name":"GSM","state_name":"Haryana","state_id":1,"device_device_is_deleted":false,"organization_organization_alias":"HFCL","device_device_alias":"BTS 802","device_device_created_by":"1","device_devicevendor_alias":"Vanu","device_device_longitude":"77.0958173","device_device_modified_by":"db4c4236-30c3-11e7-be7d-000c29e31674","device_devicevendor_name":"Vanu","data_source":"ON","device_devicemodel_alias":"CRAN 2.0","organization_organization_path":"/teramatrix","device_device_iccid":null,"device_device_software_version":"","device_device_last_modified_date":1513839926000,"device_devicetype_alias":"BTS","device_devicevendor_id":3,"country_id":1,"city_id":1,"device_devicetechnology_id":3,"device_device_is_configurable":0,"device_device_name":"CRAN2_802","device_device_is_active":true,"device_device_ipaddress":"192.168.10.20","city_name":"gurgao","state_alias":"Himachal Pradesh","country_name":"india","device_devicemodel_gis_icon":"/home/ttpl/Tomcat/apache-tomcat-8.0.36/webapps/tmpFiles/router-icon.png","status_timestamp":1528369101000,"device_device_description":"","country_alias":"India","device_devicetype_id":4,"data_source_alias":"down","device_device_creation_date":null,"check_timestamp":1528368698000,"device_devicemodel_name":"VANU-BTS","device_device_parent_id":0,"device_device_hardware_version":"","device_devicemodel_id":4,"device_device_device_id":104,"device_device_mac_address":"","device_devicetechnology_alias":"GSM"},{"device_devicetype_name":"BTS","city_alias":"Solan","device_devicemodel_icon":"/home/ttpl/Tomcat/apache-tomcat-8.0.36/webapps/tmpFiles/router-icon.png","device_device_imei":"0","device_device_lattitude":"30.9249052","device_device_elevation":"","device_devicetechnology_name":"GSM","state_name":"Haryana","state_id":1,"device_device_is_deleted":false,"organization_organization_alias":"HFCL","device_device_alias":"BTS 803","device_device_created_by":"1","device_devicevendor_alias":"Vanu","device_device_longitude":"77.0958173","device_device_modified_by":"db4c4236-30c3-11e7-be7d-000c29e31674","device_devicevendor_name":"Vanu","data_source":"OFF","device_devicemodel_alias":"CRAN 2.0","organization_organization_path":"/teramatrix","device_device_iccid":null,"device_device_software_version":"","device_device_last_modified_date":1513839909000,"device_devicetype_alias":"BTS","device_devicevendor_id":3,"country_id":1,"city_id":1,"device_devicetechnology_id":3,"device_device_is_configurable":0,"device_device_name":"CRAN2_803","device_device_is_active":true,"device_device_ipaddress":"192.168.10.21","city_name":"gurgao","state_alias":"Himachal Pradesh","country_name":"india","device_devicemodel_gis_icon":"/home/ttpl/Tomcat/apache-tomcat-8.0.36/webapps/tmpFiles/router-icon.png","status_timestamp":1528369135000,"device_device_description":"","country_alias":"India","device_devicetype_id":4,"data_source_alias":"up","device_device_creation_date":null,"check_timestamp":1527863787000,"device_devicemodel_name":"VANU-BTS","device_device_parent_id":0,"device_device_hardware_version":"","device_devicemodel_id":4,"device_device_device_id":105,"device_device_mac_address":"","device_devicetechnology_alias":"GSM"}],"list":null,"valid":true}
INFO - Number of Devices  :  3
INFO - Complete details : [103, 104, 105]
INFO - Device List: [103, 104, 105]
INFO - 
 ** Api Url:http://192.168.1.88:7878/XFusionPlatform/performance/service/multipledevices/get/many
INFO - Para:   end_date=1528137000000&device_id=103&from_date=1528050600000&service_name= &access_key=d3cd4e3f-5946-11e6-9bb0-fe984cc15272&data_source= 
INFO - Response Code is:   200
INFO - Connection DriverName: com.mysql.jdbc.Driver
INFO - Connection url: jdbc:mysql://192.168.1.88:3306/hfcl_gateway?user=developer&password=admin@123
INFO - Connection Established: com.mysql.jdbc.Connection@4ec6a292
INFO - Query to be called :-insert into hfcl_kpi(device_id,tag,kpi,current_value,systime,endtime,device_name) value('103','PCU','Total Data Calls','1509','1528050600','1528137000','BTS 801');
INFO - Inserted: 
INFO - Total Data Calls KPI value : 1509.0
INFO - Connection DriverName: com.mysql.jdbc.Driver
INFO - Connection url: jdbc:mysql://192.168.1.88:3306/hfcl_gateway?user=developer&password=admin@123
INFO - Connection Established: com.mysql.jdbc.Connection@4563e9ab
INFO - Query to be called :-insert into hfcl_kpi(device_id,tag,kpi,current_value,systime,endtime,device_name) value('103','PCU','Total Downlink Data In KByte','0','1528050600','1528137000','BTS 801');
INFO - Inserted: 
INFO - Total Downlink Data In KByte KPI value : 0.0
INFO - Connection DriverName: com.mysql.jdbc.Driver
INFO - Connection url: jdbc:mysql://192.168.1.88:3306/hfcl_gateway?user=developer&password=admin@123
INFO - Connection Established: com.mysql.jdbc.Connection@45c8e616
INFO - Query to be called :-insert into hfcl_kpi(device_id,tag,kpi,current_value,systime,endtime,device_name) value('103','PCU','Total Uplink Data In KByte','0','1528050600','1528137000','BTS 801');
INFO - Inserted: 
INFO - Total Uplink Data In KByte KPI Value : 0.0
INFO - Connection DriverName: com.mysql.jdbc.Driver
INFO - Connection url: jdbc:mysql://192.168.1.88:3306/hfcl_gateway?user=developer&password=admin@123
INFO - Connection Established: com.mysql.jdbc.Connection@7e0babb1
INFO - Query to be called :-insert into hfcl_kpi(device_id,tag,kpi,current_value,systime,endtime,device_name) value('103','PCU','Downlink Data Throughput In Kbps','0','1528050600','1528137000','BTS 801');
INFO - Inserted: 
INFO - Downlink Data Throughput In Kbps KPI Value : 0.0
INFO - Connection DriverName: com.mysql.jdbc.Driver
INFO - Connection url: jdbc:mysql://192.168.1.88:3306/hfcl_gateway?user=developer&password=admin@123
INFO - Connection Established: com.mysql.jdbc.Connection@c818063
INFO - Query to be called :-insert into hfcl_kpi(device_id,tag,kpi,current_value,systime,endtime,device_name) value('103','PCU','Downlink Data Throughput In Kbps - NR','0','1528050600','1528137000','BTS 801');
INFO - Inserted: 
INFO - Downlink Data Throughput In Kbps - NR KPI Value : 0.0
INFO - Connection DriverName: com.mysql.jdbc.Driver
INFO - Connection url: jdbc:mysql://192.168.1.88:3306/hfcl_gateway?user=developer&password=admin@123
INFO - Connection Established: com.mysql.jdbc.Connection@2c8d66b2
INFO - Query to be called :-insert into hfcl_kpi(device_id,tag,kpi,current_value,systime,endtime,device_name) value('103','PCU','Downlink Data Throughput In Kbps – DR','1246.6','1528050600','1528137000','BTS 801');
INFO - Inserted: 
INFO - Downlink Data Throughput In Kbps – DR KPI Value : 1246.6
INFO - Connection DriverName: com.mysql.jdbc.Driver
INFO - Connection url: jdbc:mysql://192.168.1.88:3306/hfcl_gateway?user=developer&password=admin@123
INFO - Connection Established: com.mysql.jdbc.Connection@1134affc
INFO - Query to be called :-insert into hfcl_kpi(device_id,tag,kpi,current_value,systime,endtime,device_name) value('103','PCU','Uplink Data Throughput In Kbps','0','1528050600','1528137000','BTS 801');
INFO - Inserted: 
INFO - Uplink Data Throughput In Kbps In Kbps KPI Value : 0.0
INFO - Connection DriverName: com.mysql.jdbc.Driver
INFO - Connection url: jdbc:mysql://192.168.1.88:3306/hfcl_gateway?user=developer&password=admin@123
INFO - Connection Established: com.mysql.jdbc.Connection@2d209079
INFO - Query to be called :-insert into hfcl_kpi(device_id,tag,kpi,current_value,systime,endtime,device_name) value('103','PCU','Uplink Data Throughput In Kbps - NR','0','1528050600','1528137000','BTS 801');
INFO - Inserted: 
INFO - Uplink Data Throughput In Kbps - NR KPI Value : 0.0
INFO - Connection DriverName: com.mysql.jdbc.Driver
INFO - Connection url: jdbc:mysql://192.168.1.88:3306/hfcl_gateway?user=developer&password=admin@123
INFO - Connection Established: com.mysql.jdbc.Connection@e580929
INFO - Query to be called :-insert into hfcl_kpi(device_id,tag,kpi,current_value,systime,endtime,device_name) value('103','PCU','Uplink Data Throughput In Kbps - DR','2784.99','1528050600','1528137000','BTS 801');
INFO - Inserted: 
INFO - Uplink Data Throughput In Kbps - DR KPI Value : 2784.99
INFO - Connection DriverName: com.mysql.jdbc.Driver
INFO - Connection url: jdbc:mysql://192.168.1.88:3306/hfcl_gateway?user=developer&password=admin@123
INFO - Connection Established: com.mysql.jdbc.Connection@27f674d
INFO - Query to be called :-insert into hfcl_kpi(device_id,tag,kpi,current_value,systime,endtime,device_name) value('103','PCU','Tbf Abnormal Release Rate','25.71','1528050600','1528137000','BTS 801');
INFO - Inserted: 
INFO - Tbf Abnormal Release Rate KPI value : 25.70162481536189
INFO - Connection DriverName: com.mysql.jdbc.Driver
INFO - Connection url: jdbc:mysql://192.168.1.88:3306/hfcl_gateway?user=developer&password=admin@123
INFO - Connection Established: com.mysql.jdbc.Connection@7c30a502
INFO - Query to be called :-insert into hfcl_kpi(device_id,tag,kpi,current_value,systime,endtime,device_name) value('103','PCU','Tbf Abnormal Release Rate - NR','52200','1528050600','1528137000','BTS 801');
INFO - Inserted: 
INFO - Tbf Abnormal Release Rate - NR KPI value : 52200.0
INFO - Connection DriverName: com.mysql.jdbc.Driver
INFO - Connection url: jdbc:mysql://192.168.1.88:3306/hfcl_gateway?user=developer&password=admin@123
INFO - Connection Established: com.mysql.jdbc.Connection@3ac3fd8b
INFO - Query to be called :-insert into hfcl_kpi(device_id,tag,kpi,current_value,systime,endtime,device_name) value('103','PCU','Tbf Abnormal Release Rate - DR','2031','1528050600','1528137000','BTS 801');
INFO - Inserted: 
INFO - Tbf Abnormal Release Rate - DR KPI value : 2031.0
INFO - Connection DriverName: com.mysql.jdbc.Driver
INFO - Connection url: jdbc:mysql://192.168.1.88:3306/hfcl_gateway?user=developer&password=admin@123
INFO - Connection Established: com.mysql.jdbc.Connection@1e643faf
INFO - Query to be called :-insert into hfcl_kpi(device_id,tag,kpi,current_value,systime,endtime,device_name) value('103','PCU','Egprs Downlink Data Throughput In Kbps','33.51','1528050600','1528137000','BTS 801');
INFO - Inserted: 
INFO - Egprs Downlink Data Throughput In Kbps KPI Value : 33.50365226888555
INFO - Connection DriverName: com.mysql.jdbc.Driver
INFO - Connection url: jdbc:mysql://192.168.1.88:3306/hfcl_gateway?user=developer&password=admin@123
INFO - Connection Established: com.mysql.jdbc.Connection@b684286
INFO - Query to be called :-insert into hfcl_kpi(device_id,tag,kpi,current_value,systime,endtime,device_name) value('103','PCU','Egprs Downlink Data Throughput In Kbps - NR','0','1528050600','1528137000','BTS 801');
INFO - Inserted: 
INFO - Egprs Downlink Data Throughput In Kbps - NR KPI Value : 0.0
INFO - Connection DriverName: com.mysql.jdbc.Driver
INFO - Connection url: jdbc:mysql://192.168.1.88:3306/hfcl_gateway?user=developer&password=admin@123
INFO - Connection Established: com.mysql.jdbc.Connection@36d64342
INFO - Query to be called :-insert into hfcl_kpi(device_id,tag,kpi,current_value,systime,endtime,device_name) value('103','PCU','Egprs Downlink Data Throughput In Kbps - DR','840.06','1528050600','1528137000','BTS 801');
INFO - Inserted: 
INFO - Egprs Downlink Data Throughput In Kbps - DR KPI Value : 840.06
INFO - Connection DriverName: com.mysql.jdbc.Driver
INFO - Connection url: jdbc:mysql://192.168.1.88:3306/hfcl_gateway?user=developer&password=admin@123
INFO - Connection Established: com.mysql.jdbc.Connection@5b464ce8
INFO - Query to be called :-insert into hfcl_kpi(device_id,tag,kpi,current_value,systime,endtime,device_name) value('103','PCU','Egprs Uplink Data Throughput In Kbps','7.45','1528050600','1528137000','BTS 801');
INFO - Inserted: 
INFO - Egprs Uplink Data Throughput In Kbps KPI Value : 7.440029517152255
INFO - Connection DriverName: com.mysql.jdbc.Driver
INFO - Connection url: jdbc:mysql://192.168.1.88:3306/hfcl_gateway?user=developer&password=admin@123
INFO - Connection Established: com.mysql.jdbc.Connection@7e0ea639
INFO - Query to be called :-insert into hfcl_kpi(device_id,tag,kpi,current_value,systime,endtime,device_name) value('103','PCU','Egprs Uplink Data Throughput In Kbps - NR','0','1528050600','1528137000','BTS 801');
INFO - Inserted: 
INFO - Egprs Uplink Data Throughput In Kbps - NR KPI Value : 0.0
INFO - Connection DriverName: com.mysql.jdbc.Driver
INFO - Connection url: jdbc:mysql://192.168.1.88:3306/hfcl_gateway?user=developer&password=admin@123
INFO - Connection Established: com.mysql.jdbc.Connection@71be98f5
INFO - Query to be called :-insert into hfcl_kpi(device_id,tag,kpi,current_value,systime,endtime,device_name) value('103','PCU','Egprs Uplink Data Throughput In Kbps - DR','840.06','1528050600','1528137000','BTS 801');
INFO - Inserted: 
INFO - Egprs Uplink Data Throughput In Kbps - DR KPI Value : 840.06
INFO - Connection DriverName: com.mysql.jdbc.Driver
INFO - Connection url: jdbc:mysql://192.168.1.88:3306/hfcl_gateway?user=developer&password=admin@123
INFO - Connection Established: com.mysql.jdbc.Connection@2812cbfa
INFO - Query to be called :-insert into hfcl_kpi(device_id,tag,kpi,current_value,systime,endtime,device_name) value('103','PCU','Gprs Downlink Data Throughput In Kbps','7.96','1528050600','1528137000','BTS 801');
INFO - Inserted: 
INFO - Gprs Downlink Data Throughput In Kbps KPI Value : 7.958626457421164
INFO - Connection DriverName: com.mysql.jdbc.Driver
INFO - Connection url: jdbc:mysql://192.168.1.88:3306/hfcl_gateway?user=developer&password=admin@123
INFO - Connection Established: com.mysql.jdbc.Connection@3796751b
INFO - Query to be called :-insert into hfcl_kpi(device_id,tag,kpi,current_value,systime,endtime,device_name) value('103','PCU','Gprs Downlink Data Throughput In Kbps - NR','0','1528050600','1528137000','BTS 801');
INFO - Inserted: 
INFO - Gprs Downlink Data Throughput In Kbps - NR KPI Value : 0.0
INFO - Connection DriverName: com.mysql.jdbc.Driver
INFO - Connection url: jdbc:mysql://192.168.1.88:3306/hfcl_gateway?user=developer&password=admin@123
INFO - Connection Established: com.mysql.jdbc.Connection@60f82f98
INFO - Query to be called :-insert into hfcl_kpi(device_id,tag,kpi,current_value,systime,endtime,device_name) value('103','PCU','Gprs Downlink Data Throughput In Kbps - DR','406.54','1528050600','1528137000','BTS 801');
INFO - Inserted: 
INFO - Gprs Downlink Data Throughput In Kbps - DR KPI Value : 406.54
INFO - Connection DriverName: com.mysql.jdbc.Driver
INFO - Connection url: jdbc:mysql://192.168.1.88:3306/hfcl_gateway?user=developer&password=admin@123
INFO - Connection Established: com.mysql.jdbc.Connection@2f7a2457
INFO - Query to be called :-insert into hfcl_kpi(device_id,tag,kpi,current_value,systime,endtime,device_name) value('103','PCU','Gprs Uplink Data Throughput In Kbps','3.29','1528050600','1528137000','BTS 801');
INFO - Inserted: 
INFO - Gprs Uplink Data Throughput In Kbps KPI Value : 3.280041272310817
INFO - Connection DriverName: com.mysql.jdbc.Driver
INFO - Connection url: jdbc:mysql://192.168.1.88:3306/hfcl_gateway?user=developer&password=admin@123
INFO - Connection Established: com.mysql.jdbc.Connection@6bf256fa
INFO - Query to be called :-insert into hfcl_kpi(device_id,tag,kpi,current_value,systime,endtime,device_name) value('103','PCU','Gprs Uplink Data Throughput In Kbps - NR','0','1528050600','1528137000','BTS 801');
INFO - Inserted: 
INFO - Gprs Uplink Data Throughput In Kbps - NR KPI Value : 0.0
INFO - Connection DriverName: com.mysql.jdbc.Driver
INFO - Connection url: jdbc:mysql://192.168.1.88:3306/hfcl_gateway?user=developer&password=admin@123
INFO - Connection Established: com.mysql.jdbc.Connection@6aaa5eb0
INFO - Query to be called :-insert into hfcl_kpi(device_id,tag,kpi,current_value,systime,endtime,device_name) value('103','PCU','Gprs Uplink Data Throughput In Kbps - DR','231.39','1528050600','1528137000','BTS 801');
INFO - Inserted: 
INFO - Gprs Uplink Data Throughput In Kbps - DR KPI Value : 231.39
INFO - Connection DriverName: com.mysql.jdbc.Driver
INFO - Connection url: jdbc:mysql://192.168.1.88:3306/hfcl_gateway?user=developer&password=admin@123
INFO - Connection Established: com.mysql.jdbc.Connection@5ebec15
INFO - Query to be called :-insert into hfcl_kpi(device_id,tag,kpi,current_value,systime,endtime,device_name) value('103','PCU','Downlink Data Retransmission Rate','54.7','1528050600','1528137000','BTS 801');
INFO - Inserted: 
INFO - Downlink Data Retransmission Rate KPI value : 54.69738873712608
INFO - Connection DriverName: com.mysql.jdbc.Driver
INFO - Connection url: jdbc:mysql://192.168.1.88:3306/hfcl_gateway?user=developer&password=admin@123
INFO - Connection Established: com.mysql.jdbc.Connection@3cda1055
INFO - Query to be called :-insert into hfcl_kpi(device_id,tag,kpi,current_value,systime,endtime,device_name) value('103','PCU','Downlink Data Retransmission Rate – NR','3223700','1528050600','1528137000','BTS 801');
INFO - Inserted: 
INFO - Downlink Data Retransmission Rate – NR KPI value : 3223700.0
INFO - Connection DriverName: com.mysql.jdbc.Driver
INFO - Connection url: jdbc:mysql://192.168.1.88:3306/hfcl_gateway?user=developer&password=admin@123
INFO - Connection Established: com.mysql.jdbc.Connection@6b2fad11
INFO - Query to be called :-insert into hfcl_kpi(device_id,tag,kpi,current_value,systime,endtime,device_name) value('103','PCU','Downlink Data Retransmission Rate – DR','58937','1528050600','1528137000','BTS 801');
INFO - Inserted: 
INFO - Downlink Data Retransmission Rate – DR KPI value : 58937.0
INFO - Connection DriverName: com.mysql.jdbc.Driver
INFO - Connection url: jdbc:mysql://192.168.1.88:3306/hfcl_gateway?user=developer&password=admin@123
INFO - Connection Established: com.mysql.jdbc.Connection@38082d64
INFO - Query to be called :-insert into hfcl_kpi(device_id,tag,kpi,current_value,systime,endtime,device_name) value('103','PCU','Uplink Data Retransmission Rate','9.57','1528050600','1528137000','BTS 801');
INFO - Inserted: 
INFO - Uplink Data Retransmission Rate KPI value : 9.567680507060423
INFO - Connection DriverName: com.mysql.jdbc.Driver
INFO - Connection url: jdbc:mysql://192.168.1.88:3306/hfcl_gateway?user=developer&password=admin@123
INFO - Connection Established: com.mysql.jdbc.Connection@5f2050f6
INFO - Query to be called :-insert into hfcl_kpi(device_id,tag,kpi,current_value,systime,endtime,device_name) value('103','PCU','Uplink Data Retransmission Rate - NR','682300','1528050600','1528137000','BTS 801');
INFO - Inserted: 
INFO - Uplink Data Retransmission Rate - NR KPI value : 682300.0
INFO - Connection DriverName: com.mysql.jdbc.Driver
INFO - Connection url: jdbc:mysql://192.168.1.88:3306/hfcl_gateway?user=developer&password=admin@123
INFO - Connection Established: com.mysql.jdbc.Connection@4e04a765
INFO - Query to be called :-insert into hfcl_kpi(device_id,tag,kpi,current_value,systime,endtime,device_name) value('103','PCU','Uplink Data Retransmission Rate - DR','71313','1528050600','1528137000','BTS 801');
INFO - Inserted: 
INFO - Uplink Data Retransmission Rate - DR KPI value : 71313.0
INFO - Connection DriverName: com.mysql.jdbc.Driver
INFO - Connection url: jdbc:mysql://192.168.1.88:3306/hfcl_gateway?user=developer&password=admin@123
INFO - Connection Established: com.mysql.jdbc.Connection@180bc464
INFO - Query to be called :-insert into hfcl_kpi(device_id,tag,kpi,current_value,systime,endtime,device_name) value('103','PCU','Gprs Uplink Tbf Blocking Rate','0','1528050600','1528137000','BTS 801');
INFO - Inserted: 
INFO - Gprs Uplink Tbf Blocking Rate KPI Value : 0.0
INFO - Connection DriverName: com.mysql.jdbc.Driver
INFO - Connection url: jdbc:mysql://192.168.1.88:3306/hfcl_gateway?user=developer&password=admin@123
INFO - Connection Established: com.mysql.jdbc.Connection@62043840
INFO - Query to be called :-insert into hfcl_kpi(device_id,tag,kpi,current_value,systime,endtime,device_name) value('103','PCU','Gprs Uplink Tbf Blocking Rate - NR','0','1528050600','1528137000','BTS 801');
INFO - Inserted: 
INFO - Gprs Uplink Tbf Blocking Rate KPI Value : 0.0
INFO - Connection DriverName: com.mysql.jdbc.Driver
INFO - Connection url: jdbc:mysql://192.168.1.88:3306/hfcl_gateway?user=developer&password=admin@123
INFO - Connection Established: com.mysql.jdbc.Connection@1e67b872
INFO - Query to be called :-insert into hfcl_kpi(device_id,tag,kpi,current_value,systime,endtime,device_name) value('103','PCU','Gprs Uplink Tbf Blocking Rate - DR','675','1528050600','1528137000','BTS 801');
INFO - Inserted: 
INFO - Gprs Uplink Tbf Blocking Rate - DR KPI Value : 675.0
INFO - Connection DriverName: com.mysql.jdbc.Driver
INFO - Connection url: jdbc:mysql://192.168.1.88:3306/hfcl_gateway?user=developer&password=admin@123
INFO - Connection Established: com.mysql.jdbc.Connection@6fb554cc
INFO - Query to be called :-insert into hfcl_kpi(device_id,tag,kpi,current_value,systime,endtime,device_name) value('103','PCU','Gprs Downlink Tbf Blocking Rate','0','1528050600','1528137000','BTS 801');
INFO - Inserted: 
INFO - Gprs Downlink Tbf Blocking Rate KPI Value : 0.0
INFO - Connection DriverName: com.mysql.jdbc.Driver
INFO - Connection url: jdbc:mysql://192.168.1.88:3306/hfcl_gateway?user=developer&password=admin@123
INFO - Connection Established: com.mysql.jdbc.Connection@68837a77
INFO - Query to be called :-insert into hfcl_kpi(device_id,tag,kpi,current_value,systime,endtime,device_name) value('103','PCU','Gprs Downlink Tbf Blocking Rate - NR','0','1528050600','1528137000','BTS 801');
INFO - Inserted: 
INFO - Gprs Downlink Tbf Blocking Rate - NR Rate KPI Value : 0.0
INFO - Connection DriverName: com.mysql.jdbc.Driver
INFO - Connection url: jdbc:mysql://192.168.1.88:3306/hfcl_gateway?user=developer&password=admin@123
INFO - Connection Established: com.mysql.jdbc.Connection@4157f54e
INFO - Query to be called :-insert into hfcl_kpi(device_id,tag,kpi,current_value,systime,endtime,device_name) value('103','PCU','Gprs Downlink Tbf Blocking Rate - DR','116','1528050600','1528137000','BTS 801');
INFO - Inserted: 
INFO - Gprs Downlink Tbf Blocking Rate - DR KPI Value : 116.0
INFO - Connection DriverName: com.mysql.jdbc.Driver
INFO - Connection url: jdbc:mysql://192.168.1.88:3306/hfcl_gateway?user=developer&password=admin@123
INFO - Connection Established: com.mysql.jdbc.Connection@6b143ee9
INFO - Query to be called :-insert into hfcl_kpi(device_id,tag,kpi,current_value,systime,endtime,device_name) value('103','PCU','Egprs Downlink Tbf Blocking Rate','0','1528050600','1528137000','BTS 801');
INFO - Inserted: 
INFO - Egprs Downlink Tbf Blocking Rate KPI Value : 0.0
INFO - Connection DriverName: com.mysql.jdbc.Driver
INFO - Connection url: jdbc:mysql://192.168.1.88:3306/hfcl_gateway?user=developer&password=admin@123
INFO - Connection Established: com.mysql.jdbc.Connection@3a03464
INFO - Query to be called :-insert into hfcl_kpi(device_id,tag,kpi,current_value,systime,endtime,device_name) value('103','PCU','Egprs Downlink Tbf Blocking Rate - NR','0','1528050600','1528137000','BTS 801');
INFO - Inserted: 
INFO - Egprs Downlink Tbf Blocking Rate - NR Rate KPI Value : 0.0
INFO - Connection DriverName: com.mysql.jdbc.Driver
INFO - Connection url: jdbc:mysql://192.168.1.88:3306/hfcl_gateway?user=developer&password=admin@123
INFO - Connection Established: com.mysql.jdbc.Connection@67b6d4ae
INFO - Query to be called :-insert into hfcl_kpi(device_id,tag,kpi,current_value,systime,endtime,device_name) value('103','PCU','Egprs Downlink Tbf Blocking Rate - DR','828','1528050600','1528137000','BTS 801');
INFO - Inserted: 
INFO - Egprs Downlink Tbf Blocking Rate - DR Rate KPI Value : 828.0
INFO - Connection DriverName: com.mysql.jdbc.Driver
INFO - Connection url: jdbc:mysql://192.168.1.88:3306/hfcl_gateway?user=developer&password=admin@123
INFO - Connection Established: com.mysql.jdbc.Connection@3cbbc1e0
INFO - Query to be called :-insert into hfcl_kpi(device_id,tag,kpi,current_value,systime,endtime,device_name) value('103','PCU','Egprs uplink Tbf Blocking Rate','0','1528050600','1528137000','BTS 801');
INFO - Inserted: 
INFO - Egprs uplink Tbf Blocking Rate KPI Value : 0.0
INFO - Connection DriverName: com.mysql.jdbc.Driver
INFO - Connection url: jdbc:mysql://192.168.1.88:3306/hfcl_gateway?user=developer&password=admin@123
INFO - Connection Established: com.mysql.jdbc.Connection@36f6e879
INFO - Query to be called :-insert into hfcl_kpi(device_id,tag,kpi,current_value,systime,endtime,device_name) value('103','PCU','Egprs uplink Tbf Blocking Rate - NR','0','1528050600','1528137000','BTS 801');
INFO - Inserted: 
INFO - Egprs uplink Tbf Blocking Rate - NR Rate KPI Value : 0.0
INFO - Connection DriverName: com.mysql.jdbc.Driver
INFO - Connection url: jdbc:mysql://192.168.1.88:3306/hfcl_gateway?user=developer&password=admin@123
INFO - Connection Established: com.mysql.jdbc.Connection@52af6cff
INFO - Query to be called :-insert into hfcl_kpi(device_id,tag,kpi,current_value,systime,endtime,device_name) value('103','PCU','Egprs uplink Tbf Blocking Rate - DR','656','1528050600','1528137000','BTS 801');
INFO - Inserted: 
INFO - Egprs uplink Tbf Blocking Rate - DR Rate KPI Value : 656.0
INFO - Connection DriverName: com.mysql.jdbc.Driver
INFO - Connection url: jdbc:mysql://192.168.1.88:3306/hfcl_gateway?user=developer&password=admin@123
INFO - Connection Established: com.mysql.jdbc.Connection@9f70c54
INFO - Query to be called :-insert into hfcl_kpi(device_id,tag,kpi,current_value,systime,endtime,device_name) value('103','PCU','DlMcs1Count','1019','1528050600','1528137000','BTS 801');
INFO - Inserted: 
INFO - DlMcs1Count KPI Value : 1019.0
INFO - 
 ** Api Url:http://192.168.1.88:7878/XFusionPlatform/performance/service/multipledevices/get/many
INFO - Para:   end_date=1528137000000&device_id=104&from_date=1528050600000&service_name= &access_key=d3cd4e3f-5946-11e6-9bb0-fe984cc15272&data_source= 
INFO - Response Code is:   200
INFO - Connection DriverName: com.mysql.jdbc.Driver
INFO - Connection url: jdbc:mysql://192.168.1.88:3306/hfcl_gateway?user=developer&password=admin@123
INFO - Connection Established: com.mysql.jdbc.Connection@50f8360d
INFO - Query to be called :-insert into hfcl_kpi(device_id,tag,kpi,current_value,systime,endtime,device_name) value('104','PCU','Total Data Calls','1047','1528050600','1528137000','BTS 802');
INFO - Inserted: 
INFO - Total Data Calls KPI value : 1047.0
INFO - Connection DriverName: com.mysql.jdbc.Driver
INFO - Connection url: jdbc:mysql://192.168.1.88:3306/hfcl_gateway?user=developer&password=admin@123
INFO - Connection Established: com.mysql.jdbc.Connection@3dd3bcd
INFO - Query to be called :-insert into hfcl_kpi(device_id,tag,kpi,current_value,systime,endtime,device_name) value('104','PCU','Total Downlink Data In KByte','0','1528050600','1528137000','BTS 802');
INFO - Inserted: 
INFO - Total Downlink Data In KByte KPI value : 0.0
INFO - Connection DriverName: com.mysql.jdbc.Driver
INFO - Connection url: jdbc:mysql://192.168.1.88:3306/hfcl_gateway?user=developer&password=admin@123
INFO - Connection Established: com.mysql.jdbc.Connection@7f560810
INFO - Query to be called :-insert into hfcl_kpi(device_id,tag,kpi,current_value,systime,endtime,device_name) value('104','PCU','Total Uplink Data In KByte','0','1528050600','1528137000','BTS 802');
INFO - Inserted: 
INFO - Total Uplink Data In KByte KPI Value : 0.0
INFO - Connection DriverName: com.mysql.jdbc.Driver
INFO - Connection url: jdbc:mysql://192.168.1.88:3306/hfcl_gateway?user=developer&password=admin@123
INFO - Connection Established: com.mysql.jdbc.Connection@337d0578
INFO - Query to be called :-insert into hfcl_kpi(device_id,tag,kpi,current_value,systime,endtime,device_name) value('104','PCU','Downlink Data Throughput In Kbps','0','1528050600','1528137000','BTS 802');
INFO - Inserted: 
INFO - Downlink Data Throughput In Kbps KPI Value : 0.0
INFO - Connection DriverName: com.mysql.jdbc.Driver
INFO - Connection url: jdbc:mysql://192.168.1.88:3306/hfcl_gateway?user=developer&password=admin@123
INFO - Connection Established: com.mysql.jdbc.Connection@6276ae34
INFO - Query to be called :-insert into hfcl_kpi(device_id,tag,kpi,current_value,systime,endtime,device_name) value('104','PCU','Downlink Data Throughput In Kbps - NR','0','1528050600','1528137000','BTS 802');
INFO - Inserted: 
INFO - Downlink Data Throughput In Kbps - NR KPI Value : 0.0
INFO - Connection DriverName: com.mysql.jdbc.Driver
INFO - Connection url: jdbc:mysql://192.168.1.88:3306/hfcl_gateway?user=developer&password=admin@123
INFO - Connection Established: com.mysql.jdbc.Connection@b97c004
INFO - Query to be called :-insert into hfcl_kpi(device_id,tag,kpi,current_value,systime,endtime,device_name) value('104','PCU','Downlink Data Throughput In Kbps – DR','2170.53','1528050600','1528137000','BTS 802');
INFO - Inserted: 
INFO - Downlink Data Throughput In Kbps – DR KPI Value : 2170.53
INFO - Connection DriverName: com.mysql.jdbc.Driver
INFO - Connection url: jdbc:mysql://192.168.1.88:3306/hfcl_gateway?user=developer&password=admin@123
INFO - Connection Established: com.mysql.jdbc.Connection@6574b225
INFO - Query to be called :-insert into hfcl_kpi(device_id,tag,kpi,current_value,systime,endtime,device_name) value('104','PCU','Uplink Data Throughput In Kbps','0','1528050600','1528137000','BTS 802');
INFO - Inserted: 
INFO - Uplink Data Throughput In Kbps In Kbps KPI Value : 0.0
INFO - Connection DriverName: com.mysql.jdbc.Driver
INFO - Connection url: jdbc:mysql://192.168.1.88:3306/hfcl_gateway?user=developer&password=admin@123
INFO - Connection Established: com.mysql.jdbc.Connection@5afa04c
INFO - Query to be called :-insert into hfcl_kpi(device_id,tag,kpi,current_value,systime,endtime,device_name) value('104','PCU','Uplink Data Throughput In Kbps - NR','0','1528050600','1528137000','BTS 802');
INFO - Inserted: 
INFO - Uplink Data Throughput In Kbps - NR KPI Value : 0.0
INFO - Connection DriverName: com.mysql.jdbc.Driver
INFO - Connection url: jdbc:mysql://192.168.1.88:3306/hfcl_gateway?user=developer&password=admin@123
INFO - Connection Established: com.mysql.jdbc.Connection@174d20a
INFO - Query to be called :-insert into hfcl_kpi(device_id,tag,kpi,current_value,systime,endtime,device_name) value('104','PCU','Uplink Data Throughput In Kbps - DR','5782.99','1528050600','1528137000','BTS 802');
INFO - Inserted: 
INFO - Uplink Data Throughput In Kbps - DR KPI Value : 5782.99
INFO - Connection DriverName: com.mysql.jdbc.Driver
INFO - Connection url: jdbc:mysql://192.168.1.88:3306/hfcl_gateway?user=developer&password=admin@123
INFO - Connection Established: com.mysql.jdbc.Connection@4de8b406
INFO - Query to be called :-insert into hfcl_kpi(device_id,tag,kpi,current_value,systime,endtime,device_name) value('104','PCU','Tbf Abnormal Release Rate','40.68','1528050600','1528137000','BTS 802');
INFO - Inserted: 
INFO - Tbf Abnormal Release Rate KPI value : 40.67988668555241
INFO - Connection DriverName: com.mysql.jdbc.Driver
INFO - Connection url: jdbc:mysql://192.168.1.88:3306/hfcl_gateway?user=developer&password=admin@123
INFO - Connection Established: com.mysql.jdbc.Connection@402f32ff
INFO - Query to be called :-insert into hfcl_kpi(device_id,tag,kpi,current_value,systime,endtime,device_name) value('104','PCU','Tbf Abnormal Release Rate - NR','71800','1528050600','1528137000','BTS 802');
INFO - Inserted: 
INFO - Tbf Abnormal Release Rate - NR KPI value : 71800.0
INFO - Connection DriverName: com.mysql.jdbc.Driver
INFO - Connection url: jdbc:mysql://192.168.1.88:3306/hfcl_gateway?user=developer&password=admin@123
INFO - Connection Established: com.mysql.jdbc.Connection@548b7f67
INFO - Query to be called :-insert into hfcl_kpi(device_id,tag,kpi,current_value,systime,endtime,device_name) value('104','PCU','Tbf Abnormal Release Rate - DR','1765','1528050600','1528137000','BTS 802');
INFO - Inserted: 
INFO - Tbf Abnormal Release Rate - DR KPI value : 1765.0
INFO - Connection DriverName: com.mysql.jdbc.Driver
INFO - Connection url: jdbc:mysql://192.168.1.88:3306/hfcl_gateway?user=developer&password=admin@123
INFO - Connection Established: com.mysql.jdbc.Connection@5f375618
INFO - Query to be called :-insert into hfcl_kpi(device_id,tag,kpi,current_value,systime,endtime,device_name) value('104','PCU','Egprs Downlink Data Throughput In Kbps','18.65','1528050600','1528137000','BTS 802');
INFO - Inserted: 
INFO - Egprs Downlink Data Throughput In Kbps KPI Value : 18.64144622848562
INFO - Connection DriverName: com.mysql.jdbc.Driver
INFO - Connection url: jdbc:mysql://192.168.1.88:3306/hfcl_gateway?user=developer&password=admin@123
INFO - Connection Established: com.mysql.jdbc.Connection@4439f31e
INFO - Query to be called :-insert into hfcl_kpi(device_id,tag,kpi,current_value,systime,endtime,device_name) value('104','PCU','Egprs Downlink Data Throughput In Kbps - NR','0','1528050600','1528137000','BTS 802');
INFO - Inserted: 
INFO - Egprs Downlink Data Throughput In Kbps - NR KPI Value : 0.0
INFO - Connection DriverName: com.mysql.jdbc.Driver
INFO - Connection url: jdbc:mysql://192.168.1.88:3306/hfcl_gateway?user=developer&password=admin@123
INFO - Connection Established: com.mysql.jdbc.Connection@56f4468b
INFO - Query to be called :-insert into hfcl_kpi(device_id,tag,kpi,current_value,systime,endtime,device_name) value('104','PCU','Egprs Downlink Data Throughput In Kbps - DR','2164.25','1528050600','1528137000','BTS 802');
INFO - Inserted: 
INFO - Egprs Downlink Data Throughput In Kbps - DR KPI Value : 2164.25
INFO - Connection DriverName: com.mysql.jdbc.Driver
INFO - Connection url: jdbc:mysql://192.168.1.88:3306/hfcl_gateway?user=developer&password=admin@123
INFO - Connection Established: com.mysql.jdbc.Connection@643b1d11
INFO - Query to be called :-insert into hfcl_kpi(device_id,tag,kpi,current_value,systime,endtime,device_name) value('104','PCU','Egprs Uplink Data Throughput In Kbps','5.13','1528050600','1528137000','BTS 802');
INFO - Inserted: 
INFO - Egprs Uplink Data Throughput In Kbps KPI Value : 5.127869776900464
INFO - Connection DriverName: com.mysql.jdbc.Driver
INFO - Connection url: jdbc:mysql://192.168.1.88:3306/hfcl_gateway?user=developer&password=admin@123
INFO - Connection Established: com.mysql.jdbc.Connection@51efea79
INFO - Query to be called :-insert into hfcl_kpi(device_id,tag,kpi,current_value,systime,endtime,device_name) value('104','PCU','Egprs Uplink Data Throughput In Kbps - NR','0','1528050600','1528137000','BTS 802');
INFO - Inserted: 
INFO - Egprs Uplink Data Throughput In Kbps - NR KPI Value : 0.0
INFO - Connection DriverName: com.mysql.jdbc.Driver
INFO - Connection url: jdbc:mysql://192.168.1.88:3306/hfcl_gateway?user=developer&password=admin@123
INFO - Connection Established: com.mysql.jdbc.Connection@7f9a81e8
INFO - Query to be called :-insert into hfcl_kpi(device_id,tag,kpi,current_value,systime,endtime,device_name) value('104','PCU','Egprs Uplink Data Throughput In Kbps - DR','2164.25','1528050600','1528137000','BTS 802');
INFO - Inserted: 
INFO - Egprs Uplink Data Throughput In Kbps - DR KPI Value : 2164.25
INFO - Connection DriverName: com.mysql.jdbc.Driver
INFO - Connection url: jdbc:mysql://192.168.1.88:3306/hfcl_gateway?user=developer&password=admin@123
INFO - Connection Established: com.mysql.jdbc.Connection@58651fd0
INFO - Query to be called :-insert into hfcl_kpi(device_id,tag,kpi,current_value,systime,endtime,device_name) value('104','PCU','Gprs Downlink Data Throughput In Kbps','0.7','1528050600','1528137000','BTS 802');
INFO - Inserted: 
INFO - Gprs Downlink Data Throughput In Kbps KPI Value : 0.6991441082802548
INFO - Connection DriverName: com.mysql.jdbc.Driver
INFO - Connection url: jdbc:mysql://192.168.1.88:3306/hfcl_gateway?user=developer&password=admin@123
INFO - Connection Established: com.mysql.jdbc.Connection@d2cc05a
INFO - Query to be called :-insert into hfcl_kpi(device_id,tag,kpi,current_value,systime,endtime,device_name) value('104','PCU','Gprs Downlink Data Throughput In Kbps - NR','0','1528050600','1528137000','BTS 802');
INFO - Inserted: 
INFO - Gprs Downlink Data Throughput In Kbps - NR KPI Value : 0.0
INFO - Connection DriverName: com.mysql.jdbc.Driver
INFO - Connection url: jdbc:mysql://192.168.1.88:3306/hfcl_gateway?user=developer&password=admin@123
INFO - Connection Established: com.mysql.jdbc.Connection@7c16905e
INFO - Query to be called :-insert into hfcl_kpi(device_id,tag,kpi,current_value,systime,endtime,device_name) value('104','PCU','Gprs Downlink Data Throughput In Kbps - DR','6.28','1528050600','1528137000','BTS 802');
INFO - Inserted: 
INFO - Gprs Downlink Data Throughput In Kbps - DR KPI Value : 6.28
INFO - Connection DriverName: com.mysql.jdbc.Driver
INFO - Connection url: jdbc:mysql://192.168.1.88:3306/hfcl_gateway?user=developer&password=admin@123
INFO - Connection Established: com.mysql.jdbc.Connection@68be2bc2
INFO - Query to be called :-insert into hfcl_kpi(device_id,tag,kpi,current_value,systime,endtime,device_name) value('104','PCU','Gprs Uplink Data Throughput In Kbps','0.63','1528050600','1528137000','BTS 802');
INFO - Inserted: 
INFO - Gprs Uplink Data Throughput In Kbps KPI Value : 0.6290684107098993
INFO - Connection DriverName: com.mysql.jdbc.Driver
INFO - Connection url: jdbc:mysql://192.168.1.88:3306/hfcl_gateway?user=developer&password=admin@123
INFO - Connection Established: com.mysql.jdbc.Connection@482f8f11
INFO - Query to be called :-insert into hfcl_kpi(device_id,tag,kpi,current_value,systime,endtime,device_name) value('104','PCU','Gprs Uplink Data Throughput In Kbps - NR','0','1528050600','1528137000','BTS 802');
INFO - Inserted: 
INFO - Gprs Uplink Data Throughput In Kbps - NR KPI Value : 0.0
INFO - Connection DriverName: com.mysql.jdbc.Driver
INFO - Connection url: jdbc:mysql://192.168.1.88:3306/hfcl_gateway?user=developer&password=admin@123
INFO - Connection Established: com.mysql.jdbc.Connection@4cc0edeb
INFO - Query to be called :-insert into hfcl_kpi(device_id,tag,kpi,current_value,systime,endtime,device_name) value('104','PCU','Gprs Uplink Data Throughput In Kbps - DR','40.71','1528050600','1528137000','BTS 802');
INFO - Inserted: 
INFO - Gprs Uplink Data Throughput In Kbps - DR KPI Value : 40.71
INFO - Connection DriverName: com.mysql.jdbc.Driver
INFO - Connection url: jdbc:mysql://192.168.1.88:3306/hfcl_gateway?user=developer&password=admin@123
INFO - Connection Established: com.mysql.jdbc.Connection@724af044
INFO - Query to be called :-insert into hfcl_kpi(device_id,tag,kpi,current_value,systime,endtime,device_name) value('104','PCU','Downlink Data Retransmission Rate','69.14','1528050600','1528137000','BTS 802');
INFO - Inserted: 
INFO - Downlink Data Retransmission Rate KPI value : 69.1381954861872
INFO - Connection DriverName: com.mysql.jdbc.Driver
INFO - Connection url: jdbc:mysql://192.168.1.88:3306/hfcl_gateway?user=developer&password=admin@123
INFO - Connection Established: com.mysql.jdbc.Connection@c038203
INFO - Query to be called :-insert into hfcl_kpi(device_id,tag,kpi,current_value,systime,endtime,device_name) value('104','PCU','Downlink Data Retransmission Rate – NR','4101900','1528050600','1528137000','BTS 802');
INFO - Inserted: 
INFO - Downlink Data Retransmission Rate – NR KPI value : 4101900.0
INFO - Connection DriverName: com.mysql.jdbc.Driver
INFO - Connection url: jdbc:mysql://192.168.1.88:3306/hfcl_gateway?user=developer&password=admin@123
INFO - Connection Established: com.mysql.jdbc.Connection@18be83e4
INFO - Query to be called :-insert into hfcl_kpi(device_id,tag,kpi,current_value,systime,endtime,device_name) value('104','PCU','Downlink Data Retransmission Rate – DR','59329','1528050600','1528137000','BTS 802');
INFO - Inserted: 
INFO - Downlink Data Retransmission Rate – DR KPI value : 59329.0
INFO - Connection DriverName: com.mysql.jdbc.Driver
INFO - Connection url: jdbc:mysql://192.168.1.88:3306/hfcl_gateway?user=developer&password=admin@123
INFO - Connection Established: com.mysql.jdbc.Connection@475530b9
INFO - Query to be called :-insert into hfcl_kpi(device_id,tag,kpi,current_value,systime,endtime,device_name) value('104','PCU','Uplink Data Retransmission Rate','-276.1','1528050600','1528137000','BTS 802');
INFO - Inserted: 
INFO - Uplink Data Retransmission Rate KPI value : -276.1059594826059
INFO - Connection DriverName: com.mysql.jdbc.Driver
INFO - Connection url: jdbc:mysql://192.168.1.88:3306/hfcl_gateway?user=developer&password=admin@123
INFO - Connection Established: com.mysql.jdbc.Connection@224edc67
INFO - Query to be called :-insert into hfcl_kpi(device_id,tag,kpi,current_value,systime,endtime,device_name) value('104','PCU','Uplink Data Retransmission Rate - NR','18699000','1528050600','1528137000','BTS 802');
INFO - Inserted: 
INFO - Uplink Data Retransmission Rate - NR KPI value : 1.8699E7
INFO - Connection DriverName: com.mysql.jdbc.Driver
INFO - Connection url: jdbc:mysql://192.168.1.88:3306/hfcl_gateway?user=developer&password=admin@123
INFO - Connection Established: com.mysql.jdbc.Connection@59fa1d9b
INFO - Query to be called :-insert into hfcl_kpi(device_id,tag,kpi,current_value,systime,endtime,device_name) value('104','PCU','Uplink Data Retransmission Rate - DR','-67724','1528050600','1528137000','BTS 802');
INFO - Inserted: 
INFO - Uplink Data Retransmission Rate - DR KPI value : -67724.0
INFO - Connection DriverName: com.mysql.jdbc.Driver
INFO - Connection url: jdbc:mysql://192.168.1.88:3306/hfcl_gateway?user=developer&password=admin@123
INFO - Connection Established: com.mysql.jdbc.Connection@5b275dab
INFO - Query to be called :-insert into hfcl_kpi(device_id,tag,kpi,current_value,systime,endtime,device_name) value('104','PCU','Gprs Uplink Tbf Blocking Rate','0','1528050600','1528137000','BTS 802');
INFO - Inserted: 
INFO - Gprs Uplink Tbf Blocking Rate KPI Value : 0.0
INFO - Connection DriverName: com.mysql.jdbc.Driver
INFO - Connection url: jdbc:mysql://192.168.1.88:3306/hfcl_gateway?user=developer&password=admin@123
INFO - Connection Established: com.mysql.jdbc.Connection@5e5792a0
INFO - Query to be called :-insert into hfcl_kpi(device_id,tag,kpi,current_value,systime,endtime,device_name) value('104','PCU','Gprs Uplink Tbf Blocking Rate - NR','0','1528050600','1528137000','BTS 802');
INFO - Inserted: 
INFO - Gprs Uplink Tbf Blocking Rate KPI Value : 0.0
INFO - Connection DriverName: com.mysql.jdbc.Driver
INFO - Connection url: jdbc:mysql://192.168.1.88:3306/hfcl_gateway?user=developer&password=admin@123
INFO - Connection Established: com.mysql.jdbc.Connection@ae45eb6
INFO - Query to be called :-insert into hfcl_kpi(device_id,tag,kpi,current_value,systime,endtime,device_name) value('104','PCU','Gprs Uplink Tbf Blocking Rate - DR','18','1528050600','1528137000','BTS 802');
INFO - Inserted: 
INFO - Gprs Uplink Tbf Blocking Rate - DR KPI Value : 18.0
INFO - Connection DriverName: com.mysql.jdbc.Driver
INFO - Connection url: jdbc:mysql://192.168.1.88:3306/hfcl_gateway?user=developer&password=admin@123
INFO - Connection Established: com.mysql.jdbc.Connection@47c62251
INFO - Query to be called :-insert into hfcl_kpi(device_id,tag,kpi,current_value,systime,endtime,device_name) value('104','PCU','Gprs Downlink Tbf Blocking Rate','0','1528050600','1528137000','BTS 802');
INFO - Inserted: 
INFO - Gprs Downlink Tbf Blocking Rate KPI Value : 0.0
INFO - Connection DriverName: com.mysql.jdbc.Driver
INFO - Connection url: jdbc:mysql://192.168.1.88:3306/hfcl_gateway?user=developer&password=admin@123
INFO - Connection Established: com.mysql.jdbc.Connection@1e88b3c
INFO - Query to be called :-insert into hfcl_kpi(device_id,tag,kpi,current_value,systime,endtime,device_name) value('104','PCU','Gprs Downlink Tbf Blocking Rate - NR','0','1528050600','1528137000','BTS 802');
INFO - Inserted: 
INFO - Gprs Downlink Tbf Blocking Rate - NR Rate KPI Value : 0.0
INFO - Connection DriverName: com.mysql.jdbc.Driver
INFO - Connection url: jdbc:mysql://192.168.1.88:3306/hfcl_gateway?user=developer&password=admin@123
INFO - Connection Established: com.mysql.jdbc.Connection@5e3a8624
INFO - Query to be called :-insert into hfcl_kpi(device_id,tag,kpi,current_value,systime,endtime,device_name) value('104','PCU','Gprs Downlink Tbf Blocking Rate - DR','20','1528050600','1528137000','BTS 802');
INFO - Inserted: 
INFO - Gprs Downlink Tbf Blocking Rate - DR KPI Value : 20.0
INFO - Connection DriverName: com.mysql.jdbc.Driver
INFO - Connection url: jdbc:mysql://192.168.1.88:3306/hfcl_gateway?user=developer&password=admin@123
INFO - Connection Established: com.mysql.jdbc.Connection@6a4f787b
INFO - Query to be called :-insert into hfcl_kpi(device_id,tag,kpi,current_value,systime,endtime,device_name) value('104','PCU','Egprs Downlink Tbf Blocking Rate','0','1528050600','1528137000','BTS 802');
INFO - Inserted: 
INFO - Egprs Downlink Tbf Blocking Rate KPI Value : 0.0
INFO - Connection DriverName: com.mysql.jdbc.Driver
INFO - Connection url: jdbc:mysql://192.168.1.88:3306/hfcl_gateway?user=developer&password=admin@123
INFO - Connection Established: com.mysql.jdbc.Connection@6d4b1c02
INFO - Query to be called :-insert into hfcl_kpi(device_id,tag,kpi,current_value,systime,endtime,device_name) value('104','PCU','Egprs Downlink Tbf Blocking Rate - NR','0','1528050600','1528137000','BTS 802');
INFO - Inserted: 
INFO - Egprs Downlink Tbf Blocking Rate - NR Rate KPI Value : 0.0
INFO - Connection DriverName: com.mysql.jdbc.Driver
INFO - Connection url: jdbc:mysql://192.168.1.88:3306/hfcl_gateway?user=developer&password=admin@123
INFO - Connection Established: com.mysql.jdbc.Connection@7d9d1a19
INFO - Query to be called :-insert into hfcl_kpi(device_id,tag,kpi,current_value,systime,endtime,device_name) value('104','PCU','Egprs Downlink Tbf Blocking Rate - DR','1183','1528050600','1528137000','BTS 802');
INFO - Inserted: 
INFO - Egprs Downlink Tbf Blocking Rate - DR Rate KPI Value : 1183.0
INFO - Connection DriverName: com.mysql.jdbc.Driver
INFO - Connection url: jdbc:mysql://192.168.1.88:3306/hfcl_gateway?user=developer&password=admin@123
INFO - Connection Established: com.mysql.jdbc.Connection@57baeedf
INFO - Query to be called :-insert into hfcl_kpi(device_id,tag,kpi,current_value,systime,endtime,device_name) value('104','PCU','Egprs uplink Tbf Blocking Rate','0','1528050600','1528137000','BTS 802');
INFO - Inserted: 
INFO - Egprs uplink Tbf Blocking Rate KPI Value : 0.0
INFO - Connection DriverName: com.mysql.jdbc.Driver
INFO - Connection url: jdbc:mysql://192.168.1.88:3306/hfcl_gateway?user=developer&password=admin@123
INFO - Connection Established: com.mysql.jdbc.Connection@548e7350
INFO - Query to be called :-insert into hfcl_kpi(device_id,tag,kpi,current_value,systime,endtime,device_name) value('104','PCU','Egprs uplink Tbf Blocking Rate - NR','0','1528050600','1528137000','BTS 802');
INFO - Inserted: 
INFO - Egprs uplink Tbf Blocking Rate - NR Rate KPI Value : 0.0
INFO - Connection DriverName: com.mysql.jdbc.Driver
INFO - Connection url: jdbc:mysql://192.168.1.88:3306/hfcl_gateway?user=developer&password=admin@123
INFO - Connection Established: com.mysql.jdbc.Connection@204f30ec
INFO - Query to be called :-insert into hfcl_kpi(device_id,tag,kpi,current_value,systime,endtime,device_name) value('104','PCU','Egprs uplink Tbf Blocking Rate - DR','1006','1528050600','1528137000','BTS 802');
INFO - Inserted: 
INFO - Egprs uplink Tbf Blocking Rate - DR Rate KPI Value : 1006.0
INFO - Connection DriverName: com.mysql.jdbc.Driver
INFO - Connection url: jdbc:mysql://192.168.1.88:3306/hfcl_gateway?user=developer&password=admin@123
INFO - Connection Established: com.mysql.jdbc.Connection@4dfa3a9d
INFO - Query to be called :-insert into hfcl_kpi(device_id,tag,kpi,current_value,systime,endtime,device_name) value('104','PCU','DlMcs1Count','852','1528050600','1528137000','BTS 802');
INFO - Inserted: 
INFO - DlMcs1Count KPI Value : 852.0
INFO - 
 ** Api Url:http://192.168.1.88:7878/XFusionPlatform/performance/service/multipledevices/get/many
INFO - Para:   end_date=1528137000000&device_id=105&from_date=1528050600000&service_name= &access_key=d3cd4e3f-5946-11e6-9bb0-fe984cc15272&data_source= 
INFO - Response Code is:   200
INFO - Connection DriverName: com.mysql.jdbc.Driver
INFO - Connection url: jdbc:mysql://192.168.1.88:3306/hfcl_gateway?user=developer&password=admin@123
INFO - Connection Established: com.mysql.jdbc.Connection@13deb50e
INFO - Query to be called :-insert into hfcl_kpi(device_id,tag,kpi,current_value,systime,endtime,device_name) value('105','PCU','Total Data Calls','1354','1528050600','1528137000','BTS 803');
INFO - Inserted: 
INFO - Total Data Calls KPI value : 1354.0
INFO - Connection DriverName: com.mysql.jdbc.Driver
INFO - Connection url: jdbc:mysql://192.168.1.88:3306/hfcl_gateway?user=developer&password=admin@123
INFO - Connection Established: com.mysql.jdbc.Connection@31ef45e3
INFO - Query to be called :-insert into hfcl_kpi(device_id,tag,kpi,current_value,systime,endtime,device_name) value('105','PCU','Total Downlink Data In KByte','0','1528050600','1528137000','BTS 803');
INFO - Inserted: 
INFO - Total Downlink Data In KByte KPI value : 0.0
INFO - Connection DriverName: com.mysql.jdbc.Driver
INFO - Connection url: jdbc:mysql://192.168.1.88:3306/hfcl_gateway?user=developer&password=admin@123
INFO - Connection Established: com.mysql.jdbc.Connection@5f341870
INFO - Query to be called :-insert into hfcl_kpi(device_id,tag,kpi,current_value,systime,endtime,device_name) value('105','PCU','Total Uplink Data In KByte','0','1528050600','1528137000','BTS 803');
INFO - Inserted: 
INFO - Total Uplink Data In KByte KPI Value : 0.0
INFO - Connection DriverName: com.mysql.jdbc.Driver
INFO - Connection url: jdbc:mysql://192.168.1.88:3306/hfcl_gateway?user=developer&password=admin@123
INFO - Connection Established: com.mysql.jdbc.Connection@589838eb
INFO - Query to be called :-insert into hfcl_kpi(device_id,tag,kpi,current_value,systime,endtime,device_name) value('105','PCU','Downlink Data Throughput In Kbps','0','1528050600','1528137000','BTS 803');
INFO - Inserted: 
INFO - Downlink Data Throughput In Kbps KPI Value : 0.0
INFO - Connection DriverName: com.mysql.jdbc.Driver
INFO - Connection url: jdbc:mysql://192.168.1.88:3306/hfcl_gateway?user=developer&password=admin@123
INFO - Connection Established: com.mysql.jdbc.Connection@59ec2012
INFO - Query to be called :-insert into hfcl_kpi(device_id,tag,kpi,current_value,systime,endtime,device_name) value('105','PCU','Downlink Data Throughput In Kbps - NR','0','1528050600','1528137000','BTS 803');
INFO - Inserted: 
INFO - Downlink Data Throughput In Kbps - NR KPI Value : 0.0
INFO - Connection DriverName: com.mysql.jdbc.Driver
INFO - Connection url: jdbc:mysql://192.168.1.88:3306/hfcl_gateway?user=developer&password=admin@123
INFO - Connection Established: com.mysql.jdbc.Connection@73ad2d6
INFO - Query to be called :-insert into hfcl_kpi(device_id,tag,kpi,current_value,systime,endtime,device_name) value('105','PCU','Downlink Data Throughput In Kbps – DR','1058.26','1528050600','1528137000','BTS 803');
INFO - Inserted: 
INFO - Downlink Data Throughput In Kbps – DR KPI Value : 1058.26
INFO - Connection DriverName: com.mysql.jdbc.Driver
INFO - Connection url: jdbc:mysql://192.168.1.88:3306/hfcl_gateway?user=developer&password=admin@123
INFO - Connection Established: com.mysql.jdbc.Connection@6fd02e5
INFO - Query to be called :-insert into hfcl_kpi(device_id,tag,kpi,current_value,systime,endtime,device_name) value('105','PCU','Uplink Data Throughput In Kbps','0','1528050600','1528137000','BTS 803');
INFO - Inserted: 
INFO - Uplink Data Throughput In Kbps In Kbps KPI Value : 0.0
INFO - Connection DriverName: com.mysql.jdbc.Driver
INFO - Connection url: jdbc:mysql://192.168.1.88:3306/hfcl_gateway?user=developer&password=admin@123
INFO - Connection Established: com.mysql.jdbc.Connection@31a5c39e
INFO - Query to be called :-insert into hfcl_kpi(device_id,tag,kpi,current_value,systime,endtime,device_name) value('105','PCU','Uplink Data Throughput In Kbps - NR','0','1528050600','1528137000','BTS 803');
INFO - Inserted: 
INFO - Uplink Data Throughput In Kbps - NR KPI Value : 0.0
INFO - Connection DriverName: com.mysql.jdbc.Driver
INFO - Connection url: jdbc:mysql://192.168.1.88:3306/hfcl_gateway?user=developer&password=admin@123
INFO - Connection Established: com.mysql.jdbc.Connection@56ac3a89
INFO - Query to be called :-insert into hfcl_kpi(device_id,tag,kpi,current_value,systime,endtime,device_name) value('105','PCU','Uplink Data Throughput In Kbps - DR','4000.66','1528050600','1528137000','BTS 803');
INFO - Inserted: 
INFO - Uplink Data Throughput In Kbps - DR KPI Value : 4000.66
INFO - Connection DriverName: com.mysql.jdbc.Driver
INFO - Connection url: jdbc:mysql://192.168.1.88:3306/hfcl_gateway?user=developer&password=admin@123
INFO - Connection Established: com.mysql.jdbc.Connection@59494225
INFO - Query to be called :-insert into hfcl_kpi(device_id,tag,kpi,current_value,systime,endtime,device_name) value('105','PCU','Tbf Abnormal Release Rate','36.85','1528050600','1528137000','BTS 803');
INFO - Inserted: 
INFO - Tbf Abnormal Release Rate KPI value : 36.84701492537314
INFO - Connection DriverName: com.mysql.jdbc.Driver
INFO - Connection url: jdbc:mysql://192.168.1.88:3306/hfcl_gateway?user=developer&password=admin@123
INFO - Connection Established: com.mysql.jdbc.Connection@13805618
INFO - Query to be called :-insert into hfcl_kpi(device_id,tag,kpi,current_value,systime,endtime,device_name) value('105','PCU','Tbf Abnormal Release Rate - NR','79000','1528050600','1528137000','BTS 803');
INFO - Inserted: 
INFO - Tbf Abnormal Release Rate - NR KPI value : 79000.0
INFO - Connection DriverName: com.mysql.jdbc.Driver
INFO - Connection url: jdbc:mysql://192.168.1.88:3306/hfcl_gateway?user=developer&password=admin@123
INFO - Connection Established: com.mysql.jdbc.Connection@ff5b51f
INFO - Query to be called :-insert into hfcl_kpi(device_id,tag,kpi,current_value,systime,endtime,device_name) value('105','PCU','Tbf Abnormal Release Rate - DR','2144','1528050600','1528137000','BTS 803');
INFO - Inserted: 
INFO - Tbf Abnormal Release Rate - DR KPI value : 2144.0
INFO - Connection DriverName: com.mysql.jdbc.Driver
INFO - Connection url: jdbc:mysql://192.168.1.88:3306/hfcl_gateway?user=developer&password=admin@123
INFO - Connection Established: com.mysql.jdbc.Connection@4b952a2d
INFO - Query to be called :-insert into hfcl_kpi(device_id,tag,kpi,current_value,systime,endtime,device_name) value('105','PCU','Egprs Downlink Data Throughput In Kbps','13.16','1528050600','1528137000','BTS 803');
INFO - Inserted: 
INFO - Egprs Downlink Data Throughput In Kbps KPI Value : 13.153478090370895
INFO - Connection DriverName: com.mysql.jdbc.Driver
INFO - Connection url: jdbc:mysql://192.168.1.88:3306/hfcl_gateway?user=developer&password=admin@123
INFO - Connection Established: com.mysql.jdbc.Connection@29ca901e
INFO - Query to be called :-insert into hfcl_kpi(device_id,tag,kpi,current_value,systime,endtime,device_name) value('105','PCU','Egprs Downlink Data Throughput In Kbps - NR','0','1528050600','1528137000','BTS 803');
INFO - Inserted: 
INFO - Egprs Downlink Data Throughput In Kbps - NR KPI Value : 0.0
INFO - Connection DriverName: com.mysql.jdbc.Driver
INFO - Connection url: jdbc:mysql://192.168.1.88:3306/hfcl_gateway?user=developer&password=admin@123
INFO - Connection Established: com.mysql.jdbc.Connection@5025a98f
INFO - Query to be called :-insert into hfcl_kpi(device_id,tag,kpi,current_value,systime,endtime,device_name) value('105','PCU','Egprs Downlink Data Throughput In Kbps - DR','988.15','1528050600','1528137000','BTS 803');
INFO - Inserted: 
INFO - Egprs Downlink Data Throughput In Kbps - DR KPI Value : 988.15
INFO - Connection DriverName: com.mysql.jdbc.Driver
INFO - Connection url: jdbc:mysql://192.168.1.88:3306/hfcl_gateway?user=developer&password=admin@123
INFO - Connection Established: com.mysql.jdbc.Connection@64bfbc86
INFO - Query to be called :-insert into hfcl_kpi(device_id,tag,kpi,current_value,systime,endtime,device_name) value('105','PCU','Egprs Uplink Data Throughput In Kbps','1.68','1528050600','1528137000','BTS 803');
INFO - Inserted: 
INFO - Egprs Uplink Data Throughput In Kbps KPI Value : 1.6782247010282736
INFO - Connection DriverName: com.mysql.jdbc.Driver
INFO - Connection url: jdbc:mysql://192.168.1.88:3306/hfcl_gateway?user=developer&password=admin@123
INFO - Connection Established: com.mysql.jdbc.Connection@dc24521
INFO - Query to be called :-insert into hfcl_kpi(device_id,tag,kpi,current_value,systime,endtime,device_name) value('105','PCU','Egprs Uplink Data Throughput In Kbps - NR','0','1528050600','1528137000','BTS 803');
INFO - Inserted: 
INFO - Egprs Uplink Data Throughput In Kbps - NR KPI Value : 0.0
INFO - Connection DriverName: com.mysql.jdbc.Driver
INFO - Connection url: jdbc:mysql://192.168.1.88:3306/hfcl_gateway?user=developer&password=admin@123
INFO - Connection Established: com.mysql.jdbc.Connection@617faa95
INFO - Query to be called :-insert into hfcl_kpi(device_id,tag,kpi,current_value,systime,endtime,device_name) value('105','PCU','Egprs Uplink Data Throughput In Kbps - DR','988.15','1528050600','1528137000','BTS 803');
INFO - Inserted: 
INFO - Egprs Uplink Data Throughput In Kbps - DR KPI Value : 988.15
INFO - Connection DriverName: com.mysql.jdbc.Driver
INFO - Connection url: jdbc:mysql://192.168.1.88:3306/hfcl_gateway?user=developer&password=admin@123
INFO - Connection Established: com.mysql.jdbc.Connection@3c0f93f1
INFO - Query to be called :-insert into hfcl_kpi(device_id,tag,kpi,current_value,systime,endtime,device_name) value('105','PCU','Gprs Downlink Data Throughput In Kbps','1.32','1528050600','1528137000','BTS 803');
INFO - Inserted: 
INFO - Gprs Downlink Data Throughput In Kbps KPI Value : 1.313226536870632
INFO - Connection DriverName: com.mysql.jdbc.Driver
INFO - Connection url: jdbc:mysql://192.168.1.88:3306/hfcl_gateway?user=developer&password=admin@123
INFO - Connection Established: com.mysql.jdbc.Connection@71318ec4
INFO - Query to be called :-insert into hfcl_kpi(device_id,tag,kpi,current_value,systime,endtime,device_name) value('105','PCU','Gprs Downlink Data Throughput In Kbps - NR','0','1528050600','1528137000','BTS 803');
INFO - Inserted: 
INFO - Gprs Downlink Data Throughput In Kbps - NR KPI Value : 0.0
INFO - Connection DriverName: com.mysql.jdbc.Driver
INFO - Connection url: jdbc:mysql://192.168.1.88:3306/hfcl_gateway?user=developer&password=admin@123
INFO - Connection Established: com.mysql.jdbc.Connection@4e1d422d
INFO - Query to be called :-insert into hfcl_kpi(device_id,tag,kpi,current_value,systime,endtime,device_name) value('105','PCU','Gprs Downlink Data Throughput In Kbps - DR','70.11','1528050600','1528137000','BTS 803');
INFO - Inserted: 
INFO - Gprs Downlink Data Throughput In Kbps - DR KPI Value : 70.11
INFO - Connection DriverName: com.mysql.jdbc.Driver
INFO - Connection url: jdbc:mysql://192.168.1.88:3306/hfcl_gateway?user=developer&password=admin@123
INFO - Connection Established: com.mysql.jdbc.Connection@78c03f1f
INFO - Query to be called :-insert into hfcl_kpi(device_id,tag,kpi,current_value,systime,endtime,device_name) value('105','PCU','Gprs Uplink Data Throughput In Kbps','0.68','1528050600','1528137000','BTS 803');
INFO - Inserted: 
INFO - Gprs Uplink Data Throughput In Kbps KPI Value : 0.6781851580193535
INFO - Connection DriverName: com.mysql.jdbc.Driver
INFO - Connection url: jdbc:mysql://192.168.1.88:3306/hfcl_gateway?user=developer&password=admin@123
INFO - Connection Established: com.mysql.jdbc.Connection@2ac273d3
INFO - Query to be called :-insert into hfcl_kpi(device_id,tag,kpi,current_value,systime,endtime,device_name) value('105','PCU','Gprs Uplink Data Throughput In Kbps - NR','0','1528050600','1528137000','BTS 803');
INFO - Inserted: 
INFO - Gprs Uplink Data Throughput In Kbps - NR KPI Value : 0.0
INFO - Connection DriverName: com.mysql.jdbc.Driver
INFO - Connection url: jdbc:mysql://192.168.1.88:3306/hfcl_gateway?user=developer&password=admin@123
INFO - Connection Established: com.mysql.jdbc.Connection@56235b8e
INFO - Query to be called :-insert into hfcl_kpi(device_id,tag,kpi,current_value,systime,endtime,device_name) value('105','PCU','Gprs Uplink Data Throughput In Kbps - DR','194.28','1528050600','1528137000','BTS 803');
INFO - Inserted: 
INFO - Gprs Uplink Data Throughput In Kbps - DR KPI Value : 194.28
INFO - Connection DriverName: com.mysql.jdbc.Driver
INFO - Connection url: jdbc:mysql://192.168.1.88:3306/hfcl_gateway?user=developer&password=admin@123
INFO - Connection Established: com.mysql.jdbc.Connection@4e9ba398
INFO - Query to be called :-insert into hfcl_kpi(device_id,tag,kpi,current_value,systime,endtime,device_name) value('105','PCU','Downlink Data Retransmission Rate','20.49','1528050600','1528137000','BTS 803');
INFO - Inserted: 
INFO - Downlink Data Retransmission Rate KPI value : 20.481509346605705
INFO - Connection DriverName: com.mysql.jdbc.Driver
INFO - Connection url: jdbc:mysql://192.168.1.88:3306/hfcl_gateway?user=developer&password=admin@123
INFO - Connection Established: com.mysql.jdbc.Connection@3108bc
INFO - Query to be called :-insert into hfcl_kpi(device_id,tag,kpi,current_value,systime,endtime,device_name) value('105','PCU','Downlink Data Retransmission Rate – NR','353900','1528050600','1528137000','BTS 803');
INFO - Inserted: 
INFO - Downlink Data Retransmission Rate – NR KPI value : 353900.0
INFO - Connection DriverName: com.mysql.jdbc.Driver
INFO - Connection url: jdbc:mysql://192.168.1.88:3306/hfcl_gateway?user=developer&password=admin@123
INFO - Connection Established: com.mysql.jdbc.Connection@6b09bb57
INFO - Query to be called :-insert into hfcl_kpi(device_id,tag,kpi,current_value,systime,endtime,device_name) value('105','PCU','Downlink Data Retransmission Rate – DR','17279','1528050600','1528137000','BTS 803');
INFO - Inserted: 
INFO - Downlink Data Retransmission Rate – DR KPI value : 17279.0
INFO - Connection DriverName: com.mysql.jdbc.Driver
INFO - Connection url: jdbc:mysql://192.168.1.88:3306/hfcl_gateway?user=developer&password=admin@123
INFO - Connection Established: com.mysql.jdbc.Connection@3e9b1010
INFO - Query to be called :-insert into hfcl_kpi(device_id,tag,kpi,current_value,systime,endtime,device_name) value('105','PCU','Uplink Data Retransmission Rate','0.01','1528050600','1528137000','BTS 803');
INFO - Inserted: 
INFO - Uplink Data Retransmission Rate KPI value : 0.0036461124394364264
INFO - Connection DriverName: com.mysql.jdbc.Driver
INFO - Connection url: jdbc:mysql://192.168.1.88:3306/hfcl_gateway?user=developer&password=admin@123
INFO - Connection Established: com.mysql.jdbc.Connection@67784306
INFO - Query to be called :-insert into hfcl_kpi(device_id,tag,kpi,current_value,systime,endtime,device_name) value('105','PCU','Uplink Data Retransmission Rate - NR','7829800','1528050600','1528137000','BTS 803');
INFO - Inserted: 
INFO - Uplink Data Retransmission Rate - NR KPI value : 7829800.0
INFO - Connection DriverName: com.mysql.jdbc.Driver
INFO - Connection url: jdbc:mysql://192.168.1.88:3306/hfcl_gateway?user=developer&password=admin@123
INFO - Connection Established: com.mysql.jdbc.Connection@2b2948e2
INFO - Query to be called :-insert into hfcl_kpi(device_id,tag,kpi,current_value,systime,endtime,device_name) value('105','PCU','Uplink Data Retransmission Rate - DR','2147437889','1528050600','1528137000','BTS 803');
INFO - Inserted: 
INFO - Uplink Data Retransmission Rate - DR KPI value : 2.147437889E9
INFO - Connection DriverName: com.mysql.jdbc.Driver
INFO - Connection url: jdbc:mysql://192.168.1.88:3306/hfcl_gateway?user=developer&password=admin@123
INFO - Connection Established: com.mysql.jdbc.Connection@5a8e6209
INFO - Query to be called :-insert into hfcl_kpi(device_id,tag,kpi,current_value,systime,endtime,device_name) value('105','PCU','Gprs Uplink Tbf Blocking Rate','0','1528050600','1528137000','BTS 803');
INFO - Inserted: 
INFO - Gprs Uplink Tbf Blocking Rate KPI Value : 0.0
INFO - Connection DriverName: com.mysql.jdbc.Driver
INFO - Connection url: jdbc:mysql://192.168.1.88:3306/hfcl_gateway?user=developer&password=admin@123
INFO - Connection Established: com.mysql.jdbc.Connection@1f28c152
INFO - Query to be called :-insert into hfcl_kpi(device_id,tag,kpi,current_value,systime,endtime,device_name) value('105','PCU','Gprs Uplink Tbf Blocking Rate - NR','0','1528050600','1528137000','BTS 803');
INFO - Inserted: 
INFO - Gprs Uplink Tbf Blocking Rate KPI Value : 0.0
INFO - Connection DriverName: com.mysql.jdbc.Driver
INFO - Connection url: jdbc:mysql://192.168.1.88:3306/hfcl_gateway?user=developer&password=admin@123
INFO - Connection Established: com.mysql.jdbc.Connection@6325a3ee
INFO - Query to be called :-insert into hfcl_kpi(device_id,tag,kpi,current_value,systime,endtime,device_name) value('105','PCU','Gprs Uplink Tbf Blocking Rate - DR','335','1528050600','1528137000','BTS 803');
INFO - Inserted: 
INFO - Gprs Uplink Tbf Blocking Rate - DR KPI Value : 335.0
INFO - Connection DriverName: com.mysql.jdbc.Driver
INFO - Connection url: jdbc:mysql://192.168.1.88:3306/hfcl_gateway?user=developer&password=admin@123
INFO - Connection Established: com.mysql.jdbc.Connection@65e2dbf3
INFO - Query to be called :-insert into hfcl_kpi(device_id,tag,kpi,current_value,systime,endtime,device_name) value('105','PCU','Gprs Downlink Tbf Blocking Rate','0','1528050600','1528137000','BTS 803');
INFO - Inserted: 
INFO - Gprs Downlink Tbf Blocking Rate KPI Value : 0.0
INFO - Connection DriverName: com.mysql.jdbc.Driver
INFO - Connection url: jdbc:mysql://192.168.1.88:3306/hfcl_gateway?user=developer&password=admin@123
INFO - Connection Established: com.mysql.jdbc.Connection@887af79
INFO - Query to be called :-insert into hfcl_kpi(device_id,tag,kpi,current_value,systime,endtime,device_name) value('105','PCU','Gprs Downlink Tbf Blocking Rate - NR','0','1528050600','1528137000','BTS 803');
INFO - Inserted: 
INFO - Gprs Downlink Tbf Blocking Rate - NR Rate KPI Value : 0.0
INFO - Connection DriverName: com.mysql.jdbc.Driver
INFO - Connection url: jdbc:mysql://192.168.1.88:3306/hfcl_gateway?user=developer&password=admin@123
INFO - Connection Established: com.mysql.jdbc.Connection@5bc79255
INFO - Query to be called :-insert into hfcl_kpi(device_id,tag,kpi,current_value,systime,endtime,device_name) value('105','PCU','Gprs Downlink Tbf Blocking Rate - DR','190','1528050600','1528137000','BTS 803');
INFO - Inserted: 
INFO - Gprs Downlink Tbf Blocking Rate - DR KPI Value : 190.0
INFO - Connection DriverName: com.mysql.jdbc.Driver
INFO - Connection url: jdbc:mysql://192.168.1.88:3306/hfcl_gateway?user=developer&password=admin@123
INFO - Connection Established: com.mysql.jdbc.Connection@5ae63ade
INFO - Query to be called :-insert into hfcl_kpi(device_id,tag,kpi,current_value,systime,endtime,device_name) value('105','PCU','Egprs Downlink Tbf Blocking Rate','0','1528050600','1528137000','BTS 803');
INFO - Inserted: 
INFO - Egprs Downlink Tbf Blocking Rate KPI Value : 0.0
INFO - Connection DriverName: com.mysql.jdbc.Driver
INFO - Connection url: jdbc:mysql://192.168.1.88:3306/hfcl_gateway?user=developer&password=admin@123
INFO - Connection Established: com.mysql.jdbc.Connection@3701eaf6
INFO - Query to be called :-insert into hfcl_kpi(device_id,tag,kpi,current_value,systime,endtime,device_name) value('105','PCU','Egprs Downlink Tbf Blocking Rate - NR','0','1528050600','1528137000','BTS 803');
INFO - Inserted: 
INFO - Egprs Downlink Tbf Blocking Rate - NR Rate KPI Value : 0.0
INFO - Connection DriverName: com.mysql.jdbc.Driver
INFO - Connection url: jdbc:mysql://192.168.1.88:3306/hfcl_gateway?user=developer&password=admin@123
INFO - Connection Established: com.mysql.jdbc.Connection@1f36e637
INFO - Query to be called :-insert into hfcl_kpi(device_id,tag,kpi,current_value,systime,endtime,device_name) value('105','PCU','Egprs Downlink Tbf Blocking Rate - DR','929','1528050600','1528137000','BTS 803');
INFO - Inserted: 
INFO - Egprs Downlink Tbf Blocking Rate - DR Rate KPI Value : 929.0
INFO - Connection DriverName: com.mysql.jdbc.Driver
INFO - Connection url: jdbc:mysql://192.168.1.88:3306/hfcl_gateway?user=developer&password=admin@123
INFO - Connection Established: com.mysql.jdbc.Connection@1dfe2924
INFO - Query to be called :-insert into hfcl_kpi(device_id,tag,kpi,current_value,systime,endtime,device_name) value('105','PCU','Egprs uplink Tbf Blocking Rate','0','1528050600','1528137000','BTS 803');
INFO - Inserted: 
INFO - Egprs uplink Tbf Blocking Rate KPI Value : 0.0
INFO - Connection DriverName: com.mysql.jdbc.Driver
INFO - Connection url: jdbc:mysql://192.168.1.88:3306/hfcl_gateway?user=developer&password=admin@123
INFO - Connection Established: com.mysql.jdbc.Connection@3cef309d
INFO - Query to be called :-insert into hfcl_kpi(device_id,tag,kpi,current_value,systime,endtime,device_name) value('105','PCU','Egprs uplink Tbf Blocking Rate - NR','0','1528050600','1528137000','BTS 803');
INFO - Inserted: 
INFO - Egprs uplink Tbf Blocking Rate - NR Rate KPI Value : 0.0
INFO - Connection DriverName: com.mysql.jdbc.Driver
INFO - Connection url: jdbc:mysql://192.168.1.88:3306/hfcl_gateway?user=developer&password=admin@123
INFO - Connection Established: com.mysql.jdbc.Connection@cd2dae5
INFO - Query to be called :-insert into hfcl_kpi(device_id,tag,kpi,current_value,systime,endtime,device_name) value('105','PCU','Egprs uplink Tbf Blocking Rate - DR','810','1528050600','1528137000','BTS 803');
INFO - Inserted: 
INFO - Egprs uplink Tbf Blocking Rate - DR Rate KPI Value : 810.0
INFO - Connection DriverName: com.mysql.jdbc.Driver
INFO - Connection url: jdbc:mysql://192.168.1.88:3306/hfcl_gateway?user=developer&password=admin@123
INFO - Connection Established: com.mysql.jdbc.Connection@79be0360
INFO - Query to be called :-insert into hfcl_kpi(device_id,tag,kpi,current_value,systime,endtime,device_name) value('105','PCU','DlMcs1Count','273','1528050600','1528137000','BTS 803');
INFO - Inserted: 
INFO - DlMcs1Count KPI Value : 273.0
